ARM GAS  C:\Users\TUDENT~1\AppData\Local\Temp\ccayq7gi.s 			page 1


   1              		.cpu cortex-m3
   2              		.eabi_attribute 20, 1
   3              		.eabi_attribute 21, 1
   4              		.eabi_attribute 23, 3
   5              		.eabi_attribute 24, 1
   6              		.eabi_attribute 25, 1
   7              		.eabi_attribute 26, 1
   8              		.eabi_attribute 30, 2
   9              		.eabi_attribute 34, 1
  10              		.eabi_attribute 18, 4
  11              		.file	"board.c"
  12              		.text
  13              	.Ltext0:
  14              		.section	.gnu.lto_.profile.87410980,"",%progbits
  15 0000 789C6365 		.ascii	"x\234ce`b`a```d\340c\006\000\000\237\000\036"
  15      60626061 
  15      60606064 
  15      E0630600 
  15      009F001E 
  16              		.text
  17              		.section	.gnu.lto_.icf.87410980,"",%progbits
  18 0000 789C6365 		.ascii	"x\234ce`b\020a@\000f\206\205??\354\345a\354m}r\233\213"
  18      60621061 
  18      40006686 
  18      853F3FEC 
  18      E561EC6D 
  19 0018 69F78B99 		.ascii	"i\367\213\231\313\371\030\000e&\011A"
  19      CBF91800 
  19      65260941 
  20              		.text
  21              		.section	.gnu.lto_.jmpfuncs.87410980,"",%progbits
  22 0000 789C6365 		.ascii	"x\234ce`b\340d@\000&\020\301\010\304\000\001\227\000"
  22      6062E064 
  22      40002610 
  22      C108C400 
  22      019700
  23 0013 14       		.ascii	"\024"
  24              		.text
  25              		.section	.gnu.lto_.inline.87410980,"",%progbits
  26 0000 789C6365 		.ascii	"x\234ce`b\320f@\000&\006\006\026\036F\020\305\300\266"
  26      6062D066 
  26      40002606 
  26      06161E46 
  26      10C5C0B6 
  27 0014 401E4431 		.ascii	"@\036D10r\201\010\006f&Ta\006\000-\355\001\352"
  27      30728108 
  27      06662654 
  27      6106002D 
  27      ED01EA
  28              		.text
  29              		.section	.gnu.lto_.pureconst.87410980,"",%progbits
  30 0000 789C6365 		.ascii	"x\234ce`b`e`\000\222\022\214\014\000\000\345\000("
  30      60626065 
  30      60009212 
  30      8C0C0000 
  30      E50028
  31              		.text
ARM GAS  C:\Users\TUDENT~1\AppData\Local\Temp\ccayq7gi.s 			page 2


  32              		.section	.gnu.lto___early_init.87410980,"",%progbits
  33 0000 789C6365 		.ascii	"x\234ce`bX\314\300\300\340\016\304\322@\314\310\314"
  33      606258CC 
  33      C0C0E00E 
  33      C4D240CC 
  33      C8CC
  34 0012 C0C834E1 		.ascii	"\300\3104\341\034\003C#\007\023##\210\321\300\301\310"
  34      1C034323 
  34      07132323 
  34      88D1C0C1 
  34      C8
  35 0023 50CFC458 		.ascii	"P\317\304X\317\330\317<\235\231\361P\373\263\235L\232"
  35      CFD8CF3C 
  35      9D99F150 
  35      FBB39D4C 
  35      9A
  36 0034 CB1B80E0 		.ascii	"\313\033\200\340\300\364\015\222\015+\0160\316gf`\230"
  36      C0F40D92 
  36      0D2B0E30 
  36      CE676660 
  36      98
  37 0045 09C420C0 		.ascii	"\011\304 \300\270\234Q\223\001\250\354\321\306\177S"
  37      B89C5193 
  37      01A8ECD1 
  37      C67F53
  38 0054 79D95820 		.ascii	"y\331X \342\214+\030\331\030\201\364\372K\214\007\032"
  38      E28C2B18 
  38      D91881F4 
  38      FA4B8C07 
  38      1A
  39 0065 FEFD6F6F 		.ascii	"\376\375oo8pf1\343vV\240T\027\020\203\354\350ff\002"
  39      38706631 
  39      E37656A0 
  39      54171083 
  39      ECE86666 
  40 007a D1CCAF19 		.ascii	"\321\314\257\031\233\027\274\226\002\251\007\031\262"
  40      9B17BC96 
  40      02A90719 
  40      B2
  41 0087 73E79BDB 		.ascii	"s\347\233\333\354\365\177\0338\34633\316d\006\232\300"
  41      ECF57F1B 
  41      38E63333 
  41      CE64069A 
  41      C0
  42 0098 B892B19E 		.ascii	"\270\222\261\236a>P\355[\306\246\005\357\271\300\352"
  42      613E50ED 
  42      5BC6A605 
  42      EFB9C0EA 
  43 00a8 40A00B28 		.ascii	"@\240\013(\011\324\316\304\300\340\232l\245\357\234"
  43      09D4CEC4 
  43      C0E09A6C 
  43      A5EF9C
  44 00b7 91999419 		.ascii	"\221\231\224\031\\R\232\222\231\017a\373\007\033\232"
  44      5C529A92 
  44      990F61FB 
  44      071B9A
  45 00c6 9BE9E717 		.ascii	"\233\351\347\027\353g$\346\350'\345'\026\245\024\353"
ARM GAS  C:\Users\TUDENT~1\AppData\Local\Temp\ccayq7gi.s 			page 3


  45      EB6724E6 
  45      E827E527 
  45      16A514EB 
  46 00d6 0787C407 		.ascii	"\007\207\304\007\207\370\032\033\205\371\304\273x\006"
  46      87F81A1B 
  46      85F9C4BB 
  46      7806
  47 00e4 3BFB87B9 		.ascii	";\373\207\271\006EB\344\364\222\031\000s\344M\332"
  47      064542E4 
  47      F4921900 
  47      73E44DDA 
  48              		.text
  49              		.section	.gnu.lto_boardInit.87410980,"",%progbits
  50 0000 789C6365 		.ascii	"x\234ce`b\250d``p\007bi fdf`d\232p\216\201\241\221\203"
  50      6062A864 
  50      60607007 
  50      62692066 
  50      64666064 
  51 001b 899111C4 		.ascii	"\211\221\021\304h\340`d\250gb\254g\354g\236\316\314"
  51      68E06064 
  51      A86762AC 
  51      67EC679E 
  51      CECC
  52 002d 78A8FDD9 		.ascii	"x\250\375\331N&\315\345\015@p`\372\005\311\206\025\007"
  52      4E26CDE5 
  52      0D407060 
  52      FA05C986 
  52      1507
  53 003f 18E73333 		.ascii	"\030\347330\314\004b\020`\\\316\250\311\000T\366h\343"
  53      30CC0462 
  53      10605CCE 
  53      A8C90054 
  53      F668E3
  54 0052 BFA9BC6C 		.ascii	"\277\251\274l,\020q\306\025\214l\214@z\375%\306\003"
  54      2C1071C6 
  54      158C6C8C 
  54      407AFD25 
  54      C603
  55 0064 0DFFFEB7 		.ascii	"\015\377\376\2677\034\370\262\210\3612+\023\003C\027"
  55      371CF8B2 
  55      88F1322B 
  55      13034317 
  56 0074 501A6447 		.ascii	"P\032dG73\023\210f~\313\330\244\000R\0156\253\213\231"
  56      37331388 
  56      667ECBD8 
  56      A400520D 
  56      36AB8B99 
  57 0088 11240854 		.ascii	"\021$\010T\346\232l\245\357\234\221\231\224\031\\R\232"
  57      E69A6CA5 
  57      EF9C9199 
  57      94195C52 
  57      9A
  58 0099 92990F61 		.ascii	"\222\231\017a\373\007\033\232\233\351\347\027\353g$"
  58      FB071B9A 
  58      9BE9E717 
  58      EB6724
  59 00a8 E6E827E5 		.ascii	"\346\350'\345'\026\245\024\353\007\207\304\007\207\370"
ARM GAS  C:\Users\TUDENT~1\AppData\Local\Temp\ccayq7gi.s 			page 4


  59      2716A514 
  59      EB0787C4 
  59      0787F8
  60 00b7 1A1B85F9 		.ascii	"\032\033\205\371\304\273x\006;\373\207\271\006EB\344"
  60      C4BB7806 
  60      3BFB87B9 
  60      064542E4 
  61 00c7 F4921900 		.ascii	"\364\222\031\000\015\276?\350"
  61      0DBE3FE8 
  62              		.text
  63              		.section	.gnu.lto_pal_default_config.87410980,"",%progbits
  64 0000 789C6365 		.ascii	"x\234ce`b\230\311\310\300\000D`0\235\231\361\340\246"
  64      606298C9 
  64      C8C00044 
  64      60309D99 
  64      F1E0A6
  65 0013 09AB98FB 		.ascii	"\011\253\230\373\230\347330vL\\t\204\003(t\367\304\312"
  65      98E73333 
  65      30764C5C 
  65      74840328 
  65      74F7C4CA 
  66 0027 D550A1FF 		.ascii	"\325P\241\377@\300\017\024\372r\377\332\015n\213m\015"
  66      40C00F14 
  66      FA72FFDA 
  66      0D6E8B6D 
  66      0D
  67 0038 1D0B1A0C 		.ascii	"\035\013\032\014\34633\316\000J\255`\224\231\301\314"
  67      E63333CE 
  67      004AAD60 
  67      9499C1CC 
  68 0048 C8B81C44 		.ascii	"\310\270\034D1\201(\220i\177\246\274\336\304\001\321"
  68      31812890 
  68      697FA6BC 
  68      DEC401D1 
  69 0058 7A6402C4 		.ascii	"zd\002\304\264\215\233g\377g\304\252u\025\212\326\355"
  69      B48D9B67 
  69      FF67C4AA 
  69      75158AD6 
  69      ED
  70 0069 4F6EAC64 		.ascii	"On\254d\204h\335\014\325\372\275\353m#?\324!?!\016i"
  70      8468DD0C 
  70      D5FABDEB 
  70      6D233FD4 
  70      213F210E 
  71 007e 7DD03D8F 		.ascii	"}\320=\217\005\325\264\265(\016Y\0031\355\377\366\217"
  71      05D5B4B5 
  71      280E5903 
  71      31EDFFF6 
  71      8F
  72 008f 8FD860DE 		.ascii	"\217\330`\336:\267\224\033(\364\373\357\226+\314\370"
  72      3AB7941B 
  72      28F4FBEF 
  72      962BCCF8 
  73 009f FCB01EA2 		.ascii	"\374\260\036\242\365\307\263f7\210\316\035\235\020w"
  73      F5C7B366 
  73      3788CE1D 
  73      9D1077
ARM GAS  C:\Users\TUDENT~1\AppData\Local\Temp\ccayq7gi.s 			page 5


  74 00ae BC9AFAA1 		.ascii	"\274\232\372\241\213\033\"\3242\375,\330\260\356\205"
  74      8B1B22D4 
  74      32FD2CD8 
  74      B0EE85
  75 00bd 5B36B060 		.ascii	"[6\260`5l\023\304\260\215\020\303\036\236\377z\230\015"
  75      356C13C4 
  75      B08D10C3 
  75      1E9EFF7A 
  75      980D
  76 00cf A22E603E 		.ascii	"\242.`>3\323\014ff\306\315\214\0263\230Y\0307\200(V"
  76      33D30C66 
  76      66C6CD8C 
  76      16339859 
  76      18378028 
  77 00e4 C675208A 		.ascii	"\306u \212\215q5\210bg\\\311h\301\300\270\005H\000\000"
  77      8D713588 
  77      62675CC9 
  77      68C1C0B8 
  77      05480000 
  78 00f8 EAF78A87 		.ascii	"\352\367\212\207"
  79              		.text
  80              		.section	.gnu.lto_.symbol_nodes.87410980,"",%progbits
  81 0000 789C6365 		.ascii	"x\234ce`b\360`\000\002\246\253\214\365\014\014\023\316"
  81      6062F060 
  81      0002A6AB 
  81      8CF50C0C 
  81      13CE
  82 0012 313000A9 		.ascii	"10\000\251]\015\216@\221k\214\365\214(\"\254W\030\031"
  82      5D0D8E40 
  82      916B8CF5 
  82      8C2822AC 
  82      571819
  83 0025 1A95808A 		.ascii	"\032\225\200\212\031\2573\3263\201\245\030\030\032\032"
  83      19AF33D6 
  83      3381A518 
  83      181A1A
  84 0034 1C181898 		.ascii	"\034\030\030\230\201p\311\203\177\214\014\000\232L\021"
  84      8170C983 
  84      7F8C0C00 
  84      9A4C11
  85 0043 AE       		.ascii	"\256"
  86              		.text
  87              		.section	.gnu.lto_.refs.87410980,"",%progbits
  88 0000 789C6365 		.ascii	"x\234ce`b`d\000\002\000\000I\000\011"
  88      60626064 
  88      00020000 
  88      490009
  89              		.text
  90              		.section	.gnu.lto_.decls.87410980,"",%progbits
  91 0000 789CAD55 		.ascii	"x\234\255U}LSW\024\177\347\335RKAK`1\376\341bcj\354"
  91      7D4C5357 
  91      147FE7DD 
  91      524B414B 
  91      6031FEE1 
  92 0018 3F522B89 		.ascii	"?R+\211.fYt\240\316\204M2\030\311\262nMi\2534+-\243"
  92      2E665974 
  92      A0CE844D 
ARM GAS  C:\Users\TUDENT~1\AppData\Local\Temp\ccayq7gi.s 			page 6


  92      3218C9B2 
  92      6E4D69AB 
  93 0030 65D12C59 		.ascii	"e\321,Y\036\202\321\270MP\211\033F\"\021\025\230\012"
  93      1E82D1B8 
  93      4D50891B 
  93      46221115 
  93      980A
  94 0042 F55B2C6A 		.ascii	"\365[,jEADD\305\311\207\362%s\316?\3249\262l\262-\262"
  94      45414444 
  94      C5C987F2 
  94      2573CE3F 
  94      D439B26C 
  95 0059 73EF7DE5 		.ascii	"s\357}\345\325\312\334\226\354\246\347\276{\356=\347"
  95      D5CADC96 
  95      ECA6E7BE 
  95      7BEE3DE7 
  96 0069 777EE79C 		.ascii	"w~\347\234\373^c\004Q\230\242\021\204E\242 \364\013"
  96      FB5E6304 
  96      5198A211 
  96      8445A220 
  96      F40B
  97 007b 82308E43 		.ascii	"\2020\216C\205\317C\2022\010J=J\000\345\010\012\240"
  97      85CF4382 
  97      32084A3D 
  97      4A00E508 
  97      0AA0
  98 008d DC159E1F 		.ascii	"\334\025\236\037\037\002\267\313F\031\211\360\027e\337"
  98      1F02B7CB 
  98      461989F0 
  98      1765DF
  99 009c 23C28BC3 		.ascii	"#\302\213\303\006\034+[\326A\216\021=.\310\330sQ\256"
  99      061C2B5B 
  99      D6418E11 
  99      3D2EC8D8 
  99      7351AE
 100 00af A30CA320 		.ascii	"\243\014\243 e\341\012J;\312e\201s\277\215\322\207\322"
 100      65E10A4A 
 100      3BCA6581 
 100      73BF8DD2 
 100      87D2
 101 00c1 83D23D09 		.ascii	"\203\322=\011\016\035_\0238\361\325\3053\342 \364\003"
 101      0E1D5F13 
 101      38F1D5C5 
 101      33E220F4 
 101      03
 102 00d2 7283041E 		.ascii	"r\203\004\036\031\370\014L\230:\036\036\000l\037wEA"
 102      19F80C4C 
 102      983A1E1E 
 102      006C1F77 
 102      4541
 103 00e4 261CDE82 		.ascii	"&\034\336\202\260\207\254\213\262*\312\220\354';C\004"
 103      B087AC8B 
 103      B22ACA90 
 103      EC273B43 
 103      04
 104 00f5 223FE691 		.ascii	"\"?\346\221\302\203\347\317\027\314-\354\015\242\022"
 104      C283E7CF 
ARM GAS  C:\Users\TUDENT~1\AppData\Local\Temp\ccayq7gi.s 			page 7


 104      17CC2DEC 
 104      0DA212
 105 0104 0020D221 		.ascii	"\000 \322!\002\220\323\226\317'\370\011Jr\020\316\376"
 105      0290D396 
 105      CF27F809 
 105      4A7210CE 
 105      FE
 106 0115 E78A8EFB 		.ascii	"\347\212\216\373\332!\030\240\273UK\200\357=*\355\324"
 106      DA2118A0 
 106      BB554B80 
 106      EF3D2AED 
 106      D4
 107 0126 1111E87A 		.ascii	"\021\021\350zh\254vy\362A\211\017\315,\245l-\343\277"
 107      68AC7679 
 107      F241890F 
 107      CD2CA56C 
 107      2DE3BF
 108 0139 85745B08 		.ascii	"\205t[\010$jAD\265\353IGe\034\252\257h!\001\325\247"
 108      246A4144 
 108      B5EB4947 
 108      651CAAAF 
 108      682101D5 
 109 014e 45B7CE6B 		.ascii	"E\267\316kg\354`^\305R\202\010\331\323\341 \314\204"
 109      67EC605E 
 109      C5528208 
 109      D9D3E120 
 109      CC84
 110 0160 03301383 		.ascii	"\0030\023\203\037\202\0318\347\2508\322\276G\235\015"
 110      1F821938 
 110      E7A838D2 
 110      BE479D0D 
 111 0170 9AD95552 		.ascii	"\232\331UR\325\260\024\272T<}G\261T\213^zj\005u@\340"
 111      D5B014BA 
 111      543C7D47 
 111      B1548B5E 
 111      7A6A0575 
 112 0186 5B48A68C 		.ascii	"[H\246\214q\211s-\014\001\324\300 \346S\017\263\321"
 112      7189732D 
 112      0C01D4C0 
 112      20E6530F 
 112      B3D1
 113 0198 BBE3FEC0 		.ascii	"\273\343\376\300g\344#\306\265\244\352^\243\032\201"
 113      67E423C6 
 113      B5A4EA5E 
 113      A31A81
 114 01a7 0208D4BC 		.ascii	"\002\010\324\274\203H\345\010\223\300`\032\024\230\206"
 114      8348E508 
 114      93C0601A 
 114      149886
 115 01b6 68980083 		.ascii	"h\230\000\203\221\036\004\373u$\227\3414Tw\227OE\234"
 115      911E04FB 
 115      752497E1 
 115      34547797 
 115      4F459C
 116 01c9 61490A5D 		.ascii	"aI\012]\333\255\017\006\356I\233\264\2145\034V\200\016"
 116      DBAD0F06 
 116      EE499BB4 
ARM GAS  C:\Users\TUDENT~1\AppData\Local\Temp\ccayq7gi.s 			page 8


 116      8C351C56 
 116      800E
 117 01db 5320BA38 		.ascii	"S \2728\302\000\332.\324\377\032G\202\300\020J\213\007"
 117      C200DA2E 
 117      D4FF1A47 
 117      82C0104A 
 117      8B07
 118 01ed 3FE7B579 		.ascii	"?\347\265y\035\265/\277\251)S\363\332\014\023\324\203"
 118      1DB52FBF 
 118      A92953F3 
 118      DA0C13D4 
 118      83
 119 01fe 279B5A63 		.ascii	"'\233Zc\370\361|T\377xP\336\007\\\215Gu}\260o\253N\266"
 119      F8F17C54 
 119      FF7850DE 
 119      075C8D47 
 119      757DB06F 
 120 0215 66DDB8BA 		.ascii	"f\335\270\272\363\373i\\\327G\250\211\\\335Rz\364\260"
 120      F3FB695C 
 120      D747A889 
 120      5CDD527A 
 120      F4B0
 121 0227 9674F2B0 		.ascii	"\226t\362\260;\203\277\264\313\300\032To\224\004v\021"
 121      3B83BFB4 
 121      CBC01A54 
 121      6F940476 
 121      11
 122 0238 AEAA50AD 		.ascii	"\256\252P\255n9\375{\034\271\305M\007\332\352\016\320"
 122      6E39FD7B 
 122      1CB9C54D 
 122      07DAEA0E 
 122      D0
 123 0249 B3B95AA0 		.ascii	"\263\271Z\240WFG\323~\33086\225oQ\213\256\322\321\275"
 123      574647D3 
 123      7ED83836 
 123      956F518B 
 123      AED2D1BD 
 124 025d 53481F33 		.ascii	"SH\0373\027+\332{\232U`\324\356\247\015\015\375\330"
 124      172BDA7B 
 124      9A5560D4 
 124      EEA70D0D 
 124      FDD8
 125 026f F446C528 		.ascii	"\364F\305(m\321\005\320\302y\245$s\2658o\222\244\365"
 125      6DD105D0 
 125      C279A524 
 125      73B5386F 
 125      92A4F5
 126 0282 5259B114 		.ascii	"RY\261\024\373\226\000\215\330\3623\330rh\006#\305\245"
 126      FB96008D 
 126      D8F233D8 
 126      72680623 
 126      C5A5
 127 0294 7610C2CD 		.ascii	"v\020\302\315s\270\2111\352\366n\335\243&W\330U\023"
 127      73B88931 
 127      EAF66EDD 
 127      A32657D8 
 127      5513
ARM GAS  C:\Users\TUDENT~1\AppData\Local\Temp\ccayq7gi.s 			page 9


 128 02a6 5BCFDEE9 		.ascii	"[\317\336\351U\201\3268)@\353$\0002\231\333\263[7H\222"
 128      5581D638 
 128      2940EB24 
 128      003299DB 
 128      B35B3748 
 129 02bb 082D48E6 		.ascii	"\010-H\346\242B\006\271\361\3735r\272\277H$\001\302"
 129      A24206B9 
 129      F1FB3572 
 129      BABF4824 
 129      01C2
 130 02cd B27AB6B9 		.ascii	"\262z\266\271\351\011!\307\230\022\363\240\274\252X"
 130      E90921C7 
 130      9812F3A0 
 130      BCAA58
 131 02dc 0B068321 		.ascii	"\013\006\203!\311\270\207\006\015]\372\351\265\312\256"
 131      C9B88706 
 131      0D5DFAE9 
 131      B5CAAE
 132 02eb 7B92B42D 		.ascii	"{\222\264-\236\241\265!Z\007$),\232\330\3655\343$p\207"
 132      9EA1B521 
 132      5A072429 
 132      2C9AD8F5 
 132      35E32470 
 133 0300 91572BA4 		.ascii	"\221W+\244P\011a\326g\243\255M\324\270\021\024\353\256"
 133      500961D6 
 133      67A3AD4D 
 133      D4B81114 
 133      EBAE
 134 0312 08EB4B93 		.ascii	"\010\353K\223Z3\350\2554\2572IZ\242\022\340\024\036"
 134      5A33E8AD 
 134      34AF3249 
 134      5AA212E0 
 134      141E
 135 0324 9F6451A9 		.ascii	"\237dQ\2511\246\006W\261\022W\300\000\355(\227\301\300"
 135      31A60657 
 135      B11257C0 
 135      00ED2897 
 135      C1C0
 136 0336 EE20AF44 		.ascii	"\356 \257Dkeb\221$\001\265\024\344*\310/\353\271g%\327"
 136      6B656291 
 136      2401B514 
 136      E42AC82F 
 136      EBB96725 
 137 034b D5649C65 		.ascii	"\325d\234e-~\261m\254(\006\214I\334\351Y\245\032_l\270"
 137      2D7EB16D 
 137      AC28068C 
 137      49DCE959 
 137      A51A5F6C 
 138 0360 8EE89D4A 		.ascii	"\216\350\235J\361(\304\344D\340\032\306\177\031\027"
 138      F128C4E4 
 138      44E01AC6 
 138      7F1917
 139 036f 0CF7B8E4 		.ascii	"\014\367\270\344\207\3418~\361f\240z\374\352\251\301"
 139      87E1387E 
 139      F166A07A 
 139      FCEAA9C1 
 140 037f 18B24DC5 		.ascii	"\030\262M\305\032\320?\332\2751\216Tp\245\341\317\362"
ARM GAS  C:\Users\TUDENT~1\AppData\Local\Temp\ccayq7gi.s 			page 10


 140      1AD03FDA 
 140      BD318E54 
 140      70A5E1CF 
 140      F2
 141 0390 1A35A9E2 		.ascii	"\0325\251\342\312\346\343\333\253u\244\206)S\312z\357"
 141      CAE6E3DB 
 141      AB75A486 
 141      2953CA7A 
 141      EF
 142 03a1 6F9C86AD 		.ascii	"o\234\206\255I2\030\214\206=\214\351`m\342vIj\233\317"
 142      4932188C 
 142      863D8CE9 
 142      606DE276 
 142      496A9BCF 
 143 03b5 B8DE42AE 		.ascii	"\270\336B\256\275\370\234\240u\342\271\326\240y\263"
 143      BDF89CA0 
 143      75E2B9D6 
 143      A079B3
 144 03c4 B188159B 		.ascii	"\261\210\025\233Z\007\243\255O\203\322\233\310,\217"
 144      5A07A3AD 
 144      4F83D29B 
 144      C82C8F
 145 03d3 A3C13176 		.ascii	"\243\3011v\326+\247x\007S\354\307\364n\243\364\241\364"
 145      D62BA778 
 145      0753ECC7 
 145      F46EA3F4 
 145      A1F4
 146 03e5 A074CBA9 		.ascii	"\240t\313\251\362@\243\263\224@]\321\201nD\323\032\211"
 146      F240A3B3 
 146      94405DD1 
 146      816E44D3 
 146      1A89
 147 03f7 B0BE196D 		.ascii	"\260\276\031m\335\024AK\356\351n\336\323\336\347{\312"
 147      DD14414B 
 147      EEE96EDE 
 147      D3DEE77B 
 147      CA
 148 0408 B1BA7747 		.ascii	"\261\272wGT\344\273h0\345Baq\317\217=\334\240#\365\254"
 148      54E4BB68 
 148      30E54261 
 148      71CF8F3D 
 148      DCA023F5 
 149 041d B8E2CD96 		.ascii	"\270\342\315\226}E\232\211\033\360\270\216\335\200!"
 149      7D459A89 
 149      1BF0B88E 
 149      DD8021
 150 042c F41D506E 		.ascii	"\364\035Pn@\357\0137 \\\033\374j\032\377Uy0\354\256"
 150      40EF0B37 
 150      205C1BFC 
 150      6A1AFF55 
 150      7930ECAE 
 151 0440 CEA32949 		.ascii	"\316\243)I2\310\246\277\003\021^\206\020<{1kN\265\024"
 151      32C8A6BF 
 151      03115E86 
 151      103C7B31 
 151      6B4EB514 
 152 0454 08E1DB59 		.ascii	"\010\341\333Y=\255n\275$\305\3020\372\035\345T#:Fw\262"
ARM GAS  C:\Users\TUDENT~1\AppData\Local\Temp\ccayq7gi.s 			page 11


 152      3DAD6EBD 
 152      24C5C230 
 152      FA1DE554 
 152      233A4677 
 153 0469 F04FF92E 		.ascii	"\360O\371.\314\241\177\\O{\006\343\3437O|K\330\347;"
 153      CCA17F5C 
 153      4F7B06E3 
 153      E3374F7C 
 153      4BD8E73B 
 154 047d FCB20930 		.ascii	"\374\262\0110\002\361\341Lq)\304[\255N[\201{\235\325"
 154      02F1E14C 
 154      7129C45B 
 154      AD4E5B81 
 154      7B9DD5
 155 0490 E571F935 		.ascii	"\345q\3715+\336yO\237j6\013\313\354\213M\251\271\256"
 155      2BDE794F 
 155      9F6A360B 
 155      CBEC8B4D 
 155      A9B9AE
 156 04a3 1C57A6BF 		.ascii	"\034W\246\277\320\341\362\362\365\252L\363\242\205&"
 156      D0E1F2F2 
 156      F5AA4CF3 
 156      A28526
 157 04b2 AFCF946B 		.ascii	"\257\317\224ks\233r\274\266\002\207\317\224\231e\315"
 157      739B72BC 
 157      B60287CF 
 157      949965CD 
 158 04c2 CC7A3B65 		.ascii	"\314z;eAv\2725mef\352\252\354e\357\276\317\317\222\355"
 158      4176BA35 
 158      6D6566EA 
 158      AAEC65EF 
 158      BECFCF92 
 159 04d7 422C5BAC 		.ascii	"B,[\254D\340\004\237?/e\201\325\356\366\332?f\221\226"
 159      44E0049F 
 159      3F2F6581 
 159      D5EEF6DA 
 159      3F669196 
 160 04eb FE63807C 		.ascii	"\376c\200|o\201\237\342#8\237\227\233\327\256\245'V"
 160      6F819FE2 
 160      23389F97 
 160      9BD7AEA5 
 160      2756
 161 04fd B7DB919C 		.ascii	"\267\333\221\234+$\346\343\322\341\\m+t\373\255v\257"
 161      2B24E6E3 
 161      D2E15C6D 
 161      2B74FBAD 
 161      76AF
 162 050f 67B56B8D 		.ascii	"g\265k\215:#-\315\346\267\021{\201[k\265\026\272<~\214"
 162      3A232DCD 
 162      E6B7117B 
 162      815B6BB5 
 162      16BA3C7E 
 163 0524 E95F6D5F 		.ascii	"\351_m_l\261Sx\037\013e\361{\275n\237e\215\247P\317"
 163      6CB15378 
 163      1F0B65F1 
 163      7BBD6E9F 
 163      658DA750 
ARM GAS  C:\Users\TUDENT~1\AppData\Local\Temp\ccayq7gi.s 			page 12


 164 0539 567A5B41 		.ascii	"Vz[A\236\336\231\227\343t8\234\016\313\302\344\024\375"
 164      9EDE9997 
 164      E374389C 
 164      0ECBC2E4 
 164      14FD
 165 054b 82F9E645 		.ascii	"\202\371\346E\237\230-\270?\317\343\3658\3479m9.\213"
 165      9F982DB8 
 165      3FCFE3F5 
 165      38E7396D 
 165      392E8B
 166 055e CB637717 		.ascii	"\313cw\027:\234\226<\033by\234\226\211\320\376u\371"
 166      3A9C963C 
 166      1B62799C 
 166      9689D0FE 
 166      75F9
 167 0570 4E1FF2D1 		.ascii	"N\037\362\321\204\343}\360\277\306\363\255\363Y\254"
 167      84E37DF0 
 167      BFC6F3AD 
 167      F359AC
 168 057f 3EBF03C1 		.ascii	">\277\003\3011\010\361:\0120\275\334\345\377\251|\351"
 168      3108F13A 
 168      0A30BDDC 
 168      E5FFA97C 
 168      E9
 169 0590 E969A615 		.ascii	"\351i\246\025\031+W}jf\365\313Wj\310\333\262&\337\345"
 169      192B577D 
 169      6A66F5CB 
 169      576AC8DB 
 169      B226DFE5 
 170 05a4 B5FA9CFE 		.ascii	"\265\372\234\376\302|\253_\235\221Jk\250\316x\223?\226"
 170      C27CAB5F 
 170      9D914A6B 
 170      A8CE7893 
 170      3F96
 171 05b6 F2C732FA 		.ascii	"\362\3072\372\210\315X\232\236\312*\375\027i1\000\012"
 171      88CD589A 
 171      9ECA2AFD 
 171      17693100 
 171      0A
 172              		.text
 173              		.section	.gnu.lto_.symtab.87410980,"",%progbits
 174 0000 5F5F6561 		.ascii	"__early_init\000"
 174      726C795F 
 174      696E6974 
 174      00
 175 000d 00       		.ascii	"\000"
 176 000e 00       		.ascii	"\000"
 177 000f 00       		.ascii	"\000"
 178 0010 00000000 		.ascii	"\000\000\000\000\000\000\000\000"
 178      00000000 
 179 0018 AE000000 		.ascii	"\256\000\000\000"
 180 001c 626F6172 		.ascii	"boardInit\000"
 180      64496E69 
 180      7400
 181 0026 00       		.ascii	"\000"
 182 0027 00       		.ascii	"\000"
 183 0028 00       		.ascii	"\000"
ARM GAS  C:\Users\TUDENT~1\AppData\Local\Temp\ccayq7gi.s 			page 13


 184 0029 00000000 		.ascii	"\000\000\000\000\000\000\000\000"
 184      00000000 
 185 0031 B0000000 		.ascii	"\260\000\000\000"
 186 0035 70616C5F 		.ascii	"pal_default_config\000"
 186      64656661 
 186      756C745F 
 186      636F6E66 
 186      696700
 187 0048 00       		.ascii	"\000"
 188 0049 00       		.ascii	"\000"
 189 004a 00       		.ascii	"\000"
 190 004b 00000000 		.ascii	"\000\000\000\000\000\000\000\000"
 190      00000000 
 191 0053 E1000000 		.ascii	"\341\000\000\000"
 192 0057 73746D33 		.ascii	"stm32_clock_init\000"
 192      325F636C 
 192      6F636B5F 
 192      696E6974 
 192      00
 193 0068 00       		.ascii	"\000"
 194 0069 02       		.ascii	"\002"
 195 006a 00       		.ascii	"\000"
 196 006b 00000000 		.ascii	"\000\000\000\000\000\000\000\000"
 196      00000000 
 197 0073 B2000000 		.ascii	"\262\000\000\000"
 198              		.text
 199              		.section	.gnu.lto_.opts,"",%progbits
 200 0000 272D666D 		.ascii	"'-fmath-errno' '-fsigned-zeros' '-ftrapping-math' '"
 200      6174682D 
 200      6572726E 
 200      6F272027 
 200      2D667369 
 201 0033 2D666E6F 		.ascii	"-fno-trapv' '-fno-openmp' '-fno-openacc' '-mcpu=cor"
 201      2D747261 
 201      70762720 
 201      272D666E 
 201      6F2D6F70 
 202 0066 7465782D 		.ascii	"tex-m3' '-mno-thumb-interwork' '-mthumb' '-ggdb' '-"
 202      6D332720 
 202      272D6D6E 
 202      6F2D7468 
 202      756D622D 
 203 0099 4F322720 		.ascii	"O2' '-fomit-frame-pointer' '-falign-functions=16' '"
 203      272D666F 
 203      6D69742D 
 203      6672616D 
 203      652D706F 
 204 00cc 2D666675 		.ascii	"-ffunction-sections' '-fdata-sections' '-fno-common"
 204      6E637469 
 204      6F6E2D73 
 204      65637469 
 204      6F6E7327 
 205 00ff 2720272D 		.ascii	"' '-flto'\000"
 205      666C746F 
 205      2700
 206              		.text
 207              		.comm	__gnu_lto_v1,1,1
ARM GAS  C:\Users\TUDENT~1\AppData\Local\Temp\ccayq7gi.s 			page 14


 208              		.comm	__gnu_lto_slim,1,1
 209              		.ident	"GCC: (GNU Tools for ARM Embedded Processors 6-2017-q1-update) 6.3.1 20170215 (release) [AR
ARM GAS  C:\Users\TUDENT~1\AppData\Local\Temp\ccayq7gi.s 			page 15


DEFINED SYMBOLS
                            *ABS*:00000000 board.c
                            *COM*:00000001 __gnu_lto_v1
                            *COM*:00000001 __gnu_lto_slim

NO UNDEFINED SYMBOLS
