ARM GAS  C:\Users\TUDENT~1\AppData\Local\Temp\cc6OX91P.s 			page 1


   1              		.cpu cortex-m3
   2              		.eabi_attribute 20, 1
   3              		.eabi_attribute 21, 1
   4              		.eabi_attribute 23, 3
   5              		.eabi_attribute 24, 1
   6              		.eabi_attribute 25, 1
   7              		.eabi_attribute 26, 1
   8              		.eabi_attribute 30, 2
   9              		.eabi_attribute 34, 1
  10              		.eabi_attribute 18, 4
  11              		.file	"chcore_v7m.c"
  12              		.text
  13              	.Ltext0:
  14              		.section	.gnu.lto_.profile.8740f86e,"",%progbits
  15 0000 789C6365 		.ascii	"x\234ce`b`a```d0\224\001\000\000\376\000Z"
  15      60626061 
  15      60606064 
  15      30940100 
  15      00FE005A 
  16              		.text
  17              		.section	.gnu.lto_.icf.8740f86e,"",%progbits
  18 0000 789C6365 		.ascii	"x\234ce`b\020a@\000f\206\345K\256\264s3\367\276\273"
  18      60621061 
  18      40006686 
  18      E54BAEB4 
  18      7333F7BE 
  19 0015 BF9687E5 		.ascii	"\277\226\207\345\363\206\025\213\330\030\000^5\010\335"
  19      F386158B 
  19      D818005E 
  19      3508DD
  20              		.text
  21              		.section	.gnu.lto_.jmpfuncs.8740f86e,"",%progbits
  22 0000 789C6365 		.ascii	"x\234ce`b\340e@\000f(\301\002\242\001\002|\000\037"
  22      6062E065 
  22      40006628 
  22      C102A201 
  22      027C001F 
  23              		.text
  24              		.section	.gnu.lto_.inline.8740f86e,"",%progbits
  25 0000 789C6365 		.ascii	"x\234ce`bpc@\000f\006\006~1F\006&\221\013=\214\014l"
  25      60627063 
  25      40006606 
  25      067E3146 
  25      0626910B 
  26 0018 0BE49940 		.ascii	"\013\344\231@\202L\334`\031N\016\240\004\317\203X\270"
  26      824CDC60 
  26      194E0EA0 
  26      04CF8358 
  26      B8
  27 0029 380B0317 		.ascii	"8\013\003\0277HhN$\\\210\221\013D\002\000\021\202\006"
  27      3748684E 
  27      245C8891 
  27      0B440200 
  27      118206
  28 003c D4       		.ascii	"\324"
  29              		.text
  30              		.section	.gnu.lto_.pureconst.8740f86e,"",%progbits
ARM GAS  C:\Users\TUDENT~1\AppData\Local\Temp\cc6OX91P.s 			page 2


  31 0000 789C6365 		.ascii	"x\234ce`b\340b```f\330\305\310\274\213\221e\027#\000"
  31      6062E062 
  31      60606066 
  31      D8C5C8BC 
  31      8B916517 
  32 0016 0C46024D 		.ascii	"\014F\002M"
  33              		.text
  34              		.section	.gnu.lto__port_irq_epilogue.part.0.8740f86e,"",%progbits
  35 0000 789C9D54 		.ascii	"x\234\235T\337O\034U\024\276g\356\314\3542,\220\020"
  35      DF4F1C55 
  35      14BE67EE 
  35      CCEC322C 
  35      9010
  36 0012 1F34E9C3 		.ascii	"\0374\351\303\362@\232&MGcb\215Q\223Jb\242\311\246\206"
  36      F2409A26 
  36      4D476362 
  36      8D51934A 
  36      62A2C9A6 
  37 0027 FD031A1D 		.ascii	"\375\003\032\035\250l,\354fw1\274q\273\260\205\354V"
  37      A86C2CEC 
  37      667731BC 
  37      71BBB085 
  37      EC56
  38 0039 6CAA6CD9 		.ascii	"l\252l\331\312:\224\306`\253H\241V\205\376`\345Gi\213"
  38      CA3A94C6 
  38      60AB48A1 
  38      5685FE60 
  38      E547698B 
  39 004d 96D42A26 		.ascii	"\226\324*&m\037*l\033-\255\261\204\030\323\004\360\234"
  39      6D1F2A6C 
  39      1B2DADB1 
  39      8418D304 
  39      F09C
  40 005f 3B83A0D6 		.ascii	";\203\240\326\244q\222\271s\357\271\347;\347\334\357"
  40      A47192B9 
  40      73EFB9E7 
  40      3BE7DCEF 
  41 006f 3B7734A6 		.ascii	";w4\246\260\3475\306&\031c/\343\013\036\006\372\201"
  41      B0E735C6 
  41      2619632F 
  41      E30B1E06 
  41      FA81
  42 0081 CB38D141 		.ascii	"\3138\321A\221_E\341\355\233\2310T\032}\0344\262\356"
  42      915F45E1 
  42      ED9B9930 
  42      541A7D1C 
  42      34B2EE
  43 0094 F5AA6B13 		.ascii	"\365\252k\023\015\200&\302\013\254YW\270\252A3\274\313"
  43      0D8026C2 
  43      0BAC5957 
  43      B8AA4133 
  43      BCCB
  44 00a6 0F71186B 		.ascii	"\017q\030k\273=\254l\351\023\370\344\017-y\366\211\344"
  44      BB3DAC6C 
  44      E913F8E4 
  44      0F2D79F6 
  44      89E4
ARM GAS  C:\Users\TUDENT~1\AppData\Local\Temp\cc6OX91P.s 			page 3


  45 00b8 E336672C 		.ascii	"\3436g,\213/=\320\007[\030\272\315\015\256t\226\350"
  45      8B2F3DD0 
  45      075B18BA 
  45      CD0DAE74 
  45      96E8
  46 00ca AA63878F 		.ascii	"\252c\207\2171/c\004\277\322z\242\233wp\233\003\250"
  46      312F6304 
  46      BFD27AA2 
  46      9B77709B 
  46      03A8
  47 00dc B8BCFFED 		.ascii	"\270\274\377\355\341\371RZ*\340\307\345\355\364\344"
  47      E1F9525A 
  47      2AE0C7E5 
  47      EDF4E4
  48 00eb 390FDF01 		.ascii	"9\017\337\001\024!\377\321\251Y\250<*DB\344\247\262"
  48      1421FFD1 
  48      A959A83C 
  48      2A4442E4 
  48      A7B2
  49 00fd CF1EBF56 		.ascii	"\317\036\277V\020\342`;\330\234\303'\3001.\034\207M"
  49      10E2603B 
  49      D89CC327 
  49      C0312E1C 
  49      874D
  50 010f 700C3639 		.ascii	"p\01469y?\205J\004\355\177gy\251\214@\007eu\231\226"
  50      793F854A 
  50      04ED7F67 
  50      79A98C40 
  50      07657599 
  51 0124 E405A122 		.ascii	"\344\005\241\"\204\375\313\277_\372\247.\026z\313x\032"
  51      84FDCBBF 
  51      5FFAA72E 
  51      167ACB78 
  51      1A
  52 0135 64C65F57 		.ascii	"d\306_Wn\244|n\306\337\355\362\367Z\204\004\253\360"
  52      6EA47C6E 
  52      C6DFEDF2 
  52      F75A8404 
  52      ABF0
  53 0147 D943F20D 		.ascii	"\331C\362\015@\345\300w \304\312j\233\020\327\236.\367"
  53      40E5C077 
  53      20C4CA6A 
  53      9B10D79E 
  53      2EF7
  54 0159 81AC4191 		.ascii	"\201\254A\221;\\\216*\263\271\246\341\2403\226B\036"
  54      3B5C8E2A 
  54      B3B9A6E1 
  54      A0339642 
  54      1E
  55 016a 88D0142E 		.ascii	"\210\320\024.\360\313\323\\\221\337;\260wn~\377o\227"
  55      F0CBD35C 
  55      91DF3BB0 
  55      776E7EFF 
  55      6F97
  56 017c 609D3382 		.ascii	"`\2353\202J\312\330:\221\255\016\337\335\306\253\014"
  56      4ACAD83A 
  56      91AD0EDF 
ARM GAS  C:\Users\TUDENT~1\AppData\Local\Temp\cc6OX91P.s 			page 4


  56      DDC6AB0C 
  57 018c 4E809EE5 		.ascii	"N\200\236\345\260\201d\312\313`\220\0000\204#R}\200"
  57      B08164CA 
  57      CB609000 
  57      30842352 
  57      7D80
  58 019e E2653A32 		.ascii	"\342e:2\266Z\361!\330\242\313os\017!\226\347\222\363"
  58      B65AF121 
  58      D8A2CB6F 
  58      730F2196 
  58      E792F3
  59 01b1 45AA828E 		.ascii	"E\252\202\216'\241B\306??wrDG\013|\016j\016\30328\005"
  59      27A142C6 
  59      3F3F7772 
  59      44470B7C 
  59      0E6A0EC3 
  60 01c8 2ABB0589 		.ascii	"*\273\005\211\233\262,\012H\361i\213\214\351\216\311"
  60      9BB22C0A 
  60      48F1698B 
  60      8CE98EC9 
  61 01d8 72AA40E6 		.ascii	"r\252@\346d\277@b\261\355\030'C\216+\256\217_\356\017"
  61      64BF4062 
  61      B1ED1827 
  61      438E2BAE 
  61      8F5FEE0F 
  62 01ec 1046418F 		.ascii	"\020FA\217\226\356}\375Wk\034\027\216&\314y\365\247"
  62      96EE7DFD 
  62      576B1C17 
  62      8E26CC79 
  62      F5A7
  63 01fe 898CE634 		.ascii	"\211\214\3464\301\315\325\325\3252\370\002Y\375;\222"
  63      C1CDD5D5 
  63      D532F802 
  63      59FD3B92 
  64 020e 53ECA59F 		.ascii	"S\354\245\237sI\203l\210)\364-v\026\021Fu0h\372~\346"
  64      7349836C 
  64      8829F42D 
  64      76161146 
  64      753068FA 
  65 0224 CA74B10D 		.ascii	"\312t\261\0159\354\011/\006\206/I\033\264\337=2\364"
  65      39EC092F 
  65      06862F49 
  65      1BB4DF3D 
  65      32F4
  66 0236 816EF613 		.ascii	"\201n\366\023e=\273m^\004_\201\015]\262Aa\030L\352\302"
  66      653DBB6D 
  66      5E045F81 
  66      0D5DB241 
  66      61184CEA 
  67 024b 5B0F6664 		.ascii	"[\017fd0\003\025\304\036\037A\244<\313\331\037\036s"
  67      300315C4 
  67      1E1F41A4 
  67      3CCBD91F 
  67      1E73
  68 025d 2A55A984 		.ascii	"*U\251\204\265\222\0201\265P\310yy\257\323(\013\205"
  68      B5921031 
  68      B550C879 
ARM GAS  C:\Users\TUDENT~1\AppData\Local\Temp\cc6OX91P.s 			page 5


  68      79AFD328 
  68      0B85
  69 026f FBE3C56E 		.ascii	"\373\343\305n\243\314\332\276\254\310\267\372\251/O"
  69      A3CCDABE 
  69      ACC8B7FA 
  69      A92F4F
  70 027e 3FA44FCE 		.ascii	"?\244O\316\320iTv\007\022\250s\3274\374S\322YC#\037"
  70      D0695476 
  70      0712A873 
  70      D734FC53 
  70      D2594323 
  71 0293 575665E3 		.ascii	"WVe\343\335\201\263R\322sty\200\015\022\264\327\036"
  71      DD81B352 
  71      D2737479 
  71      800D12B4 
  71      D71E
  72 02a5 FAC3A818 		.ascii	"\372\303\250\030u%-&\357\376\371\323\302+%\035u%\275"
  72      75252D26 
  72      EFFEF9D3 
  72      C22B251D 
  72      7525BD
  73 02b8 7178E47D 		.ascii	"qx\344}\203$\315\223\244*\356|-/\333\321\301\3047\276"
  73      8324CD93 
  73      A42AEE7C 
  73      2D2FDBD1 
  73      C1C437BE 
  74 02cc 8AB18DFD 		.ascii	"\212\261\215\375p\271#q\304'\301c\004\206qG{G\010*\213"
  74      70B92371 
  74      C427C163 
  74      04867147 
  74      7B47082A 
  75 02e1 2D404BCF 		.ascii	"-@K\317h\347\023\016+\032B\206\207\357^\3674/\013\257"
  75      68E7130E 
  75      2B1A4286 
  75      87EF5EF7 
  75      342F0BAF 
  76 02f5 CD7D5924 		.ascii	"\315}Y$\211\301\0044c\223\227\260\002\264^\037\237\200"
  76      89C10434 
  76      639397B0 
  76      02B45E1F 
  76      9F80
  77 0307 75D74C72 		.ascii	"u\327Lrl\306C4\323\001&]F\322\210i\337\314\221\356\007"
  77      6CC64334 
  77      D301265D 
  77      46D28869 
  77      DFCC91EE 
  78 031c 6DB91F7B 		.ascii	"m\271\037{\300%\370Q\304l 1\317K1\201\270\235\222b\256"
  78      C025F851 
  78      C46C2031 
  78      CF4B3181 
  78      B89D9262 
  79 0331 15D48E1E 		.ascii	"\025\324\216\036\213\010/\315\3123_\300\252(\233\372"
  79      8B082FCD 
  79      CA335FC0 
  79      AA289BFA 
  80 0341 57B67BFF 		.ascii	"W\266{\377#\333\305\365l\227\376+\033\376ha\332\315"
  80      23DBC5F5 
ARM GAS  C:\Users\TUDENT~1\AppData\Local\Temp\cc6OX91P.s 			page 6


  80      6C97FE2B 
  80      1BFE6861 
  80      DACD
  81 0353 A6C95B7D 		.ascii	"\246\311[}\017\024\347w\230B(\032p\365\242\365\234Y"
  81      0F14E777 
  81      9842281A 
  81      70F5A2F5 
  81      9C59
  82 0365 55177A23 		.ascii	"U\027z#\024\2147\326\204\302\316|g\360\251\355\317\230"
  82      148C37D6 
  82      84C2CE7C 
  82      67F0A9ED 
  82      CF98
  83 0377 E1986985 		.ascii	"\341\230i\205\353\353\303\015f$\034\215\307\314\035"
  83      EBEBC30D 
  83      66241C8D 
  83      C7CC1D
  84 0386 D581AA40 		.ascii	"\325\201\252@\223i\325Y\341h\355\256\267\267\327o\263"
  84      9369D559 
  84      E168EDAE 
  84      B7B7D76F 
  84      B3
  85 0397 981EAD8D 		.ascii	"\230\036\255\2155\356\211\277\364(Qj\233\342fU \370"
  85      35EE89BF 
  85      F428516A 
  85      9BE26655 
  85      20F8
  86 03a9 4AD00C35 		.ascii	"J\320\0145X{\032kjM\253>\026\212\355z\323\262\266\325"
  86      587B1A6B 
  86      6A4DAB3E 
  86      168AED7A 
  86      D3B2B6D5 
  87 03bd 31D58A37 		.ascii	"1\325\2127EJ\002\325A\177\345\223[\375\221X\304`\374"
  87      454A02D5 
  87      417FE593 
  87      5BFD9158 
  87      C460FC
  88 03d0 85282B8D 		.ascii	"\205(+\215\207#;w\277\026\015[\301\370\353\326[%\201"
  88      87233B77 
  88      BF160D5B 
  88      C1F8EBD6 
  88      5B2581
  89 03e3 60356D6E 		.ascii	"`5mnE/\203)Q\306c\021\366'e\024\354g"
  89      452F8329 
  89      51C66311 
  89      F6276514 
  89      EC67
  90              		.text
  91              		.section	.gnu.lto_SVC_Handler.8740f86e,"",%progbits
  92 0000 789CA593 		.ascii	"x\234\245\223\337k\024W\024\307\317\271wvv\335lT\372"
  92      DF6B1457 
  92      14C7CFB9 
  92      777676DD 
  92      6C54FA
  93 0013 2686B28B 		.ascii	"&\206\262\213\004*\210S_T\012\012\032\220\366aQ\262"
  93      042A8853 
  93      5F540A0A 
ARM GAS  C:\Users\TUDENT~1\AppData\Local\Temp\cc6OX91P.s 			page 7


  93      1A90F661 
  93      51B2
  94 0025 7F80C471 		.ascii	"\177\200\304qM\026\263\316\262\273\221\364\311q\023"
  94      4D16B3CE 
  94      B2BB91F4 
  94      C97113
  95 0034 5D9B4814 		.ascii	"]\233H\024\253q\023\262\035\215\024SS\315/\243&\321"
  95      AB7113B2 
  95      1D8D1453 
  95      53CD2FA3 
  95      26D1
  96 0046 759B68E2 		.ascii	"u\233h\342\357R\261\245\210\210&Q1R\177=\250\017\232"
  96      EF52B1A5 
  96      88882651 
  96      31527F3D 
  96      A80F9A
  97 0059 F69E3BA3 		.ascii	"\366\236;\243\304((t`g\347\336\363=\337{\316\347\336"
  97      C4282874 
  97      6067E7DE 
  97      F33DDF7B 
  97      CEE7DE
  98 006c EB0206FB 		.ascii	"\353\002\006\373\024\200y\0100\027\000\220\003\262\335"
  98      14807908 
  98      30170090 
  98      03B2DD
  99 007b D700B67A 		.ascii	"\327\000\266z\030\"}\230\036\204-\014\267\340.\276\237"
  99      18227D98 
  99      1E842D0C 
  99      B7E02EBE 
  99      9F
 100 008c E360FA7E 		.ascii	"\343`\372~\037\233\177\330\024O~\377\3539f[\036-\016"
 100      1F9B7FD8 
 100      144F7EFF 
 100      EB39665B 
 100      1E2D0E
 101 009f D0247EF4 		.ascii	"\320$~\364\340a\234\017B\366Gmg\013o\340\026GT\304\360"
 101      E0619C0F 
 101      42F6476D 
 101      670B6FE0 
 101      164754C4 
 102 00b4 D9D5E6B1 		.ascii	"\331\325\346\261\2314d\350\027\303\272\213\343\255\263"
 102      993464E8 
 102      17C3BA8B 
 102      E3ADB3
 103 00c3 F80A24E5 		.ascii	"\370\012$\345\343\311[u\276\342C\246\2312\363\303\231"
 103      E3C95B75 
 103      BEE243A6 
 103      9932F3C3 
 103      99
 104 00d4 2FF7D498 		.ascii	"/\367\324\230\027L\305\342\034\217 \027\256\370\013"
 104      174CC5E2 
 104      1C8F2017 
 104      AEF80B
 105 00e3 16611B16 		.ascii	"\026a\033\026Iw!\037\355\232\334W\250*\330\216\305\366"
 105      4977211F 
 105      ED9ADC57 
 105      A82AD88E 
ARM GAS  C:\Users\TUDENT~1\AppData\Local\Temp\cc6OX91P.s 			page 8


 105      C5F6
 106 00f5 A2F82BAA 		.ascii	"\242\370+\252\242vF3\"~\277\376|\316\315WI\353\374\317"
 106      A2764633 
 106      227EBFFE 
 106      7CCECD57 
 106      49EBFCCF 
 107 0109 BD7FA163 		.ascii	"\275\177\241c\375\244i\351\221\233\343\246\271g\207"
 107      FDA469E9 
 107      919BE3A6 
 107      B96787
 108 0118 A857C1A3 		.ascii	"\250W\301\243\037\232\3431,\356\270\216ys\362\337\264"
 108      1F9AE331 
 108      2CEEB88E 
 108      7973F2DF 
 108      B4
 109 0129 E8AD283D 		.ascii	"\350\255(=r\273\231\271\031\2201\227o\005,\356rI!@\235"
 109      72BB99B9 
 109      19903197 
 109      6F052CEE 
 109      72492140 
 110 013e 589CF0D4 		.ascii	"X\234\360\324sF\377|\002\267\216\276\334\371\364\022"
 110      7346FF7C 
 110      02B78EBE 
 110      DCF9F412 
 111 014e BE2BB2D6 		.ascii	"\276+\262\326\206\324\251~+\213l\3428\265\0012\301\016"
 111      86D4A97E 
 111      2B8B6CE2 
 111      38B50132 
 111      C10E
 112 0160 54C5C29D 		.ascii	"T\305\302\235\342-Z\330M\251\215\015\215\226\022\370"
 112      E22D5AD8 
 112      4DA98D0D 
 112      8D9612F8 
 113 0170 092D33E3 		.ascii	"\011-3\343\267\270J\031oF\267\215\315P\230\020va@B\030"
 113      B7B84A19 
 113      6F46B78D 
 113      CD509810 
 113      76614042 
 114 0185 1EEDE957 		.ascii	"\036\355\351W\305\014v\243\222\345.\021\351A\005\356"
 114      C50C76A3 
 114      92E52E11 
 114      E94105EE 
 115 0195 61EA8EAC 		.ascii	"a\352\216\254\200\014\311\237B4Y\237\251\371Bb\222\205"
 115      800CC99F 
 115      4234599F 
 115      A9F94262 
 115      9285
 116 01a7 3FC4D4F3 		.ascii	"?\304\324\363\364\017\234&\262\2349\032\277\214\267"
 116      F40F9C26 
 116      B29C391A 
 116      BF8CB7
 117 01b6 530E138A 		.ascii	"S\016\023\212\232\226\355W{\212l\011\027SS\267\020\321"
 117      9A96ED57 
 117      7B8A6C09 
 117      175353B7 
 117      10D1
 118 01c8 8FC705B3 		.ascii	"\217\307\005\263\367\263\270\355\373\246\307gg)4\365"
ARM GAS  C:\Users\TUDENT~1\AppData\Local\Temp\cc6OX91P.s 			page 9


 118      F7B3B8ED 
 118      FBA6C767 
 118      672934F5 
 119 01d8 5622D247 		.ascii	"V\"\322G\036\215g=\274\025%\203G\343\317\206\012\234"
 119      1E8D673D 
 119      BC152583 
 119      47E3CF86 
 119      0A9C
 120 01ea 8D7951DE 		.ascii	"\215yQ\336d\346k\375\264)\275\037\331\224\023d\256\300"
 120      64E66BFD 
 120      B429BD1F 
 120      D9941364 
 120      AEC0
 121 01fc 04A604DD 		.ascii	"\004\246\004\335\314\345\351t\177\314\251$q\000\263"
 121      CCE5E974 
 121      7FCCA924 
 121      7100B3
 122 020b 2980014F 		.ascii	")\200\001OJ\270\247\350x tQf\253\325\375\312\0338\353"
 122      4AB8A7E8 
 122      78207451 
 122      66ABD5FD 
 122      CA1B38EB 
 123 021f C07593FA 		.ascii	"\300u\223\372\350\330\200\351\221p\373\034\270\267\232"
 123      E8D880E9 
 123      9170FB1C 
 123      B8B79A
 124 022e FBF77A09 		.ascii	"\373\367z\011n?\301\025W\003\007\344\031>\324\225\272"
 124      6E3FC115 
 124      570307E4 
 124      193ED495 
 124      BA
 125 023f E20B0C4E 		.ascii	"\342\013\014N\335\231k\015\251\203>\231|\232\222\361"
 125      DD996B0D 
 125      A9833E99 
 125      7C9A92F1 
 126 024f 8CBD0B36 		.ascii	"\214\275\0136\026*K\214dM\017N\247o \037\266\273\357"
 126      162A4B8C 
 126      644D0F4E 
 126      A76F201F 
 126      B6BBEF
 127 0262 CDFD9DF1 		.ascii	"\315\375\235\361:\335?\350\373*[sy\247y 5\233\010\344"
 127      3ADD3FE8 
 127      FB2A5B73 
 127      79A77920 
 127      359B08E4 
 128 0276 3E42E0AC 		.ascii	">B\340\254<\327\215\333\006\177w\023~Et\223\0271\233"
 128      3CD78DDB 
 128      067F7713 
 128      7E457493 
 128      17319B
 129 0289 48E7F50F 		.ascii	"H\347\365\017\210\334P\035\032\034\246\205\306\372\226"
 129      88DC501D 
 129      1A1CA685 
 129      C6FA96
 130 0298 B609F7DF 		.ascii	"\266\011\367\337(\250L\017Nd9-\0058Ha\327{$\207$\311"
 130      28A84C0F 
 130      4E64392D 
ARM GAS  C:\Users\TUDENT~1\AppData\Local\Temp\cc6OX91P.s 			page 10


 130      05384861 
 130      D77B2487 
 131 02ae 7336C97A 		.ascii	"s6\311z\366)\222\347\035\222\223\326\335\\\001\221\034"
 131      F62992E7 
 131      1D9293D6 
 131      DD5C0191 
 131      1C
 132 02bf 4645D60C 		.ascii	"FE\326\0148\"Q\266\345\206\356\371\002-\314\316\366"
 132      382251B6 
 132      E586EEF9 
 132      022DCCCE 
 132      F6
 133 02d0 90F6F9B1 		.ascii	"\220\366\371\261\356?\013d\366\005\211\362\242\203R"
 133      EE3F0B64 
 133      F60589F2 
 133      A28352
 134 02df F60FF00F 		.ascii	"\366\017\360\017\035\343\366y\324\230\244R'.\223\270"
 134      1DE3F679 
 134      D498A452 
 134      272E93B8 
 135 02ef 7542BF5C 		.ascii	"uB\277\\\377F+\251\210\254\213\204\222U\353#\206\375"
 135      FF462BA9 
 135      88AC8B84 
 135      9255EB23 
 135      86FD
 136 0301 BD3AB468 		.ascii	"\275:\264h\311b\315Hh\272\021\215\032\233\264\230\021"
 136      C962CD48 
 136      68BA118D 
 136      1A9BB498 
 136      11
 137 0312 4F26B415 		.ascii	"O&\264\025\245\301\222`\265\246W\350F<\274v\363\222"
 137      A5C19260 
 137      B5A657E8 
 137      463CBC76 
 137      F392
 138 0324 E8421D14 		.ascii	"\350B\035\024=Y\035S\343\341DUer\345\347X\205\253\223"
 138      3D591D53 
 138      E3E14455 
 138      6572E5E7 
 138      5885AB93 
 139 0338 5A4930F4 		.ascii	"ZI0\364]H\213l\322+\253\326\2075=\232\210$\326\226\353"
 139      5D488B6C 
 139      D22BABD6 
 139      87353D9A 
 139      8824D696 
 140 034d FAC20A28 		.ascii	"\372\302\012(\014\226\206\374\305_/\360\307\0221/\360"
 140      0C9686FC 
 140      C55F2FF0 
 140      C712312F 
 140      F0
 141 035e 65719899 		.ascii	"eq\230\2314b\2537\254\211\033z(Y\246o,\014\206J)\270"
 141      3462AB37 
 141      AC891B7A 
 141      2859A66F 
 141      2C0C864A 
 142 0374 40A8BCC0 		.ascii	"@\250\274\300\342\300\0231pm.\253\254\012\377\257N*"
 142      E2C01331 
ARM GAS  C:\Users\TUDENT~1\AppData\Local\Temp\cc6OX91P.s 			page 11


 142      706D2EAB 
 142      AC0AFFAF 
 142      4E2A
 143 0386 603639AF 		.ascii	"`69\257+K\204c\361\010\271\203;\032\216\032\361\357"
 143      2B4B8463 
 143      F108B983 
 143      3B1A8E1A 
 143      F1EF
 144 0398 E13F305F 		.ascii	"\341?0_\3125"
 144      CA35
 145              		.text
 146              		.section	.gnu.lto__port_irq_epilogue.8740f86e,"",%progbits
 147 0000 789CA553 		.ascii	"x\234\245S\335K\024Q\024?g\356\314\356\266f\370$=\370"
 147      DD4B1451 
 147      143F67EE 
 147      CCEEB666 
 147      F8243DF8 
 148 0014 B03E0805 		.ascii	"\260>\010\005\322\024DFP`>E,\201\373\007\210\216K.\270"
 148      D2144446 
 148      50603E45 
 148      2C81FB07 
 148      888E4B2E 
 149 0029 AEECAAD8 		.ascii	"\256\354\252\330\223w\327/\320\250 \315\325Z&\364A\255"
 149      9377D72F 
 149      D0A820CD 
 149      D55A26F4 
 149      41AD
 150 003b FCC8B2DA 		.ascii	"\374\310\262\332\334t\323\202\242/\222\015D\351\301"
 150      DC74D382 
 150      A22F920D 
 150      44E9C1
 151 004a AF4253A8 		.ascii	"\257BS\250\350A\311\264sgUd\205\012\2720s\347\336\363"
 151      E841C9B4 
 151      73675564 
 151      850ABA30 
 151      73E7DEF3 
 152 005e BBE777CF 		.ascii	"\273\347w\317\357\374F\001\011f\030\300\034\000\234"
 152      EFFC4601 
 152      096618C0 
 152      1C009C
 153 006d A4074D80 		.ascii	"\244\007M\200\322\225\267\000~\213$\261X*p\253\034\311"
 153      D295B700 
 153      7E8B24B1 
 153      582A70AB 
 153      1CC9
 154 007f 02BE97A1 		.ascii	"\002\276\227\241\"\266Q\216\317~\213\202(>\270\005\241"
 154      22B6518E 
 154      CF7E8B82 
 154      283EB805 
 154      A1
 155 0090 4A62B282 		.ascii	"Jb\262\202Ux\231\2650\034\255\377\024\226\016vr\032"
 155      557899B5 
 155      301CADFF 
 155      14960E76 
 155      721A
 156 00a2 D1961FE6 		.ascii	"\321\226\037\346:^\273_'\202Vz\304\300N<\010\004\233"
 156      3A5EBB5F 
ARM GAS  C:\Users\TUDENT~1\AppData\Local\Temp\cc6OX91P.s 			page 12


 156      2782567A 
 156      C4C04E3C 
 156      08049B
 157 00b5 B9BBDE9C 		.ascii	"\271\273\336\234l\222\343\373\330\205&\244\271o\034"
 157      6C92E3FB 
 157      D88526A4 
 157      B96F1C
 158 00c4 A37C7DA3 		.ascii	"\243|}\243\236G\327:0t\326\302@g(\213\027@\003\001\005"
 158      9E47D73A 
 158      3074D6C2 
 158      4067288B 
 158      17400301 
 159 00d9 612393C4 		.ascii	"a#\223\304\314\346Q\022y\336\327\364\337`\227\230\316"
 159      CCE65112 
 159      79DED7F4 
 159      DF609798 
 159      CE
 160 00ea 249469F9 		.ascii	"$\224i\371\355M\333\354>\261dh\243\345\347H}\014Y6\012"
 160      ED4DDBEC 
 160      3EB16468 
 160      A3E5E748 
 160      7D0C5936 
 161 00ff E4E0F044 		.ascii	"\344\340\360D\320\232\321\301y\200G7\202\007\332\252"
 161      D09AD1C1 
 161      79804737 
 161      8207DAAA 
 162 010f 5F5DE437 		.ascii	"_]\3447\003):\223\36162\272\007\336\3024\354\306\264"
 162      03293A93 
 162      F13632BA 
 162      07DEC234 
 162      ECC6B4
 163 0122 F83DEF60 		.ascii	"\370=\357`\006\035\252_\340Od\221OF\033\366Pl\021\003"
 163      061DAA5F 
 163      E04F6491 
 163      4F461BF6 
 163      506C1103 
 164 0136 33434DFD 		.ascii	"3CM\375\343\270]C\215Q\352\325\025\263QF+CH\010\375"
 164      E3B85D43 
 164      8D51EAD5 
 164      15B35146 
 164      2B434808 
 165 014b 0C669202 		.ascii	"\014f\222\002\330+\202Rbp\374:\023T\200}\"\314vJ\203"
 165      D82B8252 
 165      6270FC3A 
 165      1354807D 
 165      22CC764A 
 166 0160 FDD40DC0 		.ascii	"\375\324\015\300\273B\033\204\227\202\261]\037X\261"
 166      BB421B84 
 166      9782B15D 
 166      1F58B1
 167 016f A64FA2CE 		.ascii	"\246O\242\316\2036\235)\002\3353;\304-\262D\300\001"
 167      83369D29 
 167      02DD333B 
 167      C42DB244 
 167      C001
 168 0181 4C07B1F3 		.ascii	"L\007\261\363u)6%\321\016\336\243n\211;\003\3367\304"
 168      75293625 
ARM GAS  C:\Users\TUDENT~1\AppData\Local\Temp\cc6OX91P.s 			page 13


 168      D10EDEA3 
 168      6E893B03 
 168      DE37C4
 169 0194 E91A1E9B 		.ascii	"\351\032\036\233\337\233\376q\363\264I`\277\367\016"
 169      DF9BFE71 
 169      F3B44960 
 169      BFF70E
 170 01a3 7C48324E 		.ascii	"|H2N\017\212\323\370\200\344\236\307\200\315\250\037"
 170      0F8AD3F8 
 170      80E49EC7 
 170      80CDA81F 
 171 01b3 6001471F 		.ascii	"`\001G\037\257\266oL\240(-\304D\177\257\325\216\276"
 171      AFB66F4C 
 171      A0282DC4 
 171      447FAFD5 
 171      8EBE
 172 01c5 330B45CC 		.ascii	"3\013E\314F\241\376p\244I\211/\371d5\337'Z\022\014L"
 172      46A1FE70 
 172      A449892F 
 172      F96435DF 
 172      275A120C 
 173 01da 5B740CF9 		.ascii	"[t\014\371\251>\342\261\340#\322\365\241\270\007\005"
 173      A93EE2B1 
 173      E023D2F5 
 173      A1B80705 
 174 01ea 979A5FDC 		.ascii	"\227\232_\334\262\252=\274\306/b{0\214:\006\015o\340"
 174      B2AA3DBC 
 174      C62F627B 
 174      308C3A06 
 174      0D6FE0
 175 01fd 635489B0 		.ascii	"cT\211\260z\255\256[\211\323\311q\306\345\327\363\355"
 175      7AADAE5B 
 175      89D3C971 
 175      C6E5D7F3 
 175      ED
 176 020e 460F1079 		.ascii	"F\017\020y\012\016Q\2429\254\231\032;\272\011\"D\337"
 176      0A0E51A2 
 176      39AC991A 
 176      3BBA0922 
 176      44DF
 177 0220 52783539 		.ascii	"Rx59\216\000\214lv\260\221\324\214\245\262/\310\004"
 177      8E008C6C 
 177      76B091D4 
 177      8CA5B22F 
 177      C804
 178 0232 507087C3 		.ascii	"Pp\207\303KS\346\252_\334\2423k+\223\211\362\011V\221"
 178      4B53E6AA 
 178      5FDCA233 
 178      6B2B9389 
 178      F2095691 
 179 0246 BB920CB4 		.ascii	"\273\222\014\264\014\221\254-W%x%\364\027\257\014\033"
 179      0C91AC2D 
 179      57257825 
 179      F417AF0C 
 179      1B
 180 0257 5ED95646 		.ascii	"^\331VF\246[\214\374\311+mI\233^Qv{\345x\027e\217\212"
 180      A65B8CFC 
ARM GAS  C:\Users\TUDENT~1\AppData\Local\Temp\cc6OX91P.s 			page 14


 180      C92B6D49 
 180      9B5E5176 
 180      7BE57817 
 181 026e A02931B8 		.ascii	"\240)1\270\030b\202\012\360\351n\257\214\032^\031\333"
 181      1862820A 
 181      F0E96EAF 
 181      8C1A5E19 
 181      DB
 182 027f E195757D 		.ascii	"\341\225u}z8i\313\006#\206\015\236\0316H\354\371\363"
 182      7A3869CB 
 182      0623860D 
 182      9E193648 
 182      ECF9F3
 183 0292 ED9E8BE4 		.ascii	"\355\236\213\344\206\026\212\361\213-\223\030\306h "
 183      86168AF1 
 183      8B2D9318 
 183      C66820
 184 02a1 53D306AD 		.ascii	"S\323\006\255Ni'\324\234\"W\201\313QV^\350\362\304\277"
 184      4E6927D4 
 184      9C225781 
 184      CB51565E 
 184      E8F2C4BF 
 185 02b5 CF398E64 		.ascii	"\3179\216d\035S=>U\363\270\335\236\022\265\324\343-"
 185      1D533D3E 
 185      55F3B8DD 
 185      9E12B5D4 
 185      E32D
 186 02c7 F3A9D9B9 		.ascii	"\363\251\331\271\366\034{\245\252\025i\036\2573\257"
 186      F61C7BA5 
 186      AA15691E 
 186      AF33AF
 187 02d6 22CB7D48 		.ascii	"\"\313}H\003\245\"\277\270\334\371_I\212\340\364\277"
 187      03A522BF 
 187      B8DCF95F 
 187      498AE0F4 
 187      BF
 188 02e7 1C775696 		.ascii	"\034wV\226\2519v\307\031\207\352*\321\212\313\013\235"
 188      A93976C7 
 188      1987EA2A 
 188      D18ACB0B 
 188      9D
 189 02f8 AAE6F6B9 		.ascii	"\252\346\366\271|y\3475\215R\244\330\035\271\266\202"
 189      7C79E735 
 189      8D52A4D8 
 189      1DB9B682 
 190 0308 7C9FB3D4 		.ascii	"|\237\263\324\353\312\264e\034\006\311\013f\267\323"
 190      EBCAB465 
 190      1C06C90B 
 190      66B7D3
 191 0317 EDF15E80 		.ascii	"\355\361^\200\337\270i\212Q"
 191      DFB8698A 
 191      51
 192              		.text
 193              		.section	.gnu.lto_.symbol_nodes.8740f86e,"",%progbits
 194 0000 789C6365 		.ascii	"x\234ce`b\250a\000\002\246\035\214\365\014\014\023\316"
 194      6062A861 
 194      0002A61D 
ARM GAS  C:\Users\TUDENT~1\AppData\Local\Temp\cc6OX91P.s 			page 15


 194      8CF50C0C 
 194      13CE
 195 0012 3130D433 		.ascii	"10\32430\356l9\330\340\300\300\300\270\211\261\236\021"
 195      30EE6C39 
 195      D8E0C0C0 
 195      C0B889B1 
 195      9E11
 196 0024 2CC6C0D0 		.ascii	",\306\300\320\260\000$\260\231\261\236\011Y\200i=c="
 196      B00024B0 
 196      99B19E09 
 196      5980693D 
 196      633D
 197 0036 335417C3 		.ascii	"3T\027\303\256\006G\240\310\006\306z\026\024\021\306"
 197      AE0647A0 
 197      C806C67A 
 197      161411C6 
 198 0046 8D8CF5AC 		.ascii	"\215\214\365\2540M c\231\031X\031\226\264\277\221gf"
 198      304D2063 
 198      99195819 
 198      96B4BF91 
 198      6766
 199 0058 616078B4 		.ascii	"a`x\264R\215\001\000\343\"\037%"
 199      528D0100 
 199      E3221F25 
 200              		.text
 201              		.section	.gnu.lto_.refs.8740f86e,"",%progbits
 202 0000 789C6365 		.ascii	"x\234ce`b\340d`\000\222L\214\374LL\002\014\000\001\230"
 202      6062E064 
 202      6000924C 
 202      8CFC4C4C 
 202      020C0001 
 203 0015 0039     		.ascii	"\0009"
 204              		.text
 205              		.section	.gnu.lto_.decls.8740f86e,"",%progbits
 206 0000 789CBD58 		.ascii	"x\234\275XyP\024W\032\237\327o8f\030\216Bv\327TQ\025"
 206      79501457 
 206      1A9FD76F 
 206      3866188E 
 206      4276D754 
 207 0016 CAA24AF6 		.ascii	"\312\242J\366\217\010\304\255$\225\332J\211\250\321"
 207      8F08C4AD 
 207      2495DA4A 
 207      89A8D1
 208 0025 3FDC5843 		.ascii	"?\334XC\264R\265\354Np\230\010\025\01633l\314\037[\333"
 208      B452B5EC 
 208      4E709808 
 208      150E3333 
 208      6CCC1F5B 
 209 003a 082AF144 		.ascii	"\010*\361D<\000\243\202\242\002r\210\"\340\205\"\312"
 209      3C00A382 
 209      A2027288 
 209      22E08522 
 209      CA
 210 004b 21CA2106 		.ascii	"!\312!\006\021D.\021\024\021\021/D\224\375\336{\335"
 210      11442E11 
 210      1411112F 
 210      4494FDDE 
ARM GAS  C:\Users\TUDENT~1\AppData\Local\Temp\cc6OX91P.s 			page 16


 210      7BDD
 211 005d 744F3B24 		.ascii	"tO;$\251\335\255\355\342\233\231\357\365\357\375\276"
 211      A9DDADED 
 211      E29B99EF 
 211      F5EFFDBE 
 212 006d F3BDEE87 		.ascii	"\363\275\356\207\203\212S}=S\245\302j\225*\021\251T"
 212      838A537D 
 212      3D53A5C2 
 212      6A952A11 
 212      A954
 213 007f 9370C14F 		.ascii	"\223p\301OU\201J\272\034A\012A\216\203\024\203\224\200"
 213      55814ABA 
 213      1C410A41 
 213      8E831483 
 213      9480
 214 0091 94815C50 		.ascii	"\224\201\\P\275{\375\0158\334\341{\005\210'\210\027"
 214      BD7BFD0D 
 214      38DCE17B 
 214      05882788 
 214      17
 215 00a2 482DC83D 		.ascii	"H-\310=\220\331 \347@\206AzA\352A\226\203\214\200<\001"
 215      90D920E7 
 215      4086417A 
 215      41EA4196 
 215      838C803C 
 216 00b7 390F320A 		.ascii	"9\0172\012\302\201\334\006\351\226\331~\0112!\330\024"
 216      C281DC06 
 216      E996D97E 
 216      093221D8 
 216      14
 217 00c8 FD505EDF 		.ascii	"\375P^\337\202m\215\302\366=\301\376l\301.\261\205\220"
 217      826D8DC2 
 217      F63DC1FE 
 217      6CC12EB1 
 217      8590
 218 00da 1457898C 		.ascii	"\024W\211\214\033\303\270\003\2103z\227;\026\306t\002"
 218      1BC3B803 
 218      88337A97 
 218      3B16C674 
 218      02
 219 00eb F76C456C 		.ascii	"\367lEl\"\347\327 \177\007\361\005\011C,\207\204\352"
 219      22E7D720 
 219      7F07F105 
 219      09432C87 
 219      84EA
 220 00fd 73F87012 		.ascii	"s\370p\022rf\204\337&\301F\241\314\246\362J\305\250"
 220      726684DF 
 220      26C146A1 
 220      CCA6F24A 
 220      C5A8
 221 010f 74CBE572 		.ascii	"t\313\345r\256\023u \310\007\362\240\243\314s\004_D"
 221      AE137520 
 221      C807F2A0 
 221      A3CC7304 
 221      5F44
 222 0121 A83A295E 		.ascii	"\250:)^\010\321q\030\345\350'\003\322!$\316\020tNP9"
 222      08D17118 
ARM GAS  C:\Users\TUDENT~1\AppData\Local\Temp\cc6OX91P.s 			page 17


 222      E5E82703 
 222      D22124CE 
 222      10744E50 
 223 0136 8192FE09 		.ascii	"\201\222\376\011\223\221\214\221\335f\226\304\213\305"
 223      93918C91 
 223      DD6696C4 
 223      8BC5
 224 0144 84841C52 		.ascii	"\204\204\034Rv6\033q\222\001\204\344\023d\204\314m\341"
 224      76361B71 
 224      920184E4 
 224      136484CC 
 224      6DE1
 225 0156 FE947F2A 		.ascii	"\376\224\177*)8$F\377$\375Z\277\266\013\335!\243\231"
 225      29382446 
 225      FF24FD5A 
 225      BFB60BDD 
 225      21A399
 226 0169 F3101D9B 		.ascii	"\363\020\035\233\330r\276T\2079D~w\275\312Y4'\237g\227"
 226      D872BE54 
 226      8739447E 
 226      77BDCA59 
 226      34279F67 
 227 017e F39FA5B4 		.ascii	"\363\237\245\264UM\276\254p\337\212\221\247\026q\240"
 227      554DBEAC 
 227      70DF8A91 
 227      A71671A0 
 228 018e 368F5CDB 		.ascii	"6\217\\\333\347\002\252\227\026y\200:\026\337rQ;s7\235"
 228      E702AA97 
 228      1679803A 
 228      16DF7251 
 228      3B73379D 
 229 01a2 95C07B70 		.ascii	"\225\300{ph\305\357Q>\362Fy\310\033\214\027 X\012h\245"
 229      68C5EF51 
 229      3EF24679 
 229      C81B8C17 
 229      20580A68 
 230 01b7 9A31AD7B 		.ascii	"\2321\255{\263q\203\353\254L\276\242\233\257x|\371\263"
 230      B37183EB 
 230      AC4CBEA2 
 230      9BAF787C 
 230      F9B3
 231 01c9 9E1315FC 		.ascii	"\236\023\025\374:\230\346H`(\027at\024\315!.\303O\370"
 231      3A98E648 
 231      60281761 
 231      7414CD21 
 231      2EC34FF8 
 232 01dd CC415D08 		.ascii	"\314A]\010e\243N\010\250\020\315\202\351\217\352O\234"
 232      65A34E08 
 232      A810CD82 
 232      E98FEA4F 
 232      9C
 233 01ee 70C7E1D4 		.ascii	"p\307\341\324\333_6[dc\266:\273\355\206\006\314v\363"
 233      DB5F365B 
 233      6463B63A 
 233      BBED8606 
 233      CC76F3
 234 0201 7C456BC6 		.ascii	"|Ek\306\237\336\024\365\361IZ\012B\307$\243\307\210"
ARM GAS  C:\Users\TUDENT~1\AppData\Local\Temp\cc6OX91P.s 			page 18


 234      9FDE14F5 
 234      F1495A0A 
 234      42C724A3 
 234      C788
 235 0213 51F2E338 		.ascii	"Q\362\34385\326\323}x\324\005\237F\324\332\216\375O"
 235      35D6D37D 
 235      78D4059F 
 235      46D4DA8E 
 235      FD4F
 236 0225 EF618161 		.ascii	"\357a\201a\364\237\351|%Gg\237\220f\237\020g\027\323"
 236      F49FE97C 
 236      2547679F 
 236      90669F10 
 236      6717D3
 237 0238 D93955CF 		.ascii	"\3319U\317\016c\\\317f\337\037\331\370G\230\234I\243"
 237      0E635CCF 
 237      66DF1FD9 
 237      F847989C 
 237      49A3
 238 024a 7E7F7702 		.ascii	"~\177w\002\237\003N\373P\206\223\022\303Ie\320%\224"
 238      9F034EFB 
 238      50869312 
 238      C34965D0 
 238      2594
 239 025c A96BE469 		.ascii	"\251k\344i\215\013ncL)\025Y\225\316\002U\363\373\351"
 239      8D0B6E63 
 239      4C291559 
 239      95CE0255 
 239      F3FBE9
 240 026f 7CC55A9E 		.ascii	"|\305Z\236\217g\276\224JL\245J\2462\312\224\231\366"
 240      8F67BE94 
 240      4A4CA54A 
 240      A632CA94 
 240      99F6
 241 0281 E281231E 		.ascii	"\342\201#\036bL\365U7\322\234\360zZz\365\375\013\243"
 241      624CF555 
 241      37D29CF0 
 241      7A5A7AF5 
 241      FD0BA3
 242 0294 1CE48EFC 		.ascii	"\034\344\216\374i\374\366\360\316\350\034\322\250\366"
 242      69FCF6F0 
 242      CEE81CD2 
 242      A8F6
 243 02a2 F0493CEF 		.ascii	"\360I<\357A\177n\340\371\265\374\310\332d\017\340\232"
 243      417F6EE0 
 243      F9B5FCC8 
 243      DA640FE0 
 243      9A
 244 02b3 EB8D02BC 		.ascii	"\353\215\002\274U\250\034\371\321[*t\006\246\235\205"
 244      55A81CF9 
 244      D15B2A74 
 244      06A69D85 
 245 02c3 AC1F115B 		.ascii	"\254\037\021[GEn\240\323BBX\011.\3476\244\350\344\345"
 245      47456EA0 
 245      D3424258 
 245      092EE736 
 245      A4E8E4E5 
ARM GAS  C:\Users\TUDENT~1\AppData\Local\Temp\cc6OX91P.s 			page 19


 246 02d7 2210A95E 		.ascii	"\"\020\251^\347m\352\2256\322t\207\023\262=p\305oB\250"
 246      E76DEA95 
 246      36D27487 
 246      13B23D70 
 246      C56F42A8 
 247 02eb 1780D029 		.ascii	"\027\200\320))\312Sb\306/\320\350\356\324\346\346ah"
 247      29CA5362 
 247      C62FD0E8 
 247      EED4E6E6 
 247      6168
 248 02fd CBD95A44 		.ascii	"\313\331ZDV\206;\014\035\033:\375\312\225\015\021\332"
 248      56863B0C 
 248      1D1B3AFD 
 248      CA950D11 
 248      DA
 249 030e E66DA387 		.ascii	"\346m\243\207\234\360y\326\355\327\023\213\366b\326"
 249      9CF079D6 
 249      EDD7138B 
 249      F662D6
 250 031d D46AB238 		.ascii	"\324j\2628\352\367\334ucM\355\223\212\271\364\272\326"
 250      EAF7DC75 
 250      634DED93 
 250      8AB9F4BA 
 250      D6
 251 032e 4A35F2D3 		.ascii	"J5\362\323\322\230*\032\333>K\037%\025\253FZT)y0[\013"
 251      D2982A1A 
 251      DB3E4B1F 
 251      2515AB46 
 251      5A542979 
 252 0345 9F492437 		.ascii	"\237I$7\311\011\274f\261\012]\206\200.A@\250\012\262"
 252      C909BC66 
 252      B10A5D86 
 252      802E4140 
 252      A80AB2
 253 0358 0356090E 		.ascii	"\003V\011\016]\204\301\012\030\004+\271\207\266\037"
 253      5D84C10A 
 253      18042BB9 
 253      87B61F
 254 0367 74C44598 		.ascii	"t\304E\230x\300U\237\277}K\215\264~v\011\256\330!\020"
 254      78C0559F 
 254      BF7D4B8D 
 254      B47E7609 
 254      AED82110 
 255 037b 9C793CAB 		.ascii	"\234y<\253\032\026\015\207j\301\231\032\311\031\360"
 255      1A160D87 
 255      6AC1991A 
 255      C919F0
 256 038a 8D7CC128 		.ascii	"\215|\301(\030\032N\274\327\355\302\242\233\011j|I\326"
 256      181A4EBC 
 256      D7EDC2A2 
 256      9B096A7C 
 256      49D6
 257 039c 361DDEA5 		.ascii	"6\035\336\245\246\221gt<)p\302{\250\302]l9\220\353\212"
 257      A6916774 
 257      3C2970C2 
 257      7BA8C25D 
 257      6C3990EB 
ARM GAS  C:\Users\TUDENT~1\AppData\Local\Temp\cc6OX91P.s 			page 20


 258 03b1 747E1BA7 		.ascii	"t~\033\247\234 \013i\312\215\006pc\271N0\301\354wm\306"
 258      9C200B69 
 258      CA8D0670 
 258      63B94E30 
 258      C1EC776D 
 259 03c6 F577A121 		.ascii	"\365w\241!\324\250\036\351\3205\311\201\345:V\275\335"
 259      D4A81EE9 
 259      D035C981 
 259      E53A56BD 
 259      DD
 260 03d7 A9476F69 		.ascii	"\251Goip'3&n\026\236l\263x\270\267\275]\207{\330\275"
 260      70273326 
 260      6E169E6C 
 260      B378B8B7 
 260      BD5D877B 
 261 03ed E29A2735 		.ascii	"\342\232'5\032|\237){\316>\253s`@gP\333\232\2126\271"
 261      1A7C9F29 
 261      7BCE3EAB 
 261      73604067 
 261      50DB9A8A 
 262 0403 E121766F 		.ascii	"\341!vo}\326\245W\256\3701Sr\006\273&0\036e\312\353"
 262      7DD6A557 
 262      AEF83153 
 262      7206BB26 
 262      301E65CA 
 263 0418 D355BC33 		.ascii	"\323U\2743~\316\224\354\232\266\032w<\306\024\261\240"
 263      7ECE94EC 
 263      9AB61A77 
 263      3CC614B1 
 263      A0
 264 0429 9EB4A0A8 		.ascii	"\236\264\240\250\360\376\205\275ZV_\03661mG\343\300"
 264      F0FE85BD 
 264      5A565F1E 
 264      36316D47 
 264      E3C0
 265 043b 5B77E44B 		.ascii	"[w\344K/\277\031\276\276\007I\374\2609\370\335j\356"
 265      2FBF19BE 
 265      BE0749FC 
 265      B039F8DD 
 265      6AEE
 266 044d E3F9141D 		.ascii	"\343\371\024\035\015\356*\004\327\213fH\351\250\243"
 266      0DEE2A04 
 266      D78B6648 
 266      E9A8A3
 267 045c CD7A997C 		.ascii	"\315z\231|\252\330\214\312\257`\021&b\012\277\256\204"
 267      AAD88CCA 
 267      AF601126 
 267      620ABFAE 
 267      84
 268 046d 37BD031F 		.ascii	"7\275\003\037\374B\202\267(\3417(<PB\267\313\320\255"
 268      FC4282B7 
 268      28E13728 
 268      3C5042B7 
 268      CBD0AD
 269 0480 4AB4BF02 		.ascii	"J\264\277\002<*\003\377l\237Z\356I\235\314\361F\373"
 269      3C2A03FF 
 269      6C9F5AEE 
ARM GAS  C:\Users\TUDENT~1\AppData\Local\Temp\cc6OX91P.s 			page 21


 269      499DCCF1 
 269      46FB
 270 0492 71527256 		.ascii	"qRrV\364\233\215\036\361<\217\010J%\324\233\\\333\311"
 270      F49B8D1E 
 270      F13C8F08 
 270      4A25D49B 
 270      5CDBC9
 271 04a5 CD649E9F 		.ascii	"\315d\236\237\247V\241v\230\334F&\337\022\330\000\206"
 271      A756A176 
 271      98DC4626 
 271      DF12D800 
 271      86
 272 04b6 7AA07F3A 		.ascii	"z\240\177:\221/\352\003\271\003\322\005r\027\244\003"
 272      912FEA03 
 272      B903D205 
 272      7217A403 
 273 04c6 A41BE436 		.ascii	"\244\033\3446\362\245D\314\247\267\215\236)\011|m\000"
 273      F2A544CC 
 273      A7B78D9E 
 273      29097C6D 
 273      00
 274 04d7 75AAD97E 		.ascii	"u\252\331~6e\021\367\312\"\276i7=,`\322w\251]\255X'"
 274      366511F7 
 274      CA22BE69 
 274      373D2C60 
 274      D277A95D 
 275 04ee 6B723956 		.ascii	"kr9V\205\356!\035\335I\340\033\300eO\366\255\307\332"
 275      85EE211D 
 275      DD49E01B 
 275      C0654FF6 
 275      ADC7DA
 276 0501 241A1B05 		.ascii	"$\032\033\005C\017I\330~\262\316\200\236\356\\\200\256"
 276      430F49D8 
 276      7EB2CE80 
 276      9EEE5C80 
 276      AE
 277 0512 1C2DCAD6 		.ascii	"\034-\312\326\261F\303\262\225\347\305V^\313X\371\270"
 277      B146C3B2 
 277      95E7C556 
 277      5ECB58F9 
 277      B8
 278 0523 0E273AD0 		.ascii	"\016':\320m\266;k\364\241#\362\203]V\013\"\333/\207"
 278      6DB63B6B 
 278      F4A123F2 
 278      835D560B 
 278      22DB2F87 
 279 0537 60293F90 		.ascii	"`)?\220\366K\272\363\216\374\213\014\263\355e\344 \217"
 279      F64BBAF3 
 279      8EFC8B0C 
 279      B3ED65E4 
 279      208F
 280 0549 674E6DBD 		.ascii	"gNm\275\203\220\324!\352\305#\360\352!\270A\266l2\002"
 280      8390D421 
 280      EAC523F0 
 280      EA21B841 
 280      B66C3202 
 281 055d 0693C70A 		.ascii	"\006\223\307\012\326;z&\013\205\361A\224\373>\340\006"
ARM GAS  C:\Users\TUDENT~1\AppData\Local\Temp\cc6OX91P.s 			page 22


 281      D63B7A26 
 281      0B85F141 
 281      94FB3EE0 
 281      06
 282 056e A8F7C3C8 		.ascii	"\250\367\303\310S\214\201*0cc\351\215N\365\264\341>"
 282      538C812A 
 282      306363E9 
 282      8D4EF5B4 
 282      E13E
 283 0580 16C30DA0 		.ascii	"\026\303\015\240\321n~t=M\247\244\227\366\361\021J\377"
 283      D16E7E74 
 283      3D4DA7A4 
 283      97F6F111 
 283      4AFF
 284 0592 98D18F50 		.ascii	"\230\321\217P\372\356\261m\223\356\362\324\223m\\\342"
 284      FAEEB16D 
 284      93EEF2D4 
 284      936D5CE2 
 285 05a2 7F22A4FE 		.ascii	"\177\"\244\376\011M}\327Xk\247N\016.\262\001\217\012"
 285      094D7DD7 
 285      586BA74E 
 285      0E2EB201 
 285      8F0A
 286 05b4 E0510ABE 		.ascii	"\340Q\012\276\331\321\234\246\301?\322\334\242\243\005"
 286      D9D19CA6 
 286      C13FD2DC 
 286      A2A305
 287 05c3 FB8BDCF0 		.ascii	"\373\213\334\360\016\246l\252\274\264\327Q\015om\317"
 287      0EA66CAA 
 287      BCB4D751 
 287      0D6F6DCF 
 288 05d3 685261E4 		.ascii	"hRa\344T\366@\241\253\374\371Sk\343\367\013\233\347"
 288      54F640A1 
 288      ABFCF953 
 288      6BE3F70B 
 288      9BE7
 289 05e5 CFCB1D79 		.ascii	"\317\313\035y-\356\302kJc>\316?\334\265\231\317\214"
 289      2DEEC26B 
 289      4A633ECE 
 289      3FDCB599 
 289      CF8C
 290 05f7 E7E7D572 		.ascii	"\347\347\325r\004\210\236\212{\036z\216\324D\263}\330"
 290      04889E8A 
 290      7B1E7A8E 
 290      D444B37D 
 290      D8
 291 0608 BEA48FA3 		.ascii	"\276\244\217\243\241#\255\036\270o:w*_uy\2509\266]\023"
 291      A123AD1E 
 291      B86F3A77 
 291      2A5F7579 
 291      A839B65D 
 292 061d B3E40959 		.ascii	"\263\344\011Y\224\367\306m\332\027\232\327\324\301q"
 292      94F7C66D 
 292      DA179AD7 
 292      D4C171
 293 062c 2478D8F8 		.ascii	"$x\330\370\350z\241F\360\360f\276g*}\245H>\204\010\016"
 293      E87AA146 
ARM GAS  C:\Users\TUDENT~1\AppData\Local\Temp\cc6OX91P.s 			page 23


 293      F0F066BE 
 293      672A7DA5 
 293      483E8408 
 294 0641 8D4DF9F7 		.ascii	"\215M\371\367\012\374\033S\3727A\375\353{]pF\330\037"
 294      0AFC1B53 
 294      FA3741FD 
 294      EB7B5D70 
 294      46D81F
 295 0654 1D49C8C7 		.ascii	"\035I\310\3072\033\\\247m\202\267b\023\274a=\377l\343"
 295      321B5CA7 
 295      6D82B762 
 295      13BC613D 
 295      FF6CE3
 296 0667 BA97C2C3 		.ascii	"\272\227\302\303\323\211l\311\375{\267\352X\317\177"
 296      D3896CC9 
 296      FD7BB7EA 
 296      58CF7F
 297 0676 02EAEDA6 		.ascii	"\002\352\355\246\374jWe\217\360\2347\232\244d\361\234"
 297      FC6A5765 
 297      8FF09C37 
 297      9AA464F1 
 297      9C
 298 0687 A7484915 		.ascii	"\247HI\025\230q\245\257\240\322\015\017\263l\245\267"
 298      9871A5AF 
 298      A0D20D0F 
 298      B36CA5B7 
 299 0697 3F4C1363 		.ascii	"?L\023ck\315\010\310I\270\312\262\317\232a-7\365\300"
 299      6BCD08C8 
 299      49B8CAB2 
 299      CF9A612D 
 299      37F5C0
 300 06aa 819FB691 		.ascii	"\201\237\266\221%p$\262\356\214\201\035\2568\301\221"
 300      257024B2 
 300      EE8C811D 
 300      AE38C191 
 301 06ba 925D3D9F 		.ascii	"\222]=\237\325\342 \2205\357\303\354\215\351\000{cJ"
 301      D5E22090 
 301      35EFC3EC 
 301      8DE9007B 
 301      634A
 302 06cc 94A81295 		.ascii	"\224\250\022\225T\353(Uk\177e8\336\3468M\021\373\177"
 302      54EB2855 
 302      6B7F6538 
 302      DEE6384D 
 302      11FB7F
 303 06df DA5DE422 		.ascii	"\332]\344\"\265\311\326\334\316\2516!eX/\322\243\015"
 303      B5C9D6DC 
 303      CEA93621 
 303      65582FD2 
 303      A30D
 304 06f1 9C9A68B6 		.ascii	"\234\232h\266\026\222\250\205\374\372\232\016!\223I"
 304      1692A885 
 304      FCFA9A0E 
 304      219349
 305 0700 08F4C907 		.ascii	"\010\364\311\007mY\032\246\217\320\307\330\304\2762"
 305      6D591AA6 
 305      8FD0C7D8 
ARM GAS  C:\Users\TUDENT~1\AppData\Local\Temp\cc6OX91P.s 			page 24


 305      C4BE32
 306 070f 41F702F5 		.ascii	"A\367\002\365MWr\262\023\313t&\201\367\334\031\330\350"
 306      4D5772B2 
 306      13CB7426 
 306      81F7DC19 
 306      D8E8
 307 0721 86F7310F 		.ascii	"\206\3671\017'6\225\247;N[\303\255\234P\303K\254\206"
 307      273695A7 
 307      3B4E5BC3 
 307      AD9C50C3 
 307      4BAC86
 308 0734 AF12CBBA 		.ascii	"\257\022\313\272\221T%5m\305\315P\245M\034\201o\243"
 308      91542535 
 308      6DC5CD50 
 308      A54D1C81 
 308      6FA3
 309 0746 55A29308 		.ascii	"U\242\223\010z\355\331\266\355\302\031\240\233\350%"
 309      7AEDD9B6 
 309      EDC219A0 
 309      9BE825
 310 0755 CDAD2F34 		.ascii	"\315\255/48\233\031\316|\273\375\240\0131\234\000\206"
 310      389B19CE 
 310      7CBBFDA0 
 310      0B319C00 
 310      86
 311 0766 937EF53D 		.ascii	"\223~\365=\006f\374\330\322q\302\306x\012\367\013\306"
 311      0666FCD8 
 311      D271C2C6 
 311      780AF70B 
 311      C6
 312 0777 6FF41F48 		.ascii	"o\364\037H\024\266\330&z\216\353\277R->\314I\026\316"
 312      14B6D826 
 312      7A8EEBBF 
 312      522D3ECC 
 312      4916CE
 313 078a 56375F41 		.ascii	"V7_A8\2379\223\224>\332\344>m\026R\305,\0140G\332\306"
 313      389F3993 
 313      943EDAE4 
 313      3E6D1652 
 313      C52C0C30 
 314 07a1 AADA1D94 		.ascii	"\252\332\035\224Y\330\005\216\260\247M\032u$Ut\244\263"
 314      59D8058E 
 314      B0A74D1A 
 314      75245574 
 314      A4B3
 315 07b3 38BDDF49 		.ascii	"8\275\337I\351\366\264\350MU%\325Bmki\277\274-\256s"
 315      E9F6B4E8 
 315      4D5525D5 
 315      426D6B69 
 315      BFBC2DAE 
 316 07c8 C2C7999B 		.ascii	"\302\307\231\233;R\306\352"
 316      3B52C6EA 
 317 07d0 9C710953 		.ascii	"\234q\011S\312\206\363\312\\\031\262B\256{\011\372\323"
 317      CA86F3CA 
 317      5C19B242 
 317      AE7B09FA 
 317      D3
ARM GAS  C:\Users\TUDENT~1\AppData\Local\Temp\cc6OX91P.s 			page 25


 318 07e1 BC91C38E 		.ascii	"\274\221\303\216\3704\003\357*\337U\342\246ty?8\301"
 318      F83403EF 
 318      2ADF55E2 
 318      A674793F 
 318      38C1
 319 07f3 1EF2999C 		.ascii	"\036\362\231\234\264\005\223\027\237\347O\317h\225."
 319      B4059317 
 319      9FE74FCF 
 319      68952E
 320 0802 4F8B1657 		.ascii	"O\213\026W\262'[\311i\257\016\014\272\342r!\261\371"
 320      B2275BC9 
 320      69AF0E0C 
 320      BAE27221 
 320      B1F9
 321 0814 5B2F61B1 		.ascii	"[/a\261\312\277\376\266J\316k\303\023\307\334p%\233"
 321      CABFFEB6 
 321      4ACE6BC3 
 321      13C7DC70 
 321      259B
 322 0826 7EB6EC5C 		.ascii	"~\266\354\\\265\360\202\027\000j^\376\305\006\027\\"
 322      B5F08217 
 322      006A5EFE 
 322      C506175C 
 323 0836 23746E72 		.ascii	"#tnrF\261\006\3273\345\247\247w\036\010-\357G\266\312"
 323      46B106D7 
 323      33E5A7A7 
 323      771E082D 
 323      EF47B6CA 
 324 084a ACFD291A 		.ascii	"\254\375)\032\334\314\356M&'\245;\341V\246\354l\330"
 324      DCCCEE4D 
 324      2627A53B 
 324      E156A6EC 
 324      6CD8
 325 085c 99E5823B 		.ascii	"\231\345\202;\230\362\372\376\3166\304f\351d\375\352"
 325      98F2FAFE 
 325      CE36C466 
 325      E964FDEA 
 326 086c 25F46BE1 		.ascii	"%\364k\341\213\255\251.\270\227a[\333\022O\013X\027"
 326      8BADA92E 
 326      B897615B 
 326      DB124F0B 
 326      5817
 327 087e F2C8BCDA 		.ascii	"\362\310\274\332\365\325\264\015s\\l\230\"\216\306t"
 327      F5D5B40D 
 327      735C6C98 
 327      228EC674 
 328 088e 6C5D5FAE 		.ascii	"l]_\2563\314\365\206c\006\222\2351\274\331\031\343d"
 328      33CCF586 
 328      6306929D 
 328      31BCD919 
 328      E364
 329 08a0 C5D30235 		.ascii	"\305\323\0025\356\247v\270\322\223}{\264\262S\304\234"
 329      EEA776B8 
 329      D2937D7B 
 329      B4B253C4 
 329      9C
 330 08b1 751BC88B 		.ascii	"u\033\310\213{)T\340\244\264\367xO\235\"l\037\363%\234"
ARM GAS  C:\Users\TUDENT~1\AppData\Local\Temp\cc6OX91P.s 			page 26


 330      7B2954E0 
 330      A4B4F778 
 330      4F9D226C 
 330      1FF3259C 
 331 08c5 1F61A549 		.ascii	"\037a\245I-\206\202\235`\016\344f\344\\v\305#\314B\372"
 331      2D86829D 
 331      600EE466 
 331      E45C76C5 
 331      23CC42FA 
 332 08d9 AE8B27DD 		.ascii	"\256\213'\335$\013\217g\025\323\243\301i\260P&Y(\345"
 332      240B8F67 
 332      15D3A3C1 
 332      69B05026 
 332      5928E5
 333 08ec A63171CA 		.ascii	"\2461q\312\276\211\272\332k[\324\362\015\234\360\025"
 333      BE89BADA 
 333      6B5BD4F2 
 333      0D9CF015 
 334 08fc C2FD02BA 		.ascii	"\302\375\002\272:\317\320\2369.\266yf~\372\220\023\353"
 334      3ACFD09E 
 334      392EB679 
 334      667EFA90 
 334      13EB
 335 090e 8BDFC49E 		.ascii	"\213\337\304\236\225\2360\356 g?\373K\354\345\315\035"
 335      959E30EE 
 335      20673FFB 
 335      4BECE5CD 
 335      1D
 336 091f F3F018AB 		.ascii	"\363\360\030\253\333\363\206\216\036\204'\230\222x\365"
 336      DBF3868E 
 336      1E842798 
 336      9278F5
 337 092e 4AB613E6 		.ascii	"J\266\023\346\235\2502\224[_\353\210\3273\245\257\177"
 337      9DA83294 
 337      5B5FEB88 
 337      D733A5AF 
 337      7F
 338 093f FC14C69B 		.ascii	"\374\024\306\233\230rd\350\340\026\015NfJb\337p\203"
 338      987264E8 
 338      E0160D4E 
 338      664A62DF 
 338      7083
 339 0951 701AD94C 		.ascii	"p\032\331L\212\367z\244\364g\261K\310\251c\360\371\275"
 339      8AF77AA4 
 339      F467B14B 
 339      C8A963F0 
 339      F9BD
 340 0963 4967BC9B 		.ascii	"Ig\274\233\202\3770tr\373a\235pD\360\365\235\341;u\371"
 340      82FF3074 
 340      72FB619D 
 340      7044F0F5 
 340      9DE13B75 
 341 0978 F992F342 		.ascii	"\371\222\363Bb<\034N\037\342\266\372:\236\357\256@\350"
 341      623C1C4E 
 341      1FE2B6FA 
 341      3A9EEFAE 
 341      40E8
ARM GAS  C:\Users\TUDENT~1\AppData\Local\Temp\cc6OX91P.s 			page 27


 342 098a 1CE7898E 		.ascii	"\034\347\211\216A\316\033\270\031S\321\310_\244aF\002"
 342      41CE1BB8 
 342      1953D1C8 
 342      5FA46146 
 342      02
 343 099b BCB346B1 		.ascii	"\274\263F\261w\326C\020\363E\001m\357\235\365 \277\023"
 343      77D64310 
 343      F345016D 
 343      EF9DF520 
 343      BF13
 344 09ad F87B63E2 		.ascii	"\370{c\342):\035\270w\013hq\273A;9\005ws\264\304\235"
 344      293A1DB8 
 344      770B6871 
 344      BB413B39 
 344      057773B4 
 345 09c3 AFE46EB3 		.ascii	"\257\344n\2639\001\020\370\240\014\236\243\204\037\221"
 345      390110F8 
 345      A00C9EA3 
 345      841F91
 346 09d2 93EF24E4 		.ascii	"\223\357$\3441\014M\266\217\275J\364\036\245+\3552\356"
 346      310C4DB6 
 346      8FBD4AF4 
 346      1EA52BED 
 346      32EE
 347 09e4 3C253A57 		.ascii	"<%:W\211\036\224%\245B\211\226\235\212\344\307\215\313"
 347      891E9425 
 347      A5428996 
 347      9D8AE4C7 
 347      8DCB
 348 09f6 90864B94 		.ascii	"\220\206K\224\210\240\311Y\243\015\332\255\221\363E"
 348      88A0C959 
 348      A30DDAAD 
 348      91F345
 349 0a05 3520F520 		.ascii	"5 \365 7A\256\203\334\002\251\006\271\002r\015\244\005"
 349      3741AE83 
 349      DC02A906 
 349      B902720D 
 349      A405
 350 0a17 A40EA415 		.ascii	"\244\016\244\025\244\011\244\003\244\035\344*\310m\220"
 350      A409A403 
 350      A41DE42A 
 350      C86D90
 351 0a26 5A901B20 		.ascii	"Z\220\033 ?\2034s\342\371\204\344\240=J\312A\245\335"
 351      3F833473 
 351      E2F984E4 
 351      A03D4ACA 
 351      41A5DD
 352 0a39 E2C9821A 		.ascii	"\342\311\202\032\227\245\340\260\022|P\231\202qY\012"
 352      97A5E0B0 
 352      127C5099 
 352      8271590A 
 353 0a49 CE2BD14D 		.ascii	"\316+\321M\312.\032\217\221\320UJ\364\2176\245\203\006"
 353      CA2E1A8F 
 353      91D0554A 
 353      F48F36A5 
 353      8306
 354 0a5b 1A14BA68 		.ascii	"\032\024\272h\007t\321v\001->kQ\262\034M6\221Q\001\015"
ARM GAS  C:\Users\TUDENT~1\AppData\Local\Temp\cc6OX91P.s 			page 28


 354      0774D176 
 354      012D3E6B 
 354      51B21C4D 
 354      36915101 
 355 0a70 CF60B445 		.ascii	"\317`\264E\211\336\310)\273\250W\026\346Q\373\225\226"
 355      89DEC829 
 355      BBA85716 
 355      E651FB95 
 355      96
 356 0a81 C3476571 		.ascii	"\303Geq^\260_j\033\270\214=\333~\217\312\341\2252x\271"
 356      5EB05F6A 
 356      1BB88C3D 
 356      DB7E8FCA 
 356      E1953278 
 357 0a96 FD2C3238 		.ascii	"\375,28\333/\033\206<\351\251\026`\362S-\313Z\303\260"
 357      DB2F1B86 
 357      3CE9A916 
 357      60F2532D 
 357      CB5AC3B0 
 358 0aaa 570A4F0E 		.ascii	"W\012O\016\243\007 \021\031\002\231\370\340D\373\224"
 358      A3072011 
 358      190299F8 
 358      E044FB94 
 359 0aba EBA35DB6 		.ascii	"\353\243]\266>~\262\277>l<\225U0\313~wL\035^\033\272"
 359      3E7EB2BF 
 359      3E6C3C95 
 359      5530CB7E 
 359      774C1D5E 
 360 0ad0 7635A871 		.ascii	"v5\250q'\335\225\270\262\326\342]nh\206\237\275\265"
 360      27DD95B8 
 360      B2D6E25D 
 360      6E68869F 
 360      BDB5
 361 0ae2 80BA6009 		.ascii	"\200\272`\011\374?\226\003K_\365cG8\275\242N0xGz\330"
 361      FC3F9603 
 361      4B5FF563 
 361      4738BDA2 
 361      4E307847 
 362 0af8 9064B2FF 		.ascii	"\220d\262\377\003]\353Hp\222\237\345:9\371\231\273\233"
 362      035DEB48 
 362      70929FE5 
 362      3A39F999 
 362      BB9B
 363 0b0a 636739F8 		.ascii	"cg9\370\266w\360+\2609\370\365\010\340\036\012\276\364"
 363      B677F02B 
 363      B039F8F5 
 363      08E01E0A 
 363      BEF4
 364 0b1c E2668113 		.ascii	"\342f\201\023\036`{\372\372\235\271o\035\246\216\013"
 364      1E607BFA 
 364      FA9DB96F 
 364      1DA68E0B 
 365 0b2c BE19B6C7 		.ascii	"\276\031\266\307\205^\311\261^\345\033\370]\372\006"
 365      855EC9B1 
 365      5EE51BF8 
 365      5DFA06
 366 0b3b 7EE4E5D8 		.ascii	"~\344\345\330&7<\316\310\326\275\031\355v\023\217\013"
ARM GAS  C:\Users\TUDENT~1\AppData\Local\Temp\cc6OX91P.s 			page 29


 366      26373CCE 
 366      C8D6BD19 
 366      ED76138F 
 366      0B
 367 0b4c 7B6C8F0B 		.ascii	"{l\217\013}\022U\237\222\352\0367K\365\236au\254\331"
 367      7D12559F 
 367      92EA1E37 
 367      4BF59E61 
 367      75ACD9
 368 0b5f 6A88347F 		.ascii	"j\2104\177g0\255\216\214\212]\025g\232\263:\314l\235"
 368      6730AD8E 
 368      8C8A5D15 
 368      679AB33A 
 368      CC6C9D
 369 0b72 13E0FCF9 		.ascii	"\023\340\374\371_\226\373\004\007\006\252>3~\352\037"
 369      5F96FB04 
 369      0706AA3E 
 369      337EEA1F 
 370 0b82 1C11B932 		.ascii	"\034\021\27122\304\032\027\036\031\313~\177\021\022"
 370      32C41A17 
 370      1E19CB7E 
 370      7F1112
 371 0b91 F8F147FE 		.ascii	"\370\361G\376\261\026\177clttl\214?a\261\370\007\351"
 371      B1167F63 
 371      6C74746C 
 371      8C3F61B1 
 371      F807E9
 372 0ba4 97062F5D 		.ascii	"\227\006/]\343o\2140\306\232M\206\177|\034=\307\250"
 372      E36F8C30 
 372      C69A4D86 
 372      7F7C1C3D 
 372      C7A8
 373 0bb6 FA1DB360 		.ascii	"\372\035\263`\371>\322j\2140|c\216\2156DZ\314\377\025"
 373      F93ED26A 
 373      8C307C63 
 373      8E8D3644 
 373      5ACCFF15 
 374 0bca 69846A06 		.ascii	"i\204j\006#5\255\211\264NQ\272\204\254\0106,\016\213"
 374      2335AD89 
 374      B44E51BA 
 374      84AC0836 
 374      2C0E8B
 375 0bdd 098F3299 		.ascii	"\011\2172\231=\337\015\353=cD\2101b\211e\231\331d\212"
 375      3DDF0DEB 
 375      3D634488 
 375      31628965 
 375      99D9648A 
 376 0bf1 5E6D8D8C 		.ascii	"^m\215\214\215\321\233\276\213\2134\233\302\035\014"
 376      8DD19BBE 
 376      8B8B349B 
 376      C21D0C
 377 0c00 F36363A3 		.ascii	"\363cc\243\002\177\321#\263\325?2\306\030\025\027n\002"
 377      027FD123 
 377      B3D53F32 
 377      C6181517 
 377      6E02
 378 0c12 472CC688 		.ascii	"G,\306\210ppBk0\304E\306X\347~h\260~c\3744\324H&X\350"
ARM GAS  C:\Users\TUDENT~1\AppData\Local\Temp\cc6OX91P.s 			page 30


 378      7070426B 
 378      30C445C6 
 378      58E77E68 
 378      B07E63FC 
 379 0c2c E4502B10 		.ascii	"\344P+\020ZBW\305\304\371\320_>a\346h\037S\364JSx\270"
 379      5A4257C5 
 379      C4F9D05F 
 379      3E61E668 
 379      1F53F44A 
 380 0c43 293CF4A3 		.ascii	")<\364\2439s}>\014\010\374\370\273\300P\030\377 &6\306"
 380      39737D3E 
 380      0C08FCF8 
 380      BBC05018 
 380      FF202636 
 381 0c58 F481296C 		.ascii	"\364\201)led\250`!4:\014\270bL\241\206p\3237aqQV\203"
 381      6564A860 
 381      21343A0C 
 381      B8624CA1 
 381      8670D337 
 382 0c71 F587D526 		.ascii	"\365\207\325&\013Xt\026\355\375\365\177j\317\362\203"
 382      0B587416 
 382      EDFDF57F 
 382      6ACFF283 
 383 0c81 25D460B1 		.ascii	"%\324`\261\206\0039\030Q\257Ym1;\233M\253\000l\260~"
 383      86033918 
 383      51AF596D 
 383      313B9B4D 
 383      AB006CB0 
 384 0c96 FA1F160A 		.ascii	"\372\037\026\012\210\270\325F\307(\263\301\032\021\216"
 384      88B8D546 
 384      C728B3C1 
 384      1A118E
 385 0ca5 CD811F72 		.ascii	"\315\201\037r\346\271\234\031>\0039s\200\213P=\253\321"
 385      E6B99C19 
 385      3E033973 
 385      808B503D 
 385      ABD1
 386 0cb7 BA466D8C 		.ascii	"\272Fm\214\0103k\014\206U&\253aY\3102\327\260\250\357"
 386      08336B0C 
 386      865526AB 
 386      6159C832 
 386      D7B0A8EF 
 387 0ccb C37EB018 		.ascii	"\303~\260\030\"c\242 \005\363\177\213u\340\361\017^"
 387      2263A220 
 387      05F37F8B 
 387      75E0F10F 
 387      5E
 388 0cdc 1AB22444 		.ascii	"\032\262$D*Q\264%\322bXe4\202\027@ma\324^\324j\\LT\254"
 388      2A51B425 
 388      D2625865 
 388      34821740 
 388      6D61D45E 
 389 0cf6 F15BA96B 		.ascii	"\361[\251kd\203\256\014:?(d\3412\375\022\215~a\310B"
 389      6483AE0C 
 389      3A3F2864 
 389      E132FD12 
 389      8D7E61C8 
ARM GAS  C:\Users\TUDENT~1\AppData\Local\Temp\cc6OX91P.s 			page 31


 390 0d0b FD8A850B 		.ascii	"\375\212\205\013\002\324KB\202\364\352\245K\027\351"
 390      02D44B42 
 390      82F4EAA5 
 390      4B17E9
 391 0d1a 71D0023D 		.ascii	"q\320\002=^\000\337\313\026\351\325A\213B\364\352\371"
 391      5E00DFCB 
 391      16E9D541 
 391      8B42F4EA 
 391      F9
 392 0d2b 8B82F40E 		.ascii	"\213\202\364\016p\013\000\013\210\276\230|\004\303\207"
 392      700B000B 
 392      88BE987C 
 392      04C387
 393 0d3a 43C8E2E0 		.ascii	"C\310\342\340\020=\016Y\274L\303\372\344\023\203\325"
 393      103D0E59 
 393      BC4CC3FA 
 393      E41383D5 
 394 0d4a 49F8C6C1 		.ascii	"I\370\306\301\301p'X\357\020\264D\037\254W\257\370\362"
 394      C1702758 
 394      EF10B444 
 394      1FAC57AF 
 394      F8F2
 395 0d5c 0BBD7A09 		.ascii	"\013\275z\011\240\035\202\227-_\262\000>\203\202\365"
 395      A01D8297 
 395      2D5FB200 
 395      3E8382F5 
 396 0d6c 41FF61E8 		.ascii	"A\377a\350d\221\030\243\347\222n\011\011\236o\370\022"
 396      649118A3 
 396      E7926E09 
 396      099E6FF8 
 396      12
 397 0d7d 5AC793C6 		.ascii	"Z\307\223\306h\023\266fj\350\337U\234fK"
 397      6813B666 
 397      6AE8DF55 
 397      9C664B
 398              		.text
 399              		.section	.gnu.lto_.symtab.8740f86e,"",%progbits
 400 0000 5356435F 		.ascii	"SVC_Handler\000"
 400      48616E64 
 400      6C657200 
 401 000c 00       		.ascii	"\000"
 402 000d 00       		.ascii	"\000"
 403 000e 00       		.ascii	"\000"
 404 000f 00000000 		.ascii	"\000\000\000\000\000\000\000\000"
 404      00000000 
 405 0017 B5000000 		.ascii	"\265\000\000\000"
 406 001b 5F706F72 		.ascii	"_port_irq_epilogue\000"
 406      745F6972 
 406      715F6570 
 406      696C6F67 
 406      756500
 407 002e 00       		.ascii	"\000"
 408 002f 00       		.ascii	"\000"
 409 0030 00       		.ascii	"\000"
 410 0031 00000000 		.ascii	"\000\000\000\000\000\000\000\000"
 410      00000000 
 411 0039 B7000000 		.ascii	"\267\000\000\000"
ARM GAS  C:\Users\TUDENT~1\AppData\Local\Temp\cc6OX91P.s 			page 32


 412 003d 5F706F72 		.ascii	"_port_switch_from_isr\000"
 412      745F7377 
 412      69746368 
 412      5F66726F 
 412      6D5F6973 
 413 0053 00       		.ascii	"\000"
 414 0054 02       		.ascii	"\002"
 415 0055 00       		.ascii	"\000"
 416 0056 00000000 		.ascii	"\000\000\000\000\000\000\000\000"
 416      00000000 
 417 005e B1000000 		.ascii	"\261\000\000\000"
 418 0062 5F706F72 		.ascii	"_port_exit_from_isr\000"
 418      745F6578 
 418      69745F66 
 418      726F6D5F 
 418      69737200 
 419 0076 00       		.ascii	"\000"
 420 0077 02       		.ascii	"\002"
 421 0078 00       		.ascii	"\000"
 422 0079 00000000 		.ascii	"\000\000\000\000\000\000\000\000"
 422      00000000 
 423 0081 B3000000 		.ascii	"\263\000\000\000"
 424 0085 63685363 		.ascii	"chSchIsPreemptionRequired\000"
 424      68497350 
 424      7265656D 
 424      7074696F 
 424      6E526571 
 425 009f 00       		.ascii	"\000"
 426 00a0 02       		.ascii	"\002"
 427 00a1 00       		.ascii	"\000"
 428 00a2 00000000 		.ascii	"\000\000\000\000\000\000\000\000"
 428      00000000 
 429 00aa BF000000 		.ascii	"\277\000\000\000"
 430              		.text
 431              		.section	.gnu.lto_.opts,"",%progbits
 432 0000 272D666D 		.ascii	"'-fmath-errno' '-fsigned-zeros' '-ftrapping-math' '"
 432      6174682D 
 432      6572726E 
 432      6F272027 
 432      2D667369 
 433 0033 2D666E6F 		.ascii	"-fno-trapv' '-fno-openmp' '-fno-openacc' '-mcpu=cor"
 433      2D747261 
 433      70762720 
 433      272D666E 
 433      6F2D6F70 
 434 0066 7465782D 		.ascii	"tex-m3' '-mno-thumb-interwork' '-mthumb' '-ggdb' '-"
 434      6D332720 
 434      272D6D6E 
 434      6F2D7468 
 434      756D622D 
 435 0099 4F322720 		.ascii	"O2' '-fomit-frame-pointer' '-falign-functions=16' '"
 435      272D666F 
 435      6D69742D 
 435      6672616D 
 435      652D706F 
 436 00cc 2D666675 		.ascii	"-ffunction-sections' '-fdata-sections' '-fno-common"
 436      6E637469 
ARM GAS  C:\Users\TUDENT~1\AppData\Local\Temp\cc6OX91P.s 			page 33


 436      6F6E2D73 
 436      65637469 
 436      6F6E7327 
 437 00ff 2720272D 		.ascii	"' '-flto'\000"
 437      666C746F 
 437      2700
 438              		.text
 439              		.comm	__gnu_lto_v1,1,1
 440              		.comm	__gnu_lto_slim,1,1
 441              		.ident	"GCC: (GNU Tools for ARM Embedded Processors 6-2017-q1-update) 6.3.1 20170215 (release) [AR
ARM GAS  C:\Users\TUDENT~1\AppData\Local\Temp\cc6OX91P.s 			page 34


DEFINED SYMBOLS
                            *ABS*:00000000 chcore_v7m.c
                            *COM*:00000001 __gnu_lto_v1
                            *COM*:00000001 __gnu_lto_slim

NO UNDEFINED SYMBOLS
