ARM GAS  C:\Users\TUDENT~1\AppData\Local\Temp\ccfqGYe2.s 			page 1


   1              		.cpu cortex-m3
   2              		.eabi_attribute 20, 1
   3              		.eabi_attribute 21, 1
   4              		.eabi_attribute 23, 3
   5              		.eabi_attribute 24, 1
   6              		.eabi_attribute 25, 1
   7              		.eabi_attribute 26, 1
   8              		.eabi_attribute 30, 2
   9              		.eabi_attribute 34, 1
  10              		.eabi_attribute 18, 4
  11              		.file	"chdynamic.c"
  12              		.text
  13              	.Ltext0:
  14              		.section	.gnu.lto_.profile.8740f652,"",%progbits
  15 0000 789C6365 		.ascii	"x\234ce`b`a```d\3100\000\000\001\200\000\245"
  15      60626061 
  15      60606064 
  15      C8300000 
  15      018000A5 
  16              		.text
  17              		.section	.gnu.lto_.icf.8740f652,"",%progbits
  18 0000 789C6365 		.ascii	"x\234ce`b\340e@\000&\206\215\273;+\030\267L\\\367\225"
  18      6062E065 
  18      40002686 
  18      8DBB3B2B 
  18      18B74C5C 
  19 0016 89010026 		.ascii	"\211\001\000&l\005o"
  19      6C056F
  20              		.text
  21              		.section	.gnu.lto_.jmpfuncs.8740f652,"",%progbits
  22 0000 789C6365 		.ascii	"x\234ce`bX\312\200\000L\014l\214``\317X\017\002,\014"
  22      606258CA 
  22      80004C0C 
  22      6C8C6060 
  22      CF580F02 
  23 0016 8C8C1D4C 		.ascii	"\214\214\035L\323\231\031\267\0349\336\306\321\307<"
  23      D39919B7 
  23      1C39DEC6 
  23      D1C73C
  24 0025 9F1928C0 		.ascii	"\237\031(\300\270\234Q\206\201\021(\270\376\315\316"
  24      B89C5186 
  24      811128B8 
  24      FECDCE
  25 0034 9FBC2041 		.ascii	"\237\274 AFF\006\306\025@A\240~\006F\026\0066\246J\006"
  25      464606C6 
  25      154041A0 
  25      7E064616 
  25      0636A64A 
  26 0049 4620A712 		.ascii	"F \247\022H\200\025\316\332\375\345\024+H!\023#\007"
  26      488015CE 
  26      DAFDE514 
  26      2B482113 
  26      2307
  27 005b E34A9042 		.ascii	"\343J\220BFV\2605\362\250\266\034\375\377\375\000?\304"
  27      4656B035 
  27      F2A8B61C 
  27      FDFFFD00 
ARM GAS  C:\Users\TUDENT~1\AppData\Local\Temp\ccfqGYe2.s 			page 2


  27      3FC4
  28 006d 1626C655 		.ascii	"\026&\306U [\220\215e\202\030\313\000\000\206S \273"
  28      205B908D 
  28      658218CB 
  28      00008653 
  28      20BB
  29              		.text
  30              		.section	.gnu.lto_.inline.8740f652,"",%progbits
  31 0000 789C6365 		.ascii	"x\234ce`b\010g@\000&\006\011)#F\006&\211\025[\030\031"
  31      60620867 
  31      40002606 
  31      09292346 
  31      06268915 
  32 0017 D816C833 		.ascii	"\330\026\3103\201\004\231y\200\022\023\374\3004#\003"
  32      81049979 
  32      801213FC 
  32      C0342303 
  33 0027 2B1F5064 		.ascii	"+\037Pd\202\037\220\317\010Q+}\355\024#\003\373-5,j"
  33      821F90CF 
  33      08512B7D 
  33      ED142303 
  33      FB2D352C 
  34 003c C1249007 		.ascii	"\301$\220\007\000\374\215\012\357"
  34      00FC8D0A 
  34      EF
  35              		.text
  36              		.section	.gnu.lto_.pureconst.8740f652,"",%progbits
  37 0000 789C6365 		.ascii	"x\234ce`b`g`\000\222\273\030\031w1\002\000\005\355\001"
  37      60626067 
  37      600092BB 
  37      18197731 
  37      020005ED 
  38 0015 88       		.ascii	"\210"
  39              		.text
  40              		.section	.gnu.lto_chThdCreateFromHeap.8740f652,"",%progbits
  41 0000 789C8D95 		.ascii	"x\234\215\225{LSw\024\307\177\347\376n{\013\005\024"
  41      7B4C5377 
  41      14C77FE7 
  41      FE6E7B0B 
  41      0514
  42 0012 C79C23C6 		.ascii	"\307\234#\306`2\242&\323\353\262\207nYL6\376\321,\304"
  42      6032A226 
  42      D3EBB287 
  42      6E594C36 
  42      FED12CC4 
  43 0026 441693FD 		.ascii	"D\026\223\375e\260t\322\304\332\246\005\037\373\207"
  43      65B074D2 
  43      C4DAA605 
  43      1FFB87
  44 0035 4BC1D798 		.ascii	"K\301\327\230\317\015\204\326\35663N\035C\221\251\223"
  44      CF0D84D6 
  44      EE36334E 
  44      1D4391A9 
  44      93
  45 0046 F158273E 		.ascii	"\361X'>\301\0072p*\310\320\202\016Q2\015\272M\247\354"
  45      C1073270 
  45      2AC8D082 
ARM GAS  C:\Users\TUDENT~1\AppData\Local\Temp\ccfqGYe2.s 			page 3


  45      0E51320D 
  45      BA4DA7EC 
  46 005a 9C5F0B81 		.ascii	"\234_\013\201btM\010\275\367\367\375\236s~\347|~\277"
  46      62744D08 
  46      BDF7F7FD 
  46      9E737EE7 
  46      7C7EBF
  47 006d 1A98C416 		.ascii	"\032\230\304\026\230\030\233\011\214\275\315\030\003"
  47      98189B09 
  47      8CBDCD18 
  47      03
  48 007a 030369EB 		.ascii	"\003\003i\353y\306\362M\222$7r\246\305\362\223\215\214"
  48      79C6F24D 
  48      92243772 
  48      A6C5F293 
  48      8D8C
  49 008c 69711CE4 		.ascii	"iq\034\344\360{\031\200\276h&`y\022\227!\017\266\360"
  49      F07B1980 
  49      BE682660 
  49      79129721 
  49      0FB6F0
  50 009f 1D1C2E16 		.ascii	"\035\034.\026V\356\344\233\271\316\031\310\370x\357"
  50      56EEE49B 
  50      B9CE19C8 
  50      F878EF
  51 00ae 9C379440 		.ascii	"\2347\224@\217\000)\370\350\323Z6*3\366h\232G\013\356"
  51      8F0029F8 
  51      E8D35A36 
  51      2A33F668 
  51      9A470BEE 
  52 00c2 6835FAAA 		.ascii	"h5\372\252\232\265\030\235K\254\014\345{a2\354\201\311"
  52      9AB5189D 
  52      4BAC0CE5 
  52      7B6132EC 
  52      81C9
  53 00d4 947D1FCC 		.ascii	"\224}\037\314@\361\241\376\322\3731\374M`\370\335\273"
  53      40F1A1FE 
  53      D2FB31FC 
  53      4D60F8DD 
  53      BB
  54 00e5 A547374C 		.ascii	"\245G7L\333-\214\003\305\\{M\347\034\276\003>\322\210"
  54      DB2D8C03 
  54      C55C7B4D 
  54      E71CBE03 
  54      3ED288
  55 00f8 AF1894C3 		.ascii	"\257\030\224\3034\224\177\223\337\326\024\317\337\025"
  55      34947F93 
  55      DFD614CF 
  55      DF15
  56 0106 D6F51575 		.ascii	"\326\365\025u\275\011\021k\367\016a\225\341\373h\253"
  56      BD09116B 
  56      F70E6195 
  56      E1FB68AB 
  57 0116 CCA04258 		.ascii	"\314\240BX=7\216\\\002>OX\003m\201U\021g\247wbq\201"
  57      3D378E5C 
  57      023E4F58 
  57      036D8155 
ARM GAS  C:\Users\TUDENT~1\AppData\Local\Temp\ccfqGYe2.s 			page 4


  57      1167A777 
  58 012d 365FE706 		.ascii	"6_\347\006\330\037\355\305f\035\020\336r\317\255\273"
  58      D81FEDC5 
  58      661D10DE 
  58      72CFADBB 
  59 013d 9CA709EF 		.ascii	"\234\247\011\357\3063OBJ\304|6\234\326\010\225\321V"
  59      C6334F42 
  59      4AC47C36 
  59      9CD60895 
  59      D156
  60 014f 238383C2 		.ascii	"#\203\203\302z\366v\315a\023\237/\254\203Gw?4G\2547"
  60      7AF676CD 
  60      61139F2F 
  60      AC834777 
  60      3F3447AC 
  61 0164 BD53BE12 		.ascii	"\275S\276\022y\025\250\2126+\014~\020\346>\255\250\016"
  61      7915A88A 
  61      362B0C7E 
  61      10E63EAD 
  61      A80E
  62 0176 F847C2DC 		.ascii	"\370G\302\334vi\337\307CiKDZ\023\034\212v\232\030\034"
  62      7669DFC7 
  62      43694B44 
  62      5A131C8A 
  62      769A181C 
  63 018a 866924EF 		.ascii	"\206i$\357/\354\3512\207\3475\011\037+k\013\357F\346"
  63      2FECE932 
  63      87E73509 
  63      1F2B6B0B 
  63      EF46E6
  64 019d 15047CBE 		.ascii	"\025\004|\276r\275\266?\226/\024\221+\272;rSwiAM\013"
  64      72BDB63F 
  64      962F1491 
  64      2BBA3B72 
  64      53776941 
  65 01b3 F6FBA66C 		.ascii	"\366\373\246l\327\264\323\232\254\363\0308\032\216\376"
  65      D7B4D39A 
  65      ACF31838 
  65      1A8EFE
  66 01c2 23463F22 		.ascii	"#F?\"\346\307H\035\354\013\225\313|\221p\2066\235\330"
  66      E6C7481D 
  66      EC0B95CB 
  66      7C917086 
  66      369DD8
  67 01d5 22A3958A 		.ascii	"\"\243\225\212z\350\235\260\255 l5\301O\243\013\213"
  67      7AE89DB0 
  67      AD206C35 
  67      C14FA30B 
  67      8B
  68 01e6 588FF7FC 		.ascii	"X\217\367\374\333b\346\213\2055\277\334\2673.b\355\367"
  68      DB62E68B 
  68      8535BFDC 
  68      B7332E62 
  68      EDF7
  69 01f8 260F5925 		.ascii	"&\017Y%\250}\246\365\306\301\247\305\361F\031\352 \025"
  69      A87DA6F5 
  69      C6C1A7C5 
ARM GAS  C:\Users\TUDENT~1\AppData\Local\Temp\ccfqGYe2.s 			page 5


  69      F14619EA 
  69      2015
  70 020a 6AF0AF1A 		.ascii	"j\360\257\032R\011.d\252\036\214\0107\037\271r\240\005"
  70      52092E64 
  70      AA1E8C08 
  70      371FB972 
  70      A005
  71 021c 82DAD3C1 		.ascii	"\202\332\323\301\365\330\345\344\376\201\007\211\311"
  71      F5D8E5E4 
  71      FE810789 
  71      C9
  72 0229 80AD9110 		.ascii	"\200\255\221\020l\204\310\000\304\003v\030\265&\240"
  72      6C84C800 
  72      C4037618 
  72      B526A0
  73 0238 F99A7131 		.ascii	"\371\232q16\036h^\343\200\032\237\010\324\304$F!\031"
  73      361E685E 
  73      E3801A9F 
  73      08D4C424 
  73      462119
  74 024b FB1CB3D0 		.ascii	"\373\034\263\320\201(B\234\361?\357\203u\201\320&\205"
  74      8128429C 
  74      F13FEF83 
  74      7581D026 
  74      85
  75 025c F2FAB982 		.ascii	"\362\372\271\202\245UW\337iW\362\236h&\235\233\3138"
  75      A55557DF 
  75      6957F29E 
  75      68269D9B 
  75      CB38
  76 026e D6023F43 		.ascii	"\326\002?C\036\363s\331\317\015Dx\315@\243\201:\037"
  76      1EF373D9 
  76      CF0D4478 
  76      CD40A381 
  76      3A1F
  77 0280 0726ECFD 		.ascii	"\007&\354\375d\235\307\263\036\360\244\210\302\261\010"
  77      649DC7B3 
  77      1EF0A488 
  77      C2B108
  78 028f 0CC2BAA1 		.ascii	"\014\302\272\241\360j\303y_\\$(\314\012\357\273\010"
  78      F06AC379 
  78      5F5C2428 
  78      CC0AEFBB 
  78      08
  79 02a0 C1C7D3C9 		.ascii	"\301\307\323\311{\301\343\355\255\013\231i\031#n-\371"
  79      7BC1E3ED 
  79      AD0B9969 
  79      19236E2D 
  79      F9
  80 02b1 BA485167 		.ascii	"\272HQg\022\262\270\331R\352\002\203_@\365\343\370Q"
  80      12B2B8D9 
  80      52EA0283 
  80      5F40F5E3 
  80      F851
  81 02c3 5A1213AD 		.ascii	"Z\022\023\255\213\015\353\200t\307H\247\240\256`\347"
  81      8B0DEB80 
  81      74C748A7 
ARM GAS  C:\Users\TUDENT~1\AppData\Local\Temp\ccfqGYe2.s 			page 6


  81      A0AE60E7 
  82 02d3 BA4DD549 		.ascii	"\272M\325I\341\214f|\205\325\012\367\263\022E\002H\024"
  82      E18C667C 
  82      85D50AF7 
  82      B3124502 
  82      4814
  83 02e5 A0810298 		.ascii	"\240\201\002\230I\352\035\223\310\030\326\211\271\034"
  83      49EA1D93 
  83      C818D689 
  83      B91C
  84 02f3 275DFCB3 		.ascii	"']\374\263uJX'\223\356\004\351\306\215\322\015\354\275"
  84      754A5827 
  84      93EE04E9 
  84      C68DD20D 
  84      ECBD
  85 0305 D70EA433 		.ascii	"\327\016\2443\205u\006\322\235$]\"\266N\"\036n\325\256"
  85      857506D2 
  85      9D245D22 
  85      B64E221E 
  85      6ED5AE
  86 0318 6F05FE89 		.ascii	"o\005\376\211@\351p\375\345\322\330\010J\203\276\351"
  86      40E970FD 
  86      E5D2D808 
  86      4A83BEE9 
  87 0328 DE82A62F 		.ascii	"\336\202\246/\264\200g\274\316\023\340\324X\230\340"
  87      B48067BC 
  87      CE13E0D4 
  87      5898E0
  88 0337 34A4D2ED 		.ascii	"4\244\322\355\321\253\325\3114\226\004H\2013\270v\033"
  88      D1ABD5C9 
  88      34960448 
  88      8133B876 
  88      1B
  89 0348 6F88C7C5 		.ascii	"o\210\307\305\225-0L[\241\206\237\340\227G\025\001Y"
  89      952D304C 
  89      5BA1869F 
  89      E0974715 
  89      0159
  90 035a 199758D4 		.ascii	"\031\227X\324RSm\312\022\006\215\264\306\243\327\036"
  90      52536DCA 
  90      12068DB4 
  90      C6A3D71E 
  91 036a FBA6FB38 		.ascii	"\373\246\3738\345b\320D\002y\004\305\014\316\202\021"
  91      E562D044 
  91      027904C5 
  91      0CCE8211 
  92 037a 2B3947E8 		.ascii	"+9G\350\002\333.\321\315\246W\375\035;u\227\244k\245"
  92      02DB2ED1 
  92      CDA657FD 
  92      1D3B7597 
  92      A46BA5
  93 038d 293AF683 		.ascii	"):\366\203\316e\250F3\311\330t8\017S\305)\370\363Nk"
  93      CE65A846 
  93      33C9D874 
  93      380F53C5 
  93      29F8F34E 
  94 03a2 BB846FE0 		.ascii	"\273\204o\340\002\310\242h\006\315\342:\336[\337\320"
ARM GAS  C:\Users\TUDENT~1\AppData\Local\Temp\ccfqGYe2.s 			page 7


  94      02C8A268 
  94      06CDE23A 
  94      DE5BDFD0 
  95 03b2 1337F5DB 		.ascii	"\0237\365\333\210{<i\357\357\257j3\013\367ErC\013\310"
  95      887B3C69 
  95      EFEFAF6A 
  95      330BF745 
  95      72430BC8 
  96 03c6 823BD100 		.ascii	"\202;\321\000\306\372\240\260\253\350Z\003\204\001H"
  96      C6FAA0B0 
  96      ABE85A03 
  96      840148
  97 03d5 1ACD7162 		.ascii	"\032\315qb\031\365\034~E\216q\341\346\266m\0339.\340"
  97      19F51C7E 
  97      458E71E1 
  97      E6B66D1B 
  97      392EE0
  98 03e8 27F00874 		.ascii	"'\360\010t>\201\246B>\006\255\220\247\363\227(n Y\000"
  98      3E81A642 
  98      3E06AD90 
  98      A7F39728 
  98      6E205900 
  99 03fc 5D474027 		.ascii	"]G@'\3214\007\376\350\334\245D\006Z\262\366\330\005"
  99      D13407FE 
  99      E8DCA544 
  99      065AB2F6 
  99      D805
 100 040e 859A2D89 		.ascii	"\205\232-\211\201\375u\252qC\234\016\376|\2128Q\347"
 100      81FD75AA 
 100      71439C0E 
 100      FE7C8A38 
 100      51E7
 101 0420 49688136 		.ascii	"Ih\2016\332\016.\356\356\366\354W\324\012\312\206[y"
 101      DA0E2EEE 
 101      EEF6EC57 
 101      D40ACA86 
 101      5B79
 102 0432 192E810E 		.ascii	"\031.\201\016\245x\237b=\277\201J?\037\307O\2553Q\260"
 102      A5789F62 
 102      3DBF814A 
 102      3F1FC74F 
 102      AD3351B0 
 103 0446 89007019 		.ascii	"\211\000p\031]}\26060\270\231\213\212F\357\343\2252"
 103      5D7DB036 
 103      30B8998B 
 103      8A46EFE3 
 103      9532
 104 0458 32C21571 		.ascii	"2\302\025q\036i\217\007\356T\377\023O\336I\330\370\253"
 104      1E698F07 
 104      EE54FF13 
 104      4FDE49D8 
 104      F8AB
 105 046a 74185F1D 		.ascii	"t\030_\035\"*\212\"\377\013(j\027\024\015o,\001\343"
 105      222A8A22 
 105      FF0B286A 
 105      17140D6F 
 105      2C01E3
ARM GAS  C:\Users\TUDENT~1\AppData\Local\Temp\ccfqGYe2.s 			page 8


 106 047d 753C8FA2 		.ascii	"u<\217\242\346!\212\224Q \\#\020\306`\365\276\215A'"
 106      E6218A94 
 106      51205C23 
 106      10C660F5 
 106      BE8D4127 
 107 0491 894D63B1 		.ascii	"\211Mc\261z\313\317)9\203\337\307b\325%\260\272>\002"
 107      7ACBCF29 
 107      3983DFC7 
 107      62D525B0 
 107      BA3E02
 108 04a4 ABA7FAF5 		.ascii	"\253\247\372\365z\363\0201\035\202\230\033\202\230h"
 108      7AF31031 
 108      1D82981B 
 108      829868
 109 04b3 3C42C378 		.ascii	"<B\303xPpq\371\310\342\276\353\205c\035\202\022\232"
 109      507071F9 
 109      C8E2BEEB 
 109      85631D82 
 109      129A
 110 04c5 3A1ACBBA 		.ascii	":\032\313\272\202\333\015s\217h\033\220\204\030\006"
 110      82DB0D73 
 110      8F681B90 
 110      841806
 111 04d4 DD3097DD 		.ascii	"\3350\227\335\305\016\372\305\365\362\000G\202\203\224"
 111      C50EFAC5 
 111      F5F20047 
 111      828394
 112 04e3 3A9B7D73 		.ascii	":\233}s\261\343\374\352\243f\300\033\024(\022\346\232"
 112      B1E3FCEA 
 112      A366C01B 
 112      142812E6 
 112      9A
 113 04f4 6D794F4D 		.ascii	"myOM\313\266-\265e\344\344f\331\034\341\357\0133\336"
 113      CBB62DB5 
 113      65E4E466 
 113      D91CE1EF 
 113      0B33DE
 114 0507 98F38EEA 		.ascii	"\230\363\216\352p\253\256\034\325\355\262\250\226\354"
 114      70ABAE1C 
 114      D5EDB2A8 
 114      96EC
 115 0515 AC352B32 		.ascii	"\2545+2\3556\313,\0133d[3\235N\331m\373\314*\343;\253"
 115      ED36CB2C 
 115      0B33645B 
 115      339D4ED9 
 115      6DFBCC2A 
 116 052c EC74D91C 		.ascii	"\354t\331\034\222\363S\236\351Z&\345d\361Un\247\224"
 116      92F3539E 
 116      E95A26E5 
 116      64F1556E 
 116      A794
 117 053e E334ACCC 		.ascii	"\3434\254\314\\\236k\235\367\334\340\026\207\335\356"
 117      5C9E6B9D 
 117      F7DCE016 
 117      87DDEE
 118 054d 58A13A1D 		.ascii	"X\241:\035\256\034\267\372\301\242\364\264\364\325\230"
 118      AE1CB7FA 
ARM GAS  C:\Users\TUDENT~1\AppData\Local\Temp\ccfqGYe2.s 			page 9


 118      C1A2F4B4 
 118      F4D598
 119 055c C9E27059 		.ascii	"\311\342pY\227\254\234c\237\225\315>\374?v\353\352\034"
 119      97AC9C63 
 119      9F95CD3E 
 119      FC3F76EB 
 119      EA1C
 120 056e 352D3D63 		.ascii	"5-=cA\206j[aY\236\233eU-v\267\315\275d\231\305\202!"
 120      41866A5B 
 120      61599E9B 
 120      65552D76 
 120      B7CDBD64 
 121 0586 5EB8BD61 		.ascii	"^\270\275aS\266{\215\033\015\343\3233\026\245,\315t"
 121      53B67B8D 
 121      1B0DE3D3 
 121      3316A52C 
 121      CD74
 122 0598 5B715BAF 		.ascii	"[q[\257\247\244\316f\222\213)v\253\335\341Z\303\376"
 122      A7A4CE66 
 122      928B2976 
 122      ABDDE15A 
 122      C3FE
 123 05aa 03EB60F8 		.ascii	"\003\353`\370\310"
 123      C8
 124              		.text
 125              		.section	.gnu.lto_chThdCreateFromMemoryPool.8740f652,"",%progbits
 126 0000 789C8D94 		.ascii	"x\234\215\224kP\224e\024\307\237\363>/\373\256\273 "
 126      6B509465 
 126      14C79FF3 
 126      3E2FFBAE 
 126      BB20
 127 0012 5EC88CA8 		.ascii	"^\310\214\250\301\231\030\265)_\233J\235j\232\212\017"
 127      C19918B5 
 127      295F9B4A 
 127      9D6A9A8A 
 127      0F
 128 0023 5D66A849 		.ascii	"]f\250I\372\322'\007\027\222\235q]f\027\274|\342\021"
 128      FAD22707 
 128      17929D71 
 128      5D6617BC 
 128      7CE211
 129 0036 302F545E 		.ascii	"0/T^\032\220\213\370\356\3500*$\"%\201\\\332D\274\340"
 129      1A908BF8 
 129      EEE8302A 
 129      24222581 
 129      5CDA44BC 
 130 004b 7D135241 		.ascii	"}\023RA\004\227EQt\262\261,K\351\234g\027F\026F\343"
 130      04974551 
 130      74B2B12C 
 130      4BE99C67 
 130      17461646 
 131 0060 C3F2BEEF 		.ascii	"\303\362\276\357\371\377\317s\236s~\317\023\301\024"
 131      F9FFCF73 
 131      9E737ECF 
 131      13C114
 132 006f B6C3CC58 		.ascii	"\266\303\314X\0020\366:c\014\"\030(\233N3\266\332\254"
 132      0230F63A 
ARM GAS  C:\Users\TUDENT~1\AppData\Local\Temp\ccfqGYe2.s 			page 10


 132      630C2218 
 132      289B4E33 
 132      B6DAAC
 133 0082 286A1B67 		.ascii	"(j\033g\302\302\217\2641&\"9\250\301\357*\000=\0103"
 133      C2C28FB4 
 133      31262239 
 133      A8C1EF2A 
 133      003D0833 
 134 0096 B06C85AB 		.ascii	"\260l\205\253\220\015\033\371V\016\347\362\252\267\361"
 134      900D1BF9 
 134      560EE7F2 
 134      AAB7F1
 135 00a5 6FB8C119 		.ascii	"o\270\301\031\250\370z\347T\211\177\"\275\002\304\343"
 135      A8F87AE7 
 135      54897F22 
 135      BD02C4E3 
 136 00b5 6BA9F0AD 		.ascii	"k\251\360\255\327f\357\022\"Gx\267\372,\2455g\305\004"
 136      D766EF12 
 136      224778B7 
 136      FA2CA535 
 136      67C504
 137 00c8 832BAC18 		.ascii	"\203+\254\030\345\273!\016vA\034\255\276\007f\243\370"
 137      E5BB210E 
 137      76411CAD 
 137      BE0766A3 
 137      F8
 138 00d9 7ADD9175 		.ascii	"z\335\221uf\376*0|\356\355\271\363\334\314r\351\353"
 138      66FE2A30 
 138      7CEEEDB9 
 138      F3DCCC72 
 138      E9EB
 139 00eb 2BE4E205 		.ascii	"+\344\342\005\203s\250\000\376\250\017?1\250\204\231"
 139      8373A800 
 139      FEA80F3F 
 139      31A88499 
 140 00fb A8CEB95A 		.ascii	"\250\316\271Z\333\001|\236tz\332=+\206\235\323\213\205"
 140      DB017C9E 
 140      747ADA3D 
 140      2B869DD3 
 140      8B85
 141 010d 5735B0D8 		.ascii	"W5\260\330\357\302\255*\203\275\322Z\231s\355\026\347"
 141      EFC2AD2A 
 141      83BDD25A 
 141      9973ED16 
 141      E7
 142 011e 6F4AEBFA 		.ascii	"oJ\353\372\343\017\374Z\310\333Q\021[\220+>0x\004T\205"
 142      E30FFC5A 
 142      C8DB5111 
 142      5B902B3E 
 142      30780454 
 143 0133 9BB159FB 		.ascii	"\233\261Y\373\244\371\344\215\206\003f\376\2164\017"
 143      A4F9E48D 
 143      860366FE 
 143      8E340F
 144 0142 D595FF69 		.ascii	"\325\225\377i\015\231\273\266\312\222MP\035n51\330/"
 144      0D99BBB6 
 144      CA924D50 
ARM GAS  C:\Users\TUDENT~1\AppData\Local\Temp\ccfqGYe2.s 			page 11


 144      1D6E3531 
 144      D82F
 145 0154 AD37457E 		.ascii	"\2557E~\023\360Dim\357\330\363Y\3109\030*Y\203\232p"
 145      13F04469 
 145      6DEFD8F3 
 145      59C83918 
 145      2A59839A 
 146 0169 ABC6E07B 		.ascii	"\253\306\340{\230I\372\333y\201\036k\260\347\323\361"
 146      9849FADB 
 146      79811E6B 
 146      B0E7D3F1 
 147 0179 B5BA31EF 		.ascii	"\265\2721\357V\250\347^\300\367\213\275\215\267-\374"
 147      56A8E75E 
 147      C0F78BBD 
 147      8DB72DFC 
 148 0189 7D997A6F 		.ascii	"}\231zo_WV\302N\341\025\302{\273\362\371-B\034\023\230"
 148      5F5756C2 
 148      4EE115C2 
 148      7BBBF2F9 
 148      2D421C13 
 149 019e DD0CB5C1 		.ascii	"\335\014\265\301\354\0070\373\017r\006\214\324\336\233"
 149      EC0730FB 
 149      0F72068C 
 149      D4DE9B
 150 01ad FE4A957F 		.ascii	"\376J\225\177$\235\376\257[7\252h\245\252\372+\246l"
 150      249DFEAF 
 150      5B37AA68 
 150      A5AAFA2B 
 150      A66C
 151 01bf CE0D5A35 		.ascii	"\316\015Z5\250\033]X\310z8\360\257\317\312?\226\326"
 151      A81B5D58 
 151      C87A38F0 
 151      AFCFCA3F 
 151      96D6
 152 01d1 D595A5DB 		.ascii	"\325\225\245\333\"C\326\356\212\330a\253\002\007\307"
 152      2243D6EE 
 152      8AD861AB 
 152      0207C7
 153 01e0 B55EDDFF 		.ascii	"\265^\335\377\260 \312\244B\003$@=$\354D\305\217\220"
 153      B020CAA4 
 153      42032440 
 153      3D24EC44 
 153      C58F90
 154 01f3 408C201A 		.ascii	"@\214 \032\215`BF\371p\220\"\373|\340\025\017\207\326"
 154      8D604246 
 154      F9709022 
 154      FB7CE015 
 154      0F87D6
 155 0206 E2905E2C 		.ascii	"\342\220^,i\351\257R\236\005l\217\202\200\"\015\330"
 155      69E9AF52 
 155      9E056C8F 
 155      8280220D 
 155      D8
 156 0217 60946940 		.ascii	"`\224i@\343\265\340\347\011V\374\261D\001M,\032\250"
 156      E3B5E0E7 
 156      0956FCB1 
 156      44014D2C 
ARM GAS  C:\Users\TUDENT~1\AppData\Local\Temp\ccfqGYe2.s 			page 12


 156      1AA8
 157 0229 F99381FA 		.ascii	"\371\223\201\372\030\303(%c\033p\025\342:\037\251\304"
 157      18C32825 
 157      631B7015 
 157      E23A1FA9 
 157      C4
 158 023a FFFC26E4 		.ascii	"\377\374&\344y\374\005\032\255[\306MX]}\375`\247\226"
 158      79FC051A 
 158      AD5BC64D 
 158      585D7DFD 
 158      60A796
 159 024d FD40980D 		.ascii	"\375@\230\015n-\346X\0134A6+\343\270\241H\026\200\234"
 159      6E2DE658 
 159      0B344136 
 159      2BE3B8A1 
 159      4816809C 
 160 0261 785922AE 		.ascii	"xY\"\256\211r\326\007y\227ZNWF\206\3540'\270\311|D\025"
 160      8972D607 
 160      79975A4E 
 160      574686EC 
 160      3027B8C9 
 161 0278 8F131F80 		.ascii	"\217\023\037\200\234\222\201\246\200\225\302\230zS\341"
 161      9C9281A6 
 161      8095C298 
 161      7A53E1
 162 0287 F67C4D7F 		.ascii	"\366|M\177\231\000\305m\025\321~\0314\203^\206\263F"
 162      9900C56D 
 162      15D17E19 
 162      34835E86 
 162      B346
 163 0299 69E18470 		.ascii	"i\341\204p\235%\250\003\322\375D:\023\351\016\016\034"
 163      9D25A803 
 163      D2FD443A 
 163      13E90E0E 
 163      1C
 164 02aa 0B4C0DAE 		.ascii	"\013L\015\256hAu\341\232Cg4\302\201\313a\334;\332\266"
 164      684175E1 
 164      9A436734 
 164      C281CB61 
 164      DC3BDAB6 
 165 02be 2ED280B2 		.ascii	".\322\200\262\325B\210x\203Ga\345\210I\234\354|y_N\225"
 165      D5428878 
 165      834761E5 
 165      88499CEC 
 165      7C795F4E 
 166 02d3 A6EF15C1 		.ascii	"\246\357\025\301\320D\370\031\014(\302F`\372C\240c\356"
 166      D044F819 
 166      0C28C246 
 166      60FA43A0 
 166      63EE
 167 02e5 DC6D5F7E 		.ascii	"\334m_~\036\314l\305\3050\277\254k\274-\204J\2233k\241"
 167      1ECC6CC5 
 167      C530BFAC 
 167      6BBC2D84 
 167      4A93336B 
 168 02fa D2AC242D 		.ascii	"\322\254$-\031\263\205\210\240N%\335a\322E\215\2573"
 168      19B38588 
ARM GAS  C:\Users\TUDENT~1\AppData\Local\Temp\ccfqGYe2.s 			page 13


 168      A04E25DD 
 168      61D2458D 
 168      AF33
 169 030c 057511A4 		.ascii	"\005u\021\244k%]\364(\335\335\335w:\201tZPg\"\335\021"
 169      6B255DF4 
 169      28DDDDDD 
 169      773A8174 
 169      5A506722 
 170 0322 D24DC6A1 		.ascii	"\322M\306\241(\264\271k\215k\317\003\377T6\341@\363"
 170      28B4B96B 
 170      8D6BCF03 
 170      FF5436E1 
 170      40F3
 171 0334 85224B88 		.ascii	"\205\"K\210\310\241\222Y%\271'\276\022\236\234I\006"
 171      C8A19259 
 171      25B927BE 
 171      129E9C49 
 171      06
 172 0345 8F86A363 		.ascii	"\217\206\243c\231\204c\220\200\246\265\003\242I\245"
 172      99846390 
 172      80A6B503 
 172      A249A5
 173 0354 4646433C 		.ascii	"FFC<\034\307\330\015\274h\032\012\252}0\002m\036\265"
 173      1CC7D80D 
 173      BC681A0A 
 173      AA7D3002 
 173      6D1EB5
 174 0367 CEFB6D9D 		.ascii	"\316\373m\235U\202Z\314\025\026\026:\321\020\277\210"
 174      55825ACC 
 174      1516163A 
 174      D110BF88 
 175 0377 411BC578 		.ascii	"A\033\305xx\354\237\222Y\245\234\326bp\202\004\352#"
 175      78EC9F92 
 175      59A59CD6 
 175      62708204 
 175      EA23
 176 0389 8781C149 		.ascii	"\207\201\301I\300=\301)\302\037\330\006\005C;\214\232"
 176      C03DC129 
 176      C21FD806 
 176      05433B8C 
 176      9A
 177 039a BF2C334A 		.ascii	"\277,3J\025C\024\341\264&\311\343\355o\020f\025\007"
 177      154314E1 
 177      B426C9E3 
 177      ED6F1066 
 177      1507
 178 03ac 06A76186 		.ascii	"\006\247a\206\034\351o\203\347;\025\374\002g@\225E3"
 178      1CE96F83 
 178      E73B15FC 
 178      02674095 
 178      4533
 179 03be 382B6FE6 		.ascii	"8+o\346\335\315-\201\310\031\333C\356\311\244\375\275"
 179      DDCD2D81 
 179      C819DB43 
 179      EEC9A4FD 
 179      BD
 180 03cf AAA6DD2A 		.ascii	"\252\246\335*\335\347\310\015>P%\321\262\001\214\341"
ARM GAS  C:\Users\TUDENT~1\AppData\Local\Temp\ccfqGYe2.s 			page 14


 180      DDE7C80D 
 180      3E5025D1 
 180      B2018CE1 
 181 03df 51E8C9BF 		.ascii	"Q\350\311\277\334\012A\000bF\237\205)\3054\033\370\005"
 181      DC0A4100 
 181      62469F85 
 181      29C5341B 
 181      F805
 182 03f1 CF0206FA 		.ascii	"\317\002\006\3727o^\3171\200\177\236\373`\360\2514\025"
 182      376F5ECF 
 182      31807F9E 
 182      FB60F0A9 
 182      3415
 183 0403 F231380F 		.ascii	"\36218\017\331\006\217\241\274\236XyT\032\350\250\304"
 183      D9068FA1 
 183      BC9E5879 
 183      541AE8A8 
 183      C4
 184 0414 D034EF5E 		.ascii	"\3204\357^\357.\327B\003\035\241V\031C\255g\232\301"
 184      EF2ED742 
 184      031DA156 
 184      1943AD67 
 184      9AC1
 185 0426 9F420BB4 		.ascii	"\237B\013\264\217\213\3554\350\220\330j4\271_AGA\353"
 185      8F8BED34 
 185      E890D86A 
 185      34B95F41 
 185      4741EB
 186 0439 D03D6F34 		.ascii	"\320=o4%{\032\024\270\200.y\360\256\214,\366\330\354"
 186      257B1A14 
 186      B8802E79 
 186      F0AE8C2C 
 186      F6D8EC
 187 044c 979BFCB5 		.ascii	"\227\233\374\265|$\273\006\027ev3e\277D\200\251\330"
 187      7C24BB06 
 187      17657633 
 187      65BF4480 
 187      A9D8
 188 045e 98359E9D 		.ascii	"\2305\236\235\250\244\375\215\356\312\364b\"\021:\345"
 188      A8A4FD8D 
 188      EECAF462 
 188      22113AE5 
 189 046e 0D411DDB 		.ascii	"\015A\035\3337X\377w\024U\362\014\216\261\013\342\014"
 189      3758FF77 
 189      1455F20C 
 189      8EB10BE2 
 189      0C
 190 047f 1E3BCC67 		.ascii	"\036;\314g\030\223eO`\362\262dr\244M\321\230\257\373"
 190      1893654F 
 190      60F2B264 
 190      72A44DD1 
 190      98AFFB
 191 0492 714CFA86 		.ascii	"qL\372\206\231\324Fau\205\260\032\003\351[v\006=$6\217"
 191      99D44661 
 191      7585B01A 
 191      03E95B76 
 191      063D2436 
ARM GAS  C:\Users\TUDENT~1\AppData\Local\Temp\ccfqGYe2.s 			page 15


 192 04a7 85F4B532 		.ascii	"\205\364\2652N\2133\350\035\013\351U\011\251\377\021"
 192      4E8B33E8 
 192      1D0BE955 
 192      09A9FF11 
 193 04b7 481F1ABD 		.ascii	"H\037\032\275\315\326a\376\272%\177}\222\277p\330\002"
 193      CDD661FE 
 193      BA257F7D 
 193      92BF70D8 
 193      02
 194 04c8 23B05172 		.ascii	"#\260QryI\252\362\006\036\200C]\2229b\010\215\305=\336"
 194      7949AAF2 
 194      061E8043 
 194      5D923962 
 194      088DC53D 
 195 04dd 2D110B6A 		.ascii	"-\021\013j\305:\344\312\314\240\037\026\260[\330\301"
 195      C53AE4CA 
 195      CCA01F16 
 195      B05BD8C1 
 196 04ed 32790DFE 		.ascii	"2y\015\376\001@\203S\272\317V.\300\216\363\373\007\317"
 196      01408353 
 196      BACF562E 
 196      C08EF3FB 
 196      07CF
 197 04ff 612118C2 		.ascii	"a!\030\302L\270\326\\\333\033zb\272}\261=93+\325\356"
 197      4CB8D65C 
 197      DB1B7A62 
 197      BA7DB13D 
 197      39332BD5 
 198 0514 0C3E7F92 		.ascii	"\014>\177\222\374\312\374y\272\323\255\2732u\267\313"
 198      FCCAFC79 
 198      BAD3ADBB 
 198      3275B7CB 
 199 0524 A6DBD253 		.ascii	"\246\333\322SW-Kq\330mslLqd\250\370\234\246f\270\354"
 199      572D4B71 
 199      D86D736C 
 199      4C7164A8 
 199      F89CA666 
 200 053a 4E25E30B 		.ascii	"N%\343\013\236\342Z\242d\246\362\025\356\014%3#by\312"
 200      9EE25AA2 
 200      64A6F215 
 200      EE0C2533 
 200      236279CA 
 201 054e D2ACB4B7 		.ascii	"\322\254\264\267\037\233\324\346t8\234\313\364\014\247"
 201      1F9BD4E6 
 201      74389CCB 
 201      F40CA7
 202 055d 2BD3ADBF 		.ascii	"+\323\255\277\2730)1i%\256`s\272\322\026-\237\357\230"
 202      BB302931 
 202      6925AE60 
 202      73BAD216 
 202      2D9FEF98 
 203 0571 93CEDEFB 		.ascii	"\223\316\336\373?\366\264\225\231zbR\362\207\311\272"
 203      3FF6B495 
 203      997A6252 
 203      F287C9BA 
 204 0581 7D996D69 		.ascii	"}\231miVj\232ns\270\355\356EKl6L\361\304m\215\230\322"
 204      566A9A6E 
ARM GAS  C:\Users\TUDENT~1\AppData\Local\Temp\ccfqGYe2.s 			page 16


 204      73B8EDEE 
 204      454B6C36 
 204      4CF1C46D 
 205 0598 DDABDC68 		.ascii	"\335\253\334h\230\224\224\2740~q\212;\015\267\365R|"
 205      989494BC 
 205      307E718A 
 205      3B0DB7F5 
 205      527C
 206 05aa C25CA6B8 		.ascii	"\302\\\246\270\230\346Hs8]\253\330\177B\352\025r"
 206      98E64873 
 206      385DABD8 
 206      7F42EA15 
 206      72
 207              		.text
 208              		.section	.gnu.lto_.symbol_nodes.8740f652,"",%progbits
 209 0000 789C55CE 		.ascii	"x\234U\316!\022\302@\020\004\300\231\335\3347x\013y"
 209      2112C240 
 209      1004C099 
 209      DDDC3778 
 209      0B79
 210 0012 D99E4B15 		.ascii	"\331\236K\025\012\215>\037\002\025\023\215\346\015\021"
 210      0A8D3E1F 
 210      0215138D 
 210      E60D11
 211 0021 F78DA418 		.ascii	"\367\215\244\030\202\341\326\314T\217\331\004\303\015"
 211      82E1D6CC 
 211      548FD904 
 211      C30D
 212 002f 3A1B19C0 		.ascii	":\033\031\300\365\015(\226\334K\356\0146\302'\303\016"
 212      F50D2896 
 212      DC4BEE0C 
 212      36C227C3 
 212      0E
 213 0040 01723E0B 		.ascii	"\001r>\013\036\014o`bt\015\314\214\364\017\216\016e"
 213      1E0C6F60 
 213      62740DCC 
 213      8CF40F8E 
 213      0E65
 214 0052 DDE96AAF 		.ascii	"\335\351j\257a;\271\036(\027%\323\317\265\324\257\323"
 214      613BB91E 
 214      281725D3 
 214      CFB5D4AF 
 214      D3
 215 0063 50E5F800 		.ascii	"P\345\370\000\245\336'\367"
 215      A5DE27F7 
 216              		.text
 217              		.section	.gnu.lto_.refs.8740f652,"",%progbits
 218 0000 789C6365 		.ascii	"x\234ce`b`d\000\002\000\000I\000\011"
 218      60626064 
 218      00020000 
 218      490009
 219              		.text
 220              		.section	.gnu.lto_.decls.8740f652,"",%progbits
 221 0000 789CB53A 		.ascii	"x\234\265:iTT\351\225\365\325W\033E\001\006\235\214"
 221      695454E9 
 221      95F5D557 
 221      1B450106 
ARM GAS  C:\Users\TUDENT~1\AppData\Local\Temp\ccfqGYe2.s 			page 17


 221      9D8C
 222 0012 DD61CE78 		.ascii	"\335a\316x\372\230\011'\213Jz\3132\223t\3073I\372\314"
 222      FA980927 
 222      8B4A7ACB 
 222      329374C7 
 222      3349FACC 
 223 0026 743A27A6 		.ascii	"t:'\246g~\2143u\260(\2054[\252\212V\347O\036\253\010"
 223      677E8C33 
 223      75B02885 
 223      345BAA8A 
 223      56E74F1E 
 224 003c 82B2A8AC 		.ascii	"\202\262\250\254\202(\312\252\250\270\243\002*\"*(\250"
 224      8228CAAA 
 224      A8B8A302 
 224      2A222A28 
 224      A8
 225 004d B8209B0A 		.ascii	"\270 \233\012\312\252\240\262\011\314\375\226\252\367"
 225      CAAAA0B2 
 225      09CCFD96 
 225      AAF7
 226 005b AAA8B231 		.ascii	"\252\250\2621'\303\341\326{\367{\367\273\373\275\337"
 226      27C3E1D6 
 226      7BF77BF7 
 226      BBFBBDDF 
 227 006b F716A54C 		.ascii	"\367\026\245L.[\277B&\373\007\215L\366\004\311d\263"
 227      2E5BBF42 
 227      26FB078D 
 227      4CF604C9 
 227      64B3
 228 007d F0876532 		.ascii	"\360\207e2Y9\0009\372\000\250\000\276\220\261?r~\021"
 228      59390039 
 228      FA00A800 
 228      BE90B13F 
 228      727E11
 229 0090 E8DA00BA 		.ascii	"\350\332\000\272\000\306\000\246\001\220\\6\347/\021"
 229      00C600A6 
 229      01905C36 
 229      E72F11
 230 009f 18BC0B47 		.ascii	"\030\274\013Go\200E\000\033\200\356\020@\023\234_\006"
 230      6F804500 
 230      1B80EE10 
 230      40139C5F 
 230      06
 231 00b0 A806A804 		.ascii	"\250\006\250\004\370\022\3409\214\177\002 \2273Y\257"
 231      F812E039 
 231      8C7F0220 
 231      973359AF 
 232 00c0 E1FC0C1C 		.ascii	"\341\374\014\034\025\200\273\001h\001\334\001^\301\370"
 232      1580BB01 
 232      6801DC01 
 232      5EC1F8
 233 00cf 46809F22 		.ascii	"F\200\237\"\246\233N\316t\352\004\\\015\307a8>E\314"
 233      A69B4ECE 
 233      74EA045C 
 233      0DC76138 
 233      3E45CC
 234 00e2 963E8041 		.ascii	"\226>\200A\200\001\200\\\0007\256;\321\327\013\346}"
ARM GAS  C:\Users\TUDENT~1\AppData\Local\Temp\ccfqGYe2.s 			page 18


 234      8001805C 
 234      0037AE3B 
 234      D1D70BE6 
 234      7D
 235 00f3 0BE0EFE5 		.ascii	"\013\340\357\345\314\006b\313;p\376\035'v\234\004;\276"
 235      CC0662CB 
 235      3B70FE1D 
 235      27769C04 
 235      3BBE
 236 0105 E360C75D 		.ascii	"\343`\307]\344\334\006\242;\261\303\207\360\001h\345"
 236      E4DC06A2 
 236      3BB1C387 
 236      F00168E5 
 237 0115 F6BEAD2D 		.ascii	"\366\276\255-n\022[n\271\260'\214\323\265q\377\277\311"
 237      6E125B6E 
 237      B9B0278C 
 237      D3B571FF 
 237      BFC9
 238 0127 2638957D 		.ascii	"&8\225}\327\301\266\235\030\035K\272pF\336\216\332\310"
 238      D7C1B69D 
 238      181D4BBA 
 238      7046DE8E 
 238      DAC8
 239 0139 74B4808E 		.ascii	"t\264\200\216\"\304~\021\005\212\316Z\377\020\242\343"
 239      22C47E11 
 239      058ACE5A 
 239      FF10A2E3 
 240 0149 541C624C 		.ascii	"T\034bL\255C\310:\203\343r\216\3129K\372\317'#\011G"
 240      AD43C83A 
 240      83E3728E 
 240      CA394BFA 
 240      CF272309 
 241 015e 769949B2 		.ascii	"v\231I\262\376\311\0309\323DF\271\263\331H.\012@H:A"
 241      FEC91839 
 241      D34446B9 
 241      B3D9482E 
 241      0A40483A 
 242 0173 C290A9CD 		.ascii	"\302\220\251\315\257\333\364\223\211\306!\253\365\317"
 242      AFDBF493 
 242      89C621AB 
 242      F5CF
 243 0181 33AFF668 		.ascii	"3\257\366h;\320\0032\232O\242\006cycESj,G\344\274c\242"
 243      3BD00332 
 243      9A4FA206 
 243      63796345 
 243      536A2C47 
 244 0199 E8D7CBCA 		.ascii	"\350\327\313\312\004\366\247Y&\272\355@\331T\205\226"
 244      04F6A759 
 244      26BAED40 
 244      D9548596 
 245 01a9 84137DA9 		.ascii	"\204\023}\251Ck\024d\350FLE\016N\306\310[\213\024\204"
 245      436B1464 
 245      E8464C45 
 245      0E4EC6C8 
 245      5B8B1484 
 246 01bd F5B5AC87 		.ascii	"\365\265\254\207\236\200.\322\242%\316'\\\234\035\253"
 246      9E802ED2 
ARM GAS  C:\Users\TUDENT~1\AppData\Local\Temp\ccfqGYe2.s 			page 19


 246      A225CE27 
 246      5C9C1DAB 
 247 01cd F66213E4 		.ascii	"\366b\023\344\2006?\273\232\353\316&,\000t\340\310\325"
 247      80363FBB 
 247      9AEBCE26 
 247      2C0074E0 
 247      C8D5
 248 01df 42BC7807 		.ascii	"B\274x\007\225\034-,\220\243\377\3706\252@>\350 \202"
 248      951C2D2C 
 248      90A3FFF8 
 248      36AA403E 
 248      E82082
 249 01f2 4C4187D0 		.ascii	"LA\207\320b\370=\200\024L\235\312\203Ws\265\272\004"
 249      62F83D80 
 249      144C9DCA 
 249      835773B5 
 249      BA04
 250 0204 418812B6 		.ascii	"A\210\022\266E\013n\277%\327Q9P\227Q\352\303H\207J\320"
 250      450B6EBF 
 250      25D75139 
 250      509751EA 
 250      C348874A 
 251 0219 32467BB0 		.ascii	"2F{\260v\357\200\006\377#\261O~\376zC\223;\322\371\272"
 251      76EF8006 
 251      FF23B14F 
 251      7EFE7A43 
 251      933BD2F9 
 252 022e 98898E22 		.ascii	"\230\211\216\"_\311\344}D\227\352\331\230\367\"c\005"
 252      5FC9E47D 
 252      4497EAD9 
 252      98F72263 
 252      05
 253 023f 418E2AE1 		.ascii	"A\216*\341\302\021\204\371EB\307\005\214\346\216*\250"
 253      C21184F9 
 253      4542C705 
 253      8CE68E2A 
 253      A8
 254 0250 A984A214 		.ascii	"\251\204\242\024Qc\037\324\027\227\022\357|O\213H\220"
 254      51631FD4 
 254      179712EF 
 254      7C4F8B48 
 254      90
 255 0261 BC08DDC0 		.ascii	"\274\010\335\300\311\011\0176D(\232\267\216\354U\343"
 255      C9090F36 
 255      44289AB7 
 255      8EEC55E3 
 256 0271 D554AFCC 		.ascii	"\325T\257\314\206\326Z\005\362\325r\2119\277\310\034"
 256      86D65A05 
 256      F2D57289 
 256      39BFC81C 
 257 0281 118425E8 		.ascii	"\021\204%\3504\322\242\223\242\304\357i\3417\336\246"
 257      34D2A293 
 257      A2C4EF69 
 257      E137DEA6 
 258 0291 BA4CD4FB 		.ascii	"\272L\324\373\024\350\015l\011\035:\001\203\307a\020"
 258      14E80D6C 
 258      091D3A01 
ARM GAS  C:\Users\TUDENT~1\AppData\Local\Temp\ccfqGYe2.s 			page 20


 258      83C76110 
 259 02a1 4414EF4D 		.ascii	"D\024\357M)P\341FDe\324\235\275\177G\201\264\276N\031"
 259      2950E146 
 259      4465D49D 
 259      BD7F4781 
 259      B4BE4E19 
 260 02b5 9C75C280 		.ascii	"\234u\302\200+s\352\275:j\376\031P\246JT\006tc\346\013"
 260      2B73EABD 
 260      3A6AFE19 
 260      50A64A54 
 260      067463E6 
 261 02ca E953791E 		.ascii	"\351Sy\036\370\010M \271\360\370\342c\271+!5.\205t4"
 261      F8084D20 
 261      B9F0F8E2 
 261      63B92B21 
 261      352E8574 
 262 02df 2DC99824 		.ascii	"-\311\230$\026W\203\220s\242\2203V!\325\347.m\321Q\037"
 262      16578390 
 262      73A29033 
 262      5621D5E7 
 262      2E6DD151 
 263 02f4 138A63CC 		.ascii	"\023\212c\314\307\267\306\317L\352p,&\222\025\235{F"
 263      C7B7C6CF 
 263      4CEA702C 
 263      2692159D 
 263      7B46
 264 0306 FA55C8D7 		.ascii	"\372U\310\327\007!-\300>k\016\313P\035L8\217\260\265"
 264      07212DC0 
 264      3E6B0ECB 
 264      501D4C38 
 264      8FB0B5
 265 0319 076409A0 		.ascii	"\007d\011\240\333\263\277\220a\346\313g\005\002^,C\357"
 265      DBB3BF90 
 265      61E6CB67 
 265      05025E2C 
 265      43EF
 266 032b FBA015A0 		.ascii	"\373\240\025\240\343\005\320\221\\\222\241K\240\341"
 266      E305D091 
 266      5C92A14B 
 266      A0E1
 267 0339 45D0304B 		.ascii	"E\3200K\320\320\021\020\270\355\332\356l7-\237\025\377"
 267      D0D01110 
 267      B8EDDAEE 
 267      6C372D9F 
 267      15FF
 268 034b C65940FD 		.ascii	"\306Y@\375l\264\355\246\\\232\244\365\240\211\230\244"
 268      6CB4EDA6 
 268      5C9AA4F5 
 268      A08998A4 
 269 035b 9769FE10 		.ascii	"\227i\376\020\302\256\204\356\247Jj\034\214\241Z\373"
 269      C2AE84EE 
 269      A74A6A1C 
 269      8CA15AFB 
 270 036b 04FA626E 		.ascii	"\004\372bn\002}\301\022h\357\304\360q\035N\240\346\313"
 270      027DC112 
 270      68EFC4F0 
 270      711D4EA0 
ARM GAS  C:\Users\TUDENT~1\AppData\Local\Temp\ccfqGYe2.s 			page 21


 270      E6CB
 271 037d 6F9C19EC 		.ascii	"o\234\031\354\322\3302\250\251\357\275\323\355\304\237"
 271      D2D832A8 
 271      A9EFBDD3 
 271      EDC49F
 272 038c 4D20F29A 		.ascii	"M \362\232\350\317/\\fP#X\360\005\217\315U\030\274\302"
 272      E8CF2F5C 
 272      66502358 
 272      F0058FCD 
 272      5518BCC2 
 273 03a0 6CB87428 		.ascii	"l\270t(\272\211\2251\341\324\300T\263V\2567\253\334"
 273      BA899531 
 273      E1D4C054 
 273      B356AE37 
 273      ABDC
 274 03b2 633D97EB 		.ascii	"c=\227\353\264\254\220\005\004x\326\351\027\015JvY\003"
 274      B4AC9005 
 274      0478D6E9 
 274      170D4A76 
 274      5903
 275 03c4 E8F1A1D2 		.ascii	"\350\361\241\322\343\036\354r5\231}rT\250\364\300\257"
 275      E31EEC72 
 275      35997D72 
 275      54A8F4C0 
 275      AF
 276 03d5 A8DAE8C2 		.ascii	"\250\332\350\302\213\216}:<\315\220\221\366\242\022"
 276      8B8E7D3A 
 276      3CCD9091 
 276      F6A212
 277 03e4 371CA5A0 		.ascii	"7\034\245\240\310\266\266\211*w\034\317\221\251\351"
 277      C8B6B689 
 277      2A771CCF 
 277      91A9E9
 278 03f3 4E354E62 		.ascii	"N5Nb\310`a\343a7`\350\253E\177\221x\305\227y%'\245{"
 278      C86061E3 
 278      613760E8 
 278      AB457F91 
 278      78C59779 
 279 040b A71B4EA3 		.ascii	"\247\033N\243\244\362]\003w\242=$u\365O\271\264\256"
 279      A4F25D03 
 279      77A23D24 
 279      75F54FB9 
 279      B4AE
 280 041d DAC19636 		.ascii	"\332\301\2266\321+\2766\257\344G\013\337\212\364\223"
 280      D12BBE36 
 280      AFE4470B 
 280      DF8AF493 
 281 042d A19BE081 		.ascii	"\241\233\340\201\026\342\226\007\340\026_\356\226\373"
 281      16E29607 
 281      E0165FEE 
 281      96FB
 282 043b 30788FB9 		.ascii	"0x\217\271eSL\321Vw\274\213\011\271x?\356kQ\306\251"
 282      65534CD1 
 282      5677BC8B 
 282      09B9783F 
 282      EE6B51C6 
 283 0450 1F5FA2E5 		.ascii	"\037_\242\345\322\0052:D\031\355\310\265\220N\347B\332"
ARM GAS  C:\Users\TUDENT~1\AppData\Local\Temp\ccfqGYe2.s 			page 22


 283      D205323A 
 283      4419EDC8 
 283      B5904EE7 
 283      42DA
 284 0462 0FDEBFA0 		.ascii	"\017\336\277\240\300\373\231\220\346\235q\303J\233\224"
 284      C0FB9990 
 284      E69D71C3 
 284      4A9B94
 285 0471 D664FCE0 		.ascii	"\326d\374\340<d\226\002=\0021\335\242\230\2567\210y"
 285      3C649602 
 285      3D0231DD 
 285      A298AE37 
 285      8879
 286 0483 E85C4C61 		.ascii	"\350\\La\334\255^O<\310|[V\233\331\340\216'\030R\020"
 286      DCAD5E4F 
 286      3CC87C5B 
 286      569BD9E0 
 286      8E271852 
 287 0498 79EB8A07 		.ascii	"y\353\212\007\236aH\307T\373Q\214\243\225\024)\231y"
 287      9E6148C7 
 287      54FB518C 
 287      A3951429 
 287      9979
 288 04aa D1E085E3 		.ascii	"\321\340\205\343\031r\177W\335S\035\336\301\020\261"
 288      19727F57 
 288      DD531DDE 
 288      C110B1
 289 04b9 EF4336B1 		.ascii	"\357C6\261\276\377\350YF\277\207-\207\372Y\016\335,"
 289      BEFFE859 
 289      46BF872D 
 289      87FA590E 
 289      DD2C
 290 04cb BFB84F29 		.ascii	"\277\270O)m\367\260L\210\355~\220\266\373\001k\273?"
 290      6DF7B04C 
 290      88ED7E90 
 290      B6FB016B 
 290      BB3F
 291 04dd 7A352F5B 		.ascii	"z5/[)\255\244A\273v?$m\367G\332\223\317{\340<\252\215"
 291      29ADA441 
 291      BB763F24 
 291      6DF747DA 
 291      93CF7BE0 
 292 04f4 7CF393EE 		.ascii	"|\363\223\356\307\310\276\337K\247\242\347\340\222!"
 292      C7C8BEDF 
 292      4BA7A2E7 
 292      E09221
 293 0503 877EDF5B 		.ascii	"\207~\337[\216\267\356\241\276}\006W\206E\337\016Y\033"
 293      8EB7EEA1 
 293      BE7D0657 
 293      8645DF0E 
 293      591B
 294 0515 7EFA8E3B 		.ascii	"~\372\216;%^\270\237\031l]\367\274\371\272\367\344\\"
 294      255EB89F 
 294      196C5DF7 
 294      BCF9BAF7 
 294      E45C
 295 0527 8EB518C8 		.ascii	"\216\265\030\310*Wt\360@\253;\036c\264\245c1G\275\360"
ARM GAS  C:\Users\TUDENT~1\AppData\Local\Temp\ccfqGYe2.s 			page 23


 295      2A5774F0 
 295      40AB3B1E 
 295      63B4A563 
 295      3147BDF0 
 296 053b 1443AC75 		.ascii	"\024C\254u\341\315\353\242\250''Y\307\360\237\020\007"
 296      E1CDEBA2 
 296      A8272759 
 296      C7F09F10 
 296      07
 297 054c 5D6F2FC4 		.ascii	"]o/\3048REi\333\216$\235\327\340\004\206\234>^U\307"
 297      38524569 
 297      DB8E249D 
 297      D7E00486 
 297      9C3E5E55 
 298 0561 EB6B05A0 		.ascii	"\353k\005\240\321\217r\273<q*\273V\2675f\213\026gSD"
 298      D18F72BB 
 298      3C712ABB 
 298      56B73566 
 298      8B166753 
 299 0576 5E9A143F 		.ascii	"^\232\024?\340\262\343\317\276\241\031\377\2205\343"
 299      E0B2E3CF 
 299      BEA119FF 
 299      9035E3
 300 0585 1908D7B4 		.ascii	"\031\010\327\264\223f\234=\372\340\251\033S\300\227"
 300      93669C3D 
 300      FAE0A91B 
 300      53C097
 301 0594 AC32A746 		.ascii	"\2542\247F\013Ux?S\340\302\303\226z%\256`H~m\327\217"
 301      0B55783F 
 301      53E0C2C3 
 301      967A25AE 
 301      60487E6D 
 302 05aa 700D3B3F 		.ascii	"p\015;?\265\275jP\203\353\030\322=;\363'|\233\235o."
 302      B5BD6A50 
 302      83EB18D2 
 302      3D3BF327 
 302      7C9B9D6F 
 303 05bf DB5CE789 		.ascii	"\333\\\347\211\333\031Rp\356\364\200\032\0171\244\250"
 303      DB195270 
 303      EEF4801A 
 303      0F31A4A8 
 304 05cf AFE335C6 		.ascii	"\257\3435\306\323\014\351j\273T\341\211g\271\013\306"
 304      D30CE96A 
 304      BB54E189 
 304      67B90BC6 
 305 05df B24F7BE1 		.ascii	"\262O{\34185E\256=\234\035\321\342$\206\034\317\232"
 305      383545AE 
 305      3D9C1DD1 
 305      E224861C 
 305      CF9A
 306 05f1 A956E074 		.ascii	"\251V\340t\206\304&\225\357$\301P\261\036\252\246\311"
 306      86C42695 
 306      EF24C150 
 306      B11EAAA6 
 306      C9
 307 0602 38794CC1 		.ascii	"8yL\301\206\210\261\033`(7\263\355\220'\316\240S\344"
 307      8688B11B 
ARM GAS  C:\Users\TUDENT~1\AppData\Local\Temp\ccfqGYe2.s 			page 24


 307      602837B3 
 307      ED9027CE 
 307      A053E4
 308 0615 035D9B13 		.ascii	"\003]\233\0234\222\216\361Q\3463\342\212\024\271\026"
 308      34928EF1 
 308      51E633E2 
 308      8A14B916 
 309 0625 6D95DB5C 		.ascii	"m\225\333\\\241\342U&\314q\3536\271/\341M\335\232,\367"
 309      A1E25526 
 309      CC71EB36 
 309      B92FE14D 
 309      DD9A2CF7 
 310 0639 4149725A 		.ascii	"AIrZd#\023\317*\025\270\200\311H\350\032\231\366bq\231"
 310      642313CF 
 310      2A15B880 
 310      C948E81A 
 310      99F66271 
 311 064e CB20DD09 		.ascii	"\313 \335\011\003[k9J[K\032(\223**\003\272\361uD\230"
 311      035B6B39 
 311      4A5B4B1A 
 311      28932A2A 
 311      03BAF175 
 312 0664 CAD4E112 		.ascii	"\312\324\341\022&\344t\371\236x\255\315\220\216\246"
 312      26E474F9 
 312      9E78ADCD 
 312      908EA6
 313 0673 0F584C77 		.ascii	"\017XLw\302\334\355\342\3344\271KKv8\267d2\355\344Q"
 313      C2DCEDE2 
 313      DC34B94B 
 313      4B7638B7 
 313      6432EDE4 
 314 0688 775CC11C 		.ascii	"w\\\301\034\234\270}p\237'>\306\220\251'\351w\021K\013"
 314      9CB87D70 
 314      9F273EC6 
 314      90A927E9 
 314      77114B0B 
 315 069c 1DA051A7 		.ascii	"\035\240Q\247\357\246x\261J\350\244\253\306d\374\214"
 315      EFA678B1 
 315      4AE8A4AB 
 315      C664FC8C 
 316 06ac 029F67B4 		.ascii	"\002\237g\264\255[Z\356\253\360\025\246\352D_}\271\273"
 316      AD5B5AEE 
 316      ABF015A6 
 316      EA445F7D 
 316      B9BB
 317 06be 4DD586C5 		.ascii	"M\325\206\305\260l\243<\3203w^z\356r\256g]S\376\250"
 317      B06CA33C 
 317      D033775E 
 317      7AEE72AE 
 317      675D53FE 
 318 06d3 06DF60E2 		.ascii	"\006\337`\342N\246\244B\362\2652\244=#\361\264;\356"
 318      4EA6A442 
 318      F2B532A4 
 318      3D23F1B4 
 318      3BEE
 319 06e5 63C8D9AD 		.ascii	"c\310\331\255#'\334\360s\206l\032\357\256\360\302\223"
 319      2327DCF0 
ARM GAS  C:\Users\TUDENT~1\AppData\Local\Temp\ccfqGYe2.s 			page 25


 319      73866C1A 
 319      EFAEF0C2 
 319      93
 320 06f6 0C198A79 		.ascii	"\014\031\212y\334\311\367\247\213\311\022\024W\223\010"
 320      DCC9F7A7 
 320      8BC91214 
 320      579308
 321 0705 F5A8A1D7 		.ascii	"\365\250\241\327\016\306>*\326\3005\037H,$Y\203|\330"
 321      0EC63E2A 
 321      D6C0351F 
 321      482C2459 
 321      837CD8
 322 0718 1A54593D 		.ascii	"\032TY=Z\256\300\233)\255\374X\345\243,\255$\243\226"
 322      5AAEC09B 
 322      29ADFC58 
 322      E5A32CAD 
 322      24A396
 323 072b C56E2241 		.ascii	"\305n\"A,\005\003\213E\003}l}\333~?R\002\326\371p\353"
 323      2C05038B 
 323      45037D6C 
 323      7DDB7E3F 
 323      5202D6F9 
 324 0741 8AC0BAFD 		.ascii	"\212\300\272\375\314\272\342\274\242\013\0368\215I\310"
 324      CCBAE2BC 
 324      A20B1E38 
 324      8D49C8
 325 0750 DC5E53E9 		.ascii	"\334^S\351)Y\201\336;B\323\344\000H(\023%\224\312]\210"
 325      295981DE 
 325      3B42D3E4 
 325      00482813 
 325      2594CA5D 
 326 0765 28772E22 		.ascii	"(w.\"\376\330t\243'\316f\"\362b\366\345h$\331\364\317"
 326      FED874A3 
 326      27CE6622 
 326      F262F6E5 
 326      6824D9F4 
 327 077a ADD48843 		.ascii	"\255\324\210C \342\240(\342\200+\021\025\316E\364EW"
 327      20E2A028 
 327      E2802B11 
 327      15CE45F4 
 327      4557
 328 078c 77297021 		.ascii	"w)p!\363iTZK\231\033.a\362\272\252\317\247b\233\274"
 328      F369545A 
 328      4B991B2E 
 328      61F2BAAA 
 328      CFA7629B 
 329 07a1 11F527E8 		.ascii	"\021\365'\350(\210:2\017Q\225\316Em\317\352Y\214\017"
 329      28883A32 
 329      0F5195CE 
 329      456DCFEA 
 329      598C0F
 330 07b4 3349895B 		.ascii	"3I\211[f\016b|\202I\312=;\271Ut^7H:\011\222\216\317"
 330      660E627C 
 330      8249CA3D 
 330      3BB95574 
 330      5E37483A 
 331 07cc 43D209E7 		.ascii	"C\322\011\347"
ARM GAS  C:\Users\TUDENT~1\AppData\Local\Temp\ccfqGYe2.s 			page 26


 332 07d0 921EE40E 		.ascii	"\222\036\344\016\217*p5\023\265\367\374\301\033j\\\307"
 332      8F2A7035 
 332      13B5F7FC 
 332      C11B6A5C 
 332      C7
 333 07e1 443D7C7A 		.ascii	"D=|zx\\\334\215\364\201\2503 \352\364<DU9\027eMQo\226"
 333      785CDC8D 
 333      F481A833 
 333      20EAF43C 
 333      44553917 
 334 07fa A293E919 		.ascii	"\242\223\351\031\357\343&&\270h\370\351eO\351\222\371"
 334      EFE32626 
 334      B868F8E9 
 334      654FE992 
 334      F9
 335 080b C86EF359 		.ascii	"\310n\363Y-\267n>\243\272\217\335F\3706\233Us-\272\330"
 335      2DB76E3E 
 335      A3BA8FDD 
 335      46F8369B 
 335      55732DBA 
 336 0820 1DDF6748 		.ascii	"\035\337gH\367\364\356Gj\334\305\220\361\214\313{=p"
 336      F7F4EE47 
 336      6ADCC590 
 336      F18CCB7B 
 336      3D70
 337 0832 2F4352CB 		.ascii	"/CR\313\256\267\252p?C\332\017\314T\251\360\020C\362"
 337      AEB7AA70 
 337      3F43DA0F 
 337      CC54A9F0 
 337      1043F2
 338 0845 DA9E97AB 		.ascii	"\332\236\227\253\361sfo\315\255\335\305\036\366\253"
 338      F173666F 
 338      CDADDDC5 
 338      1EF6AB
 339 0854 2FDCD4D9 		.ascii	"/\334\324\331\012\3672\030\365\245\375\332\013\373\232"
 339      0AF73218 
 339      F5A5FDDA 
 339      0BFB9A
 340 0863 6B0F3791 		.ascii	"k\0177\221\265\267^\256C\227D\317|\311\227\336\316\250"
 340      B5B75EAE 
 340      439744CF 
 340      7CC997DE 
 340      CEA8
 341 0875 BA160D9E 		.ascii	"\272\026\015\236d\302\236\017\335|\015\373\023\206\010"
 341      64C29E0F 
 341      DD7C0DFB 
 341      138608
 342 0884 1367EFA9 		.ascii	"\023g\357\251p\224\033\333\222l\037\357t\303\261\014"
 342      70941BDB 
 342      926C1FEF 
 342      74C3B10C 
 343 0894 A9BF9578 		.ascii	"\251\277\225xN\201\343\031\262\377J\247\240\304\211"
 343      4E81E319 
 343      B2FF4AA7 
 343      A0C489
 344 08a3 0CA94AB8 		.ascii	"\014\251J\270\362Z\203\223\031\222ujS\224\026\2470\244"
 344      F25A8393 
ARM GAS  C:\Users\TUDENT~1\AppData\Local\Temp\ccfqGYe2.s 			page 27


 344      1992756A 
 344      539416A7 
 344      30A4
 345 08b5 747674AB 		.ascii	"tvt\253\016\2473d\274\352F\201\234\271y)\331\374T'\326"
 345      0EA73364 
 345      BCEA4681 
 345      9CB97929 
 345      D9FC5427 
 346 08ca 63D618F2 		.ascii	"c\326\030\362a\211w\337^p\364\202'Z\312\376\026.\365"
 346      618977DF 
 346      5E70F482 
 346      275ACAFE 
 346      162EF5
 347 08dd 5D5A40EC 		.ascii	"]Z@\354\255\276T\246|Z\332\260E\310\257E\324\232\253"
 347      ADBE54A6 
 347      7C5ADAB0 
 347      45C8AF45 
 347      D49AAB
 348 08f0 604D9B7C 		.ascii	"`M\233|\241h\377\015\032\211r\362+cS\232\377'S\250\216"
 348      A168FF0D 
 348      1A8972F2 
 348      2B63539A 
 348      FF2753A8 
 349 0905 C194FC8A 		.ascii	"\301\224\374\212#\371Y9!\367\023\251k%\324\327\2343"
 349      23F95939 
 349      21F713A9 
 349      6B25D4D7 
 349      9C33
 350 0917 9750774B 		.ascii	"\227PwK\250\353\034\251G\347P\377\267H}\303\221z\271"
 350      A8EB1CA9 
 350      47E750FF 
 350      B7487DC3 
 350      917AB9
 351 092a 03719F84 		.ascii	"\003q\237\204\370\272Sb\251\221\223\022\352FG\352\026"
 351      F8BA5362 
 351      A9919312 
 351      EA4647EA 
 351      16
 352 093b 894F5268 		.ascii	"\211ORh\267\027\204O\024\260\211\205\244o\001\007\240"
 352      B717844F 
 352      14B08985 
 352      A46F0107 
 352      A0
 353 094c 663E03F2 		.ascii	"f>\003\362\002\265C\002\335\225/E\367\000\036\000\334"
 353      02B54302 
 353      DD952F45 
 353      F7001E00 
 353      DC
 354 095d 076805B8 		.ascii	"\007h\005\270\005p\033\240\003\340\216|)\275\355c\262"
 354      05701BA0 
 354      03E08E7C 
 354      29BDED63 
 354      B2
 355 096e 4724B29B 		.ascii	"G$\262\233\234\313\246v\261ll\274\277 R\020\020\241"
 355      9CCBA676 
 355      B16C6CBC 
 355      BF205210 
ARM GAS  C:\Users\TUDENT~1\AppData\Local\Temp\ccfqGYe2.s 			page 28


 355      10A1
 356 0980 92F14414 		.ascii	"\222\361D\024Y\265\267{\247F\013\365+(\257\006\347\301"
 356      59B5B77B 
 356      A7460BF5 
 356      2B28AF06 
 356      E7C1
 357 0992 627640CA 		.ascii	"bv@\312\2445\244%+\244\325(%\206\033\000[5\266W\025"
 357      A435A425 
 357      2BA4D528 
 357      25861B00 
 357      5B35B657 
 358 09a7 8C79E00E 		.ascii	"\214y\340\016\232w\270i8\247J\207\226.\364e\022\241"
 358      9A77B869 
 358      38A74A87 
 358      962EF465 
 358      12A1
 359 09b9 38B21E5F 		.ascii	"8\262\036_a\011\0053\320E\020\372\320y\\R\370BI\\g\273"
 359      61090533 
 359      D04510FA 
 359      D0795C52 
 359      F842495C 
 360 09cf DCC5E989 		.ascii	"\334\305\351\211\353\036\201\353\272\271k\270\261\305"
 360      EB1E81EB 
 360      BAB96BB8 
 360      B1C5
 361 09dd CCD887F6 		.ascii	"\314\330\207\366\306\222Z\210\352\035\304x\200\325B"
 361      C6925A88 
 361      EA1DC478 
 361      80D542
 362 09ec 7F4FE96D 		.ascii	"\177O\351m9~\316\220\234\216\332v\276\021\274@\360c"
 362      397ECE90 
 362      9C8EDA76 
 362      BE11BC40 
 362      F063
 363 09fe 1DE99B75 		.ascii	"\035\351\233u\2742\3103\241\336W\257n\253\360\024#>"
 363      BC32C833 
 363      A1DE57AF 
 363      6EABF014 
 363      233E
 364 0a10 325B1C07 		.ascii	"2[\034\007\013([!_\0276\335\201\015-Cj\246\357\346h"
 364      0B285B21 
 364      5F1736DD 
 364      810D2D43 
 364      6AA6EFE6 
 365 0a25 711A45FE 		.ascii	"q\032E\376\245\267\367\311^\250\263\205PK\272\205\374"
 365      A5B7F7C9 
 365      5EA8B385 
 365      504BBA85 
 365      FC
 366 0a36 1F30A82B 		.ascii	"\0370\250+_r\200\337E\354\022\024\332R\235\016~\310"
 366      5F7280DF 
 366      45EC1214 
 366      DA529D0E 
 366      7EC8
 367 0a48 89F50F2E 		.ascii	"\211\365\017.\373rwu\\Q>\271\330\310\334\005\355\016"
 367      FB727775 
 367      5C513EB9 
ARM GAS  C:\Users\TUDENT~1\AppData\Local\Temp\ccfqGYe2.s 			page 29


 367      D8C8DC05 
 367      ED0E
 368 0a5a 9D03F387 		.ascii	"\235\003\363\207\\\305H\232kO \327zI\256\365\360\031"
 368      5CC5489A 
 368      6B4F20D7 
 368      7A49AEF5 
 368      F019
 369 0a6c C46185D8 		.ascii	"\304a\205\330\027\355\305K\321\036\200\002\200\335\000"
 369      17EDC54B 
 369      D11E8002 
 369      80DD00
 370 0a7b F9007900 		.ascii	"\371\000y\000\203\220g\273\340\230\013\220\003\220\015"
 370      839067BB 
 370      E0980B90 
 370      03900D
 371 0a8a 100F1005 		.ascii	"\020\017\020\0050\005\327&\001\236\003<\003\030\266"
 371      3005D726 
 371      019E033C 
 371      0318B6
 372 0a99 CBC7E6DF 		.ascii	"\313\307\346\337\261|\2046\370\324Q\2751\307\232l\277"
 372      B17C8436 
 372      F8D451BD 
 372      31C79A6C 
 372      BF
 373 0aaa E69D4633 		.ascii	"\346\235F3\216<\002\231@\016\344\343s\272\311\314\325"
 373      8E3C0299 
 373      400EE4E3 
 373      73BAC9CC 
 373      D5
 374 0abb 458C7E04 		.ascii	"E\214~\004\254\237tNO\331K\362r\324./GX^J\235\323\014"
 374      AC9F744E 
 374      4FD94BF2 
 374      72D42E2F 
 374      47585E4A 
 375 0ad2 17496F41 		.ascii	"\027IoA\375\240\357(wN\0218g?\030;\006\006\276\2603"
 375      FDA0EF28 
 375      774E1138 
 375      673F183B 
 375      0606BEB0 
 376 0ae7 B0FFAE72 		.ascii	"\260\377\256r\346\260 lV\241\227\240\304\035\204\355"
 376      E6B0206C 
 376      56A197A0 
 376      C41D84ED 
 377 0af7 24D895BB 		.ascii	"$\330\225\273D\213WvZ\274|\203\026\305 \371\233\265"
 377      448B5776 
 377      5ABC7C83 
 377      16C520F9 
 377      9BB5
 378 0b09 E8DE8985 		.ascii	"\350\336\211\205\275\213\3218\250\360\312\271\012\216"
 378      BD8BD138 
 378      A8F0CAB9 
 378      0A8E
 379 0b17 7E98B0D3 		.ascii	"~\230\260\323\200Ld%\3414O\366\201\340\377\337<\201"
 379      804C6425 
 379      E1344FF6 
 379      81E0FFDF 
 379      3C81
ARM GAS  C:\Users\TUDENT~1\AppData\Local\Temp\ccfqGYe2.s 			page 30


 380 0b29 5CAE2FE6 		.ascii	"\\\256/\346\271L\356\312^;Fs\312>\372P\317\315\377\026"
 380      B94CEECA 
 380      5E3B4673 
 380      CA3EFA50 
 380      CFCDFF16 
 381 0b3d 4953EB35 		.ascii	"IS\3535\220E\362\334\262=\012\020\\\244\276\215 \022"
 381      9045F2DC 
 381      B23D0A10 
 381      5CA4BE8D 
 381      2012
 382 0b4f CC98E126 		.ascii	"\314\230\341&\011p>\013*M\333\251\324X\302\263\2138"
 382      09703E0B 
 382      2A4DDBA9 
 382      D458C2B3 
 382      8B38
 383 0b61 271A04CC 		.ascii	"'\032\004\314\270\350\372N\371G\361\011\256\371\327"
 383      B8E8FA4E 
 383      F947F109 
 383      AEF9D7
 384 0b70 7E9F95C6 		.ascii	"~\237\225\3068\317\233\271\354%\235z\2067\257\031\373"
 384      38CF9BB9 
 384      EC259D7A 
 384      8637AF19 
 384      FB
 385 0b81 E6C52E8E 		.ascii	"\346\305.\216u(\213\366\244\222M\005\361E\214\270\251"
 385      75288BF6 
 385      A4924D05 
 385      F1458CB8 
 385      A9
 386 0b92 20D45677 		.ascii	" \324Vw\201\207\313\254\036\216\306\013Q\254c9\012\362"
 386      8187CBAC 
 386      1E8EC60B 
 386      51AC6339 
 386      0AF2
 387 0ba4 3777D74D 		.ascii	"7w\327M`E,f\026\305\301y\014\266\363V\261\304[\304\034"
 387      60452C66 
 387      16C5C179 
 387      0CB6F356 
 387      B1C45BC4 
 388 0bb9 423ADFC6 		.ascii	"B:\337\306\035'\307NY3\363\352\270\355@\341\324\366"
 388      1D27C74E 
 388      5933F3EA 
 388      B8ED40E1 
 388      D4F6
 389 0bcb CC686A3B 		.ascii	"\314hj;1j\223h;\241\226\330\236g\265}3^\204\342\035"
 389      316A9368 
 389      3BA196D8 
 389      9E67B57D 
 389      335E84E2 
 390 0be0 6D1F9564 		.ascii	"m\037\225dW\252\023\015et\032Q/\013\324\313\204t\316"
 390      57AA130D 
 390      65741A51 
 390      2F0BD4CB 
 390      8474CE
 391 0bf3 00D80990 		.ascii	"\000\330\011\220\006\220\012\260\005 \021 \301\316+"
 391      06900AB0 
 391      05201120 
ARM GAS  C:\Users\TUDENT~1\AppData\Local\Temp\ccfqGYe2.s 			page 31


 391      C1CE2B
 392 0c02 7D9FB118 		.ascii	"}\237\261\030\223\224\336\014B\011\027\227\273\214\241"
 392      9394DE0C 
 392      42091797 
 392      BB8CA1
 393 0c11 7A493B4B 		.ascii	"zI;K\370&\352\356_2\326IX\207\022]\023KJ>\031KK\036"
 393      F826EAEE 
 393      5F32D649 
 393      5887125D 
 393      134B4A3E 
 394 0c29 E639369D 		.ascii	"\34696\235l\250\367,R\357\231\300/\231\307#\005\014"
 394      6CA8F72C 
 394      52EF99C0 
 394      2F99C723 
 394      050C
 395 0c3b DE06866D 		.ascii	"\336\006\206m\025\015#\317\220\206\224\303#\217\004"
 395      150D23CF 
 395      908694C3 
 395      238F04
 396 0c4a 2155476F 		.ascii	"!UGo\270\267\360\011\316\232\016\233\320\367m\322\240"
 396      B8B7F009 
 396      CE9A0E9B 
 396      D0F76DD2 
 396      A0
 397 0c5b 487E6670 		.ascii	"H~fpZ[\2518\346zO\234\222\334 'c\307M\011\213d\377~"
 397      5A5BA938 
 397      E67A4F9C 
 397      92DC2027 
 397      63C74D09 
 398 0c73 1E497207 		.ascii	"\036Ir\007\235\363Mnzu\206;5\035\374\224?/?m\007J\321"
 398      9DF34D6E 
 398      7A75863B 
 398      351DFC94 
 398      3F2F3F6D 
 399 0c8a 4FE9CC4F 		.ascii	"O\351\314O.Z'\332\001\356\021\273\247-'\267D'\222\234"
 399      2E5A27DA 
 399      01EE11BB 
 399      A72D27B7 
 399      4427929C 
 400 0c9e 24AC768B 		.ascii	"$\254v\21399N\033\275\255\3435]\342\226\300\352X\360"
 400      39394E1B 
 400      BDADE335 
 400      5DE296C0 
 400      EA58F0
 401 0cb1 46434815 		.ascii	"FCH\025T\361\305\221\230\275\347\233\250\033~\316\262"
 401      54F1C591 
 401      98BDE79B 
 401      A81B7ECE 
 401      B2
 402 0cc2 8310EF75 		.ascii	"\203\020\357uM\314\364\275}JE\034\0164sw\201='\274G"
 402      4DCCF4BD 
 402      7D4A451C 
 402      0E347377 
 402      813D27BC 
 403 0cd7 A3848C15 		.ascii	"\243\204\214\025\364Nx\037\257\033~\323\306\252\246"
 403      F44E781F 
 403      AF1B7ED3 
ARM GAS  C:\Users\TUDENT~1\AppData\Local\Temp\ccfqGYe2.s 			page 32


 403      C6AAA6
 404 0ce6 502E7A7B 		.ascii	"P.z{d\371N\241:\022\323{\331\303\316\210+$\313w\003"
 404      64F94EA1 
 404      3A12D37B 
 404      D9C3CE88 
 404      2B24CB77 
 405 0cfb 2726B7A3 		.ascii	"'&\267\243\307\234\021\277/\331\201/c\264\344~\362\224"
 405      C79C11BF 
 405      2FD9812F 
 405      63B4E47E 
 405      F294
 406 0d0d 335A49C8 		.ascii	"3ZI\310g\312x\310\311\313\206\032\347\233\"\351]\306"
 406      67CA78C8 
 406      C9CB861A 
 406      E79B22E9 
 406      5DC6
 407 0d1f 0FC53E5C 		.ascii	"\017\305>\\\353H=\367\026f\362\007\"\371y\347\344\222"
 407      EB483DF7 
 407      1666F207 
 407      22F979E7 
 407      E492
 408 0d31 380C95F2 		.ascii	"8\014\225\362\250\221}\351\005G\362\2269\334\2739w\262"
 408      A8917DE9 
 408      0547F296 
 408      39DCBB39 
 408      77B2
 409 0d43 037AEC9C 		.ascii	"\003z\354\234\\\302\375\336\017\304%0\303q\011\234\023"
 409      5CC2FDDE 
 409      0FC42530 
 409      C371099C 
 409      13
 410 0d54 E552D646 		.ascii	"\345R\326F\207\\,!\263/\310\3433\222\334}b\306\016I"
 410      875C2C21 
 410      B32FC8E3 
 410      3392DC7D 
 410      62C60E49 
 411 0d68 5690E1BB 		.ascii	"V\220\341\273\312\311\221\030Z\363V\201\243o\022\330"
 411      CAC99118 
 411      5AF35681 
 411      A36F12D8 
 412 0d78 B80993B4 		.ascii	"\270\011\223\264\032u&\257g\207\232\\#\373\240\001Q"
 412      1A7526AF 
 412      67879A5C 
 412      23FBA001 
 412      51
 413 0d89 DA289506 		.ascii	"\332(\225\006\033\346\353%\005\331:\374\330\235l\230"
 413      1BE6EB25 
 413      05D93AFC 
 413      D89D6C98 
 414 0d99 17CFBE78 		.ascii	"\027\317\276x4\354\216|\027\221-\263\216l\224\331\031"
 414      34EC8E7C 
 414      17912DB3 
 414      8E6C94D9 
 414      19
 415 0daa 6C84612B 		.ascii	"l\204a+\354\313\037\330\314(s\037&\223\222;\006\231"
 415      ECCB1FD8 
 415      CC28731F 
ARM GAS  C:\Users\TUDENT~1\AppData\Local\Temp\ccfqGYe2.s 			page 33


 415      2693923B 
 415      0699
 416 0dbc FE547CA6 		.ascii	"\376T|\246[\206\027Y{z>\364\364\305\222%\3721P\225\361"
 416      5B861759 
 416      7B7A3EF4 
 416      F4C59225 
 416      FA315095 
 417 0dd1 B67E16CA 		.ascii	"\266~\026\312\370\014t\271\343\000\345v\235\256=[\313"
 417      F80C74B9 
 417      E300E576 
 417      9DAE3D5B 
 417      CB
 418 0de2 9C7C007A 		.ascii	"\234|\000zV\017\237\342\304fg\273\000\031\235D\370\327"
 418      560F9FE2 
 418      C46667BB 
 418      00199D44 
 418      F8D7
 419 0df4 02FF0AE0 		.ascii	"\002\377\012\340}\320ny\270\235\315\263\203\2747\350"
 419      7DD06E79 
 419      B89DCDB3 
 419      83BC37E8 
 420 0e04 454C86EB 		.ascii	"EL\206\353\033\313\306l\236\330\207\240\255<qJ\356\330"
 420      1BCBC66C 
 420      9ED887A0 
 420      AD3C714A 
 420      EED8
 421 0e16 CB0EDBF5 		.ascii	"\313\016\333\365\374C\016=\037\274\361\002.\216\322"
 421      FC430E3D 
 421      1FBCF102 
 421      2E8ED2
 422 0e25 7797A061 		.ascii	"w\227\240a%\327\266\032\316\317\201\266G\001\216\330"
 422      25D7B61A 
 422      CECF81B6 
 422      47018ED8 
 423 0e35 79E3558E 		.ascii	"y\343U\216w\232@T \221{\011*\220)\266\315\252$\375\235"
 423      779A4054 
 423      20917B09 
 423      2A9029B6 
 423      CDAA24FD 
 424 0e4a CA18E113 		.ascii	"\312\030\341\023\336,\243\333'K\250\206\216C\"y\213"
 424      DE2CA3DB 
 424      274BA886 
 424      8E432279 
 424      8B
 425 0e5b CFB0395C 		.ascii	"\317\2609\\R\003N\203Z\012l\2779\2503Y<\250'\200\367"
 425      52034E83 
 425      5A0A6CBF 
 425      39A83359 
 425      3CA82780 
 426 0e70 EDB70DEA 		.ascii	"\355\267\015\352\011nB\025\360?\005\274O\332\005\365"
 426      096E4215 
 426      F03F05BC 
 426      4FDA05F5 
 427 0e80 559624A8 		.ascii	"U\226$\250\255\210\311p\035\324\241,\036\324\323\230"
 427      AD88C970 
 427      1DD4A12C 
 427      1ED4D398 
ARM GAS  C:\Users\TUDENT~1\AppData\Local\Temp\ccfqGYe2.s 			page 34


 428 0e90 6D9CE692 		.ascii	"m\234\346\222;\006\365\230\244\231\313\310<I]e\321V"
 428      3B06F598 
 428      A499CBC8 
 428      3C495D65 
 428      D156
 429 0ea2 7E62CEDA 		.ascii	"~b\316\332In\257\262|vG\013\361\321*\372\250\354\256"
 429      496EAFB2 
 429      7C76470B 
 429      F1D12AFA 
 429      A8ECAE
 430 0eb5 6BAB79BF 		.ascii	"k\253y\277\310\362$\254\312\234\255\012\267s\270\215"
 430      C8F224AC 
 430      CA9CAD0A 
 430      B773B88D 
 431 0ec5 E40D521F 		.ascii	"\344\015R\037\217\221\313\365\2451\207u\236Jg\033\270"
 431      8F91CBF5 
 431      A5318775 
 431      9E4A671B 
 431      B8
 432 0ed6 BACCC5D1 		.ascii	"\272\314\305\321\344\"\311\324\022l\253\333J\272}\343"
 432      E422C9D4 
 432      126CABDB 
 432      4ABA7DE3 
 433 0ee6 24D9D4A8 		.ascii	"$\331\324\250\003\330\361\306\375@\333\370S\015}\361"
 433      03D8F1C6 
 433      FD40DBF8 
 433      530D7DF1 
 434 0ef6 462AE23A 		.ascii	"F*\342:{\361\226]~>J-}\361F:\265\370\346\355\002&o\336"
 434      7BF1965D 
 434      7E3E4A2D 
 434      7DF1463A 
 434      B5F8E6ED 
 435 0f0e CE63FEE6 		.ascii	"\316c\376\346-\375\302X\205\347{\371B~\247P=\233\244"
 435      2DFDC258 
 435      85E77BF9 
 435      427EA750 
 435      3D9BA4
 436 0f21 2E795807 		.ascii	".yX\007K2\372\204\220\241b\261\215\024\223\367\353\250"
 436      4B32FA84 
 436      90A162B1 
 436      8D1493F7 
 436      EBA8
 437 0f33 087520B4 		.ascii	"\010u \264\037\265#\031\272\210\337\203\331\027{\012"
 437      1FB52319 
 437      BA88DF83 
 437      D9177B0A 
 438 0f43 8FAB70A7 		.ascii	"\217\253p\247\316\341\315\240\355\213\020\373/'.a:h"
 438      CEE1CDA0 
 438      ED8B10FB 
 438      2F272E61 
 438      3A68
 439 0f55 FFAABF9E 		.ascii	"\377\252\277\236\015\332\277\"\277\314\006\373\263r"
 439      0DDABF22 
 439      BFCC06FB 
 439      B372
 440 0f63 33147892 		.ascii	"3\024x\222\261\317H-;\211p\234\007\375\030\340\304\365"
 440      B1CF482D 
ARM GAS  C:\Users\TUDENT~1\AppData\Local\Temp\ccfqGYe2.s 			page 35


 440      3B89709C 
 440      07FD18E0 
 440      C4F5
 441 0f75 CA8B2AA4 		.ascii	"\312\213*\244[\272P\372\354\261\311\256\330\257\261"
 441      5BBA50FA 
 441      ECB1C9AE 
 441      D8AFB1
 442 0f84 BCE08F56 		.ascii	"\274\340\217VJ\324\023/\330~\355\032\317\263\246\267"
 442      4AD4132F 
 442      D87EED1A 
 442      CFB3A6B7 
 443 0f94 D8A05FC5 		.ascii	"\330\240_\305\214\236d\375u\310\372F"
 443      8C9E64FD 
 443      75C8FA46 
 444 0fa0 FB0D3A6B 		.ascii	"\373\015:k\364M\216\361Q\026\\l\211\327\242\245\240"
 444      F44D8EF1 
 444      51165C6C 
 444      89D7A2A5 
 444      A0
 445 0fb1 257F64D8 		.ascii	"%\177d\330\230\301\223\335\252D\213s%\370\336#\303!"
 445      98C193DD 
 445      AA448B73 
 445      25F8DE23 
 445      C321
 446 0fc3 CB5A5C6C 		.ascii	"\313Z\\l1\235mbe\224\232(|\023\024\276\001ez\013\240"
 446      319D6D62 
 446      65949A28 
 446      7C1314BE 
 446      01657A0B 
 447 0fd8 D95EF10C 		.ascii	"\331^\361\014o\232\230-\316\312\345v\206\244\216\257"
 447      6F9A982D 
 447      CECAE576 
 447      86A48EAF 
 448 0fe8 6067BADA 		.ascii	"`g\272\332\036\1775\357\270X\252\306\31546\362\352\244"
 448      1E7F35EF 
 448      B858AAC6 
 448      CD3436F2 
 448      EAA4
 449 0ffa 1DBBE568 		.ascii	"\035\273\345h\241\257"
 449      A1AF
 450 1000 D3ADF51D 		.ascii	"\323\255\365\035P\346\233\025{\225A3\276\225t'\261&"
 450      50E69B15 
 450      7B954133 
 450      BE957427 
 450      B126
 451 1012 5A305F1E 		.ascii	"Z0_\036\037O\245\215\253\244O\333Z\355\"\177\027[\237"
 451      1F4FA58D 
 451      ABA44FDB 
 451      5AED227F 
 451      175B9F
 452 1025 B61D7832 		.ascii	"\266\035x2\220\342F\263\012\306P\003\313\252\324\247"
 452      90E246B3 
 452      0AC65003 
 452      CBAAD4A7 
 453 1035 59F93AD7 		.ascii	"Y\371:\327\005r\237\026\310=k\201\264E\025\337Db\201"
 453      05729F16 
 453      C83D6B81 
ARM GAS  C:\Users\TUDENT~1\AppData\Local\Temp\ccfqGYe2.s 			page 36


 453      B44515DF 
 453      446281
 454 1048 143FE605 		.ascii	"\024?\346\005\002d\250N\324\015N\355\013\244\215\026"
 454      0264A84E 
 454      D40D4EED 
 454      0BA48D16 
 455 1058 48E2C1B2 		.ascii	"H\342\301\262\036-\356\244\216A\003\375)/Y\201\220m"
 455      1E2DEEA4 
 455      8E4103FD 
 455      292F5981 
 455      906D
 456 106a 29AB90CA 		.ascii	")\253\220\312\243\261\321\210\216\021-\332\231\206["
 456      A3B1D188 
 456      8E112DDA 
 456      99865B
 457 1079 F29EBDF6 		.ascii	"\362\236\275\366r\371\251T'U\260\303\252\240pu\177\215"
 457      72F9A954 
 457      2755B0C3 
 457      AAA07075 
 457      7F8D
 458 108b 0614EC64 		.ascii	"\006\024\354d\267\007\365[A\301\335\210\222\241\007"
 458      B707F55B 
 458      41C1DD88 
 458      92A107
 459 109a A2820F30 		.ascii	"\242\202\0170\373B\006uQ\305RKn7*\360 S\354\322\253"
 459      FB420675 
 459      51C5524B 
 459      6E372AF0 
 459      2053ECD2 
 460 10af F23C2F1C 		.ascii	"\362</\034\355I\221\336\354\244|-\336\314\220\322\251"
 460      ED4991DE 
 460      ECA47C2D 
 460      DECC90D2 
 460      A9
 461 10c0 AC873A9C 		.ascii	"\254\207:\234\314\220\212\252\230A\376\005X5y)\326/"
 461      CC908AAA 
 461      9841FE05 
 461      58357929 
 461      D62F
 462 10d2 249E4138 		.ascii	"$\236A8\235^\32447\357\353Q!\372\200\334\366\204|v\357"
 462      9D5ED434 
 462      37EFEB51 
 462      21FA80DC 
 462      F6847C76 
 463 10e7 F7BB0AE3 		.ascii	"\367\273\012\343\204m\376\364\371\334#P\246\337\365"
 463      846DFEF4 
 463      F9DC2350 
 463      A6DFF5
 464 10f6 4D12D9E5 		.ascii	"M\022\331\345\276\303w\177@\375\330\221\332\311\312"
 464      BEC3777F 
 464      40FDD891 
 464      DAC9CA
 465 1105 F16EAAED 		.ascii	"\361n\252\355q\031\331,:a>\367\011E\017\366\341{\340"
 465      7119D92C 
 465      3A613EF7 
 465      09450FF6 
 465      E17BE0
ARM GAS  C:\Users\TUDENT~1\AppData\Local\Temp\ccfqGYe2.s 			page 37


 466 1118 7E9E8643 		.ascii	"~\236\206C\220\206\303\220\202O\001\236\000\364\221"
 466      9086C390 
 466      824F019E 
 466      00F491
 467 1127 27390003 		.ascii	"'9\000\003v\313\332P\266\017\223\006\315\255\327Q\267"
 467      76CBDA50 
 467      B60F9306 
 467      CDADD751 
 467      B7
 468 1138 B9DBE4C6 		.ascii	"\271\333\344\306l\256\034i|\017\235\323K\226\210!^\211"
 468      6CAE1C69 
 468      7C0F9DD3 
 468      4B968821 
 468      5E89
 469 114a FDCE2AB1 		.ascii	"\375\316*\2611\223\213\266n\350\347\372\305\217\027"
 469      31938BB6 
 469      6EE8E7FA 
 469      C58F17
 470 1159 626D47CF 		.ascii	"bmG\317)\2143hH\344\233\266N\354W8\024\242\325|4\002"
 470      298C3368 
 470      48E49BB6 
 470      4EEC5738 
 470      14A2D57C 
 471 116f 56CFD703 		.ascii	"V\317\327\003\274(\3312\364\034&=\023\363\252\337Z\224"
 471      BC28D932 
 471      F41C263D 
 471      13F3AADF 
 471      5A94
 472 1181 53099182 		.ascii	"S\011\221\202n!\227\025\357J\226\354\215\202\310\367"
 472      6E219715 
 472      EF4A96EC 
 472      8D82C8F7 
 473 1191 05BDD75B 		.ascii	"\005\275\327[\355>\252\032\265\253\355\027\266\332n"
 473      ED3EAA1A 
 473      B5ABED17 
 473      B6DA6E
 474 11a0 138E3EF1 		.ascii	"\023\216>\361\244\225\003c\274\232\316\245\367\345`"
 474      A4950363 
 474      BC9ACEA5 
 474      F7E560
 475 11af D7A5FD8A 		.ascii	"\327\245\375\212V\316Kk\345\034\234\214\217\324\361"
 475      56CE4B6B 
 475      E51C9C8C 
 475      8FD4F1
 476 11be CA9939F3 		.ascii	"\312\2319\363nJt\276/!A\335\242u\335\326\252\031\243"
 476      6E4A74BE 
 476      2F2141DD 
 476      A275DDD6 
 476      AA19A3
 477 11d1 5533BBA7 		.ascii	"U3\273\247\375\214\007.\363\234\337\2270\023|\025\333"
 477      FD8C072E 
 477      F39CDF97 
 477      30137C15 
 477      DB
 478 11e2 3174545C 		.ascii	"1tT\\\245'\331\340d\325\345\024\235\313\317c^SE\247"
 478      A527D9E0 
 478      64D5E514 
ARM GAS  C:\Users\TUDENT~1\AppData\Local\Temp\ccfqGYe2.s 			page 38


 478      9DCBCF63 
 478      5E5345A7 
 479 11f6 AC8ABED8 		.ascii	"\254\212\276\330\327\325\247\265\226\370\2142\276\220"
 479      D7D5A7B5 
 479      96F88C32 
 479      BE90
 480 1204 973890A1 		.ascii	"\2278\220\241qQ\331q\253\262\323T\331\232\227\233\223"
 480      7151D971 
 480      ABB2D354 
 480      D99A979B 
 480      93
 481 1215 B4F81C53 		.ascii	"\264\370\034S\266\271\251c\263\322\326\011\231\2665"
 481      B6B9A963 
 481      B3D2D609 
 481      99B635
 482 1224 C27093A7 		.ascii	"\302p\223\247K\035\004\005\321a\326\252CQFZ9\346:\264"
 482      4B1D0405 
 482      D161D6AA 
 482      4351465A 
 482      39E63AB4 
 483 1238 94A8CB0A 		.ascii	"\224\250\313\012\343\252\177O\211\320\214\250\301\214"
 483      E3AA7F4F 
 483      89D08CA8 
 483      C18C
 484 1246 55834805 		.ascii	"U\203H\005\321`\342H\327\214\2074\226Da1\226Q\012\032"
 484      D160E248 
 484      D78C8734 
 484      96446131 
 484      96510A1A 
 485 125a 4B7204E2 		.ascii	"Kr\004\342\204c-\355\012\255\370\005\000y\351 \322F"
 485      84632DED 
 485      0AADF805 
 485      0079E920 
 485      D246
 486 126c 2BC8C777 		.ascii	"+\310\307w\313\351-/\351\220\20372t\336\333xb/A\364"
 486      CBE92D2F 
 486      E9908337 
 486      3274DEDB 
 486      78622F41 
 487 1281 234051F7 		.ascii	"#@Q\367\030\205\267u\016EHh\246\312O\361\317xT\200\216"
 487      1885B775 
 487      0E454868 
 487      A6CA4FF1 
 487      CF785480 
 488 1296 1DCC6FF4 		.ascii	"\035\314o\364p)-\316*-VA\305\275H\210\035\343\237\302"
 488      70292DCE 
 488      2A2D5641 
 488      C5BD4888 
 488      1DE39FC2 
 489 12aa AA255FF2 		.ascii	"\252%_\362,b_\362\334\277^V\347\341\250L\274\302\007"
 489      2C625FF2 
 489      DCBF5E56 
 489      E7E1A84C 
 489      BCC207
 490 12bd 6D52D047 		.ascii	"mR\320GgT\2318\246\314f\252Lr\337\343\020\251_^\331"
 490      67549938 
 490      A6CC66AA 
ARM GAS  C:\Users\TUDENT~1\AppData\Local\Temp\ccfqGYe2.s 			page 39


 490      4C72DFE3 
 490      10A95F5E 
 491 12d2 F92581FB 		.ascii	"\371%\201\373%\201\372\345Z[s\011\222\022?\267+\210"
 491      2581FAE5 
 491      5A5B7309 
 491      92123FB7 
 491      2B88
 492 12e4 444E9C48 		.ascii	"DN\234H\2113\242b7\351\244\304\235v\234\267p\342-\224"
 492      8933A262 
 492      37E9A4C4 
 492      9D769CB7 
 492      70E22D94 
 493 12f8 784B6C49 		.ascii	"xKlI\244\032_a\0112\036y\253F\353r\315I\246\311\260"
 493      A41A5F61 
 493      09321E79 
 493      AB46EB72 
 493      CD49A6C9 
 494 130d 86E7C2E5 		.ascii	"\206\347\302\345\364}\351\244p\252aM\034\276\247\036"
 494      F47DE9A4 
 494      70AA614D 
 494      1CBEA71E 
 495 131d 4A242FAD 		.ascii	"J$/\255\"\205O~K\350P\222\302\226\017pj\277*n\245y\261"
 495      22854F7E 
 495      4BE85092 
 495      C2960F70 
 495      6ABF2A6E 
 496 1334 6F6C3CD1 		.ascii	"ol<\321\023\307y\261ox\246G:=9\263\363e\312\222#\260"
 496      13C779B1 
 496      6F78A647 
 496      3A3D39B3 
 496      F365CA92 
 497 134a 4D030362 		.ascii	"M\003\003b\220\202r\333&r\333\346\310-\205rk\355\251"
 497      908272DB 
 497      2672DBE6 
 497      C82D8572 
 497      6BEDA9
 498 135d 0DC0DB18 		.ascii	"\015\300\333\030\263\222\362]\025\236x\027C\022k\317"
 498      B392F25D 
 498      159E7817 
 498      43126BCF 
 499 136d E7A820E7 		.ascii	"\347\250 \347Q\032\231H\333\343D\307\002Z\004\344[W"
 499      511A9948 
 499      DBE344C7 
 499      025A04E4 
 499      5B57
 500 137f 5604172A 		.ascii	"V\004\027*J\247=]\332\275\203\332\275]\301\015\357\311"
 500      4AA73D5D 
 500      DABD83DA 
 500      BD5DC10D 
 500      EFC9
 501 1391 DE51E1CE 		.ascii	"\336Q\341\316u\355\035T'\027\2673\303\353\345\204\022"
 501      75ED1D54 
 501      2717B733 
 501      C3EBE584 
 501      12
 502 13a2 A55A7545 		.ascii	"\245ZuE\351\012\005\301\354\325\335I\325\275>tz\213"
 502      E90A05C1 
ARM GAS  C:\Users\TUDENT~1\AppData\Local\Temp\ccfqGYe2.s 			page 40


 502      ECD5DD49 
 502      D5BD3E74 
 502      7A8B
 503 13b4 3B1E662A 		.ascii	";\036f*\026\305$\317\252DO&$\331y2C\264=\303\221Y&e"
 503      16C524CF 
 503      AA444F26 
 503      24D97932 
 503      43B43DC3 
 504 13cc D699D79B 		.ascii	"\326\231\327\233\346\201\247\030\263+g\367\334R\212"
 504      E681A718 
 504      B32B67F7 
 504      DC528A
 505 13db 9EBCE7E0 		.ascii	"\236\274\347\340\311,\221[\226#\267l\312-\355r}\256"
 505      C92C915B 
 505      9623B76C 
 505      CA2DED72 
 505      7DAE
 506 13ed 5A9A3DA4 		.ascii	"Z\232=\244\274\305\354\311\341\331\223C\263\247\373"
 506      BCC5ECC9 
 506      E1D99343 
 506      B3A7FB
 507 13fc 414B17C2 		.ascii	"AK\027\302\233\026\260MC\357\356t\376m\333\273\344\023"
 507      9B16B04D 
 507      43EFEE74 
 507      FE6DDBBB 
 507      E413
 508 140e 89B49A5C 		.ascii	"\211\264\232\\\025+\220\353d\247\260\373\332\350\016"
 508      152B90EB 
 508      64A7B0FB 
 508      DAE80E
 509 141d 2DDECE68 		.ascii	"-\336\316h_\354\274z\227\177&\376\016\240\005\3235\207"
 509      5FECBC7A 
 509      977F26FE 
 509      0EA005D3 
 509      3587
 510 142f 5C576281 		.ascii	"\\Wb\201\265\022w\263J\2749\235\320\241t\254\265<\250"
 510      B51277B3 
 510      4ABC399D 
 510      D0A174AC 
 510      B53CA8
 511 1442 B55DB4D6 		.ascii	"\265]\264\326\366\320Z\243\223\010unO\355\214]e\326"
 511      F6D05AA3 
 511      9308756E 
 511      4FED8C5D 
 511      65D6
 512 1454 BF89FA79 		.ascii	"\277\211\372y\354\360K\325w\367\010\327\253\351V\357"
 512      ECF04BD5 
 512      77F708D7 
 512      ABE956EF 
 513 1464 C0E31821 		.ascii	"\300\343\030!2\016\026\345\275\012o\224\017\316\203"
 513      320E16E5 
 513      BD0A6F94 
 513      0FCE83
 514 1473 2D9D6472 		.ascii	"-\235dr.\214\374\021\222\253P\361]\331BC\340\037\003"
 514      2E8CFC11 
 514      92AB50F1 
 514      5DD94243 
ARM GAS  C:\Users\TUDENT~1\AppData\Local\Temp\ccfqGYe2.s 			page 41


 514      E01F03
 515 1486 03569A8C 		.ascii	"\003V\232\214\376\026\343\257Ma!\2775\372\207k~\363"
 515      FE16E3AF 
 515      4D6121BF 
 515      35FA876B 
 515      7EF3
 516 1498 BB2F97AC 		.ascii	"\273/\227\254\364\363\223\251-k#B\015z\313\007\206\237"
 516      F4F393A9 
 516      2D6B2342 
 516      0D7ACB07 
 516      869F
 517 14aa 2D5F1918 		.ascii	"-_\031\030\264&h\225%\" (\214\235\177\261\312\357\343"
 517      B4266895 
 517      25222028 
 517      8C9D7FB1 
 517      CAEFE3
 518 14bd 8F968799 		.ascii	"\217\226\207\231\227\233,\313\203B\015\301\021\001\306"
 518      979B2CCB 
 518      83420DC1 
 518      1101C6
 519 14cc E586404B 		.ascii	"\345\206@K \260\0120/\013\224i\365\372\210\240P\313"
 519      20B00A30 
 519      2F0B9469 
 519      F5FA88A0 
 519      50CB
 520 14de FB3FD65B 		.ascii	"\373?\326[\326\032~\266\332@\346\230\351\374\325\226"
 520      D61A7EB6 
 520      DA40E698 
 520      E9FCD596 
 521 14ee B0B060F3 		.ascii	"\260\260`\363\352u\241\021K\350\331\022\177S\310\022"
 521      EA75A111 
 521      4BE8D912 
 521      7F53C812 
 522 14fe 63C81A63 		.ascii	"c\310\032c@\2001`\365G\313\336_\362\343\025~\037\377"
 522      40803160 
 522      F547CBDE 
 522      5FF2E315 
 522      7E1FFF
 523 1511 D96F358C 		.ascii	"\331o5\214\377(4,\324\370#\243\377\232\240\325\\\310"
 523      FF28342C 
 523      D4F823A3 
 523      FF9AA0D5 
 523      5CC8
 524 1523 EA107FE0 		.ascii	"\352\020\177\340\025j\\\255\0170\256\365\217\010\266"
 524      156A5CAD 
 524      0F30AEF5 
 524      8F08B6
 525 1532 E82D1BC3 		.ascii	"\350-\033\303\215D\242\306*\357\277\376\246\362\314"
 525      8D44A2C6 
 525      2AEFBFFE 
 525      A6F2CC
 526 1541 1BCDABF5 		.ascii	"\033\315\253\365fK\0000\007!jK\270)(Lo\371\354\215>"
 526      664B0030 
 526      07216A4B 
 526      B829284C 
 526      6FF9EC8D 
 527 1556 31848584 		.ascii	"1\204\205\204\204\205.\017\0173Y\314\313?\375\303\347"
ARM GAS  C:\Users\TUDENT~1\AppData\Local\Temp\ccfqGYe2.s 			page 42


 527      84852E0F 
 527      0F3359CC 
 527      CB3FFDC3 
 527      E7
 528 1567 2B3FDF40 		.ascii	"+?\337@\306\302\203\202\215&\363\362\337\254\\I\\\305"
 528      C6C28382 
 528      8D26F3F2 
 528      DFAC5C49 
 528      5CC5
 529 1579 D5561802 		.ascii	"\325V\030\002\375M*s\320\377\032\365\226\200\277R\363"
 529      FD4D2A73 
 529      D0FF1AF5 
 529      9680BF52 
 529      F3
 530 158a E0A035AB 		.ascii	"\340\2405\253\327\031\014\016\026\000\3012?\321\016"
 530      D7190C0E 
 530      1600C132 
 530      3FD10E
 531 1599 0BCC5A0B 		.ascii	"\013\314Z\013\002U\201\020\"\243I\261\326d4*\303\375"
 531      02558110 
 531      22A349B1 
 531      D664342A 
 531      C3FD
 532 15ab D719CD8A 		.ascii	"\327\031\315\212P\343\006\213\322?8h](\017\333G\037"
 532      50E3068B 
 532      D23F3868 
 532      5D280FDB 
 532      471F
 533 15bd E82D1AEB 		.ascii	"\350-\032\353\211\326l\371\212^\324[~\366\366f\007\032"
 533      89D66CF9 
 533      8A5ED45B 
 533      7EF6F666 
 533      071A
 534 15cf C24C4610 		.ascii	"\302LF\020\353\016b\303\365\\v\204\331\030\240 6+\310"
 534      EB0E62C3 
 534      F55C7684 
 534      D918A020 
 534      362BC8
 535 15e2 A887E412 		.ascii	"\250\207\344\022\310\0157\205}\035\004\247\272\020c"
 535      C80D3785 
 535      7D1D04A7 
 535      BA1063
 536 15f1 C83A234F 		.ascii	"\310:#O\302_\314Gr\230\031<!IG``\225\016\247a\246\215"
 536      C25FCC47 
 536      7298193C 
 536      21494760 
 536      60950EA7 
 537 1608 4448380E 		.ascii	"DH8\016\261lP\206\255\0175\2324\220\255\301$\240j\030"
 537      B16C5086 
 537      AD0F359A 
 537      3490ADC1 
 537      24A06A18 
 538 161c 0A06AF6B 		.ascii	"\012\006\257k\214\341\306P\010\365:w\343\327\306PK\210"
 538      8CE1C650 
 538      08F53A77 
 538      E3D7C650 
 538      4B88
ARM GAS  C:\Users\TUDENT~1\AppData\Local\Temp\ccfqGYe2.s 			page 43


 539 162e BFF92B50 		.ascii	"\277\371+P(\304\274\356\317\021\306\010\343\002C\240"
 539      28C4BCEE 
 539      CF11C608 
 539      E30243A0 
 540 163e 9E67B89E 		.ascii	"\236g\270\236\016(\302M\306\257\275\354\206\364\026"
 540      0E28C24D 
 540      C6AFBDEC 
 540      86F416
 541 164d F57AFF20 		.ascii	"\365z\377 \013\260\360\222P\023\336\236RDoA\021*\343"
 541      0BB0F092 
 541      5013DE9E 
 541      52446F41 
 541      112AE3
 542 1660 7A2240B5 		.ascii	"z\"@\265\336\002\322\303\341`6\206\204cC\250\305M\257"
 542      DE02D2C3 
 542      E1603686 
 542      846343A8 
 542      C54DAF
 543 1673 E7A9ACE6 		.ascii	"\347\251\254\346G%\214\302/\225\240\003\276@\351\037"
 543      47258CC2 
 543      2F95A003 
 543      BE40E91F 
 544 1683 1E08A6A9 		.ascii	"\036\010\246\251\315DM\363:%\000\020\254\267XL\341\336"
 544      CD444DF3 
 544      3A250010 
 544      ACB7584C 
 544      E1DE
 545 1695 4C90DE64 		.ascii	"L\220\336d\\k4\031C\015\240\0230\017[\363\247p\215q"
 545      5C6B3419 
 545      430DA013 
 545      300F5BF3 
 545      A7708D71 
 546 16a9 4390C510 		.ascii	"C\220\305\020\026`T\231\0026\302\0145\350\0172\211@"
 546      16605499 
 546      0236C20C 
 546      35E80F32 
 546      8940
 547 16bb 12EC9F80 		.ascii	"\022\354\237\200@~t\263\200+\015F\263\336\242\0006f"
 547      407E74B3 
 547      802B0D46 
 547      B3DEA200 
 547      3666
 548 16cd B585FC82 		.ascii	"\265\205\374\202\200\265\301\376\353\000\013\001\036"
 548      80B5C1FE 
 548      EB000B01 
 548      1E
 549 16da 80992DD0 		.ascii	"\200\231-\32074\026z B\374\327\370\233\215\212P\377"
 549      3734167A 
 549      2042FCD7 
 549      F89B8D8A 
 549      50FF
 550 16ec 10A3322C 		.ascii	"\020\2432,\030\"\250\0145\2567\232\260\301\262An\016"
 550      1822A80C 
 550      35AE379A 
 550      B0C1B241 
 550      6E0E
 551 16fe 9707137F 		.ascii	"\227\007\023\177\257\203\034\325[\260\311\317\017`\205"
ARM GAS  C:\Users\TUDENT~1\AppData\Local\Temp\ccfqGYe2.s 			page 44


 551      AF831CD5 
 551      5BB0C9CF 
 551      0F6085
 552 170d DCF453B9 		.ascii	"\334\364S\271\351'r\323\307r\323Gr\323\207r\323\007"
 552      E92772D3 
 552      C772D347 
 552      72D38772 
 552      D307
 553 171f EE247B88 		.ascii	"\356${\210\3710i^1w\222m\372\257?\016\201\230\353(+"
 553      F930695E 
 553      3177926D 
 553      FAAF3F0E 
 553      8198EB28 
 554 1734 4358A805 		.ascii	"CX\250\005\322[A\302\354f\013\2112$\034*J\303=e\321"
 554      D25B41C2 
 554      EC660B89 
 554      32241C2A 
 554      4AC33D65 
 555 1749 C0859008 		.ascii	"\300\205\220\010\240S\323_\275\305o\376=\317l\010\014"
 555      A053D35F 
 555      BDC56FFE 
 555      3DCF6C08 
 555      0C
 556 175a 00692BE6 		.ascii	"\000i+\346?\003\302\015\023>|\013\021\033\315\326v\361"
 556      3F03C20D 
 556      133E7C0B 
 556      111BCDD6 
 556      76F1
 557 176c 16622049 		.ascii	"\026b I`\202\207$\363\365\226\237\3775eD\246\316G\264"
 557      60828724 
 557      F3F5969F 
 557      FF356544 
 557      A6CE47B4 
 558 1780 D96400EA 		.ascii	"\331d\000\352\200\215\220\000A\206e\006\331;\016\253"
 558      808D9000 
 558      41866506 
 558      D93B0EAB 
 559 1790 CBE75493 		.ascii	"\313\347T\223\337\203\343\335!\033\215\006\213\236\264"
 559      DF83E3DD 
 559      211B8D06 
 559      8B9EB4
 560 179f 00771209 		.ascii	"\000w\022\011^\375\277\374+\253\234\2600K\214\245,-"
 560      5EFDBFFC 
 560      2BAB9CB0 
 560      304B8CA5 
 560      2C2D
 561 17b1 5029AB0C 		.ascii	"P)\253\014\201\377\351\377\2251\"|\325\337I\224Y\025"
 561      81FFE9FF 
 561      9531227C 
 561      D5DF4994 
 561      5915
 562 17c3 6126756E 		.ascii	"a&un\014\370LI\272K\270b="
 562      0CF84C49 
 562      BA4BB862 
 562      3D
 563 17d0 60CAF524 		.ascii	"`\312\365${\261\277i\335B\236\026\001F\263\301\024\024"
 563      7BB1BF69 
ARM GAS  C:\Users\TUDENT~1\AppData\Local\Temp\ccfqGYe2.s 			page 45


 563      DD429E16 
 563      0146B3C1 
 563      1414
 564 17e2 6E0983AE 		.ascii	"n\011\203\256\344m\010$\213\343\247\301\301a\206OI3"
 564      E46D0824 
 564      8BE3A7C1 
 564      C161864F 
 564      4933
 565 17f4 3406B81B 		.ascii	"4\006\270\033\002\211-t\0102k\325F\363\277\207\031\276"
 565      02892D74 
 565      08326BD5 
 565      46F3BF87 
 565      19BE
 566 1806 7A9B006D 		.ascii	"z\233\000m$:\273\3214\005\036_y\350\241\260-\372_}\272"
 566      243ABBD1 
 566      34051E5F 
 566      79E8A1B0 
 566      2DFA5F7D 
 567 181b EA5F7FFF 		.ascii	"\352_\177\377\207\317<\374\203\327\373o4C-\004\303z"
 567      87CF3CFC 
 567      83D7FB6F 
 567      34432D04 
 567      C37A
 568 182d F7ABF978 		.ascii	"\367\253\371x\006\362|\371\312\317W}\266J\024\022b\016"
 568      06F27CF9 
 568      CACF577D 
 568      B64A1412 
 568      620E
 569 183f 32EB616D 		.ascii	"2\353am =\220\352\370e(\021\305\312,\"\224\213\245="
 569      203D90EA 
 569      F8652811 
 569      C5CA2C22 
 569      948BA53D 
 570 1853 56BFECC3 		.ascii	"V\277\354\303\237\372}\250\261b\377\007\015!\204\362"
 570      9FFA7DA8 
 570      B162FF07 
 570      0D2184F2 
 571              		.text
 572              		.section	.gnu.lto_.symtab.8740f652,"",%progbits
 573 0000 63685468 		.ascii	"chThdCreateFromHeap\000"
 573      64437265 
 573      61746546 
 573      726F6D48 
 573      65617000 
 574 0014 00       		.ascii	"\000"
 575 0015 00       		.ascii	"\000"
 576 0016 00       		.ascii	"\000"
 577 0017 00000000 		.ascii	"\000\000\000\000\000\000\000\000"
 577      00000000 
 578 001f C5010000 		.ascii	"\305\001\000\000"
 579 0023 63685468 		.ascii	"chThdCreateFromMemoryPool\000"
 579      64437265 
 579      61746546 
 579      726F6D4D 
 579      656D6F72 
 580 003d 00       		.ascii	"\000"
 581 003e 00       		.ascii	"\000"
ARM GAS  C:\Users\TUDENT~1\AppData\Local\Temp\ccfqGYe2.s 			page 46


 582 003f 00       		.ascii	"\000"
 583 0040 00000000 		.ascii	"\000\000\000\000\000\000\000\000"
 583      00000000 
 584 0048 DC010000 		.ascii	"\334\001\000\000"
 585 004c 63685363 		.ascii	"chSchWakeupS\000"
 585      6857616B 
 585      65757053 
 585      00
 586 0059 00       		.ascii	"\000"
 587 005a 02       		.ascii	"\002"
 588 005b 00       		.ascii	"\000"
 589 005c 00000000 		.ascii	"\000\000\000\000\000\000\000\000"
 589      00000000 
 590 0064 E1010000 		.ascii	"\341\001\000\000"
 591 0068 63685468 		.ascii	"chThdCreateSuspendedI\000"
 591      64437265 
 591      61746553 
 591      75737065 
 591      6E646564 
 592 007e 00       		.ascii	"\000"
 593 007f 02       		.ascii	"\002"
 594 0080 00       		.ascii	"\000"
 595 0081 00000000 		.ascii	"\000\000\000\000\000\000\000\000"
 595      00000000 
 596 0089 F7010000 		.ascii	"\367\001\000\000"
 597 008d 63684865 		.ascii	"chHeapAllocAligned\000"
 597      6170416C 
 597      6C6F6341 
 597      6C69676E 
 597      656400
 598 00a0 00       		.ascii	"\000"
 599 00a1 02       		.ascii	"\002"
 600 00a2 00       		.ascii	"\000"
 601 00a3 00000000 		.ascii	"\000\000\000\000\000\000\000\000"
 601      00000000 
 602 00ab FD010000 		.ascii	"\375\001\000\000"
 603 00af 6368506F 		.ascii	"chPoolAlloc\000"
 603      6F6C416C 
 603      6C6F6300 
 604 00bb 00       		.ascii	"\000"
 605 00bc 02       		.ascii	"\002"
 606 00bd 00       		.ascii	"\000"
 607 00be 00000000 		.ascii	"\000\000\000\000\000\000\000\000"
 607      00000000 
 608 00c6 01020000 		.ascii	"\001\002\000\000"
 609              		.text
 610              		.section	.gnu.lto_.opts,"",%progbits
 611 0000 272D666D 		.ascii	"'-fmath-errno' '-fsigned-zeros' '-ftrapping-math' '"
 611      6174682D 
 611      6572726E 
 611      6F272027 
 611      2D667369 
 612 0033 2D666E6F 		.ascii	"-fno-trapv' '-fno-openmp' '-fno-openacc' '-mcpu=cor"
 612      2D747261 
 612      70762720 
 612      272D666E 
 612      6F2D6F70 
ARM GAS  C:\Users\TUDENT~1\AppData\Local\Temp\ccfqGYe2.s 			page 47


 613 0066 7465782D 		.ascii	"tex-m3' '-mno-thumb-interwork' '-mthumb' '-ggdb' '-"
 613      6D332720 
 613      272D6D6E 
 613      6F2D7468 
 613      756D622D 
 614 0099 4F322720 		.ascii	"O2' '-fomit-frame-pointer' '-falign-functions=16' '"
 614      272D666F 
 614      6D69742D 
 614      6672616D 
 614      652D706F 
 615 00cc 2D666675 		.ascii	"-ffunction-sections' '-fdata-sections' '-fno-common"
 615      6E637469 
 615      6F6E2D73 
 615      65637469 
 615      6F6E7327 
 616 00ff 2720272D 		.ascii	"' '-flto'\000"
 616      666C746F 
 616      2700
 617              		.text
 618              		.comm	__gnu_lto_v1,1,1
 619              		.comm	__gnu_lto_slim,1,1
 620              		.ident	"GCC: (GNU Tools for ARM Embedded Processors 6-2017-q1-update) 6.3.1 20170215 (release) [AR
ARM GAS  C:\Users\TUDENT~1\AppData\Local\Temp\ccfqGYe2.s 			page 48


DEFINED SYMBOLS
                            *ABS*:00000000 chdynamic.c
                            *COM*:00000001 __gnu_lto_v1
                            *COM*:00000001 __gnu_lto_slim

NO UNDEFINED SYMBOLS
