ARM GAS  C:\Users\TUDENT~1\AppData\Local\Temp\cc1Ufh5g.s 			page 1


   1              		.cpu cortex-m3
   2              		.eabi_attribute 20, 1
   3              		.eabi_attribute 21, 1
   4              		.eabi_attribute 23, 3
   5              		.eabi_attribute 24, 1
   6              		.eabi_attribute 25, 1
   7              		.eabi_attribute 26, 1
   8              		.eabi_attribute 30, 2
   9              		.eabi_attribute 34, 1
  10              		.eabi_attribute 18, 4
  11              		.file	"chmemcore.c"
  12              		.text
  13              	.Ltext0:
  14              		.section	.gnu.lto_.profile.8740fd14,"",%progbits
  15 0000 789C6365 		.ascii	"x\234ce`b`a```d\320V\007\000\000\375\000_"
  15      60626061 
  15      60606064 
  15      D0560700 
  15      00FD005F 
  16              		.text
  17              		.section	.gnu.lto_.icf.8740fd14,"",%progbits
  18 0000 789C6365 		.ascii	"x\234ce`bPc@\0006\206\243\013O\037\345f\334\373\360"
  18      60625063 
  18      40003686 
  18      A30B4F1F 
  18      E566DCFB 
  19 0015 5D3B2B33 		.ascii	"];+3\230d\2357\343\321R>\266\223+\337>\346f\277>\345"
  19      98649D37 
  19      E3D1523E 
  19      B6932BDF 
  19      3EE666BF 
  20 002b F5621606 		.ascii	"\365b\026\006\000n\233\022\220"
  20      006E9B12 
  20      90
  21              		.text
  22              		.section	.gnu.lto_.jmpfuncs.8740fd14,"",%progbits
  23 0000 789C6365 		.ascii	"x\234ce`b\020c@\000\026 febdd\256\257g\203P\354@\021"
  23      60621063 
  23      40001620 
  23      66656264 
  23      64AEAF67 
  24 0019 0017A902 		.ascii	"\000\027\251\002>"
  24      3E
  25              		.text
  26              		.section	.gnu.lto_.inline.8740fd14,"",%progbits
  27 0000 789C6365 		.ascii	"x\234ce`b\250`@\000\026\006\006V\026F\006&\226\005\362"
  27      6062A860 
  27      40001606 
  27      06561646 
  27      06269605 
  28 0015 0C6C0BE4 		.ascii	"\014l\013\344\231@b\254\014\202\002\214L\214\012\214"
  28      994062AC 
  28      0C82028C 
  28      4C8C0A8C 
  29 0025 40368860 		.ascii	"@6\210`\021\2310\223\021\"\313\366A\217\207\201\351"
  29      11993093 
  29      1122CBF6 
ARM GAS  C:\Users\TUDENT~1\AppData\Local\Temp\cc1Ufh5g.s 			page 2


  29      418F8781 
  29      E9
  30 0036 023F0B48 		.ascii	"\002?\013H\035\033\203\260\020#\023X\011X1\213\304\206"
  30      1D1B83B0 
  30      10231358 
  30      0958318B 
  30      C486
  31 0048 1D68EA38 		.ascii	"\035h\3528@\352\330\031\330X\201V\000\305\340V0\000"
  31      40EAD819 
  31      D8588156 
  31      00C5E056 
  31      3000
  32 005a 0012AD0D 		.ascii	"\000\022\255\015z"
  32      7A
  33              		.text
  34              		.section	.gnu.lto_.pureconst.8740fd14,"",%progbits
  35 0000 789C6365 		.ascii	"x\234ce`b\340b```a\220`\225`\333\305\310\316\002\000"
  35      6062E062 
  35      60606061 
  35      90609560 
  35      DBC5C8CE 
  36 0016 05CE0117 		.ascii	"\005\316\001\027"
  37              		.text
  38              		.section	.gnu.lto__core_init.8740fd14,"",%progbits
  39 0000 789C6365 		.ascii	"x\234ce`bPeb`\010g``\220\006bFf\006F\246\011\347\030"
  39      60625065 
  39      62600867 
  39      60609006 
  39      62466606 
  40 0019 181A3998 		.ascii	"\030\0329\230\030\031A\214\006\016F\206z&\306z\306~"
  40      1819418C 
  40      060E4686 
  40      7A26C67A 
  40      C67E
  41 002b E6E9CC8C 		.ascii	"\346\351\314\214\207\332\237\355d\322\\\336\000\004"
  41      87DA9FED 
  41      64D25CDE 
  41      0004
  42 0039 07A6EF63 		.ascii	"\007\246\357ckkh\225\230\317\314\3000\023\210A\200q"
  42      6B6B6895 
  42      98CFCCC0 
  42      30138841 
  42      8071
  43 004b 39A32603 		.ascii	"9\243&\003P\331\327\256\317Oy\231m\031A\354\005\373"
  43      50D9D7AE 
  43      CF4F7999 
  43      6D1941EC 
  43      05FB
  44 005d 0F9DE757 		.ascii	"\017\235\347W]\334\360\000\250\345\332,\221I\015\013"
  44      5DDCF000 
  44      A8E5DA2C 
  44      91490D0B 
  45 006d 6634B0CC 		.ascii	"f4\260\314gfd\\\301\310\014\325\007b2\200\324^\177\262"
  45      6766645C 
  45      C1C80CD5 
  45      07623280 
  45      D45E7FB2 
ARM GAS  C:\Users\TUDENT~1\AppData\Local\Temp\cc1Ufh5g.s 			page 3


  46 0081 652323B3 		.ascii	"e##\263\027X\337\275\235\3536\262A\365\235\222jl8\324"
  46      1758DFBD 
  46      9DEB36B2 
  46      41F59D92 
  46      6A6C38D4 
  47 0095 A800D2B5 		.ascii	"\250\000\322\265\012\241k\025T\327\243\215\377\246\362"
  47      0AA16B15 
  47      54D7A38D 
  47      FFA6F2
  48 00a4 B2B130AE 		.ascii	"\262\2610\256fTe\\\311\250\012q\015\343\032F6F \275"
  48      6654655C 
  48      C9A80A71 
  48      0DE31A46 
  48      364620BD 
  49 00b8 FE12E381 		.ascii	"\376\022\343\201\206\177\377\333\033\016\374\223\\\277"
  49      867FFFDB 
  49      1B0EFC93 
  49      5CBF
  50 00c6 E5BE200B 		.ascii	"\345\276 \013\003C\027P\036\344\265nf&\020\315\374\222"
  50      03431750 
  50      1EE4B56E 
  50      662610CD 
  50      FC92
  51 00d8 B1E957FB 		.ascii	"\261\351W\373\335\2559 -@\343\246\265\036:\317\336\307"
  51      DDAD3920 
  51      2D40E3A6 
  51      B51E3ACF 
  51      DEC7
  52 00ea 3C9F9909 		.ascii	"<\237\231\011\354\216\235;\337\334f\257\377\333\300"
  52      EC8E9D3B 
  52      DFDC66AF 
  52      FFDBC0
  53 00f9 0114580C 		.ascii	"\001\024X\0142\031(\366\352\314\325#\\\363\031\3472"
  53      321928F6 
  53      EACCD523 
  53      5CF319E7 
  53      32
  54 010a CE676666 		.ascii	"\316gff\\\007\014\234\265\2142@+\3273\316gD6\200\005"
  54      5C070C9C 
  54      B58C3240 
  54      2BD733CE 
  54      67443680 
  55 011f DD0096C5 		.ascii	"\335\000\226\305\314\214\350\00602n\004\032\260\001"
  55      CC8CE806 
  55      30326E04 
  55      1AB001
  56 012e 640028B4 		.ascii	"d\000(\264~\375\274\312\003T\334\321\320\260\240\014"
  56      7EFDBCCA 
  56      0354DCD1 
  56      D0B0A00C 
  57 013e 64C226A0 		.ascii	"d\302&\240\231@\24373\3263\200\335\371\026\356NT\207"
  57      9940A337 
  57      33D63380 
  57      DDF916EE 
  57      4E5487
  58 0151 31613A6C 		.ascii	"1a:l\013\334a[!\016Cu\0113\246K\266\341s\311v\210Kv"
  58      0BDC615B 
ARM GAS  C:\Users\TUDENT~1\AppData\Local\Temp\cc1Ufh5g.s 			page 4


  58      210E4375 
  58      0933A64B 
  58      B6E173C9 
  59 0169 005DF296 		.ascii	"\000]\362\226\261i\301\357^F\220C\300Q\321\005\364\026"
  59      B169C1EF 
  59      5E469043 
  59      C051D105 
  59      F416
  60 017b 3024816E 		.ascii	"0$\201n\260J\266\322w\316\310L\312\014.)M\311\314\207"
  60      B04AB6D2 
  60      77CEC84C 
  60      CA0C2E29 
  60      4DC9CC87 
  61 018f B0FD830D 		.ascii	"\260\375\203\015\315\315\364\363\213\365\223\363ss\363"
  61      CDCDF4F3 
  61      8BF593F3 
  61      7373F3
  62 019e F380AC9C 		.ascii	"\363\200\254\234\314$\375\342\242d\375\344\214\334\324"
  62      CC24FDE2 
  62      A264FDE4 
  62      8CDCD4
  63 01ad DCE4FCA2 		.ascii	"\334\344\374\242T\275d\006\236\370\370\214\324\304\202"
  63      54BD6406 
  63      9EF8F88C 
  63      D4C482
  64 01bc F8D4BC94 		.ascii	"\370\324\274\224\370x^(')\26185>\036\000f\333\332b"
  64      F8785E28 
  64      2729B138 
  64      353E1E00 
  64      66DBDA62 
  65              		.text
  66              		.section	.gnu.lto_chCoreAllocAlignedI.8740fd14,"",%progbits
  67 0000 789C8D53 		.ascii	"x\234\215SMHTQ\024>\347\335\373\346\0153\316\214\216"
  67      4D485451 
  67      143EE7DD 
  67      FBE60D33 
  67      CE8C8E
  68 0013 0441062E 		.ascii	"\004A\006.\022q\343\020\364\003B\233\332\330\252\205"
  68      1271E310 
  68      F403429B 
  68      DAD8AA85 
  69 0023 AB963949 		.ascii	"\253\2269I\0168N8\265\211\300\247\243#&\225A\215\025"
  69      0E384E38 
  69      B589C0A7 
  69      A3232695 
  69      418D15
  70 0036 0E4349A8 		.ascii	"\016CI\250\231\251\375\352B\0342\302\310\262$A\014A"
  70      99A9FDEA 
  70      421C32C2 
  70      C8B22441 
  70      0C41
  71 0048 FA1FCBA8 		.ascii	"\372\037\313\250((\314\261s\356\233,u\323\203w\336\275"
  71      2828CCB1 
  71      73EE9B2C 
  71      75D38377 
  71      DEBD
  72 005a DF3DDFB9 		.ascii	"\337=\337\271\337\371\356}:h0+\000\366\002\300vzQ\007"
ARM GAS  C:\Users\TUDENT~1\AppData\Local\Temp\cc1Ufh5g.s 			page 5


  72      DFF9EE7D 
  72      3A68302B 
  72      00F602C0 
  72      767A5107 
  73 006e D45A9F00 		.ascii	"\324Z\237\000\324\3315M\2767\300t\210\256\007\000f\226"
  73      D4D9354D 
  73      BE37C074 
  73      88AE0700 
  73      6696
  74 0080 4069E112 		.ascii	"@i\341\022\221\007\246\035\241V\023\022k\361\264h\023"
  74      9107A61D 
  74      A1561312 
  74      6BF1B468 
  74      13
  75 0091 F8ACA1BF 		.ascii	"\370\254\241\277]\234\022\011\001(i\372\345\361\305"
  75      5D9C1209 
  75      012869FA 
  75      E5F1C5
  76 00a0 576E9E22 		.ascii	"Wn\236\"\346\363\352\374\273\006gQ\247i\326\233\311"
  76      E6F3EAFC 
  76      BB066751 
  76      A769D69B 
  76      C9
  77 00b1 B641A32D 		.ascii	"\266A\243-\322X\232\020\032\\\240\354.\314\303N\314"
  77      D2589A10 
  77      1A5CA0EC 
  77      2ECCC34E 
  77      CC
  78 00c2 E3CDBBB1 		.ascii	"\343\315\273\261\210r/\327M=r\211]\0104n\352\035N\271"
  78      88722FD7 
  78      4D3D7289 
  78      5D08346E 
  78      EA1D4EB9 
  79 00d6 0BAF28DE 		.ascii	"\013\257(\336\363\263\302\334\222\020\002\257\242\370"
  79      F3B3C2DC 
  79      921002AF 
  79      A2F8
  80 00e4 97481060 		.ascii	"\227H\020`\017\026Rz\353\342\322\234!v+j\344\322\314"
  80      0F16527A 
  80      EBE2D29C 
  80      21762B6A 
  80      E4D2CC
  81 00f7 88CC50C7 		.ascii	"\210\314P\307c\212*\361\332Z\252\004\354\305B\316\037"
  81      638A2AF1 
  81      DA5AAA04 
  81      ECC542CE 
  81      1F
  82 0108 4F36F739 		.ascii	"O6\3679D\251\342\246'S\237\365\202\016\305\375\024\337"
  82      44A9E2A6 
  82      27539FF5 
  82      820EC5FD 
  82      14DF
  83 011a 7826628E 		.ascii	"x&b\216\2312!t\274\276\232\317\017\245\277\034H\237"
  83      99322174 
  83      BCBE9ACF 
  83      0FA5BF1C 
  83      489F
ARM GAS  C:\Users\TUDENT~1\AppData\Local\Temp\cc1Ufh5g.s 			page 6


  84 012c 73D924F6 		.ascii	"s\331$\366aA\007\231I\031\324L?\332\220>\014\366Mb\322"
  84      61410799 
  84      4919D44C 
  84      3FDA903E 
  84      0CF64D62 
  85 0141 4C2F3799 		.ascii	"L/7\231\311\267\233\177|[\312\331\200\264\263F\326\320"
  85      C9B79B7F 
  85      7C5BCAD9 
  85      80B4B346 
  85      D6D0
  86 0153 D6642769 		.ascii	"\326d'i\327Y\212\215\203\301\301\256\032r\320Pw\362"
  86      D7598A8D 
  86      83C1C1AE 
  86      1A72D050 
  86      77F2
  87 0165 3C8B838B 		.ascii	"<\213\203\213\203\233\203\007\270j6/\347\360\334\313"
  87      839B8307 
  87      B86A362F 
  87      E7F0DCCB 
  88 0175 2197A700 		.ascii	"!\227\247\000'hs>\237\026\262\227\276\"\205\221X\264"
  88      2768733E 
  88      9F16B297 
  88      BE228591 
  88      58B4
  89 0187 77B892F5 		.ascii	"w\270\222\365\304\205\036\027\"NM+\024-\214ajbv\254"
  89      C4851E17 
  89      224E4D2B 
  89      142D8C61 
  89      6A6276AC 
  90 019b BB471DA0 		.ascii	"\273G\035\240\304ez<8@\015\246\260~\372O\236A\\&\376"
  90      C4657A3C 
  90      38400DA6 
  90      B07EFA4F 
  90      9E415C26 
  91 01b0 8A360B0B 		.ascii	"\2126\013\013\261+\262\001o\260>_\365K\242\011eV,\365"
  91      B12BB201 
  91      6FB03E5F 
  91      F54BA209 
  91      65562CF5 
  92 01c4 61D46165 		.ascii	"a\324ae9\250x\254\361\336\204\301\305m\312\337\241\241"
  92      39A878AC 
  92      F1DE84C1 
  92      C56DCADF 
  92      A1A1
  93 01d6 8F2F8CDA 		.ascii	"\217/\214\332%\323N@\207@e\342\374\370\324}G\002\343"
  93      25D34E40 
  93      874065E2 
  93      FCF8D47D 
  93      4702E3
  94 01e9 C83EDFA4 		.ascii	"\310>\337\244ku\203\015\306[\230@.\370\265)#\303I\025"
  94      6B75830D 
  94      C65B9840 
  94      2EF8B529 
  94      23C34915 
  95 01fd 57E9CF52 		.ascii	"W\351\317R=9Wa.\2023\015\220\336\014\350V=\270\254j"
  95      3D395761 
  95      2E82330D 
ARM GAS  C:\Users\TUDENT~1\AppData\Local\Temp\cc1Ufh5g.s 			page 7


  95      90DE0CE8 
  95      563DB8AC 
  96 0212 FB2DCC43 		.ascii	"\373-\314C\360_\375\344*A\226\376\205\210\315J\311^"
  96      F05FFDE4 
  96      2A4196FE 
  96      8588CD4A 
  96      C95E
  97 0224 27585B2F 		.ascii	"'X[/\370\366\212\340;k\005\347P\011\326q>\372S\267\020"
  97      F8F68AE0 
  97      3B6B05E7 
  97      5009D671 
  97      3EFA53B7 
  98 0239 AF02DDF0 		.ascii	"\257\002\335\360\032\033\246G\267\255x\351U\367\251"
  98      1A1BA647 
  98      B7AD78E9 
  98      55F7A9
  99 0248 855CA65F 		.ascii	"\205\\\246_\216\017\256=zr\344\270\265\234\253\244Z"
  99      8E0FAE3D 
  99      7A72E4B8 
  99      B59CABA4 
  99      5A
 100 0259 D63EDCC4 		.ascii	"\326>\334\304\330\377\330xwE\325 \251\242*\252\276T"
 100      D8FFD878 
 100      7745D520 
 100      A9A22AAA 
 100      BE54
 101 026b 17630135 		.ascii	"\027c\0015\2103\011\276#bq\2366\2638G)\0361\223~\212"
 101      883309BE 
 101      2362719E 
 101      36B33847 
 101      291E3193 
 102 0281 748D90B3 		.ascii	"t\215\220\263\250\323\022\177\211oOe\240<Pv\344\350"
 102      A8D3127F 
 102      896F4F65 
 102      A03C5076 
 102      E4E8
 103 0293 C140C81A 		.ascii	"\301@\310\032\357+\333\272s\207/\024\366\371C\301`\250"
 103      EF2BDBBA 
 103      73872F14 
 103      F6F943C1 
 103      60A8
 104 02a5 9A465581 		.ascii	"\232FU\201r_\270\306\357\363W\006+\202\376PME\261\037"
 104      725FB8C6 
 104      EFF35706 
 104      2B82FE50 
 104      4D45B11F 
 105 02b9 643870AC 		.ascii	"d8p\254B?P\0258T\215\207\177\003\306\314E\264"
 105      423F5015 
 105      38548D87 
 105      7F03C6CC 
 105      45B4
 106              		.text
 107              		.section	.gnu.lto_chCoreAllocAligned.8740fd14,"",%progbits
 108 0000 789C8D54 		.ascii	"x\234\215TmLSW\030>\357=\367\266\245\245\200\374\331"
 108      6D4C5357 
 108      183EEF3D 
 108      F7B6A5A5 
ARM GAS  C:\Users\TUDENT~1\AppData\Local\Temp\cc1Ufh5g.s 			page 8


 108      80FCD9
 109 0013 9291A524 		.ascii	"\222\221\245$#H\262P\227\270\231\230m\311\344\217[B"
 109      2348B250 
 109      97B89998 
 109      6DC9E48F 
 109      5B42
 110 0025 96C8AFFD 		.ascii	"\226\310\257\375\"P;iB)i\301\350\262\304k\2130\306>"
 110      22503B69 
 110      422969C1 
 110      E8B2C46B 
 110      8B30C63E 
 111 0039 5CC6F81A 		.ascii	"\\\306\370\032M\235f\021\346\020\254s\212\362Q\001\025"
 111      4D9D6611 
 111      E610AC73 
 111      8AF25101 
 111      15
 112 004a 06A23258 		.ascii	"\006\2422X\010n\011\223\021-~\314\231-sq\226\275\357"
 112      086E0993 
 112      112D7ECC 
 112      992D7371 
 112      96BDEF
 113 005d B9A59696 		.ascii	"\271\245\226\2268\356\217s\317y\317\373\274\347y?\025"
 113      38EE8F73 
 113      CF79CFFB 
 113      BCE7793F 
 113      15
 114 006e 26B177F5 		.ascii	"&\261w\365\214=\017\214\275\314\030\003\205\201tp\222"
 114      8C3D0F8C 
 114      BDCC1803 
 114      85817470 
 114      92
 115 007f B1FD0649 		.ascii	"\261\375\006I\222o\351\231j\344\035\027\031SS9\310\232"
 115      926FE999 
 115      6AE41D17 
 115      19535339 
 115      C89A
 116 0091 5C06A08D 		.ascii	"\\\006\240\215j\000\266O\3422\354\203Oy3\207k5=\355"
 116      6A00B64F 
 116      E232EC83 
 116      4F793387 
 116      6B353DED 
 117 00a5 FC131EE0 		.ascii	"\374\023\036\340\014d<\376q\271m!\215\216\000\026\272"
 117      0C643CFE 
 117      71B96D21 
 117      8D8E0016 
 117      BA
 118 00b6 5DBA5963 		.ascii	"]\272Yc\312;\252\252^5\324\03446\373\016l\017p\211\265"
 118      CA3BAAAA 
 118      5E35D41C 
 118      3436FB0E 
 118      6C0F7089 
 119 00cb A2760764 		.ascii	"\242v\007d\301Q\310\242\307;!\017u\017\357\237\0317"
 119      C151C8A2 
 119      C73B210F 
 119      750FEF9F 
 119      1937
 120 00dd F3D780E1 		.ascii	"\363\327\200\341\276\256\253?\234\226\373\265\300M4"
ARM GAS  C:\Users\TUDENT~1\AppData\Local\Temp\cc1Ufh5g.s 			page 9


 120      BEAEAB3F 
 120      9C96FBB5 
 120      C04D34
 121 00ec 72F58500 		.ascii	"r\365\205\000\347\360\015\360x \212\030\034\203\\T?"
 121      E7F00DF0 
 121      78208A18 
 121      1C835C54 
 121      3F
 122 00fd F8E8F1BC 		.ascii	"\370\350\361\274\236o\023P\337Ws\203r\024:\322$\240"
 122      9E6F1350 
 122      DF577383 
 122      72143AD2 
 122      24A0
 123 010f 327C9B08 		.ascii	"2|\233\010\225\031tA.\351O\204\352\273\215|\273\300"
 123      95197441 
 123      2EE94F84 
 123      EABB8D7C 
 123      BBC0
 124 0121 FEFC41E4 		.ascii	"\376\374A\344\264\234sD`\177\352\314\374\314\247\216"
 124      B49C7344 
 124      607FEACC 
 124      FCCCA78E 
 125 0131 AA321286 		.ascii	"\2522\022\206\343\253\361\364\241\372\215\023\221/\314"
 125      E3ABF1F4 
 125      A1FA8D13 
 125      912FCC
 126 0140 3A19BA21 		.ascii	":\031\272!\207\\BOz@\207\021\225\360\256\351\326\303"
 126      875C424F 
 126      7A408711 
 126      95F0AEE9 
 126      D6C3
 127 0152 883E6A6A 		.ascii	"\210>jj\2623\255U\015\325X\326p\202>8\0019\210\210L"
 127      B233AD55 
 127      0DD558D6 
 127      70823E38 
 127      01398888 
 128 0167 85EF2B51 		.ascii	"\205\357+Q\304=\377\263+\217+k=\016A\310\351\236\202"
 128      C43DFFB3 
 128      2B8F2B6B 
 128      3D0E41C8 
 128      E99E82
 129 017a 901A59AE 		.ascii	"\220\032Y\256C\373y\277\3779\235\371\214\004\024\016"
 129      43FB79BF 
 129      FF399DF9 
 129      8C04140E 
 130 018a 8C3C7A26 		.ascii	"\214<z&\223\217\012-:Z\364\342\021\003n\225\024:\033"
 130      938F0A2D 
 130      3A5AF4E2 
 130      11036E95 
 130      143A1B
 131 019d 6931D192 		.ascii	"i1\321\222J\213Y\030L\243\353t:g\320\262\201\216\231"
 131      4A8B5918 
 131      4CA3EB74 
 131      3A67D0B2 
 131      818E99
 132 01b0 8CF2C53E 		.ascii	"\214\362\305>D\357(\373\015x\300?_\004\211\002p\263"
 132      44EF28FB 
ARM GAS  C:\Users\TUDENT~1\AppData\Local\Temp\cc1Ufh5g.s 			page 10


 132      0D78C03F 
 132      5F048902 
 132      70B3
 133 01c2 AF6E1AF8 		.ascii	"\257n\032\370[\"v\247\006f[\214Q\372\227\3326\266\371"
 133      5B2276A7 
 133      06665B8C 
 133      51FA97DA 
 133      36B6F9
 134 01d5 C63F520F 		.ascii	"\306?R\017y3\002\\\007'\327p\340;\341s]X\355\227\251"
 134      7933025C 
 134      0727D770 
 134      E03BE173 
 134      5D58ED97 
 135 01ea 5C746081 		.ascii	"\\t`\201Sx\267\004\336\033\313\215=S\020\013o\215\212"
 135      5378B704 
 135      DE1BCB8D 
 135      3D53100B 
 135      6F8D8A
 136 01fd 5FE8F333 		.ascii	"_\350\3633F\021\335V\016,\341\352\307\263\226b\006\337"
 136      4611DD56 
 136      0E2CE1EA 
 136      C7B39662 
 136      06DF
 137 020f D39D9478 		.ascii	"\323\235\224x7\334\266\361KNo18M\012<.m\014\316\200"
 137      37DCB6F1 
 137      4B4E6F31 
 137      384D0A3C 
 137      2E6D0CCE 
 138 0224 0E99F452 		.ascii	"\016\231\364R\316\200\371(k\207\003\301\207\306\354"
 138      CE80F928 
 138      6B8703C1 
 138      87C6EC
 139 0233 4629A0B6 		.ascii	"F)\240\266`\266\364\244\335\265pN5\310\030\0038\013"
 139      60B6F4A4 
 139      DDB5704E 
 139      35C81803 
 139      380B
 140 0245 D922EDF7 		.ascii	"\331\"\355\367\357L_\227P\002\347@\026\244\031\364\211"
 140      EF4C5F97 
 140      5002E740 
 140      16A419F4 
 140      89
 141 0256 E2EF1818 		.ascii	"\342\357\030\030^L\315n\216\242\015\244\373\340xp\306"
 141      5E4CCD6E 
 141      8EA20DA4 
 141      FBE07870 
 141      C6
 142 0267 24D0FD84 		.ascii	"$\320\375\204\206\001\220\331\"x-\"\000\214\266\363"
 142      860190D9 
 142      22782D22 
 142      008CB6F3 
 143 0277 F5ED8AA8 		.ascii	"\365\355\212\250\033L\220\037=\240[:#xla\350\266\224"
 143      1B4C901F 
 143      3DA05B3A 
 143      23786C61 
 143      E8B694
 144 028a 544349D5 		.ascii	"TCI\325,\3429Hh\316\302\340k\252\355\352/K\210\303\275"
ARM GAS  C:\Users\TUDENT~1\AppData\Local\Temp\cc1Ufh5g.s 			page 11


 144      2CE23948 
 144      68CEC2E0 
 144      6BAAEDEA 
 144      2F4B88C3 
 145 029f 4E2369D0 		.ascii	"N#i\320\033\3210\312\361\005\034$qHD\343<\350\374\\"
 145      1BD130CA 
 145      F1051C24 
 145      714844E3 
 145      3CE8FC5C 
 146 02b3 4622F1D6 		.ascii	"F\"\361\3264\251\202\027\010\372e\264\363\230\350x\031"
 146      34A98217 
 146      08FA65B4 
 146      F398E878 
 146      19
 147 02c4 96F14B87 		.ascii	"\226\361K\207!\344\020\006\357l-hz\272(\364\337\332"
 147      21E41006 
 147      EF6C2D68 
 147      7ABA28F4 
 147      DFDA
 148 02d6 7AAE49F4 		.ascii	"z\256I\364\002\254\323|;\277\342\253\236PM\341\333\303"
 148      02ACD37C 
 148      3BBFE2AB 
 148      9E504DE1 
 148      DBC3
 149 02e8 464DCB40 		.ascii	"FM\313@ms`\350\212\236\214\247\210<\367\366\336\271"
 149      6D7360E8 
 149      8A9E8CA7 
 149      883CF7F6 
 149      DEB9
 150 02fa AEDFF758 		.ascii	"\256\337\367X5\240\340\010\327\272nibf\304\030\000?"
 150      35A0E008 
 150      D7BA6E69 
 150      6266C418 
 150      003F
 151 030c 506F8CE0 		.ascii	"Po\214\340\034\032\026)\270\000\001 \203\017\352\242"
 151      1C1A1629 
 151      B8000120 
 151      830FEAA2 
 152 031c 3452D0A2 		.ascii	"4R\320\242\346AT`D^(^%3\2418\352\000\362\215\012S\205"
 152      E6415460 
 152      445E285E 
 152      2533A138 
 152      EA00F28D 
 153 0333 0F26CDDA 		.ascii	"\017&\315\332;\232\314\214\342'\374\203\304\337\254"
 153      3B9ACC8C 
 153      E227FC83 
 153      C4DFAC
 154 0342 F1BFEBD3 		.ascii	"\361\277\353\323i*iI\204!\231\360\305\030\341K\211\204"
 154      692A6949 
 154      842199F0 
 154      C518E14B 
 154      8984
 155 0354 D3D104F1 		.ascii	"\323\321\004\361h\251\375G\321$\031B\230\312~\203\232"
 155      68A9FD47 
 155      D1241942 
 155      98CA7E83 
 155      9A
ARM GAS  C:\Users\TUDENT~1\AppData\Local\Temp\cc1Ufh5g.s 			page 12


 156 0365 D9E1CDB1 		.ascii	"\331\341\315\261Xf\210\2247`\224qFsD\264\327~<\370\276"
 156      58668894 
 156      37609471 
 156      467344B4 
 156      D77E3CF8 
 157 037a 76BD4150 		.ascii	"v\275AP\325B;\366\034\311\326\023\306\321\030\2531d"
 157      D5423BF6 
 157      1CC9D613 
 157      C6D118AB 
 157      3164
 158 038c 8556847D 		.ascii	"\205V\204}9\332\353\336C\1777\306j\224\305*\224**\356"
 158      39DAEBDE 
 158      437F37C6 
 158      6A94C52A 
 158      942A2AEE 
 159 03a0 145C75EA 		.ascii	"\024\\u\352\326N\322\032\243\301\377?\243\341\0071\032"
 159      D64ED21A 
 159      A3C1FF3F 
 159      A3E10731 
 159      1A
 160 03b1 629540DD 		.ascii	"b\225@\3359\376\264\321\320\2672\032\224U\335=A\365"
 160      39FEB4D1 
 160      D0B7321A 
 160      9455DD3D 
 160      41F5
 161 03c3 9C342B5E 		.ascii	"\2344+^u0\270L\312\272\344Y\261\331\317\351q\006\223"
 161      7530B84C 
 161      CABAE459 
 161      B1D9CFE9 
 161      710693
 162 03d6 C9B3E28A 		.ascii	"\311\263\342\212\350\216\253q\263\"\022\370u\300\264"
 162      E88EAB71 
 162      B32212F8 
 162      75C0B4
 163 03e5 3206C645 		.ascii	"2\006\306E\360\256\2111\220\330\363S\261\236'\343\354"
 163      F0AE8931 
 163      90D8F353 
 163      B19E27E3 
 163      EC
 164 03f6 2EF67C43 		.ascii	".\366|C\307\005\035q\366\363L\364\370/\310\204\374,"
 164      C7051D71 
 164      F6F34CF4 
 164      F82FC884 
 164      FC2C
 165 0408 69EED13C 		.ascii	"i\356\321<\206\336\314\347\"W\001'.P\364\321\312V\333"
 165      86DECCE7 
 165      22570127 
 165      2E50F4D1 
 165      CA56DB
 166 041b 566B4199 		.ascii	"VkA\231\243\324QTU\275\323\341\322\366o\027\275\264"
 166      A3D45154 
 166      55BDD3E1 
 166      D2F66F17 
 166      BDB4
 167 042d E515ABCB 		.ascii	"\345\025\253\313c\265\271\234NW\005\356\312\035\245"
 167      63B5B99C 
 167      4E5705EE 
ARM GAS  C:\Users\TUDENT~1\AppData\Local\Temp\cc1Ufh5g.s 			page 13


 167      CA1DA5
 168 043c 568FDB66 		.ascii	"V\217\333f\265\2259\355N\233\313m\317\2671\331\343x"
 168      B59539ED 
 168      4E9BCB6D 
 168      CFB731D9 
 168      E378
 169 044e CFAE9494 		.ascii	"\317\256\224\224;vU@\245\262\273\244\274\332\376\372"
 169      3B765540 
 169      A5B2BBA4 
 169      BCDAFEFA 
 170 045e 7AAC55BA 		.ascii	"z\254U\272\334U\036\353\033;\012\013\012\367\240A\262"
 170      DC551EEB 
 170      1B3B0A0B 
 170      0AF7A041 
 170      B2
 171 046f 56BC7B8B 		.ascii	"V\274{\2133\277\214m[\017\334\276\247\312ZPX\364f\221"
 171      33BF8C6D 
 171      5B0FDCBE 
 171      A7CA5A50 
 171      58F46691 
 172 0483 D551612B 		.ascii	"\325Qa+\257\336i\267\332\234\036\207\247x\227\315\206"
 172      AFDE69B7 
 172      DA9C1E87 
 172      A77897CD 
 172      86
 173 0494 26363DD5 		.ascii	"&6=\325\204\273\352\011\250\314\263\327\203\200\214"
 173      84BBEA09 
 173      A8CCB3D7 
 173      83808C
 174 04a3 C2A21D96 		.ascii	"\302\242\035\226\322\022\217\275\322\355x\321\222\263"
 174      D2128FBD 
 174      D2ED78D1 
 174      92B3
 175 04b1 89496EA6 		.ascii	"\211In\246G']\356\275\354?\333Z\247\374"
 175      47275DEE 
 175      BDEC3FDB 
 175      5AA7FC
 176              		.text
 177              		.section	.gnu.lto_chCoreGetStatusX.8740fd14,"",%progbits
 178 0000 789C6550 		.ascii	"x\234eP;O\302`\024\275\267_K\201D\376\200\016\254,6"
 178      3B4FC260 
 178      14BDB75F 
 178      4B8144FE 
 178      800EAC2C 
 179 0015 2E9A1037 		.ascii	".\232\02077\027\007\376\001\225\204&b\023\320\231O|"
 179      371707FE 
 179      01958426 
 179      6213D099 
 179      4F7C
 180 0027 10355117 		.ascii	"\0205Q\027\013>H\007\006\304\027\352\306`B\214n>I\234"
 180      0B3E4807 
 180      06C417EA 
 180      C660428C 
 180      6E3E499C 
 181 003b DC74C2E8 		.ascii	"\334t\302\350\240qT\360\336\2248\310\320\257\347\234"
 181      A07154F0 
 181      DE9438C8 
ARM GAS  C:\Users\TUDENT~1\AppData\Local\Temp\cc1Ufh5g.s 			page 14


 181      D0AFE79C 
 182 004b DEEF9C73 		.ascii	"\336\357\234s\253\201\002\016\002\214\002@?=(\000\225"
 182      AB81020E 
 182      028C0240 
 182      3F3D2800 
 182      95
 183 005c 8D5B8039 		.ascii	"\215[\2009\277\202\310@\372\021\262\012fq]\024\004>"
 183      BF82C840 
 183      FA11B20A 
 183      66715D14 
 183      043E
 184 006e 2C9CEC8A 		.ascii	",\234\354\2125\341\322\230J\364\343f\373%\304\0241L"
 184      35E1D298 
 184      4AF4E366 
 184      FB25C414 
 184      314C
 185 0080 74473697 		.ascii	"tG6\227\365HE\312\234l\024\276\202\305\263{\031p\205"
 185      F54845CA 
 185      9C6C14BE 
 185      82C5B37B 
 185      197085
 186 0093 025B34BE 		.ascii	"\002[4\276\207\003X\301\001\316\250b\004h\372\371\264"
 186      870358C1 
 186      01CEA862 
 186      0468FAF9 
 186      B4
 187 00a4 BDD9E753 		.ascii	"\275\331\347S\371+\211\373\350\243\036PkbC\266;y\331"
 187      F92B89FB 
 187      E8A31E50 
 187      6B6243B6 
 187      3B79D9
 188 00b7 F82E6367 		.ascii	"\370.cg\334\257\200+\204\240CU\031i\214||\350\300\316"
 188      DCAF802B 
 188      84A04355 
 188      19698C7C 
 188      7CE8C0CE 
 189 00cb B04297B9 		.ascii	"\260B\227\271\346*\021z\213\026\346\234\326\371U\210"
 189      E62A117A 
 189      8B16E69C 
 189      D6F95588 
 190 00db FD4A42A1 		.ascii	"\375JB\241\030g\361\342N\347\216\032rj\275\376\366\244"
 190      1867F1E2 
 190      4EE78E1A 
 190      726ABDFE 
 190      F6A4
 191 00ed 677FA49F 		.ascii	"g\177\244\237\2042'\223\366z\375x\031t\261\204\224\200"
 191      84322793 
 191      F67AFD78 
 191      1974B184 
 191      9480
 192 00ff 87B4EB01 		.ascii	"\207\264\353\001\027\305#t\021\310\3603\217\236\235"
 192      17C52374 
 192      11C8F033 
 192      8F9E9D
 193 010e 2047169C 		.ascii	" G\026\234\200\307\325\036?\354\365;\376\363\253\375"
 193      80C7D51E 
 193      3FECF53B 
ARM GAS  C:\Users\TUDENT~1\AppData\Local\Temp\cc1Ufh5g.s 			page 15


 193      FEF3ABFD 
 194 011e F7D3C882 		.ascii	"\367\323\310\202\204\371\342RW\36024o\250*<Q'\035\336"
 194      84F9E252 
 194      57F03234 
 194      6FA82A3C 
 194      51271DDE 
 195 0132 3117EE52 		.ascii	"1\027\356R\352Lk#\257K? jF\215\261\244\025\267b3\263"
 195      EA4C6B23 
 195      AF4B3F20 
 195      6A468DB1 
 195      A415B762 
 196 0148 9396EDE1 		.ascii	"\223\226\355\341\211\330\320\310\260ag\014\323N\245"
 196      89D8D0C8 
 196      B061670C 
 196      D34EA5
 197 0157 EC694253 		.ascii	"\354iBSV\334\310\244M\303L\246\022)\323N'\006M\370\005"
 197      56DCC8A4 
 197      4DC34CA6 
 197      1229D34E 
 197      27064DF8 
 198 016c 2D22914C 		.ascii	"-\"\221L"
 199              		.text
 200              		.section	.gnu.lto_.symbol_nodes.8740fd14,"",%progbits
 201 0000 789C55CB 		.ascii	"x\234U\313K\015\200@\020\203\341\2773\031\037\004'\370"
 201      4B0D8040 
 201      1083E1BF 
 201      33191F04 
 201      27F8
 202 0012 C1C3AC04 		.ascii	"\301\303\254\004\234\360\346\200\0104\261\204\323\366"
 202      9CF0E680 
 202      0834B184 
 202      D3F6
 203 0020 D2E44B1B 		.ascii	"\322\344K\033\030#5\266*az\240\326]\006\210Y\224\036"
 203      182335B6 
 203      2A617AA0 
 203      D65D0688 
 203      59941E
 204 0033 3C4EA9AB 		.ascii	"<N\251\253\223Xd?\\\362\017lS\252\371\330\256\264V\016"
 204      9358643F 
 204      5CF20F6C 
 204      53AAF9D8 
 204      AEB4560E 
 205 0047 A537C20B 		.ascii	"\2457\302\013\315\323\027\036"
 205      CDD3171E 
 206              		.text
 207              		.section	.gnu.lto_.refs.8740fd14,"",%progbits
 208 0000 789C05C1 		.ascii	"x\234\005\301\261\021\300 \000\003\261\177\033H\221"
 208      B111C020 
 208      0003B17F 
 208      1B4891
 209 000f A3A1618A 		.ascii	"\243\241a\212\354\277^\244I\370\200\201\232h\223\221"
 209      ECBF5EA4 
 209      49F88081 
 209      9A689391 
 210 001f 4E5C74EB 		.ascii	"N\\t\353\351\302\227\036\275y\250X~\026\333\000\326"
 210      E9C2971E 
 210      BD79A858 
ARM GAS  C:\Users\TUDENT~1\AppData\Local\Temp\cc1Ufh5g.s 			page 16


 210      7E16DB00 
 210      D6
 211              		.text
 212              		.section	.gnu.lto_.decls.8740fd14,"",%progbits
 213 0000 789CAD56 		.ascii	"x\234\255VkPTG\026\276g\3560\003\227\231\221\"\326\226"
 213      6B505447 
 213      16BE67EE 
 213      30039799 
 213      9122D696 
 214 0014 3FC82E45 		.ascii	"?\310.EU\012\363#<bmL\374\221\212\241v\243U\353\232"
 214      550AF323 
 214      3C626D4C 
 214      FC918AA1 
 214      76A355EB 
 215 0029 0D31B555 		.ascii	"\0151\265U;[\267\206a\224\251\300\214\313\014\273!\177"
 215      3B5BB786 
 215      6194A9C0 
 215      8CCB0CBB 
 215      217F
 216 003b 72513114 		.ascii	"rQ1\024/\211\257(j\034\205\020\020\020\024\026\242\006"
 216      2F89AF28 
 216      6A1C8510 
 216      10101416 
 216      A206
 217 004d 1D88B23E 		.ascii	"\035\210\262>@y\004\215Q\001\015\302\006\225\360\014"
 217      4079048D 
 217      51010DC2 
 217      0695F00C 
 218 005d 2212F674 		.ascii	"\"\022\366t\367\035\356u\0047\265\265\2678Cw\337\323"
 218      F71DEE75 
 218      0437B5B5 
 218      B7384377 
 218      DFD3
 219 006f DFF79DD3 		.ascii	"\337\367\235\323\247\273o\000\247\341\352\2039\356\327"
 219      A7BB6F00 
 219      A7E1EA83 
 219      39EED7
 220 007e 3CC76501 		.ascii	"<\307e\001\307\315\342\023\300q\\%\247<Z\264\243h'\321"
 220      C7CDE213 
 220      C0715C25 
 220      A73C5AB4 
 220      A36827D1 
 221 0092 BE423B23 		.ascii	"\276B;#\217]DkE\273\202\326\316=\371\374\025\261\010"
 221      8F5D446B 
 221      45BB82D6 
 221      CE3DF9FC 
 221      15B108
 222 00a5 CE7B682D 		.ascii	"\316{h-h\035h\027\320:\345\367 c\3767\2344t\324\343"
 222      681D6817 
 222      D03AE5F7 
 222      2063FE37 
 222      9C3474D4 
 223 00ba FF50B4C5 		.ascii	"\377P\264\305h\353\320\352\321\326\312x\035*<\242\017"
 223      68EBD0EA 
 223      D1D6CA78 
 223      1D2A3CA2 
 223      0F
ARM GAS  C:\Users\TUDENT~1\AppData\Local\Temp\cc1Ufh5g.s 			page 17


 224 00cb C3E0EEC8 		.ascii	"\303\340\356\310\230W\374\260\322\321Ix\006\326\017"
 224      9857FCB0 
 224      D2D14978 
 224      06D60F
 225 00da 68F7D146 		.ascii	"h\367\321FT\270z9\3461\264\011\264i\231g\006m\026M\263"
 225      54B87A39 
 225      E631B409 
 225      B4699967 
 225      066D164D 
 226 00ef 00D747C8 		.ascii	"\000\327G\310\245Sq\325\313\034o\373i>#c\\\221q\324"
 226      A55371D5 
 226      CB1C6FFB 
 226      693E2363 
 226      5C9171D4 
 227 0103 CFA73CD4 		.ascii	"\317\247<\324\345\235m\320t\303M@\037\010a\263\200\375"
 227      E59D6DD0 
 227      74C34D40 
 227      1F0861B3 
 227      80FD
 228 0115 0235DA9D 		.ascii	"\0025\332\235\365=\000t\034G5\364\2279\322!\360\315"
 228      F53D0074 
 228      1C4735F4 
 228      9739D221 
 228      F0CD
 229 0127 90FB1AB9 		.ascii	"\220\373\032\271\253\221!\351\237<\031T\210\3545c\362"
 229      AB9121E9 
 229      9F3C1954 
 229      88EC3563 
 229      F2
 230 0138 3D4C3B6B 		.ascii	"=L;k\320i\276\331\240Q\010\000\324\023T\200L\266\374"
 230      D069BED9 
 230      A0510800 
 230      D4135480 
 230      4CB6FC
 231 014b 7E4E1FA7 		.ascii	"~N\037\247\004\007\276\350G\366\266\364\013=p\213\214"
 231      0407BEE8 
 231      47F6B6F4 
 231      0B3D708B 
 231      8C
 232 015c 7ADE003A 		.ascii	"z\336\000:6x\354\346!\023\257\001\322\356\231*\375}"
 232      3678ECE6 
 232      2113AF01 
 232      D2EE992A 
 232      FD7D
 233 016e 5485C49E 		.ascii	"T\205\304\236\300\347\225\264\235\233\235\364.\312\347"
 233      C0E795B4 
 233      9D9B9DF4 
 233      2ECAE7
 234 017d 2154000D 		.ascii	"!T\000\015v;\206[\016\004cw\261\000!\330}\230\321\325"
 234      763B865B 
 234      0E046377 
 234      B10021D8 
 234      7D98D1D5 
 235 0191 282CD94D 		.ascii	"(,\331Mgm\226B4\360\336\257\240\002\302\240\034\302"
 235      676D9642 
 235      34F0DEAF 
 235      A002C2A0 
ARM GAS  C:\Users\TUDENT~1\AppData\Local\Temp\cc1Ufh5g.s 			page 18


 235      1CC2
 236 01a3 90BC1296 		.ascii	"\220\274\022\226\340o\202\226!\335\362|Q\243\213\360"
 236      E06F8296 
 236      21DDF27C 
 236      51A38BF0 
 237 01b3 489E5EC9 		.ascii	"H\236^\311;y'\362\366qI\312\304iZ\342\006e\300\303\021"
 237      3B7927F2 
 237      F67149CA 
 237      C4695AE2 
 237      0665C0C3 
 238 01c8 882292B1 		.ascii	"\210\"\222\261\211\277\245\320\003\360\005tc@G!\002"
 238      89BFA5D0 
 238      03F00574 
 238      63404721 
 238      02
 239 01d9 A7577764 		.ascii	"\247Wwd]0\361\177\242j\217VLW\013Z\262\220k\005\202"
 239      5D30F17F 
 239      A26A8F56 
 239      4C570B5A 
 239      B2906B05 
 240 01ee 4FD0CF97 		.ascii	"O\320\317\227\225\363(\014\007Hn\026\341P\325\375\023"
 240      95F3280C 
 240      07486E16 
 240      E150D5FD 
 240      13
 241 01ff 53463644 		.ascii	"SF6D<\212\247~\2547\3606\332n\337R\275\237gQiIvZ\013"
 241      3C8AA77E 
 241      AC37F036 
 241      DA6EDF52 
 241      BD9F6751 
 242 0218 BF37B1A8 		.ascii	"\2777\261\250\302?\3455\355\015\017n\007\302R\241\204"
 242      C23FE535 
 242      ED0D0F6E 
 242      07C252A1 
 242      84
 243 0229 84E51D38 		.ascii	"\204\345\0358\020q\252[\222\302\241\036\004\250Qt\256"
 243      1071AA5B 
 243      92C2A11E 
 243      04A85174 
 243      AE
 244 023a 251B204B 		.ascii	"%\033 K\2226I\005\233\245\240U\034\374\023\003\257\305"
 244      92364905 
 244      9BA5A055 
 244      1CFC1303 
 244      AFC5
 245 024c C0A10E96 		.ascii	"\300\241\016\226\022R\342\007\307q\360\030\016\"K\337"
 245      1252E207 
 245      C771F018 
 245      0E224BDF 
 246 025c F09E7B46 		.ascii	"\360\236{F\252\232 U\003\325\375M\345\271\222\000u\006"
 246      AA9A2055 
 246      03D5FD4D 
 246      E5B99200 
 246      7506
 247 026e D7195419 		.ascii	"\327\031T\031<A3\370%\310)\354\330\271\347\221\200)"
 247      3C4133F8 
 247      25C829EC 
ARM GAS  C:\Users\TUDENT~1\AppData\Local\Temp\cc1Ufh5g.s 			page 19


 247      D8B9E791 
 247      8029
 248 0280 EC2529DC 		.ascii	"\354%)\334\264|\204\245p\223\226\370A\225\"\255\312"
 248      B47C84A5 
 248      709396F8 
 248      419522AD 
 248      CA
 249 0291 3F852769 		.ascii	"?\205'i\012G\263\213\356\033\371v\240)\310\235\335\356"
 249      0A47B38B 
 249      EE1BF976 
 249      A029C89D 
 249      DDEE
 250 02a3 5924635D 		.ascii	"Y$c]|q\257\344\335\204\0124\024\351\224\202t\312\037"
 250      7C71AFE4 
 250      DD840A34 
 250      14E99482 
 250      74CA1F
 251 02b6 E92B8A54 		.ascii	"\351+\212T5R\275O\317\3671\244]\215U\031zu\010$<%\206"
 251      3552BD4F 
 251      CFF731A4 
 251      5D8D5519 
 251      7A750824 
 252 02cd D34F54C1 		.ascii	"\323OT\301\266\246.\017/W\301\325\362\220O6K\2458\315"
 252      B6A62E0F 
 252      2F57C1D5 
 252      F2904F36 
 252      4BA538CD 
 253 02e1 A3216ED0 		.ascii	"\243!n\320\240\0207\370\023\237\241\304\2039\0235\032"
 253      A01037F8 
 253      139FA1C4 
 253      83391335 
 253      1A
 254 02f2 7E821157 		.ascii	"~\202\021We\366\225\005\342\262\205\341\232\203j\301"
 254      65F69505 
 254      E2B285E1 
 254      9A836AC1 
 255 0302 C3D882D7 		.ascii	"\303\330\202\327z\307*\265\374\014\365\325\324\325\366"
 255      7AC72AB5 
 255      FC0CF5D5 
 255      D4D5F6
 256 0311 150A736B 		.ascii	"\025\012sk:{>*\363c\022\3569\224\372\265\302\0326\267"
 256      3A7B3E2A 
 256      F36312EE 
 256      3994FAB5 
 256      C21A36B7 
 257 0325 A6C38725 		.ascii	"\246\303\207%~\011\007\313\302 \006W\364,\256h\230\274"
 257      7E0907CB 
 257      C2200657 
 257      F42CAE68 
 257      98BC
 258 0337 A24D1859 		.ascii	"\242M\030Y#[\321\262\203\245g\215\374\020\335B\232\275"
 258      235BD1B2 
 258      83A5678D 
 258      FC10DD42 
 258      9ABD
 259 0349 BB1A6B4D 		.ascii	"\273\032kMs\014\223\335\0215\231\204\341<24+\014H8?"
 259      730C93DD 
ARM GAS  C:\Users\TUDENT~1\AppData\Local\Temp\cc1Ufh5g.s 			page 20


 259      11359984 
 259      E13C3234 
 259      2B0C4838 
 260 035e C5BFE6A7 		.ascii	"\305\277\346\247\350\234\336>\2421d\317\225\031\305"
 260      E89CDE3E 
 260      A23164CF 
 260      9519C5
 261 036d F3551A07 		.ascii	"\363U\032\007\027\300 o\324\301|\3571\303\013E\222\324"
 261      17C0206F 
 261      D4C17CEF 
 261      31C30B45 
 261      92D4
 262 037f 44B6D76F 		.ascii	"D\266\327o\312\2606\202\310k\3602r\325$/\315\355Ex\001"
 262      CAB03682 
 262      C86BF032 
 262      72D5242F 
 262      CDED4578 
 263 0394 A75DEBAB 		.ascii	"\247]\353\253=\006|\007O3v\360\\WfPh\001\011\240\200"
 263      3D067C07 
 263      4F3376F0 
 263      5C576650 
 263      680109A0 
 264 03a9 543C21A3 		.ascii	"T<!\243gI\013\204\316\235\0107\256\036\276\036\214D"
 264      67490B84 
 264      CE9D0837 
 264      AE1EBE1E 
 264      8C44
 265 03bb BD18E5E5 		.ascii	"\275\030\345\345\302\305\333%\317\022\362\036.\021T"
 265      C2C5DB25 
 265      CF12F21E 
 265      2E1154
 266 03ca E24C1BD0 		.ascii	"\342L\033\320J\341Gv]\337\301\363\275\014\376\370\301"
 266      4AE14776 
 266      5DDFC1F3 
 266      BD0CFEF8 
 266      C1
 267 03db DC0CAD2C 		.ascii	"\334\014\255,\261yO\350\366\315\322*\252\360\362S\012"
 267      B1794FE8 
 267      F6CDD22A 
 267      AAF0F253 
 267      0A
 268 03ec 2F53882B 		.ascii	"/S\210+\024b\"{\354\256\221\037`\020c[\253\033\002d"
 268      1462227B 
 268      ECAE911F 
 268      6010635B 
 268      AB1B0264 
 269 0400 F2AB2AF2 		.ascii	"\362\253*\3626\0379m@;\235\331\330\323\225gT\347\216"
 269      361F396D 
 269      403B9DD9 
 269      D8D39567 
 269      54E78E
 270 0413 9029241D 		.ascii	"\220)$\035,w\344?:\027u\334\225@\355L`\025\347N\331"
 270      2C77E43F 
 270      3A1775DC 
 270      9540ED4C 
 270      6015E74E 
 271 0428 B9933A17 		.ascii	"\271\223:\027g}\276\315\310\2173M#\217\017\324\007\261"
ARM GAS  C:\Users\TUDENT~1\AppData\Local\Temp\cc1Ufh5g.s 			page 21


 271      677DBECD 
 271      C88F334D 
 271      238F0FD4 
 271      07B1
 272 043a C3643176 		.ascii	"\303d1vgz\012\012\364\3540\361\220\252<\324:\266[\340"
 272      677A0A0A 
 272      F4EC30F1 
 272      90AA3CD4 
 272      3AB65BE0 
 273 044e 719312DF 		.ascii	"q\223\022\337\361\023[\037\231\230\357s\330-\317\232"
 273      F1135B1F 
 273      9998EF73 
 273      D82DCF9A 
 274 045e 924C4216 		.ascii	"\222LB\026M8%\015U/\356u\222}\210\016\203oY-t=lxd\340"
 274      4D38250D 
 274      552FEE75 
 274      927D880E 
 274      836F592D 
 275 0478 732892B6 		.ascii	"s(\222\266\267h\364\236\016\226\206\001\010h%\276\243"
 275      B768F49E 
 275      0E968601 
 275      086825BE 
 275      A3
 276 0489 9BC3335E 		.ascii	"\233\3033^\200\357\344t\340S(!\374\360Gdx\276\262\273"
 276      80EFE474 
 276      E0532821 
 276      FCF04764 
 276      78BEB2BB 
 277 049d 8165778B 		.ascii	"\201ew\213\362t#\357M$*\224\002\351\010YjoNE\240\272"
 277      F27423EF 
 277      4D242A94 
 277      02E90859 
 277      6A6F4E45 
 278 04b3 1E08F655 		.ascii	"\036\010\366U\364\353\242\372zHU0\225\304\273\240\365"
 278      F4EBA2FA 
 278      7A485530 
 278      95C4BBA0 
 278      F5
 279 04c4 D0BE2041 		.ascii	"\320\276 A\346\310z&\007z\267\034\357\0334\250\261{"
 279      E6C87A26 
 279      077AB71C 
 279      EF1B34A8 
 279      B17B
 280 04d6 9F85DD7D 		.ascii	"\237\205\335}f\254]\300uo\363b\351|\246\313\360x3\302"
 280      66AC5DC0 
 280      756FF362 
 280      E97CA6CB 
 280      F07833C2 
 281 04ea E136AED0 		.ascii	"\3416\256\3205\254\035<\335T3\277\301\221w\361\322\276"
 281      35AC1D3C 
 281      DD5433BF 
 281      C19177F1 
 281      D2BE
 282 04fc 436BC077 		.ascii	"Ck\300w/D>}/D\262c\242c\333h\261\236/\320\262M|\361"
 282      2F443E7D 
 282      2F44B263 
 282      A263DB68 
ARM GAS  C:\Users\TUDENT~1\AppData\Local\Temp\cc1Ufh5g.s 			page 22


 282      B19E2FD0 
 283 0514 5A935675 		.ascii	"Z\223VuL\274\276w\224\210\033@mw\225M\034\271\340\321"
 283      4CBCBE77 
 283      94881B40 
 283      6D77954D 
 283      1CB9E0D1 
 284 0528 DF8FA146 		.ascii	"\337\217\241F\312\273\270\017\007\277\227\017\212\342"
 284      CABBB80F 
 284      07BF970F 
 284      8AE2
 285 0536 4F0EEBF8 		.ascii	"O\016\353\370}\214\243\371\364\215o\265 ,\235\027`p"
 285      7D8CA3F9 
 285      F48D6FB5 
 285      202C9D17 
 285      6070
 286 0548 1E80B913 		.ascii	"\036\200\271\023\245\231\236(?\240\230\177+b\006h\216"
 286      A5999E28 
 286      3FA0987F 
 286      2B620668 
 286      8E
 287 0559 C8281265 		.ascii	"\310(\022e\327uvk\027,\250{\276\202\212\241\252r\037"
 287      D775766B 
 287      172CA87B 
 287      BE828AA1 
 287      AA721F
 288 056c B4EF31F8 		.ascii	"\264\3571\370/\257rp\337\247Kp\217\301c\207\\a\323\225"
 288      2FAF7270 
 288      DFA74B70 
 288      8FC16387 
 288      5C61D395 
 289 0580 27E5F2D5 		.ascii	"'\345\362\325aw\262\312s\331\270 \333\220\217\355\001"
 289      6177B2CA 
 289      73D9B820 
 289      DB908FED 
 289      01
 290 0591 4BC27876 		.ascii	"K\302xv\346\244|\351\352\261[\332\277?\337\300\366\311"
 290      E6A47CE9 
 290      EAB15BDA 
 290      BF3FDFC0 
 290      F6C9
 291 05a3 ABA4D6DA 		.ascii	"\253\244\326\332*\232\215\376b\206\021\354G\0126B\305"
 291      2A9A8DFE 
 291      628611EC 
 291      470A3642 
 291      C5
 292 05b4 0C313123 		.ascii	"\01411#TLn\346\221\014=_\3146\326\205\235%;\015x\257"
 292      544C6EE6 
 292      910C3D5F 
 292      CC36D685 
 292      9D253B0D 
 293 05ca 78F15E19 		.ascii	"x\361^\031\313\343\207\312\267Jmx\257\254\242_!0\252"
 293      CBE387CA 
 293      B74A6D78 
 293      AFACA25F 
 293      2130AA
 294 05dd A46BD4FF 		.ascii	"\244k\324\377b\031\243\027K\311\344\303\034\023\337"
 294      6219A317 
ARM GAS  C:\Users\TUDENT~1\AppData\Local\Temp\cc1Ufh5g.s 			page 23


 294      4BC9E4C3 
 294      1C13DF
 295 05ec C3C03267 		.ascii	"\303\3002gF{M2\330\245\003\374\221\232>I\302\223a\013"
 295      467B4D32 
 295      D8A503FC 
 295      919A3E49 
 295      C293610B 
 296 0600 B08F9571 		.ascii	"\260\217\225q\005m\334\037m\202\242]\353oJ\344K\003"
 296      056DDC1F 
 296      6D82A25D 
 296      EB6F4AE4 
 296      4B03
 297 0612 28D891CA 		.ascii	"(\330\221\312\317\252M|\035\353\3444}\275_\207\337\000"
 297      CFAA4D7C 
 297      1DEBE434 
 297      7DBD5F87 
 297      DF00
 298 0624 30497728 		.ascii	"0Iw(\2164M\365\204\320\217\002\262\254\354[\346lu\371"
 298      8E344DF5 
 298      84D08F02 
 298      B2ACEC5B 
 298      E66C75F9 
 299 0638 8C69C1AF 		.ascii	"\214i\301\257\252G\364>\235\362}\023\364\357\333]\035"
 299      AA47F43E 
 299      9DF27D13 
 299      F4EFDB5D 
 299      1D
 300 0649 2C6B1DF8 		.ascii	",k\035\370\222\317/\353\316\225<\031\322\033\3475\304"
 300      92CF2FEB 
 300      CE953C19 
 300      D21BE735 
 300      C4
 301 065a 137EF269 		.ascii	"\023~\362i\205\207\250\376'\177\271\323Tn\333\320\251"
 301      8587A8FE 
 301      277FB9D3 
 301      546EDBD0 
 301      A9
 302 066b DC60FE63 		.ascii	"\334`\376c\035\225X\272%\177V'\003N\346\361\331y\227"
 302      1D9558BA 
 302      257F5627 
 302      034EE6F1 
 302      D97997
 303 067e 18E02A1A 		.ascii	"\030\340*\032\373c%\366\307\376`3\024\254\367\340\300"
 303      FB6325F6 
 303      C7FE6033 
 303      14ACF7E0 
 303      C0
 304 068f 0E23BF83 		.ascii	"\016#\277\203\201]:]\324\025\240d\362;\277L\376\254"
 304      815D3A5D 
 304      D415A064 
 304      F23BBF4C 
 304      FEAC
 305 06a1 A0FDEC8F 		.ascii	"\240\375\354\2176\013\021\234 Z\235\2516\321\356\260"
 305      360B119C 
 305      205A9DA9 
 305      36D1EEB0 
 306 06b1 BB03DFFA 		.ascii	"\273\003\337\372\343\272\360\270\330Xn\205uEt\\\222"
ARM GAS  C:\Users\TUDENT~1\AppData\Local\Temp\cc1Ufh5g.s 			page 24


 306      E3BAF0B8 
 306      D8586E85 
 306      7545745C 
 306      92
 307 06c2 3DC11EEF 		.ascii	"=\301\036\357NK\264;Y{m|\354\362W\242\235\256h\2533"
 307      4E4BB43B 
 307      597B6D7C 
 307      ECF257A2 
 307      9DAE68AB 
 308 06d7 25C5E9C0 		.ascii	"%\305\351\300V\262=!\332\225j\215\266&\245\330R\010"
 308      56B23D21 
 308      DA956A8D 
 308      B626A5D8 
 308      5208
 309 06e9 4A94957B 		.ascii	"J\224\225{\316\232\024\207\255\225\311\311N\353\312"
 309      CE9A1487 
 309      AD95C9C9 
 309      4EEBCA
 310 06f8 64FB0687 		.ascii	"d\373\006\207-q\265\316e\377\320&\272\023\255+\314V"
 310      2D71B5CE 
 310      65FFD026 
 310      BA13AD2B 
 310      CC56
 311 070a 82E4A2A8 		.ascii	"\202\344\242\250f\267\323\231\3542op\244\205\323V\270"
 311      66B7D399 
 311      EC326F70 
 311      A485D356 
 311      B8
 312 071b 253525DC 		.ascii	"%5%\334\226\222`KL\264%\232_\211Z\026\376rL\354\362"
 312      9692604B 
 312      4CB4259A 
 312      5F895A16 
 312      FE724CEC 
 313 0730 BFC59A91 		.ascii	"\277\305\232\221\306\274\301j5\343\373\227\034N\207"
 313      C6BCC16A 
 313      35E3FB97 
 313      1C4E87
 314 073f ED259B25 		.ascii	"\355%\233%\301N\034\242b\315v\20759-\321fv\271q\326"
 314      C14E1CA2 
 314      62CD7687 
 314      35392DD1 
 314      6676B971 
 315 0754 FAA8242E 		.ascii	"\372\250$.\364i\376\0206\364\226\315\035\357\266\270"
 315      F469FE10 
 315      36F496CD 
 315      1DEFB6B8 
 316 0764 D35C7FD6 		.ascii	"\323\\\177\326;l\037\270Qr\220(\246\331\035\356WE\367"
 316      3B6C1FB8 
 316      51729028 
 316      A6D91DEE 
 316      5745F7
 317 0777 FAFF51DA 		.ascii	"\372\377Q\332\223\222|bR,\210\345\260\231E\224dIKv\213"
 317      93927C62 
 317      522C88E5 
 317      B0994594 
 317      64494B76 
 318 078c EEF48D36 		.ascii	"\356\364\2156\027\212\323\313t\177\371\277\322\271\322"
ARM GAS  C:\Users\TUDENT~1\AppData\Local\Temp\cc1Ufh5g.s 			page 25


 318      178AD3CB 
 318      747FF9BF 
 318      D2B9D2
 319 079b 5D661113 		.ascii	"]f\021\023\200\330\310a\024\305$\233e\243\230`q\331"
 319      80D8C861 
 319      14C5249B 
 319      65A39860 
 319      71D9
 320 07ad 44516773 		.ascii	"DQgs$b\244\006y\020{\242\210\036\353\323\034VQ\214\372"
 320      2462A406 
 320      79107BA2 
 320      881EEBD3 
 320      1C56518C 
 321 07c2 ED6B31AF 		.ascii	"\355k1\257\005\372zZk\222%U`)"
 321      05FA7A5A 
 321      6B922555 
 321      6029
 322 07d0 59F6B2E8 		.ascii	"Y\366\262\350\016\3645\202\254I\361\351\256?8\255\357"
 322      0EF43582 
 322      AC49F1E9 
 322      AE3F38AD 
 322      EF
 323 07e1 C73CB32E 		.ascii	"\307<\263.R\335\321\262$\254\010\024\205b\2026:S\335"
 323      52DDD1B2 
 323      24AC0814 
 323      85628236 
 323      3A53DD
 324 07f4 222EC5FB 		.ascii	"\".\305\373\257\377\222\222\"\336\256\350\225\357\254"
 324      AFFF9292 
 324      22DEAEE8 
 324      95EFAC
 325 0803 895BF301 		.ascii	"\211[\363\001b\320\302\374\373\362\024\026\225\313\346"
 325      62D0C2FC 
 325      FBF21416 
 325      95CBE6
 326 0812 16DF5C19 		.ascii	"\026\337\\\031\377\273\267\337Ym\264$\377\303\222\356"
 326      FFBBB7DF 
 326      596DB424 
 326      FFC392EE 
 327 0822 C2A24DC6 		.ascii	"\302\242M\306<\277\371K\240q\305\243\343\326\304\257"
 327      3CBFF94B 
 327      A071C5A3 
 327      E3D6C4AF 
 328 0832 8E5734A6 		.ascii	"\216W4\246\270\354.\021\013\013\341\203i\210\353\034"
 328      B8EC2E11 
 328      0B0BE183 
 328      6988EB1C 
 329 0842 446930D5 		.ascii	"Di0\325\234F\333\377\001~\364\245\347"
 329      9C46DBFF 
 329      017EF4A5 
 329      E7
 330              		.text
 331              		.section	.gnu.lto_.symtab.8740fd14,"",%progbits
 332 0000 5F636F72 		.ascii	"_core_init\000"
 332      655F696E 
 332      697400
 333 000b 00       		.ascii	"\000"
ARM GAS  C:\Users\TUDENT~1\AppData\Local\Temp\cc1Ufh5g.s 			page 26


 334 000c 00       		.ascii	"\000"
 335 000d 00       		.ascii	"\000"
 336 000e 00000000 		.ascii	"\000\000\000\000\000\000\000\000"
 336      00000000 
 337 0016 AE000000 		.ascii	"\256\000\000\000"
 338 001a 6368436F 		.ascii	"chCoreAllocAlignedI\000"
 338      7265416C 
 338      6C6F6341 
 338      6C69676E 
 338      65644900 
 339 002e 00       		.ascii	"\000"
 340 002f 00       		.ascii	"\000"
 341 0030 00       		.ascii	"\000"
 342 0031 00000000 		.ascii	"\000\000\000\000\000\000\000\000"
 342      00000000 
 343 0039 BA000000 		.ascii	"\272\000\000\000"
 344 003d 6368436F 		.ascii	"chCoreAllocAligned\000"
 344      7265416C 
 344      6C6F6341 
 344      6C69676E 
 344      656400
 345 0050 00       		.ascii	"\000"
 346 0051 00       		.ascii	"\000"
 347 0052 00       		.ascii	"\000"
 348 0053 00000000 		.ascii	"\000\000\000\000\000\000\000\000"
 348      00000000 
 349 005b BC000000 		.ascii	"\274\000\000\000"
 350 005f 6368436F 		.ascii	"chCoreGetStatusX\000"
 350      72654765 
 350      74537461 
 350      74757358 
 350      00
 351 0070 00       		.ascii	"\000"
 352 0071 00       		.ascii	"\000"
 353 0072 00       		.ascii	"\000"
 354 0073 00000000 		.ascii	"\000\000\000\000\000\000\000\000"
 354      00000000 
 355 007b BF000000 		.ascii	"\277\000\000\000"
 356 007f 5F5F6865 		.ascii	"__heap_base__\000"
 356      61705F62 
 356      6173655F 
 356      5F00
 357 008d 00       		.ascii	"\000"
 358 008e 02       		.ascii	"\002"
 359 008f 00       		.ascii	"\000"
 360 0090 00000000 		.ascii	"\000\000\000\000\000\000\000\000"
 360      00000000 
 361 0098 CD000000 		.ascii	"\315\000\000\000"
 362 009c 5F5F6865 		.ascii	"__heap_end__\000"
 362      61705F65 
 362      6E645F5F 
 362      00
 363 00a9 00       		.ascii	"\000"
 364 00aa 02       		.ascii	"\002"
 365 00ab 00       		.ascii	"\000"
 366 00ac 00000000 		.ascii	"\000\000\000\000\000\000\000\000"
 366      00000000 
ARM GAS  C:\Users\TUDENT~1\AppData\Local\Temp\cc1Ufh5g.s 			page 27


 367 00b4 D1000000 		.ascii	"\321\000\000\000"
 368              		.text
 369              		.section	.gnu.lto_.opts,"",%progbits
 370 0000 272D666D 		.ascii	"'-fmath-errno' '-fsigned-zeros' '-ftrapping-math' '"
 370      6174682D 
 370      6572726E 
 370      6F272027 
 370      2D667369 
 371 0033 2D666E6F 		.ascii	"-fno-trapv' '-fno-openmp' '-fno-openacc' '-mcpu=cor"
 371      2D747261 
 371      70762720 
 371      272D666E 
 371      6F2D6F70 
 372 0066 7465782D 		.ascii	"tex-m3' '-mno-thumb-interwork' '-mthumb' '-ggdb' '-"
 372      6D332720 
 372      272D6D6E 
 372      6F2D7468 
 372      756D622D 
 373 0099 4F322720 		.ascii	"O2' '-fomit-frame-pointer' '-falign-functions=16' '"
 373      272D666F 
 373      6D69742D 
 373      6672616D 
 373      652D706F 
 374 00cc 2D666675 		.ascii	"-ffunction-sections' '-fdata-sections' '-fno-common"
 374      6E637469 
 374      6F6E2D73 
 374      65637469 
 374      6F6E7327 
 375 00ff 2720272D 		.ascii	"' '-flto'\000"
 375      666C746F 
 375      2700
 376              		.text
 377              		.comm	__gnu_lto_v1,1,1
 378              		.comm	__gnu_lto_slim,1,1
 379              		.ident	"GCC: (GNU Tools for ARM Embedded Processors 6-2017-q1-update) 6.3.1 20170215 (release) [AR
ARM GAS  C:\Users\TUDENT~1\AppData\Local\Temp\cc1Ufh5g.s 			page 28


DEFINED SYMBOLS
                            *ABS*:00000000 chmemcore.c
                            *COM*:00000001 __gnu_lto_v1
                            *COM*:00000001 __gnu_lto_slim

NO UNDEFINED SYMBOLS
