ARM GAS  C:\Users\TUDENT~1\AppData\Local\Temp\cciwwgys.s 			page 1


   1              		.cpu cortex-m3
   2              		.eabi_attribute 20, 1
   3              		.eabi_attribute 21, 1
   4              		.eabi_attribute 23, 3
   5              		.eabi_attribute 24, 1
   6              		.eabi_attribute 25, 1
   7              		.eabi_attribute 26, 1
   8              		.eabi_attribute 30, 2
   9              		.eabi_attribute 34, 1
  10              		.eabi_attribute 18, 4
  11              		.file	"chvt.c"
  12              		.text
  13              	.Ltext0:
  14              		.section	.gnu.lto_.profile.8740e6be,"",%progbits
  15 0000 789C6365 		.ascii	"x\234ce`b`a```dPW\001\000\000\362\000X"
  15      60626061 
  15      60606064 
  15      50570100 
  15      00F20058 
  16              		.text
  17              		.section	.gnu.lto_.icf.8740e6be,"",%progbits
  18 0000 789C6365 		.ascii	"x\234ce`b\020a@\000f\206\306W\223623\355\336}e3\027"
  18      60621061 
  18      40006686 
  18      C6579336 
  18      3233EDDE 
  19 0018 F397250D 		.ascii	"\363\227%\015\357y\031\000]\317\010\360"
  19      EF791900 
  19      5DCF08F0 
  20              		.text
  21              		.section	.gnu.lto_.jmpfuncs.8740e6be,"",%progbits
  22 0000 789C6365 		.ascii	"x\234ce`b\020e@\000f fba\004\002\376z `\0062\352\031"
  22      60621065 
  22      40006620 
  22      66626104 
  22      02FE7A20 
  23 0019 00174F02 		.ascii	"\000\027O\002\272"
  23      BA
  24              		.text
  25              		.section	.gnu.lto_.inline.8740e6be,"",%progbits
  26 0000 789C6365 		.ascii	"x\234ce`b(`@\000f\006\006v6F\006&\216\003v\014l\013"
  26      60622860 
  26      40006606 
  26      06763646 
  26      06268E03 
  27 0018 E4994062 		.ascii	"\344\231@bL\014\242G\031\200b\362\357^\2603p\257pc\202"
  27      4C0CA247 
  27      198062F2 
  27      EF5EB033 
  27      70AF7063 
  28 002d 28E4E365 		.ascii	"(\344\343edfP`\004i\021\000\222\016`\266\002\007\337"
  28      64665060 
  28      04691100 
  28      920E60B6 
  28      0207DF
  29 0040 865C068E 		.ascii	"\206\\\006\216\017zL\014\214/\330Y $\210\340\00039@"
  29      0F7A4C0C 
ARM GAS  C:\Users\TUDENT~1\AppData\Local\Temp\cciwwgys.s 			page 2


  29      8C2FD859 
  29      202488E0 
  29      00333940 
  30 0054 84009829 		.ascii	"\204\000\230)\000\266\017\000K\345\017E"
  30      00B60F00 
  30      4BE50F45 
  31              		.text
  32              		.section	.gnu.lto_.pureconst.8740e6be,"",%progbits
  33 0000 789C6365 		.ascii	"x\234ce`b`g```f\220b\222b\226\002\000\001\316\000e"
  33      60626067 
  33      60606066 
  33      90629262 
  33      96020001 
  34              		.text
  35              		.section	.gnu.lto__vt_init.8740e6be,"",%progbits
  36 0000 789C8D93 		.ascii	"x\234\215\223MOSA\030\205\3373S\332\233\232\27241\372"
  36      4D4F5341 
  36      1885DF33 
  36      53DA9B9A 
  36      BA3431FA 
  37 0014 0788D189 		.ascii	"\007\210\321\211\033H\330\232\270u\301?\260.h\\\220"
  37      1B48D89A 
  37      B875C13F 
  37      B02E685C 
  37      90
  38 0025 94CAB6B7 		.ascii	"\224\312\266\267DS\333\"\260\261\340\202\\\"\030\352"
  38      4453DB22 
  38      B0B1E082 
  38      5C2218EA 
  39 0035 472D55D1 		.ascii	"G-U\321^?\312\265\300\316P q\345N\215\001R\023\027l"
  39      5E3FCAB5 
  39      C0CE5020 
  39      71E54E8D 
  39      01521317 
  40 004a 2881FACE 		.ascii	"(\201\372\316\024\223n\274t\222\311L\346\314\274\347"
  40      14936EBC 
  40      7492C94C 
  40      E6CCBCE7 
  41 005a 3C99991E 		.ascii	"<\231\231\036\022t[\022]&\242\013\334!\011bj\203(e\011"
  41      12745B12 
  41      5D26A20B 
  41      DC210962 
  41      6A832865 
  42 006f 404F6C0B 		.ascii	"@Ol\013\224\024HbRNK\324\322\277\\\321\273hs\363\246"
  42      94144862 
  42      524E4BD4 
  42      D2BF5CD1 
  42      BB6873F3 
  43 0084 9BE7ED82 		.ascii	"\233\347\355\202\007\207\217?\342\256\033\026\321K\274"
  43      07878F3F 
  43      E2AE1B16 
  43      D14BBC
  44 0093 ED7BF9F8 		.ascii	"\355{\371\370a$\030h\257\243\200 x,m\303\263\217[i\333"
  44      61241868 
  44      AFA38020 
  44      782C6DC3 
  44      B38F5B69 
ARM GAS  C:\Users\TUDENT~1\AppData\Local\Temp\cciwwgys.s 			page 3


  45 00a8 6B3C8673 		.ascii	"k<\206s=H\224eY{\344\244\320\243\334\305X3}T\017\353"
  45      3D489465 
  45      597BE4A4 
  45      D0A3DCC5 
  45      58337D54 
  46 00be 135C257F 		.ascii	"\023\\%\177\257V\017MHG\002\272\250\3536\276\205\222"
  46      AF560F4D 
  46      484702BA 
  46      A8EB36BE 
  46      8592
  47 00d0 47B6C50B 		.ascii	"G\266\305\013\363\2720\257\355}\371\272\026v0\313)\004"
  47      F3BA30AF 
  47      ED7DF9BA 
  47      167630CB 
  47      2904
  48 00e2 9E71CAA7 		.ascii	"\236q\312\247\270h\204\211\312R\306RE\035t\356\234#"
  48      B8688489 
  48      CA52C652 
  48      451D74EE 
  48      9C23
  49 00f4 259EC3C1 		.ascii	"%\236\303\301\214\211\311\352\372\370\326\302?5\356"
  49      8C89C9EA 
  49      FAF8D6C2 
  49      3F35EE
  50 0103 C8005E40 		.ascii	"\310\000^@\315H\035\022E\250n\274^\376\307kOh\263R\247"
  50      CD481D12 
  50      45A86EBC 
  50      5EFEC76B 
  50      4F68B352 
  51 0118 596EB33A 		.ascii	"Yn\263:y\226k\335g\271\312r\017\226\240\330\251\214"
  51      79966BDD 
  51      67B9CA72 
  51      0F96A0D8 
  51      A98C
  52 012a 2419E207 		.ascii	"$\031\342\007\345\002N\220O\365}\345\307\370\332\227"
  52      E5024E90 
  52      4FF57DE5 
  52      C7F8DA97 
  53 013a F18D6614 		.ascii	"\361\215f\024\232q\271;\306\267\276\214\357\374\031"
  53      9A71B93B 
  53      C6B7BE8C 
  53      EFFC19
  54 0149 2B86D16D 		.ascii	"+\206\321m3\356\357d~\204\273E|\357\207\370\301\007"
  54      33EEEF64 
  54      7E84BB45 
  54      7CEF87F8 
  54      C107
  55 015b 31888F1A 		.ascii	"1\210\217\032\321\274\271O\006\361I\363\360\217\324"
  55      D1BCB94F 
  55      06F149F3 
  55      F08FD4
  56 016a 2F288456 		.ascii	"/(\204VK\242\312UwQ\333\337\311\315\237\3516\315\212"
  56      4BA2CA55 
  56      7751DBDF 
  56      C9CD9FE9 
  56      36CD8A
  57 017d 5F1AAF33 		.ascii	"_\032\2573M\276\3703\300\342\335\224\011c\341\263\016"
ARM GAS  C:\Users\TUDENT~1\AppData\Local\Temp\cciwwgys.s 			page 4


  57      4DBEF833 
  57      C0E2DD94 
  57      0963E1B3 
  57      0E
  58 018e 13D0616A 		.ascii	"\023\320aj&L\251\341\036D\332a\010\253\\\3627\306\346"
  58      264CA9E1 
  58      1E44DA61 
  58      08AB5CF2 
  58      37C6E6
  59 01a1 56C6CDD5 		.ascii	"V\306\315\325\233\337\223\345\027\310\337\200\257\350"
  59      9BDF93E5 
  59      17C8DF80 
  59      AFE8
  60 01af 5274405D 		.ascii	"Rt@]\033\212\335\214\015&\356\334\212\015\267\3477\006"
  60      1B8ADD8C 
  60      0D26EEDC 
  60      8A0DB7E7 
  60      3706
  61 01c1 AFF6F7A9 		.ascii	"\257\366\367\251\341\021\025O\250\221xTE\207F\023W\242"
  61      E111154F 
  61      A8917854 
  61      45874613 
  61      57A2
  62 01d3 F41764C5 		.ascii	"\364\027d\3054\227"
  62      3497
  63              		.text
  64              		.section	.gnu.lto_chVTDoSetI.8740e6be,"",%progbits
  65 0000 789C9D55 		.ascii	"x\234\235U[OTW\024\336\353\254s\346\314\015\247\261"
  65      5B4F5457 
  65      14DEEBAC 
  65      73E6CC0D 
  65      A7B1
  66 0012 60A8A10D 		.ascii	"`\250\241\015\0175\2044u\322>\364\366\322\007\037zy"
  66      0F358434 
  66      75D23EF4 
  66      F6D2071F 
  66      7A79
  67 0024 E983BF80 		.ascii	"\351\203\277\200b\2154\246\022\034I\372\304\201\341"
  67      628D34A6 
  67      121C49FA 
  67      C481E1
  68 0033 52D45AD3 		.ascii	"R\324Z\323\226K)\223CD\202\266E@T\004o#\202\200\035"
  68      964B2993 
  68      434482B6 
  68      45405404 
  68      6F238280 
  69 0048 A150542E 		.ascii	"\241PT.\245\017\2051\216\265\011\255U\023\233B\327\332"
  69      A50F8531 
  69      8EB509AD 
  69      55139B42 
  69      D7DA
  70 005a FBC05422 		.ascii	"\373\300T\"\330\262\223\231\331{\355\275\276\365}k\255"
  70      D8B29399 
  70      D97BEDBD 
  70      BEF57D6B 
  70      AD
  71 006b BDC7109A 		.ascii	"\275\307\020\232x\332-\304\273B\210\267\350\003.\001"
ARM GAS  C:\Users\TUDENT~1\AppData\Local\Temp\cciwwgys.s 			page 5


  71      78DA2DC4 
  71      BB4288B7 
  71      E8032E01 
  72 007b DAC12121 		.ascii	"\332\301!!\212\335\032\350j\202jr\321\255k\270\277_"
  72      8ADD1AE8 
  72      6A826A72 
  72      D1AD6BB8 
  72      BF5F
  73 008d 08CB6B94 		.ascii	"\010\313k\224\232\302\362\033\000l\267\334 \2124\324"
  73      9AC2F21B 
  73      006CB7DC 
  73      208A34D4 
  74 009d 0D28D274 		.ascii	"\015(\322t\241\306gX\203\320Sq\263K\313n\266hDk\346"
  74      A1C66758 
  74      83D05371 
  74      B34BCB6E 
  74      B668446B 
  75 00b2 5DE55659 		.ascii	"]\345VY\272\215B|\205\352\0144C6\235\032)m\253\307\003"
  75      BA8D427C 
  75      85EA0C34 
  75      43369D1A 
  75      296DABC7 
  76 00c7 6823804E 		.ascii	"h#\200N\313\337\257\326\315\254\343\245\006\231\264"
  76      CBDFAFD6 
  76      CDACE3A5 
  76      0699B4
  77 00d6 6C9EBD79 		.ascii	"l\236\275y\303\304\315 h~\364|W\237'\253\311\262J\254"
  77      C3C4CD20 
  77      687EF47C 
  77      579F27AB 
  77      C9B24AAC 
  78 00ea E8D89768 		.ascii	"\350\330\227h=o#\3027\200\004\010G!\003\216@\206 \223"
  78      3D6F23C2 
  78      37800408 
  78      4721038E 
  78      40862093 
  79 00fe 806F218B 		.ascii	"\200o!\213\216\367-<\210\006\024\260F\313\321\271X\304"
  79      8EF72D3C 
  79      880614B0 
  79      46CBD1B9 
  79      58C4
  80 0110 A7809FA2 		.ascii	"\247\200\237\242e\370\370\235\263^|Y\002\333Su3>\007"
  80      65F8F89D 
  80      B35E7C59 
  80      02DB5375 
  80      333E07
  81 0123 38568E56 		.ascii	"8V\216V\252\215:\034S\300-\004\374\235\004\326\005\264"
  81      AA8D3A1C 
  81      53C02D04 
  81      FC9D04D6 
  81      05B4
  82 0135 4AE0AFFF 		.ascii	"J\340\257\3778<\031\300\327\244\353\241\301\261\262"
  82      383C19C0 
  82      D7A4EBA1 
  82      C1B1B2
  83 0144 80E37AB9 		.ascii	"\200\343z\271>\365\213\260\365\266\215\006\264-ge\010"
  83      3EF58BB0 
ARM GAS  C:\Users\TUDENT~1\AppData\Local\Temp\cciwwgys.s 			page 6


  83      F5B68D06 
  83      B42D6765 
  83      08
  84 0155 6897CE2D 		.ascii	"h\227\316-\015w#\210oJ\347\223\235\025\007\027\235{"
  84      0D772388 
  84      6F4AE793 
  84      9D150717 
  84      9D7B
  85 0167 ABA42017 		.ascii	"\253\244 \027\034_\356J\025\351\200,>\177k\340~\334"
  85      1C5FEE4A 
  85      15E9802C 
  85      3E7F6BE0 
  85      7EDC
  86 0179 8D5BA46F 		.ascii	"\215[\244o{e\305\247\346\246F\351{\275~cq\330:b\351"
  86      7B65C5A7 
  86      E6A646E9 
  86      7BBD7E63 
  86      71D83A62 
  87 018e CCFBC4A3 		.ascii	"\314\373\304\243\274y\320\361X\264\262\325\213\357H"
  87      BC79D0F1 
  87      58B4B2D5 
  87      8BEF48
  88 019d D7F9D1C4 		.ascii	"\327\371\321\304\234\341\270\016\325\247\177\036\266"
  88      9CE1B80E 
  88      D5A77F1E 
  88      B6
  89 01aa 06D815E1 		.ascii	"\006\330\025\341\324\243\241\035\327_\332\347\253R\\"
  89      D4A3A11D 
  89      D75FDAE7 
  89      AB525C
  90 01b9 3A74C226 		.ascii	":t\302&8\011\233\032\027K\010\247\301\005Bh\213\033"
  90      38099B1A 
  90      174B08A7 
  90      C1054268 
  90      8B1B
  91 01cb ADA310B5 		.ascii	"\255\243\020\265\346\027*(\021\031\323'\356\257O\007"
  91      E6172A28 
  91      1119D327 
  91      EEAF4F07 
  92 01db C15B9AE0 		.ascii	"\301[\232\340M\035\270*\3241$\305\004\316\205\0078\235"
  92      4D1DB82A 
  92      D43124C5 
  92      04CE8507 
  92      389D
  93 01ed 5E79C647 		.ascii	"^y\306G2M\277<\230\"\015\001.d*[\323\370K\210\275\024"
  93      324DBF3C 
  93      98220D01 
  93      2E642A5B 
  93      D3F84B88 
  94 0203 919A6E1F 		.ascii	"\221\232n\037j\364\203\011(\251K\014\207M\246@\014\253"
  94      6AF48309 
  94      28A94B0C 
  94      874DA640 
  94      0CAB
  95 0215 CB7A864D 		.ascii	"\313z\206M.-J}\017\372\257|\342\267!RL\215\327\260\321"
  95      2E2D4A7D 
  95      0FFAAF7C 
ARM GAS  C:\Users\TUDENT~1\AppData\Local\Temp\cciwwgys.s 			page 7


  95      E2B72152 
  95      4C8DD7B0 
  96 022a 467784D2 		.ascii	"Fw\204\322\322\305\202hs\372\334\314)\014\266pSfr\272"
  96      D2C58268 
  96      73FADCCC 
  96      290CB670 
  96      536672BA 
  97 023e BBC1865A 		.ascii	"\273\301\206Z\331\221p\006\202\021*\224\004\037o\\\004"
  97      D9917006 
  97      82112A94 
  97      041F6F5C 
  97      04
  98 024f 5F15AD69 		.ascii	"_\025\255i\266\344\230\271\204f\300Y\211\006\214v\216"
  98      B6E498B9 
  98      8466C059 
  98      89068C76 
  98      8E
  99 0260 D14C1187 		.ascii	"\321L\021\207\222\206\273U\317\310d\221\274\010z8@w"
  99      9286BB55 
  99      CFC86491 
  99      BC087A38 
  99      4077
 100 0272 E24213B0 		.ascii	"\342B\023\260-\202\336\177\013\360H\001]]w\246\314\242"
 100      2D82DE7F 
 100      0BF04801 
 100      5D5D77A6 
 100      CCA2
 101 0284 BF2D3719 		.ascii	"\277-7\031\032\031\215l\267c\327z\275D\003l\364\302"
 101      1A198D6C 
 101      B763D77A 
 101      BD44036C 
 101      F4C2
 102 0296 052882F3 		.ascii	"\005(\202\363\016\205\003\247\333*\335\212B\303v\033"
 102      0E8503A7 
 102      DB2ADD8A 
 102      42C3761B 
 103 02a6 7D10951C 		.ascii	"}\020\225\0344U\274\276\375#\207\027w\017\001g\350\""
 103      3455BCBE 
 103      FD238717 
 103      770F0167 
 103      E822
 104 02b8 046B51D6 		.ascii	"\004kQ\326\257\007\202\222\336\006I\256\223\311y\311"
 104      AF078292 
 104      DE0649AE 
 104      93C979C9 
 105 02c8 BE8F76E9 		.ascii	"\276\217v\351\232S\222\303\265\345\323\023;\025M\177"
 105      9A5392C3 
 105      B5E5D313 
 105      3B154D7F 
 106 02d8 04B508FA 		.ascii	"\004\265\010\372\330!3)\306\257\304\014\305\0351)\313"
 106      D8213329 
 106      C6AFC40C 
 106      C51D3129 
 106      CB
 107 02e9 13F6A190 		.ascii	"\023\366\241\220\031\203\0252\206pI\262\345w\003z\035"
 107      19831532 
 107      867049B2 
ARM GAS  C:\Users\TUDENT~1\AppData\Local\Temp\cciwwgys.s 			page 8


 107      E577037A 
 107      1D
 108 02fa 3ECF25F9 		.ascii	">\317%\371\244H>\272\240w\006\343\240Z\211\210\0109"
 108      A4483EBA 
 108      A07706E3 
 108      A05A8988 
 108      0839
 109 030c 97274031 		.ascii	"\227'@1\210\305]\212\201o\031\203\314U\343\353\320'"
 109      88C55D8A 
 109      816F1983 
 109      CC55E3EB 
 109      D027
 110 031e E31B1CFF 		.ascii	"\343\033\034\3772\305\237\205\322\361K1G\215\024L\343"
 110      32C59F85 
 110      D2F14B31 
 110      478D144C 
 110      E3
 111 032f 1E00A546 		.ascii	"\036\000\245F{\330\232M\214p\262\343\365{@[\036\255"
 111      7BD89A4D 
 111      8C70B2E3 
 111      F57B405B 
 111      1EAD
 112 0341 AE759036 		.ascii	"\256u\2206\374\330\3351\001D\323pZ\263:1\331\264\206"
 112      FCD8DD31 
 112      0144D370 
 112      5AB33A31 
 112      D9B486
 113 0354 EE41E84F 		.ascii	"\356A\350O\346b\200\273\307\3216U\266N\361\011\374/"
 113      E66280BB 
 113      C7D13655 
 113      B64EF109 
 113      FC2F
 114 0366 6D088312 		.ascii	"m\010\203\022\317\305xWH\033S\033|v-\304\276O\002\305"
 114      CFC57857 
 114      481B531B 
 114      7C762DC4 
 114      BE4F02C5 
 115 037a 9858405D 		.ascii	"\230X@]\222\237\342\336\307\241\025\250\232\007V\204"
 115      929FE2DE 
 115      C7A115A8 
 115      9A075684 
 116 038a BB9AD439 		.ascii	"\273\232\3249\304p\272\202\233V5\\\016\267\376\011*"
 116      C470BA82 
 116      9B56355C 
 116      0EB7FE09 
 116      2A
 117 039b 8793E47E 		.ascii	"\207\223\344~XB\253N\374\334\267\206\032\3500\222\354"
 117      5842AB4E 
 117      FCDCB786 
 117      1AE83092 
 117      EC
 118 03ac 875146D3 		.ascii	"\207QF\323T\015n\227\231\252\006\251\377\251\006/2\324"
 118      540D6E97 
 118      99AA06A9 
 118      FFA9062F 
 118      32D4
 119 03be 8F49A831 		.ascii	"\217I\2501\231~\272ONg\245\021\220\203]\355y\014\315"
ARM GAS  C:\Users\TUDENT~1\AppData\Local\Temp\cciwwgys.s 			page 9


 119      997EBA4F 
 119      4E67A511 
 119      90835DED 
 119      790CCD
 120 03d1 5550AF25 		.ascii	"UP\257%Q\2573\3014\006\371\363\326\257K\265x\342\353"
 120      51AF33C1 
 120      3406F9F3 
 120      D6AF4BB5 
 120      78E2EB
 121 03e4 716385D7 		.ascii	"qc\205\327c\003\277\036\343+\275\036\005\034|\202\037"
 121      6303BF1E 
 121      E32BBD1E 
 121      051C7C82 
 121      1F
 122 03f5 0F93634F 		.ascii	"\017\223cOB\220y=\374kN\376y\233\260\260\2000E\250\277"
 122      4290793D 
 122      FC6B4EFE 
 122      799BB0B0 
 122      803045A8 
 123 040a D10DEEA8 		.ascii	"\321\015\356\250\221:\345?\310^\242Pj\022\340\013\271"
 123      913AE53F 
 123      C85EA250 
 123      6A12E00B 
 123      B9
 124 041b 6F04B7EC 		.ascii	"o\004\267\354\310{?okh\317\266\274]j\376\336\326\227"
 124      C87B3F6F 
 124      6B68CFB6 
 124      BC5D6AFE 
 124      DED697
 125 042e 5E7D25B8 		.ascii	"^}%\270kw\260 \024\334]\220\033\314\335Q\030\332\234"
 125      6B77B020 
 125      14DC5D90 
 125      1BCCDD51 
 125      18DA9C
 126 0441 2BB03094 		.ascii	"+\2600\224ol\373`g\316\307\256\302\320\366=\037\345"
 126      6F6CFB60 
 126      67CEC7AE 
 126      C2D0F63D 
 126      1FE5
 127 0453 627E4E01 		.ascii	"b~N\001\033B9\220\377\017\247\261\246\003"
 127      1B423990 
 127      FF0FA7B1 
 127      A603
 128              		.text
 129              		.section	.gnu.lto_chVTDoResetI.8740e6be,"",%progbits
 130 0000 789C9594 		.ascii	"x\234\225\224\315O\023A\030\207\347\267\357\266\273"
 130      CD4F1341 
 130      1887E7B7 
 130      EFB6BB
 131 000f ADCAD118 		.ascii	"\255\312\321\030\345\300\301\204\020\224\015\027M\270"
 131      E5C0C184 
 131      10940D17 
 131      4DB8
 132 001d FA0798C8 		.ascii	"\372\007\230\310\177`=\320\023\246T\256,U@\321\200\007"
 132      7F603DD0 
 132      13A654AE 
 132      2C5540D1 
ARM GAS  C:\Users\TUDENT~1\AppData\Local\Temp\cciwwgys.s 			page 10


 132      8007
 133 002f 2D88344B 		.ascii	"-\2104K\002MA\345\313O\212\212\025A\202A\015&\306\203"
 133      024D41E5 
 133      CB4F8A8A 
 133      15418241 
 133      0D26C683 
 134 0043 37250846 		.ascii	"7%\010F\023\215&&~\200\357;K\2551``\223\231\235\217"
 134      138D2626 
 134      7E80EF3B 
 134      4BAD3160 
 134      6093999D 
 135 0058 9D679E77 		.ascii	"\235g\236wfv\002\312P1S\251J\245\324\036N \005\343\374"
 135      667602CA 
 135      503153A9 
 135      4AA5D41E 
 135      4E2005E3 
 136 006d 33A51A6D 		.ascii	"3\245\032m\003\220\202kC5\030h@;u\020&[\026\263FY\306"
 136      0390826B 
 136      43351868 
 136      403B7510 
 136      265B16B3 
 137 0084 E527D7F1 		.ascii	"\345'\327\361s[\263\333\264\313#\245.q\222\007\031\224"
 137      735BB3DB 
 137      B4CB23A5 
 137      2E719207 
 137      1994
 138 0096 F157F3A7 		.ascii	"\361W\363\247F\272\251\215<\002L\256~~\332\365\266H"
 138      46BAA98D 
 138      3C024CAE 
 138      7E7EDAF5 
 138      B648
 139 00a8 AA064AB8 		.ascii	"\252\006J\270\232YX|eQ\005\024\227\007&\262\323\241"
 139      9A59587C 
 139      65510514 
 139      970726B2 
 139      D3A1
 140 00ba D2B4EB26 		.ascii	"\322\264\353&\334\334\302\005r\367zD\270\002b \006P"
 140      DCDCC205 
 140      72F77A44 
 140      B8026220 
 140      0650
 141 00cc 8C7E142B 		.ascii	"\214~\024+nR\270\212R\371\376\315\350\312\305\035A\263"
 141      6E52B88A 
 141      52F9FECD 
 141      E8CAC51D 
 141      41B3
 142 00de 373F27AE 		.ascii	"7?'\256!\010~\017\277@\316]Ymqssid\217\024\261<\217"
 142      21087E0F 
 142      BF40CE5D 
 142      596D7173 
 142      7369648F 
 143 00f6 20196B72 		.ascii	" \031krf\006$\013JfK[XCU+'\211\361,\031\362\246e$\306"
 143      6606240B 
 143      4A664B5B 
 143      5843552B 
 143      2789F12C 
 144 0110 97DB6720 		.ascii	"\227\333g \324\024I\274\311\246\311\347\226\250\223"
ARM GAS  C:\Users\TUDENT~1\AppData\Local\Temp\cciwwgys.s 			page 11


 144      D41449BC 
 144      C9A6C9E7 
 144      96A893
 145 011f D6FD36F3 		.ascii	"\326\3756\363\344\364v\017\251F\216\277\304\243@\212"
 145      E4F4760F 
 145      A9468EBF 
 145      C4A3408A 
 146 012f 431A6445 		.ascii	"C\032dE\351K/$\206,g\320\365\273\010C\360\320\251\327"
 146      E94B2F24 
 146      862C67D0 
 146      F5BB0843 
 146      F0D0A9D7 
 147 0143 05C37094 		.ascii	"\005\303p\224\260g\367\371ds]\024\375\203\332\357Q\020"
 147      B067F7F9 
 147      64735D14 
 147      FD83DAEF 
 147      5110
 148 0155 239A2221 		.ascii	"#\232\"!b4O\251\362)\201-\011\005q\275\200\272\241Q"
 148      62344FA9 
 148      F229812D 
 148      090571BD 
 148      80BAA151 
 149 0169 2793CDB3 		.ascii	"'\223\315\263\001\237%RL\024~2$M\2337\274Y\300\336\202"
 149      019F2552 
 149      4C147E32 
 149      244D9B37 
 149      BC59C0DE 
 150 017e C3282DB9 		.ascii	"\303(-\271\334\225_F{\213\353v[\363\014\341\335\361"
 150      DC955F46 
 150      7B8BEB76 
 150      5BF30CE1 
 150      DDF1
 151 0190 234ECE96 		.ascii	"#N\316\226\257\243\324\023S\232doH\032+\354@V\314\310"
 151      AFA3D413 
 151      539A646F 
 151      481A2BEC 
 151      4056CCC8 
 152 01a4 37BB9C37 		.ascii	"7\273\2347\013o\321l\274\300\273\273\031\263\360\206"
 152      0B6FD16C 
 152      BCC0BBBB 
 152      19B3F086 
 153 01b4 A47B8518 		.ascii	"\244{\205\030\357\213\231-\260\257K\335\031k=\334\356"
 153      EF8B992D 
 153      B0AF4BDD 
 153      196B3DDC 
 153      EE
 154 01c5 FF7A5998 		.ascii	"\377zY\230\3204\375;<\200\363\367\251\265\240\220\343"
 154      D034FD3B 
 154      3C80F3F7 
 154      A9B5A090 
 154      E3
 155 01d6 519ADEFF 		.ascii	"Q\232\336\377.\274F\377\323o\353S\235\315~xm5\374rm"
 155      2EBC46FF 
 155      D36FEB53 
 155      9DCD7E78 
 155      6D35FC72 
 156 01eb 6EE8959D 		.ascii	"n\350\225\235\344\266\367s/\247\302,\000\217B\230\344"
ARM GAS  C:\Users\TUDENT~1\AppData\Local\Temp\cciwwgys.s 			page 12


 156      E4B6F773 
 156      2FA7C22C 
 156      008F4298 
 156      E4
 157 01fc DFFFE1DA 		.ascii	"\337\377\341\332\344mc#gl\177\362\236\235\036\307\370"
 157      E46D6323 
 157      676C7FF2 
 157      9E9D1EC7 
 157      F8
 158 020d 48CFCE77 		.ascii	"H\317\316w\210\364N\237\233\357\313\367\306\344tL\301"
 158      88F44E9F 
 158      9BEFCBF7 
 158      C6E4744C 
 158      C1
 159 021e E9E473C5 		.ascii	"\351\344s\305j\323Z-\375\375\307'}5\230X]%<f\352G$z"
 159      6AD35A2D 
 159      FDFDC727 
 159      7D359858 
 159      5D253C66 
 160 0236 BEF4E93D 		.ascii	"\276\364\351=\321\227H++\360\337\310\253S\036\251r\016"
 160      D197482B 
 160      2BF0DFC8 
 160      AB531EA9 
 160      720E
 161 0248 D5448F46 		.ascii	"\325D\217F\253\343'\216Ek\375\362\341\352\312\203\007"
 161      ABE3278E 
 161      456BFDF2 
 161      E1EACA83 
 161      07
 162 0259 9CDA3A27 		.ascii	"\234\332:'\026w\352b\021'RS\037\257\210(\252\217\037"
 162      1677EA62 
 162      11275253 
 162      1FAF8828 
 162      AA8F1F
 163 026c FF0DCF2B 		.ascii	"\377\015\317+u\370"
 163      75F8
 164              		.text
 165              		.section	.gnu.lto_.symbol_nodes.8740e6be,"",%progbits
 166 0000 789C6365 		.ascii	"x\234ce`bp`\000\002\246\365\214\365\014\014\023\316"
 166      60627060 
 166      0002A6F5 
 166      8CF50C0C 
 166      13CE
 167 0012 313000A9 		.ascii	"10\000\251]\015\216\014\014\254\233\030\031\024@2\033"
 167      5D0D8E0C 
 167      0CAC9B18 
 167      19144032 
 167      1B
 168 0023 18EB1951 		.ascii	"\030\353\031Qd\23062\3263\241\2100\000\000\347\020\016"
 168      64983632 
 168      D633A188 
 168      300000E7 
 168      100E
 169 0035 C1       		.ascii	"\301"
 170              		.text
 171              		.section	.gnu.lto_.refs.8740e6be,"",%progbits
 172 0000 789C15C7 		.ascii	"x\234\025\307\261\015\000 \014\304@\373\0114\231\200"
ARM GAS  C:\Users\TUDENT~1\AppData\Local\Temp\cciwwgys.s 			page 13


 172      B10D0020 
 172      0CC440FB 
 172      09349980 
 173 0010 96FD8744 		.ascii	"\226\375\207Di|\362&<\340\240\306I\306\245\225`\351"
 173      697CF226 
 173      3CE0A0C6 
 173      49C6A595 
 173      60E9
 174 0022 9D693E0A 		.ascii	"\235i>\012\330\000\200"
 174      D80080
 175              		.text
 176              		.section	.gnu.lto_.decls.8740e6be,"",%progbits
 177 0000 789CB55A 		.ascii	"x\234\265Z{PTW\232\357sO74M\003YtSV-\265k\245HBm\022"
 177      7B505457 
 177      9AEF734F 
 177      37344D03 
 177      59745356 
 178 001c C1981827 		.ascii	"\301\230\030'\233\235\315V\266v655\263U\223Ij\253\342"
 178      9B9DCD56 
 178      B6763635 
 178      35B35593 
 178      496AABE2 
 179 0030 4C1742AB 		.ascii	"L\027B\253\314\360\232\346\242\346\257\271<T\360\211"
 179      CCF09AE6 
 179      A2E6AFB9 
 179      3C54F089 
 180 0040 2FDE28A2 		.ascii	"/\336(\242\"\010\010*\202\010(\240\"\240\342[A\336\210"
 180      2208082A 
 180      820828A0 
 180      22A0E25B 
 180      41DE88
 181 0053 280F0541 		.ascii	"(\017\005AQ\021a\277\363\350\276\267\233\333j\266v\272"
 181      511161BF 
 181      F3E8BEB7 
 181      9BDB6AB6 
 181      76BA
 182 0065 FCE8FEEE 		.ascii	"\374\350\376\356\375\316\367\373^\347\273\347\234\253"
 182      FDCEF7FB 
 182      5EE7BBE7 
 182      9CAB
 183 0073 4E236896 		.ascii	"N#h\226\177\244\321h\\4\032\011i43\360\321\002[\244"
 183      7FA4D168 
 183      5C341A09 
 183      693433F0 
 183      D1025BA4 
 184 0087 913F18E8 		.ascii	"\221?\030\3500P\007P\017\020\210i\006\221\306\356\363"
 184      30500750 
 184      0F108869 
 184      0691C6EE 
 184      F3
 185 0098 07E0DDE0 		.ascii	"\007\340\335\340\373\007\240!\370\375\000H\017t\035"
 185      FB07A021 
 185      F8FD0048 
 185      0F741D
 186 00a7 F861F83E 		.ascii	"\370a\370>\013\337\037\000\315\000\351\200\372\340\232"
 186      0BDF1F00 
 186      CD00E980 
ARM GAS  C:\Users\TUDENT~1\AppData\Local\Temp\cciwwgys.s 			page 14


 186      FAE09A
 187 00b6 00841153 		.ascii	"\000\204\021S\210\020\323{\330\211\376J\340\215\\\277"
 187      8810D37B 
 187      D889FE4A 
 187      E08D5CBF 
 188 00c6 37D05C0D 		.ascii	"7\320\\\015\323M\364\226\003}\317\365_u\300\327\003"
 188      D34DF496 
 188      037DCFF5 
 188      5F75C0D7 
 188      03
 189 00d7 7F1BE896 		.ascii	"\177\033\350\226\002\363&\374\276\006\324\242\341\330"
 189      02F326FC 
 189      BE06D4A2 
 189      E1D8
 190 00e5 DC3701E8 		.ascii	"\3347\001\350)\232\215}\006xw\025l+\236\325\006%.\204"
 190      299A8D7D 
 190      06787715 
 190      6C2B9ED5 
 190      06252E84 
 191 00f9 D30EC78A 		.ascii	"\323\016\307\212o\305\353\341xS*x)\030\225m>[-t\242"
 191      6FC5EBE1 
 191      78532A78 
 191      2918956D 
 191      3E5B2D74 
 192 010e 760432E8 		.ascii	"v\0042\350\035z\025!\366\027Q\242\354\214\365\203\020"
 192      1D7A1521 
 192      F61751A2 
 192      EC8CF583 
 192      10
 193 011f BD0E5705 		.ascii	"\275\016W\005+\200\365\022\262\216\340\274\300YAc\013"
 193      2B80F512 
 193      B28EE0BC 
 193      C0594163 
 193      0B
 194 0130 3AB9C073 		.ascii	":\271\300s kd\267\031\222\365cM\025\263\227jg\243\221"
 194      206B64B7 
 194      1992F563 
 194      4D15B397 
 194      6A67A391 
 195 0144 200320A4 		.ascii	" \003 \244\034\240P\310\314\346\367m\366id\347\220\325"
 195      1CA050C8 
 195      CCE6F76D 
 195      F66964E7 
 195      90D5
 196 0156 FBC76917 		.ascii	"\373\307i\027\373\015]\250\203\\\315\376\032\321k\353"
 196      FB0D5DA8 
 196      835CCDFE 
 196      1AD16BEB 
 197 0166 F6F54E7A 		.ascii	"\366\365NzbH\037\374\356z\221\367\237\013\012%\366\321"
 197      62481FFC 
 197      EE7A91F7 
 197      9F0B0A25 
 197      F6D1
 198 0178 FF831CB6 		.ascii	"\377\203\034\266s3\317j\274\266`\344m@\002\260\327F"
 198      7333CF6A 
 198      BCB660E4 
 198      6D4002B0 
ARM GAS  C:\Users\TUDENT~1\AppData\Local\Temp\cciwwgys.s 			page 15


 198      D746
 199 018a 2F66B903 		.ascii	"/f\271\003;\327\200\336\001\366y\314\315Z\303\274d:"
 199      3BD780DE 
 199      01F679CC 
 199      CD5AC3BC 
 199      643A
 200 019c 2A4E7A47 		.ascii	"*NzG@?\274\213\012\221\017*@>\000^\204\346\301\337e"
 200      403FBC8B 
 200      0A910F2A 
 200      403E005E 
 200      84E6C1DF 
 201 01b1 5AA6E968 		.ascii	"Z\246\351hSy\201\376\275l)\273[\252\271\237\363O\311"
 201      537981FE 
 201      BD6C29BB 
 201      5BAAB99F 
 201      F34FC9
 202 01c4 71521E8C 		.ascii	"qR\036\214\232O\244P>\302\350\020Z@,\206\237\3607\017"
 202      9A4FA450 
 202      3EC2E810 
 202      5A402C86 
 202      9FF0370F 
 203 01d8 75217410 		.ascii	"u!t\020u\202?\207\321{0\272\244:\376\262+\376\232\032"
 203      75823F87 
 203      D17B30BA 
 203      A43AFEB2 
 203      2BFE9A1A 
 204 01ec 7BB8F065 		.ascii	"{\270\360e\211AK\362\370\275\221\250\207KW\343K213S"
 204      89414BF2 
 204      F8BD91A8 
 204      874B57E3 
 204      4B323133 
 205 0201 4BDCBD94 		.ascii	"K\334\275\224~\327\223\2319_}\300\360\261\213\007\260"
 205      7ED79399 
 205      395F7DC0 
 205      F0B18B07 
 205      B0
 206 0212 53CB4BA9 		.ascii	"S\313K\251\345\307\0207\275\264\370b\226\301\270A\222"
 206      E5C71037 
 206      BDB4F862 
 206      96C1B841 
 206      92
 207 0223 62A5A438 		.ascii	"b\245\2448\311\355\277\310}t\024\244\217P\351\343\310"
 207      C9EDBFC8 
 207      7D7414A4 
 207      8F50E9E3 
 207      C8
 208 0234 C8AD07D9 		.ascii	"\310\255\007\331\274\362\235\005\356\370\327\304P\241"
 208      BCF29D05 
 208      EEF8D7C4 
 208      50A1
 209 0242 EB7C65AF 		.ascii	"\353|e\257;2\3729\031\211N ?\305\340\\bK\315\375\364"
 209      3B32FA39 
 209      19894E20 
 209      3FC5E05C 
 209      624BCDFD 
 210 0257 808C2B24 		.ascii	"\200\214+$.\345p\243L\216\013\3101\200\201\266\306`"
 210      2EE570A3 
ARM GAS  C:\Users\TUDENT~1\AppData\Local\Temp\cciwwgys.s 			page 16


 210      4C8E0BC8 
 210      318081B6 
 210      C660
 211 0269 EA0B1128 		.ascii	"\352\013\021(A\324\233\003\223/G\211\373\037\030\320"
 211      41D49B03 
 211      932F4789 
 211      FB1F18D0 
 212 0279 CC0C860B 		.ascii	"\314\014\206\013\305\303\025/<\330\005r\377\364\205"
 212      C5C3152F 
 212      3CD80572 
 212      FFF485
 213 0288 C65C23DE 		.ascii	"\306\\#\336\200\250UI{\0136\272!\203_\002\261\012\234"
 213      80A85549 
 213      7B0B36BA 
 213      21835F02 
 213      B10A9C
 214 029b D7F9696C 		.ascii	"\327\371il\256\243S`\022\014\"\240\250\022.\236\204"
 214      AEA35360 
 214      120C22A0 
 214      A8122E9E 
 214      84
 215 02ac 8BCCB091 		.ascii	"\213\314\260\221C\037\244\254\227$\001U#\003\252\222"
 215      431FA4AC 
 215      97240155 
 215      2303AA92 
 216 02bc 0DFBC0C0 		.ascii	"\015\373\300\300\354:\265\255\255\337\200\247\030\306"
 216      EC3AB5AD 
 216      ADDF80A7 
 216      18C6
 217 02ca 545CF288 		.ascii	"T\\\362\210\026\371\031\370\320\206O\317\256%Cka\350"
 217      16F919F8 
 217      D0864FCF 
 217      AE25436B 
 217      61E8
 218 02dc 69792868 		.ascii	"iy(h\202/U;jT\354\000\220\255\307\333\246\274p\017-"
 218      822F553B 
 218      6A54EC00 
 218      90ADC7DB 
 218      A6BC700F 
 219 02f1 5A212F2B 		.ascii	"Z!/+\343\241\213\015\344~\372g\271\024\344,\200\324"
 219      E3A18B0D 
 219      E47EFA67 
 219      B914E42C 
 219      80D4
 220 0303 C920B5CE 		.ascii	"\311 \265\316A\316\250\203\024\366?\277\204i\210\211"
 220      41CEA883 
 220      14F63FBF 
 220      84698889 
 221 0313 AA0A1662 		.ascii	"\252\012\026bk\345{\263\312O\257|\322\244c\254\036\330"
 221      6BE57BB3 
 221      CA4FAF7C 
 221      D2A463AC 
 221      1ED8
 222 0325 9EC2BA44 		.ascii	"\236\302\272D\027<\304&\323\203\206\211{z<\312\230\354"
 222      173CC426 
 222      D3838689 
 222      7B7A3CCA 
ARM GAS  C:\Users\TUDENT~1\AppData\Local\Temp\cciwwgys.s 			page 17


 222      98EC
 223 0337 BA9E4FF0 		.ascii	"\272\236O\360\004\373\235\324\376\242\312\035\277dL"
 223      04FB9DD4 
 223      FEA2CA1D 
 223      BF644C
 224 0346 4DE9C963 		.ascii	"M\351\311cF,a\312<\236\312*wc\352\346\002\373\252+)"
 224      462C61CA 
 224      3C9ECA2A 
 224      7763EAE6 
 224      02FBAA2B 
 225 035b C995D56F 		.ascii	"\311\225\325o6\002\276({<\013\343mL\266\346\345\211"
 225      3602BE28 
 225      7B3C0BE3 
 225      6D4CB6E6 
 225      E589
 226 036d 3623DE45 		.ascii	"6#\336E\031CyS\317\015#\232\343k\364\363\205\217\337"
 226      19437953 
 226      CF0D239A 
 226      E36BF4F3 
 226      858FDF
 227 0380 9C6D2416 		.ascii	"\234m$\026I\222\364\265V\203\232\301\245K\304\317\033"
 227      4992F4B5 
 227      56839AC1 
 227      A54BC4CF 
 227      1B
 228 0391 E0E71D34 		.ascii	"\340\347\0354\2078\212Z\341\367M\344\213Z\200\256\001"
 228      87388A5A 
 228      E1F74DE4 
 228      8B5A80AE 
 228      01
 229 03a2 DD02BA8D 		.ascii	"\335\002\272\215|\351|\317!A\252\031\031\236\337:\326"
 229      7CE97CCF 
 229      2141AA19 
 229      199EDF3A 
 229      D6
 230 03b3 2D491B8C 		.ascii	"-I\033\214\324\377F\010%\031l\213\332yZ\364\013\341"
 230      D4FF4608 
 230      25196C8B 
 230      DA795AF4 
 230      0BE1
 231 03c5 8F4651D8 		.ascii	"\217FQ\330WAD\236\022\327i\265\332J\3327s{\014\2244"
 231      5741449E 
 231      12D769B5 
 231      DA4ADA37 
 231      737B0C94 
 232 03da 91B92267 		.ascii	"\221\271\"g\006\264*@\227\264<\351\223\244\355F2\026"
 232      06B42A40 
 232      97B43CE9 
 232      93A4ED46 
 232      3216
 233 03ec 5DE0A0B6 		.ascii	"]\340\240\266\251\342o\303d\362\315\255\336;\342\244"
 233      A9E26FC3 
 233      64F2CDAD 
 233      DE3BE2A4 
 234 03fc 86003A0B 		.ascii	"\206\000:\013\032\034\245\231\211G\221,\337\331:\227"
 234      1A1CA599 
 234      8947912C 
ARM GAS  C:\Users\TUDENT~1\AppData\Local\Temp\cciwwgys.s 			page 18


 234      DFD93A97 
 235 040c C94307B8 		.ascii	"\311C\007\270\354(^\217\034\264O\376O\232T\023\217\251"
 235      EC285E8F 
 235      1CB44FFE 
 235      4F9A5413 
 235      8FA9
 236 041e 294DAAA6 		.ascii	")M\252\2460\335\314\277G-\357\304H\022\242\376p\337"
 236      30DDCCBF 
 236      472DEFC4 
 236      4812A2FE 
 236      70DF
 237 0430 C8473515 		.ascii	"\310G5\025\027\271\2667\245\002\362\334tl\264ZK\313"
 237      17B9B637 
 237      A502F2DC 
 237      746CB45A 
 237      4BCB
 238 0442 9098718E 		.ascii	"\220\230q\216\225\341\271u\233c=\235\366\255v\332\267"
 238      95E1B975 
 238      9B633D9D 
 238      F6AD76DA 
 238      B7
 239 0453 DAAC7D2B 		.ascii	"\332\254}+\256\272\363\011\206\226\333MZn\257\177\317"
 239      AEBAF309 
 239      8696DB4D 
 239      5A6EAF7F 
 239      CF
 240 0464 51498219 		.ascii	"QI\202\031\"i\211\034*\226\023Q\354\330s;h\317\355}"
 240      2269891C 
 240      2A961351 
 240      ECD8733B 
 240      68CFED7D 
 241 0478 503DA8C7 		.ascii	"P=\250\307\267y\205\246\2245z\331\254aM\264vm\321\036"
 241      B77985A6 
 241      94357AD9 
 241      AC614DB4 
 241      766DD11E 
 242 048c A35363BA 		.ascii	"\243Sc\272\2511]Vc\272\246Fv\032\2701c\376\020_\230"
 242      A9315D56 
 242      63BAA646 
 242      761AB831 
 242      63FE105F 
 243 04a1 8F305B41 		.ascii	"\2170[A\012 m\246t:\232\322CM\271\375\344Y\235\001\367"
 243      0A206DA6 
 243      743A9AD2 
 243      434DB9FD 
 243      E4599D01 
 244 04b6 31536606 		.ascii	"1Sf\006Z\367\361\3112J\037d\007\357l\306l\266H\256\300"
 244      5AF7F1C9 
 244      324A1F64 
 244      07EF6CC6 
 244      6CB648AE 
 245 04cb 678C770C 		.ascii	"g\214w\014\360\373~\300fv\325ur\366,]\011t\355L4\362"
 245      F0FB7EC0 
 245      6676D575 
 245      72F62C5D 
 245      0974ED4C 
 246 04e1 C9451E16 		.ascii	"\311E\036\026#=q\373\275\360}\246;\373BB\263\033\036"
ARM GAS  C:\Users\TUDENT~1\AppData\Local\Temp\cciwwgys.s 			page 19


 246      233D71FB 
 246      BDF07DA6 
 246      3BFB4242 
 246      B31B1E
 247 04f4 624C4952 		.ascii	"bLIRL\014\306/\031s\363y\365\244\021\257\325\022F\333"
 247      4C0CC62F 
 247      1973F379 
 247      F5A411AF 
 247      D51246DB 
 248 0508 BD6F6C08 		.ascii	"\275ol\010Z\217\017B\006\240\\\353\203S\203\036\301"
 248      5A8F0F42 
 248      06A05CEB 
 248      8353831E 
 248      C1
 249 0519 8C19223E 		.ascii	"\214\031\">\260O\272\004\215g\364\257\3442kA\2439\022"
 249      B04FBA04 
 249      8D67F4AF 
 249      E4326B41 
 249      A33912
 250 052c 9EA7418B 		.ascii	"\236\247A\213|P\000T\3030T\000\271\245A#\020\266\207"
 250      7C500054 
 250      C3305400 
 250      B9A54123 
 250      10B687
 251 053f 10B67449 		.ascii	"\020\266tIO\257\220nqio\206\233\201\217Jx\355(\220\036"
 251      4FAF906E 
 251      71696F86 
 251      9B818F4A 
 251      78ED2890 
 252 0554 1D6FBF21 		.ascii	"\035o\277!(\237Q\243`\211<!\037\263\011\011\202\215"
 252      289F51A3 
 252      60893C21 
 252      1FB30909 
 252      828D
 253 0566 4F121F51 		.ascii	"O\022\037Q\301\270\327\013\342]\345\205`\314\034_?V"
 253      C1B8D70B 
 253      E25DE585 
 253      60CC1C5F 
 253      3F56
 254 0578 C871B490 		.ascii	"\310q\264\220m\263`\000r6\316\013\371)\030\364\304\326"
 254      6DB36000 
 254      7236CE0B 
 254      F92918F4 
 254      C4D6
 255 058a 43E2E3C8 		.ascii	"C\342\343\310t\016x\220z\217N\3471(\227A.\2542\235\331"
 255      740E7890 
 255      7A8F4EE7 
 255      31289741 
 255      2EAC329D 
 256 059f 14EAEF62 		.ascii	"\024\352\357bSh\334~\012\221\316\232\370\264X\2137\320"
 256      5368DC7E 
 256      0A91CE9A 
 256      F8B4588B 
 256      37D0
 257 05b1 B00B4383 		.ascii	"\260\013C\203\275\227=\221\337\034k_\3718+\211\364\225"
 257      BD973D91 
 257      DF1C6B5F 
ARM GAS  C:\Users\TUDENT~1\AppData\Local\Temp\cciwwgys.s 			page 20


 257      F9382B89 
 257      F495
 258 05c3 E7A07A42 		.ascii	"\347\240zB\256\241q\332WT\255~\006\226\252Y\015@\217"
 258      AEA171DA 
 258      5754AD7E 
 258      0696AA59 
 258      0D408F
 259 05d6 E2EF75F3 		.ascii	"\342\357u\363\006?\017\330\227\017v\266\"\306\032\201"
 259      063F0FD8 
 259      970F76B6 
 259      22C61A81 
 260 05e6 8DAD6CDD 		.ascii	"\215\255l\335\346\305\212\246\233H\277H\035H\364\300"
 260      E6C58AA6 
 260      9B48BF48 
 260      1D48F4C0 
 261 05f6 69D42C74 		.ascii	"i\324,t\240v\242\306\200\2639\323\365\274\307\035\227"
 261      A076A2C6 
 261      80B339D3 
 261      F5BCC71D 
 261      97
 262 0607 33A6A0BF 		.ascii	"3\246\240\277\345\016\315a\334[>|\\r\363\357\364\270"
 262      E50ECD61 
 262      DC5B3E7C 
 262      5C72F3EF 
 262      F4B8
 263 0619 22D6CCAD 		.ascii	"\"\326\314\255\255\321\257\315\241\037\257\025\324\373"
 263      ADD1AFCD 
 263      A11FAF15 
 263      D4FB
 264 0627 310B7EEF 		.ascii	"1\013~\357\217\2510\273`\236\200\364\264\272t\241\242"
 264      8FA930BB 
 264      609E80F4 
 264      B4BA74A1 
 264      A2
 265 0638 354EDCE1 		.ascii	"5N\334\341\255\321\332x\211\274\323\306[\367\243}k\234"
 265      ADD1DA78 
 265      89BCD3C6 
 265      5BF7A37D 
 265      6B9C
 266 064a 2D6CD71A 		.ascii	"-l\327\032\357\260\274\202\224\263\326\370\022\006O"
 266      EFB0BC82 
 266      94B3D6F8 
 266      12064F
 267 0659 92C1AFB8 		.ascii	"\222\301\257\2706\222\233x\301\017\305\012\276(\016"
 267      36929B78 
 267      C10FC50A 
 267      BE280E
 268 0668 48028A11 		.ascii	"H\002\212\021ly\332\321tt\320\025\237f\005\221|\357"
 268      6C79DAD1 
 268      7474D015 
 268      9F660591 
 268      7CEF
 269 067a F61DBDA2 		.ascii	"\366\035\275\242 \226d\226\220\202H\0005\353\004[A\020"
 269      20966496 
 269      90824800 
 269      35EB045B 
 269      4110
ARM GAS  C:\Users\TUDENT~1\AppData\Local\Temp\cciwwgys.s 			page 21


 270 068c 7427A0EB 		.ascii	"t'\240\353\001\350-@OT?\374\224\025\203\017p';\036\327"
 270      01E82D40 
 270      4F543FFC 
 270      9415830F 
 270      70273B1E 
 271 06a1 F0557037 		.ascii	"\360Up7y<\2274o\311\364\3007Y\312k/\305\345\273\343"
 271      793C9734 
 271      6FC9F4C0 
 271      3759CA6B 
 271      2FC5E5BB 
 272 06b6 36C6943F 		.ascii	"6\306\224?*(\367`\003k\350\352\260?s\213\221\361K\200"
 272      2A28F760 
 272      036BE8EA 
 272      B03F738B 
 272      91F14B80 
 273 06ca BD71A5F3 		.ascii	"\275q\245\363\000\306=L\266\243!\277\200\264\261\017"
 273      00C63D4C 
 273      B6A321BF 
 273      80B4B10F 
 274 06da C9226E66 		.ascii	"\311\"nf\306K\261\214\373\220-\343\256m\035\333\357"
 274      C64BB18C 
 274      FB902DE3 
 274      AE6D1DDB 
 274      EF
 275 06eb 8A0799EB 		.ascii	"\212\007\231\353iM\267\353\024K\254C\277L\033#\313\306"
 275      694DB7EB 
 275      144BAC43 
 275      BF4C1B23 
 275      CBC6
 276 06fd 9D82016D 		.ascii	"\235\202\001m\227]\377\320\266\370\241\223]1\025v\200"
 276      975DFFD0 
 276      B6F8A193 
 276      5D311576 
 276      80
 277 070e B71FF2FA 		.ascii	"\267\037\362\372\333&\370\240$\201\366\221\374\375\333"
 277      DB26F8A0 
 277      2481F691 
 277      FCFDDB
 278 071d 725CF053 		.ascii	"r\\\360S\206Q\177\252\255Ek]*:*HQQ`]\357\275WO\227b"
 278      86517FAA 
 278      AD456B5D 
 278      2A3A2A48 
 278      5151605D 
 279 0737 C960CC2E 		.ascii	"\311`\314.\331\030\260\215\205S\332\371r\217\007\236"
 279      D918B08D 
 279      8553DAF9 
 279      728F079E 
 280 0747 6620D2BD 		.ascii	"f \322\275s\367\004g \351NA\236\345\341\204}[\311\323"
 280      73F70467 
 280      20E94E41 
 280      9EE5E184 
 280      7D5BC9D3 
 281 075b 2C0D5052 		.ascii	",\015PRe\224d+J\373\261\315g\364\370\212\216\315\304"
 281      6594642B 
 281      4AFBB1CD 
 281      67F4F88A 
 281      8ECDC4
ARM GAS  C:\Users\TUDENT~1\AppData\Local\Temp\cciwwgys.s 			page 22


 282 076e 67F1C7BD 		.ascii	"g\361\307\275p\213\316.-syZ&wT\034w\307\235\354\346"
 282      708BCE2E 
 282      2D73795A 
 282      2677541C 
 282      77C79DEC 
 283 0783 D9BBD71B 		.ascii	"\331\273\327\033t\270\2171'wU=\324\343\247\214\251}"
 283      74B88F31 
 283      2777553D 
 283      D4E3A78C 
 283      A97D
 284 0795 D59A69C0 		.ascii	"\325\232i\300k](S\326\337Xo\340O\035R\004S\007.\267"
 284      6B5D2853 
 284      D6DF586F 
 284      E04F1D52 
 284      0453072E 
 285 07aa E8F16676 		.ascii	"\350\361fv\263\262\274\252\236/\017\003\310\203\270"
 285      B3B2BCAA 
 285      9E2F0F03 
 285      C883B8
 286 07b9 2FABC713 		.ascii	"/\253\307\023'\263{\365[\3437\031\360\036\312\010\005"
 286      27B37BF5 
 286      5BE33719 
 286      F01ECA08 
 286      05
 287 07ca 9B13869D 		.ascii	"\233\023\206\235F8"
 287      4638
 288 07d0 CFA9F377 		.ascii	"\317\251\363w\346\301\323\006\035\004\307sU\034\317"
 288      E6C1D306 
 288      1D04C773 
 288      551CCF
 289 07df 3F397EC0 		.ascii	"?9~\300\005\0270\270\336\231\351?\341R\366;\2610\261"
 289      051730B8 
 289      DE99E93F 
 289      E152F63B 
 289      B130B1
 290 07f2 DE135731 		.ascii	"\336\023W1&\347t\345\260+\276\310\030\353\216\311\233"
 290      26E774E5 
 290      B02BBEC8 
 290      18EB8EC9 
 290      9B
 291 0803 ED98F206 		.ascii	"\355\230\362\006\273\2460nc\367z\332\317\227x\342\016"
 291      BBA6306E 
 291      63F77ADA 
 291      CF9778E2 
 291      0E
 292 0814 EED9B38C 		.ascii	"\356\331\263\214J/\334\307\230Kwg\306\014x\2101\345"
 292      4A2FDCC7 
 292      984B7767 
 292      C60C7888 
 292      31E5
 293 0826 E9D3355A 		.ascii	"\351\3235Z<\306\230\265\233\213RHt\\X1\223\307r\337"
 293      3CC698B5 
 293      9B8B5248 
 293      745C5831 
 293      93C772DF 
 294 083a E8649996 		.ascii	"\350d\231\226]\">\254\201KYi\355G<\361\004\013\305p"
 294      5D223EAC 
ARM GAS  C:\Users\TUDENT~1\AppData\Local\Temp\cciwwgys.s 			page 23


 294      814B5969 
 294      ED473CF1 
 294      040BC570 
 295 084e 4FE206BD 		.ascii	"O\342\006\275\242\240\027\247\215\322}\0208y\\v\322"
 295      A2A017A7 
 295      8DD27D10 
 295      38795C76 
 295      D2
 296 085f 8517B434 		.ascii	"\205\027\2644+Ze\020-\027\036\255R\210\3261V\320c/F"
 296      2B5A6510 
 296      2D171EAD 
 296      5288D631 
 296      56D0632F 
 297 0874 4BB55872 		.ascii	"K\265Xr\245\030\033z\306^y\261p\317VpRE\201m\003s\234"
 297      A5181B7A 
 297      C65E79B1 
 297      70CF5670 
 297      5245816D 
 298 088b 16740518 		.ascii	"\026t\005\030sB6\246\334\032\361\036\351e\232\021'0"
 298      734236A6 
 298      DC1AF11E 
 298      E9659A11 
 298      2730
 299 089d 90CAA27D 		.ascii	"\220\312\242}\011\006\233#P\247\233Y\235V\303\340Jy"
 299      09069B23 
 299      50A79B59 
 299      9D56C3E0 
 299      4A79
 300 08af 7085E0D4 		.ascii	"p\205\340\324\225*uW6\356z\230\353\211\267\270\262f"
 300      952A7557 
 300      36EE7A98 
 300      EB89B7B8 
 300      B266
 301 08c1 309930AD 		.ascii	"0\2310\255\305\031\214\271\275\351z\233\013\336\307"
 301      C5198CB9 
 301      BDE97A9B 
 301      0BDEC7
 302 08d0 F05F0C36 		.ascii	"\360_\0146\024\271\333\360\233h\251\324\001v\315[a\327"
 302      14B9DBF0 
 302      9B68A9D4 
 302      0176CD5B 
 302      61D7
 303 08e2 AA63D75F 		.ascii	"\252c\327_\316\036\327\343|\006W\261m;\314\212b\306"
 303      CE1ED7E3 
 303      7C0657B1 
 303      6D3BCC8A 
 303      62C6
 304 08f4 74A66EAC 		.ascii	"t\246n\254t\307u\2149\265u\354\204\033nd\314\372\347"
 304      74C7758C 
 304      39B575EC 
 304      841B6E64 
 304      CCFAE7
 305 0907 BD255EF8 		.ascii	"\275%^\370\032c\254\317\327\271\354\371\232\264\256"
 305      1A63ACCF 
 305      D7B9ECF9 
 305      9AB4AE
 306 0916 7623C6AD 		.ascii	"v#\306\255\354^\361\332\276|=\334\363\201jA\212\276"
ARM GAS  C:\Users\TUDENT~1\AppData\Local\Temp\cciwwgys.s 			page 24


 306      EC5EF1DA 
 306      BE7C3DDC 
 306      F3816A41 
 306      8ABE
 307 0928 E7C3FA5E 		.ascii	"\347\303\372^i\315x\221\026\3670\357\312J\373\322\015"
 307      69CD7891 
 307      16F730EF 
 307      CA4AFBD2 
 307      0D
 308 0939 8A3259B0 		.ascii	"\2122Y\260\226\356J\233\301\301\213\262\203>\266\276"
 308      96EE4A9B 
 308      C1C18BB2 
 308      833EB6BE 
 309 0949 67BFE2BA 		.ascii	"g\277\342\272\004\336\371p\357.\200wM\274\353\355\311"
 309      04DEF970 
 309      EF2E8077 
 309      4DBCEBED 
 309      C9
 310 095a 3BEB8187 		.ascii	";\353\201\207\030B\332\256\332RO\305\346\365\275c4\367"
 310      1842DAAE 
 310      DA524FC5 
 310      E6F5BD63 
 310      34F7
 311 096c 5701E1B2 		.ascii	"W\001\341\262\214\320,8\201\270\242\016\221P\366\252"
 311      8CD02C38 
 311      81B8A20E 
 311      9150F6AA 
 312 097c D9138F33 		.ascii	"\331\023\2173\210=\361\271\231ze\211\314L\222Z\277\001"
 312      883DF1B9 
 312      997A6589 
 312      CC4C925A 
 312      BF01
 313 098e 10D76488 		.ascii	"\020\327d\210\253\316 \256\253C\014\306\325\364h\361"
 313      ABCE20AE 
 313      AB430CC6 
 313      D5F468F1 
 314 099e 2B16D3D8 		.ascii	"+\026\323\330\035\327\013\335p\254\236\342\365\324\234"
 314      1DD70BDD 
 314      70AC9EE2 
 314      F5D49C
 315 09ad D98E6D78 		.ascii	"\331\216mxc\256_\243\026\200\272\365\026P\267\325\241"
 315      63AE5FA3 
 315      1680BAF5 
 315      1650B7D5 
 315      A1
 316 09be 76A5F7CF 		.ascii	"v\245\367\317\303\033\250r\264q\323t1\306I\014)\353"
 316      C31BA872 
 316      B471D374 
 316      31C6490C 
 316      29EB
 317 09d0 D4E45639 		.ascii	"\324\344V9x\275\200\324\016Hw\336\002\251M\035\251#"
 317      78BD80D4 
 317      0E4877DE 
 317      02A94D1D 
 317      A923
 318 09e2 6B645C8B 		.ascii	"kd\\\213S\031\324\3763\305W]\361n\006uw\340\350s\017"
 318      5319D4FE 
ARM GAS  C:\Users\TUDENT~1\AppData\Local\Temp\cciwwgys.s 			page 25


 318      33C5575D 
 318      F16E0675 
 318      77E0E873 
 319 09f7 1BD42040 		.ascii	"\033\324 @u\003T\347[@u\251CM\356L]\204\0172\244\207"
 319      750354E7 
 319      5B4075A9 
 319      434DEE4C 
 319      5D840F32 
 320 0a0d 079A8F92 		.ascii	"\007\232\217\222]\203\237\001\375UQ\221~\254\"3\267"
 320      5D839F01 
 320      FD555191 
 320      7EAC2233 
 320      B7
 321 0a1e F5A6B8E1 		.ascii	"\365\246\270\341\303\314\216\335\303-q\036\212\212\374"
 321      C3CC8EDD 
 321      C32D711E 
 321      8A8AFC
 322 0a2d 208B3E89 		.ascii	" \213>\211\373\301\230>\331\030?\233-\331q\322\337\305"
 322      FBC1983E 
 322      D9183F9B 
 322      2DD971D2 
 322      DFC5
 323 0a3f 2CD4A02C 		.ascii	",\324\240,@&\3131t\017\314\361\343\346\334\205\213\275"
 323      4026CB31 
 323      740FCCF1 
 323      E3E6DC85 
 323      8BBD
 324 0a51 CC9CF5F1 		.ascii	"\314\234\365\361y[\335q\005\0039\327\266n\225\362@\345"
 324      795BDD71 
 324      050339D7 
 324      B66E95F2 
 324      40E5
 325 0a63 3CADC901 		.ascii	"<\255\311\001\300\270/c\364\013\316A\036\250\203t\026"
 325      C0B82F63 
 325      F40BCE41 
 325      1EA88374 
 325      16
 326 0a74 B79DD5E2 		.ascii	"\267\235\325\342:\006r-e\335\210NFI\323u\234\331@:\327"
 326      3A06722D 
 326      65DD884E 
 326      4649D375 
 326      9CD9403A 
 327 0a89 30C00CCA 		.ascii	"0\300\014\3120\003\257\201\031R\207\311\033\031h\364"
 327      3003AF81 
 327      195287C9 
 327      1B1968F4 
 328 0a99 546E4F88 		.ascii	"TnO\210Jy\327\361P\260nOb{\313n!\234\340\306\236]\257"
 328      4A79D7F1 
 328      50B06E4F 
 328      627BCB6E 
 328      219CE0C6 
 329 0ab0 F6F6B9E2 		.ascii	"\366\366\271\342\315\214y\236\332\270\337\003\357`\314"
 329      CD8C799E 
 329      DAB8DF03 
 329      EF60CC
 330 0abf F6C22BB7 		.ascii	"\366\302+\267]p\012c:\017OW\271\340t\306\354i\177\\"
 330      5D700A63 
ARM GAS  C:\Users\TUDENT~1\AppData\Local\Temp\cciwwgys.s 			page 26


 330      3A0F4F57 
 330      B9E074C6 
 330      EC697F5C 
 331 0ad3 E48AB328 		.ascii	"\344\212\263(#\324\336\334\233\357a\177\002\007{T[\257"
 331      23D4DEDC 
 331      9BEF617F 
 331      02077B54 
 331      5BAF
 332 0ae5 7B0AC67E 		.ascii	"{\012\306~o\177\376\366(\363\037\351\212\365\211`D\343"
 332      6F7FFEF6 
 332      28F31FE9 
 332      8AF58960 
 332      44E3
 333 0af7 B2CBDFF3 		.ascii	"\262\313\337\363\323\267\356\330\372\353z\234\313\240"
 333      D3B7EED8 
 333      FAEB7A9C 
 333      CBA0
 334 0b05 1E3FBA31 		.ascii	"\036?\2721\345\201\0171Fzq\352\216\013>\314\230\266"
 334      E5810F31 
 334      467A71EA 
 334      8E0B3ECC 
 334      98B6
 335 0b17 5DCFBBDD 		.ascii	"]\317\273\335\360\021\3064\334\334xZ\213K\031s\360B"
 335      F011C634 
 335      DCDC785A 
 335      8B4B1973 
 335      F042
 336 0b29 B7A4C3E5 		.ascii	"\267\244\303\345\214\251\332paJ\217O2&\375\344\372X"
 336      8CA9DA70 
 336      614A8F4F 
 336      3226FDE4 
 336      FA58
 337 0b3b 03AE664C 		.ascii	"\003\256fL\301\314\370V#\256\341\236W]\315\021\330\303"
 337      C1CCF856 
 337      23AEE19E 
 337      575DCD11 
 337      D8C3
 338 0b4d D917D843 		.ascii	"\331\027\330C5\033\033\370~7[H\301\356\273r\216\237"
 338      351B1BF8 
 338      7E375B48 
 338      C1EEBB72 
 338      8E9F
 339 0b5f F5A45B06 		.ascii	"\365\244[\006\370\300~\315\227\255\324\357W\350\006"
 339      F8C07ECD 
 339      97ADD4EF 
 339      57E806
 340 0b6e 0A9A3649 		.ascii	"\012\2326I\331u\314\233\347\340M\002\236u\354\241<%"
 340      D975CC9B 
 340      E7E04D02 
 340      9E75ECA1 
 340      3C25
 341 0b80 B9F647B6 		.ascii	"\271\366G\266\270'\342\317\034\305_8\236\222\324)\244"
 341      B827E2CF 
 341      1CC55F38 
 341      9E92D429 
 341      A4
 342 0b91 5FA82B57 		.ascii	"_\250+WH\367*\244\307\034\245\213\004G\351?\310\322"
ARM GAS  C:\Users\TUDENT~1\AppData\Local\Temp\cciwwgys.s 			page 27


 342      48F72AA4 
 342      C71CA58B 
 342      0447E93F 
 342      C8D2
 343 0ba3 AF1CA51D 		.ascii	"\257\034\245\035\367$\203\012\341)Ua\245\223\223\012"
 343      F724830A 
 343      E1295561 
 343      A593930A 
 344 0bb3 E9494769 		.ascii	"\351IGi\345\311\221r\303 a\0374\003F\242i>\202l\030"
 344      E5C99172 
 344      C320611F 
 344      340346A2 
 344      693E826C 
 345 0bc8 3660D83C 		.ascii	"6`\330<`_\264\016(\021h=P\034P\014P,\320F\240x\254<"
 345      605FB40E 
 345      2811683D 
 345      501C500C 
 345      502CD046 
 346 0be0 5B1B5360 		.ascii	"[\033S`\277T\307V\354\212\233\333\330\356\011\244\224"
 346      BF54C756 
 346      EC8A9BDB 
 346      D8EE09A4 
 346      94
 347 0bf1 BB277EA2 		.ascii	"\273'~\242\325\351\275\235n\333\210\256\011\365d1?\350"
 347      D5E9BD9D 
 347      6EDB88AE 
 347      09F56431 
 347      3FE8
 348 0c03 A669C716 		.ascii	"\246i\307\026\255r\372)\2055h\023\266N\277\316\252\234"
 348      AD72FA29 
 348      85356813 
 348      B64EBFCE 
 348      AA9C
 349 0c15 671E7823 		.ascii	"g\036x#\355r\370\362Hf\225\021\371\316\361\343\033\321"
 349      ED72F8F2 
 349      48669511 
 349      F9CEF1E3 
 349      1BD1
 350 0c27 345DFABD 		.ascii	"4]\372\275\013\254\240`\004z\014\240[\325\363\242\272"
 350      0BACA060 
 350      047A0CA0 
 350      5BD5F3A2 
 350      BA
 351 0c38 F9DE8C99 		.ascii	"\371\336\214\231<\011]\022\204n\013\017\015w6\2379\273"
 351      3C095D12 
 351      846E0B0F 
 351      0D77369F 
 351      39BB
 352 0c4a 153B1E01 		.ascii	"\025;\036\001\024\304\336\177\210q*\353\274C\375\005"
 352      14C4DE7F 
 352      88712AEB 
 352      BC43FD05 
 353 0c5a F0D8CA62 		.ascii	"\360\330\312b\314\375\211\211[.\370 c\216\315\344\257"
 353      CCFD8989 
 353      5B2EF820 
 353      638ECDE4 
 353      AF
ARM GAS  C:\Users\TUDENT~1\AppData\Local\Temp\cciwwgys.s 			page 28


 354 0c6b C3B88832 		.ascii	"\303\270\2102\377z\377\376\203\3750[\346\300\2140\316"
 354      FF7AFFFE 
 354      83FD305B 
 354      E6C08C30 
 354      CE
 355 0c7c E1FF8083 		.ascii	"\341\377\200\203\331\341G\276\340\357\\v\013\246\213"
 355      D9E147BE 
 355      E0EF5C76 
 355      0BA68B
 356 0c8b AF919E9E 		.ascii	"\257\221\236\236\372\371\332>p\333\317\317v\032z\230"
 356      FAF9DA3E 
 356      70DBCFCF 
 356      761A7A98 
 357 0c9b 1F4C4293 		.ascii	"\037LB\223B=\340s\262\263@+\013\346>\010\364\023\201"
 357      423DE073 
 357      B2B3402B 
 357      0BE63E08 
 357      F41381
 358 0cae ED988D20 		.ascii	"\355\230\215 ^_\002\257/BQ\\\000j\002j\004j\000:\017"
 358      5E5F02AF 
 358      2F42515C 
 358      006A026A 
 358      046A003A 
 359 0cc3 B40BA81E 		.ascii	"\264\013\250\036\350\034\320Y\2403@%@\207\200\366\001"
 359      E81CD059 
 359      A0334025 
 359      408780F6 
 359      01
 360 0cd4 E500A501 		.ascii	"\345\000\245\001\245\002\245\330\025\325\265\337\262"
 360      A502A5D8 
 360      15D5B5DF 
 360      B2
 361 0ce1 A2824EB6 		.ascii	"\242\202N\266\003;\230\267\331qbu^\342\007\247d\327"
 361      033B98B7 
 361      D9716275 
 361      5EE207A7 
 361      64D7
 362 0cf3 B4D5D19B 		.ascii	"\264\325\321\233-\202\343l\231\276\310O\007\322!\343"
 362      2D82E36C 
 362      99BEC84F 
 362      07D221E3 
 363 0d03 19EAF28E 		.ascii	"\031\352\362\216g\301\031v\305\225\316\212K\031\234"
 363      67C11976 
 363      C595CE8A 
 363      4B199C
 364 0d12 1C783090 		.ascii	"\034x0\220\006\201\366\201\302\014\036\234+\020\234"
 364      0681F681 
 364      C20C1E9C 
 364      2B109C
 365 0d21 CBE0DC1E 		.ascii	"\313\340\334\036\240L;\007\307\233u\323G%)\321\005e"
 365      A04C3B07 
 365      C79B75D3 
 365      472529D1 
 365      0565
 366 0d33 61764491 		.ascii	"avD\221\341l\316*\254\330mgE\326k\254\270\012\310o\266"
 366      E16CCE2A 
 366      ACD86D67 
ARM GAS  C:\Users\TUDENT~1\AppData\Local\Temp\cciwwgys.s 			page 29


 366      45D66BAC 
 366      B80AC86F 
 367 0d48 A237054B 		.ascii	"\2427\005K\373\347\241l0!SP5\3011\016{\355, \003Y]\253"
 367      FBE7A16C 
 367      30215350 
 367      35C1310E 
 367      7BED2C20 
 368 0d60 D6493300 		.ascii	"\326I3\000\377m\353\004J\371\342\030+e\262s<\340\230"
 368      FF6DEB04 
 368      4AF9E218 
 368      2B65B273 
 368      3CE098
 369 0d73 CCFDF6C9 		.ascii	"\314\375\366\311\2079y\355\3271\264\262\366\203X>\027"
 369      873979ED 
 369      D731B4B2 
 369      F683583E 
 369      17
 370 0d84 97572D4E 		.ascii	"\227W-N*\337&\220\017^\344r\217\362\340\367A\260\350"
 370      2ADF2690 
 370      0F5EE472 
 370      8FF2E0F7 
 370      41B0E8
 371 0d97 809D45CD 		.ascii	"\200\235E\315\207xq\221\330\220\323\244\\'\235[U\377"
 371      87787191 
 371      D890D3A4 
 371      5C279D5B 
 371      55FF
 372 0da9 1E01BF41 		.ascii	"\036\001\277A\177\335?\263\231\221\315\313f\266zE\267"
 372      7FDD3FB3 
 372      9991CDCB 
 372      66B67A45 
 372      B7
 373 0dba 9DE60D28 		.ascii	"\235\346\015(\327\276\001Y\217\226\346\247\323w\030"
 373      D7BE0159 
 373      8F96E6A7 
 373      D37718
 374 0dc9 2414D9F2 		.ascii	"$\024\331\362\272\200\010[\24352\034\320\304\343[@\314"
 374      BA80085B 
 374      A335321C 
 374      D0C4E35B 
 374      40CC
 375 0ddb 728CEF3D 		.ascii	"r\214\357=\364\372\376X\014>\024q\177\016\303\357B\373"
 375      F4FAFE58 
 375      0C3E1471 
 375      7F0EC3EF 
 375      42FB
 376 0ded 58E52B62 		.ascii	"X\345+bE\234)\372\031\255\267@\300\252\252\231s\365"
 376      459C29FA 
 376      19ADB740 
 376      C0AAAA99 
 376      73F5
 377 0dff DCF32275 		.ascii	"\334\363\"u\317}\323\350)+\361\251P\366\274\310\316"
 377      CF7DD3E8 
 377      292BF1A9 
 377      50F6BCC8 
 377      CE
 378 0e10 F3AF1AB9 		.ascii	"\363\257\032\271\347G\360\\t\330\321\363\"EemW\261O"
ARM GAS  C:\Users\TUDENT~1\AppData\Local\Temp\cciwwgys.s 			page 30


 378      E747F05C 
 378      74D8D1F3 
 378      2245656D 
 378      57B14F
 379 0e23 438711E3 		.ascii	"C\207\021\343\352\300\270Z\310c\015\320i\240J\240\223"
 379      EAC0B85A 
 379      C8630DD0 
 379      69A04AA0 
 379      93
 380 0e34 40A540C7 		.ascii	"@\245@\307\200\216\332\305d\360[\226_R\316\305\000J"
 380      808EDAC5 
 380      64F05B96 
 380      5F52CEC5 
 380      004A
 381 0e46 B4385D25 		.ascii	"\2648]%<jPt\262\2227I\367\376\033S}\034\204\2178\027"
 381      3C6A5074 
 381      B2923749 
 381      F7FE1B53 
 381      7D1C848F 
 382 0e5c 56CCF632 		.ascii	"V\314\3662\273\331~|v\277\261\035:\236\002}e<\033\025"
 382      BBD97E7C 
 382      76BFB11D 
 382      3A9E027D 
 382      653C1B15 
 383 0e70 E0F00970 		.ascii	"\340\360\011p\254\\v\014\002:\323\256\033\341\001%\247"
 383      AC5C760C 
 383      023AD3AE 
 383      1BE10125 
 383      A7
 384 0e81 0647F900 		.ascii	"\006G\371\000\265~\303\006\014\276Kz\023)\316\335\\"
 384      B57EC306 
 384      0CBE4B7A 
 384      1329CEDD 
 384      5C
 385 0e92 D6364D66 		.ascii	"\3266Mf\235\265\257\323\221\023\201\262Y\213\012\232"
 385      9DB5AFD3 
 385      911381B2 
 385      598B0A9A 
 386 0ea2 C88F4F71 		.ascii	"\310\217Oq\\rbp\372MQ\232\250\3461\255\2020\235y\253"
 386      5C726270 
 386      FA4D519A 
 386      A8E631AD 
 386      82309D79 
 387 0eb7 305583A4 		.ascii	"0U\203\244\034\246*\026&'M\023\235\202\350\310}\323"
 387      1CA62A16 
 387      26274D13 
 387      9D82E8C8 
 387      7DD3
 388 0ec9 F6863CB5 		.ascii	"\366\206<\265\205l\260\210\246\263rAfSU\326V\367U\025"
 388      856CB088 
 388      A6B37241 
 388      665355D6 
 388      56F75515 
 389 0edd 7F6AC353 		.ascii	"\177j\303S\361\334k\335 \023\240\212?\024\211\323\365"
 389      F1DC6BDD 
 389      2013A08A 
 389      3F1489D3 
ARM GAS  C:\Users\TUDENT~1\AppData\Local\Temp\cciwwgys.s 			page 31


 389      F5
 390 0eee 6F926EFA 		.ascii	"o\222n\372\027V\032D\370\274saf\355\255\223.$\332 3"
 390      17561A44 
 390      F8BC7361 
 390      66EDAD93 
 390      2E24DA20 
 391 0f03 7B09D77F 		.ascii	"{\011\327\177\302{<VJ\015\240\373\376F>i\370\026\225"
 391      C27B3C56 
 391      4A0DA0FB 
 391      FE463E69 
 391      F81695
 392 0f16 4D990641 		.ascii	"M\231\006A\216\365\230\177\212T\023\203\351\316\375"
 392      8EF5987F 
 392      8A541383 
 392      E9CEFD
 393 0f25 A69AB0F2 		.ascii	"\246\232\260\362P\277\211\013\223\315w\253\232\360\""
 393      50BF890B 
 393      93CD77AB 
 393      9AF022
 394 0f34 C5F27901 		.ascii	"\305\362y\001\223%\273\347\0165YE\302\247\013y\302\037"
 394      9325BBE7 
 394      0E355945 
 394      C2A70B79 
 394      C21F
 395 0f46 23237AA4 		.ascii	"##z\244\276\030Rn\021>\226\033\360&G\351\331\373\217"
 395      BE18526E 
 395      113E961B 
 395      F02647E9 
 395      D9FB8F
 396 0f59 C98F64F1 		.ascii	"\311\217d\361\021uqE\036\036\025\360\254\221E\345\250"
 396      11757145 
 396      1E1E15F0 
 396      AC9145E5 
 396      A8
 397 0f6a A3F8EC77 		.ascii	"\243\370\354w\300\275\\;Y\371ls\\(\315\232Qw>\222\237"
 397      C0BD5C3B 
 397      59F96C73 
 397      5C28CD9A 
 397      51773E92 
 398 0f7f 7DBB1D9F 		.ascii	"}\273\035\237}\263\262\\\300:h\262z\007\375\352 =\243"
 398      7DB3B25C 
 398      C03A68B2 
 398      7A07FDEA 
 398      203DA3
 399 0f92 22A5BD13 		.ascii	"\"\245\275\023\313\347\265\212\016\372\254Y79"
 399      CBE7B58A 
 399      0EFAAC59 
 399      3739
 400 0fa0 164F0BD6 		.ascii	"\026O\013\326\012\230\361:\300\346\365\230\224U\206"
 400      0A98F13A 
 400      C0E6F598 
 400      945586
 401 0faf 1A5E7FB2 		.ascii	"\032^\177\262+\271G\326?{\345\351\221A\321\310\177&"
 401      2BB947D6 
 401      3F7BE5E9 
 401      9141D1C8 
 401      7F26
ARM GAS  C:\Users\TUDENT~1\AppData\Local\Temp\cciwwgys.s 			page 32


 402 0fc1 D816B343 		.ascii	"\330\026\263C\300\251\356t\321\334\272\376I\223\016"
 402      C0A9EE74 
 402      D1DCBAFE 
 402      49930E
 403 0fd0 E752465F 		.ascii	"\347RF_\026[Z\244e\357\236`\261\314\20264\034\320\301"
 403      165B5AA4 
 403      65EF9E60 
 403      B1CC8236 
 403      341CD0C1 
 404 0fe4 D65ED6B0 		.ascii	"\326^\326\260\265\2756l\326\035\2165'*\322\312\234\334"
 404      B5BD366C 
 404      D61D8E35 
 404      272AD2CA 
 404      9CDC
 405 0ff6 EA543CD5 		.ascii	"\352T<\32569\312\317\256\220"
 405      3639CACF 
 405      AE90
 406 1000 C13FCA15 		.ascii	"\301?\312\025r\335\321\030E\371\361\264t\260\264\264"
 406      72DDD118 
 406      45F9F1B4 
 406      74B0B4B4 
 407 1010 A96DA09A 		.ascii	"\251m\240\232\225\320#\352\320\012\307:;\274wHD\334"
 407      95D023EA 
 407      D00AC73A 
 407      3BBC7748 
 407      44DC
 408 1022 9A9F36F5 		.ascii	"\232\2376\365\374(;\376\006\270\235Hv\215\327\270\251"
 408      FC283BFE 
 408      06B89D48 
 408      768DD7B8 
 408      A9
 409 1033 A4E3B740 		.ascii	"\244\343\267@O\273\003\035\377\006\320M\240V\240[@\267"
 409      4FBB031D 
 409      FF06D04D 
 409      A056A05B 
 409      40B7
 410 1045 B1ED7553 		.ascii	"\261\355uS\337H\362\200\026\037\246Y\021\006\366\237"
 410      DF48F280 
 410      161FA659 
 410      1106F69F 
 411 1055 BDEF8AE6 		.ascii	"\275\357\212\346\370\251*\356\004eo\253\330V\215\351"
 411      F8A92AEE 
 411      04656FAB 
 411      D8568DE9 
 412 1065 53A47D76 		.ascii	"S\244}v\300\260v\271\032\333\254\365q\345\311\276D\027"
 412      C0B076B9 
 412      1ADBACF5 
 412      71E5C9BE 
 412      4417
 413 1077 5CC9EA23 		.ascii	"\\\311\352#\271\377\322\230\033>G\031\227\352\353\223"
 413      B9FFD298 
 413      1B3E4719 
 413      97EAEB93 
 414 1087 A982FC6E 		.ascii	"\251\202\374n\222-y\036\362\262%\305\335\015\352\372"
 414      922D791E 
 414      F2B225C5 
 414      DD0DEAFA 
ARM GAS  C:\Users\TUDENT~1\AppData\Local\Temp\cciwwgys.s 			page 33


 415 1097 E1DBB6A8 		.ascii	"\341\333\266\250\275g\237@\030Q\027\306\022H\336\331"
 415      BD679F40 
 415      185117C6 
 415      1248DED9 
 416 10a7 3E404C5C 		.ascii	">@L\\m\205\304\245C\331$$\266n\024\230\264\315w\307"
 416      6D85C4A5 
 416      43D92424 
 416      B66E1498 
 416      B4CD77C7 
 417 10bb BEDCCB85 		.ascii	"\276\334\313\205\311\333\277)\256\332\366\314U\356\323"
 417      C9DBBF29 
 417      AEDAF6CC 
 417      55EED3
 418 10ca F8341962 		.ascii	"\3704\031b\305\321\217\235\276\233\354\203\321w\311"
 418      C5D18F9D 
 418      BE9BEC83 
 418      D177C9
 419 10d9 E82EEE18 		.ascii	"\350.\356\030\011\363=\010\363]\010k\037P/P\217\234"
 419      09F33D08 
 419      F35D086B 
 419      1F502F50 
 419      8F9C
 420 10eb B7EAB5F1 		.ascii	"\267\352\265\361\023\036\370\012\313[\333\336\341\265"
 420      131EF80A 
 420      CB5BDBDE 
 420      E1B5
 421 10f9 C8216F36 		.ascii	"\310!o6\205\003\240\344M\012m+\317\335OH\276\036\220"
 421      8503A0E4 
 421      4D0A6D2B 
 421      CFDD4F48 
 421      BE1E90
 422 110c C0CAF9EA 		.ascii	"\300\312\371\352\267\346Kj\337p\\\373\376>\251\233\346"
 422      B7E64B6A 
 422      DF705CFB 
 422      FE3EA99B 
 422      E6
 423 111d C36FB225 		.ascii	"\303o\262%^J\360\246\322\275\354\235\270\015UC\256\300"
 423      5E4AF0A6 
 423      D2BDEC9D 
 423      B80D5543 
 423      AEC0
 424 112f DF41FC3E 		.ascii	"\337A\374>\214\2735|\246\313\356L\340\201\335\002f\210"
 424      8CBB357C 
 424      A6CBEE4C 
 424      E081DD02 
 424      6688
 425 1141 3D99C937 		.ascii	"=\231\3117y\253}\350\345Q/\273\003\004A)<\314\205\207"
 425      79AB7DE8 
 425      E5512FBB 
 425      03044129 
 425      3CCC8587 
 426 1155 A9F0F6C4 		.ascii	"\251\360\366\304\234T-ng\025t\2735\276\202\277Hw'o\211"
 426      9C542D6E 
 426      671574BB 
 426      35BE82BF 
 426      4877276F 
 427 116a 7A769D76 		.ascii	"zv\235vc\207W-\344\366\336K\343\311\006<\310d_\215^"
ARM GAS  C:\Users\TUDENT~1\AppData\Local\Temp\cciwwgys.s 			page 34


 427      6387572D 
 427      E4F6DE4B 
 427      E3C9063C 
 427      C8645F8D 
 428 117f 79C55F8F 		.ascii	"y\305_\217\032\310\313\267\330\222.\235A~KA\256\313"
 428      1AC8CBB7 
 428      D8922E9D 
 428      417E4B41 
 428      AECB
 429 1191 986398FC 		.ascii	"\230c\230\374\027\010\177\037\364\030\323#\306\326-"
 429      17087F1F 
 429      F418D323 
 429      C6D62D
 430 11a0 13ED5AEF 		.ascii	"\023\355Z\357$\036\355\371\210\376_\214\021\354\203"
 430      241EEDF9 
 430      88FE5F8C 
 430      11EC83
 431 11af 1E61223E 		.ascii	"\036a\">\216\275\255\203\210\364\231\326'U\036J\351"
 431      8EBDAD83 
 431      88F499D6 
 431      27551E4A 
 431      E9
 432 11c0 D1D74937 		.ascii	"\321\327I7N\026\265\353!\306Wj\310\177^\\t$\266F\212"
 432      4E16B5EB 
 432      21C6576A 
 432      C87F5E5C 
 432      7424B646 
 433 11d5 FB1A3DC1 		.ascii	"\373\032=\301\336h\0242\322\201\336S\014}\010W~/h\320"
 433      DE681432 
 433      D281DE53 
 433      0C7D0857 
 433      7E2F68D0 
 434 11e9 531AE5ED 		.ascii	"S\032\345\355\373w\257u\301\343\314\277}\203\025g\370"
 434      FB77AF75 
 434      C1E3CCBF 
 434      7D831567 
 434      F8
 435 11fa 6B410FF2 		.ascii	"kA\017\362\2022g\347\001-\213\305\003j\323p\3513/\247"
 435      823267E7 
 435      012D8BC5 
 435      036AD370 
 435      E9332FA7 
 436 120e FEBEB0FA 		.ascii	"\376\276\260\372K\352\231\274\223\276R\221\341\356\350"
 436      4BEA99BC 
 436      93BE5291 
 436      E1EEE8
 437 121d EF7330E3 		.ascii	"\357s0\343\0315c\222z\360\302\352\301\261\326u\251n"
 437      19356392 
 437      7AF0C2EA 
 437      C1B1D675 
 437      A96E
 438 122f 8EFE3A95 		.ascii	"\216\376:\225~\261\245-\306\213\373\333\264$&\273&f"
 438      7EB1A52D 
 438      C68BFBDB 
 438      B42426BB 
 438      2666
 439 1241 3E7AC9BD 		.ascii	">z\311\275\355\001o\345\201\023\334\333)\374\276FoZ"
ARM GAS  C:\Users\TUDENT~1\AppData\Local\Temp\cciwwgys.s 			page 35


 439      ED016FE5 
 439      8113DCDB 
 439      29FCBE46 
 439      6F5A
 440 1253 259A42C2 		.ascii	"%\232B\302CD\375\257~\373\375\374o\026.\324|\024\364"
 440      4344FDAF 
 440      7EFBFDFC 
 440      6F162ED4 
 440      7C14F4
 441 1266 A5FF372B 		.ascii	"\245\3777+C\226\205|'F\007\207D\260\337\377\375\335"
 441      4396857C 
 441      27460787 
 441      44B0DFFF 
 441      FDDD
 442 1278 C22F16FB 		.ascii	"\302/\026\373GD\371[D\377(K\220\177\320\312U\342\202"
 442      4744F95B 
 442      44FF284B 
 442      907FD0CA 
 442      55E282
 443 128b 208D2168 		.ascii	" \215!h\345\017\277\377\217\210\357\314\342\267\372"
 443      E50FBFFF 
 443      8F88EFCC 
 443      E2B7FA
 444 129a 55E2F2E8 		.ascii	"U\342\362\350\360 \223\370\371\233\306\207\204\007\205"
 444      F02093F8 
 444      F99BC687 
 444      840785
 445 12a9 46079B41 		.ascii	"F\007\233AG\324OQ\342O\221\346\250\005+5\006\223):$"
 445      47D44F51 
 445      E24F91E6 
 445      A8052B35 
 445      0693293A 
 446 12be 5C5CB8D8 		.ascii	"\\\\\270\330$.\017\372ri\020\031\024E\025,\025#\"B\243"
 446      242E0FFA 
 446      72691019 
 446      1445152C 
 446      15232242 
 447 12d3 96AE088F 		.ascii	"\226\256\010\217\236O\177\315\017\264\204\3157\207-"
 447      9E4F7FCD 
 447      0FB484CD 
 447      37872D
 448 12e2 3307079B 		.ascii	"3\007\007\233\203\227.^\260h\376\247\001\013\277\370"
 448      83972E5E 
 448      B068FEA7 
 448      010BBFF8 
 449 12f2 CBC2A570 		.ascii	"\313\302\245p\375\223\360\210p\363'\346\300e!K9\312"
 449      FD93F088 
 449      70F327E6 
 449      C065214B 
 449      39CA
 450 1304 D2B040D0 		.ascii	"\322\260@\320\025n^j\0126/\017\214\016\025MVD\275\025"
 450      156E5E6A 
 450      0A362F0F 
 450      8C0E154D 
 450      5644BD15 
 451 1318 EFC7FF57 		.ascii	"\357\307\377W<\360i\251)J\014\006\345\000\342F\\\014"
 451      3CF069A9 
ARM GAS  C:\Users\TUDENT~1\AppData\Local\Temp\cciwwgys.s 			page 36


 451      294A0C06 
 451      E500E246 
 451      5C0C
 452 132a 09339B44 		.ascii	"\0113\233D-\211\216.\330\034*\006j#-\346U\332p\363\032"
 452      2D898E2E 
 452      D81C2A06 
 452      6A232DE6 
 452      55DA70F3 
 453 133f F19DA095 		.ascii	"\361\235\240\225\246U!\0261:0\324D\304,82\320\342ew"
 453      A6552116 
 453      313A30D4 
 453      44C42C38 
 453      32D0E265 
 454 1354 C5242EFC 		.ascii	"\305$.\374\031\001\015Z\031\014\250F\226\226\337\231"
 454      19010D5A 
 454      190CA846 
 454      9696DF99 
 455 1364 A3203142 		.ascii	"\243 1B\320J\034\274l\205\027@\021c\314a\020\211e\321"
 455      D04A1CBC 
 455      6C851740 
 455      1163CC61 
 455      108965D1 
 456 1378 2BDC2203 		.ascii	"+\334\"\003\303C\202LaQ+\264A+\003-\236\312{&\321e\225"
 456      C343824C 
 456      61512BB4 
 456      412B032D 
 456      9ECA7B26 
 457 138f 180AF178 		.ascii	"\030\012\361x\327\321\276(\023\271\354\312\275\372{"
 457      D7D1BE28 
 457      13B9ECCA 
 457      BDFA7B
 458 139e 957B2651 		.ascii	"\225{&Qg!\337\272\210\320`\263Eo1\007\206FZB\"x~\027"
 458      6721DFBA 
 458      88D060B3 
 458      456F3107 
 458      86465A42 
 459 13b6 7D6A12F5 		.ascii	"}j\022\365\326\037\256\"\271c\022\277}\255\203A\021"
 459      D61FAE22 
 459      B96312BF 
 459      7DAD8341 
 459      11
 460 13c7 616111E1 		.ascii	"aa\021\341\376\221\021\0261\312\377\337\177\367\233"
 460      FE911116 
 460      31CAFFDF 
 460      7FF79B
 461 13d6 6F7EB386 		.ascii	"o~\263\206\\\213\014\011\005H\377_}\363\015\370m\315"
 461      5C8B0C09 
 461      0548FF5F 
 461      7DF30DF8 
 461      6DCD
 462 13e8 A96B98B8 		.ascii	"\251k\230\270\206\201\257\0167[t\177\2116G\233I\214"
 462      8681AF0E 
 462      375B747F 
 462      8936479B 
 462      498C
 463 13fa C5956047 		.ascii	"\305\225`Gp\224\211^\360\262\343\300\214\260h\321\274"
 463      7094895E 
ARM GAS  C:\Users\TUDENT~1\AppData\Local\Temp\cciwwgys.s 			page 37


 463      F0B2E3C0 
 463      8CB068D1 
 463      BC
 464 140b 06EC0241 		.ascii	"\006\354\002A\372So\2164\207C\002W\270\233W\231\303"
 464      FA536F8E 
 464      34874302 
 464      57B89B57 
 464      99C3
 465 141d C5B0C0A8 		.ascii	"\305\260\300\250?\303]\210\024\035\340\272:0D\204\233"
 465      3FC35D88 
 465      141DE0BA 
 465      3A304484 
 465      9B
 466 142e 5E0ABD04 		.ascii	"^\012\275\004\323S\311\230D\024\355b^M\206\272\254\026"
 466      D353C998 
 466      4414ED62 
 466      5E4D86BA 
 466      AC16
 467 1440 C1AA48F8 		.ascii	"\301\252H\370\2122\207E\342\240p\321\315d\262F\200\177"
 467      8A328745 
 467      E2A070D1 
 467      CD64B246 
 467      807F
 468 1452 EBE0AA49 		.ascii	"\353\340\252I4\222\024\231\303\002#WFX\314\256Q\004"
 468      34921499 
 468      C3022357 
 468      4658CCAE 
 468      5104
 469 1464 3A6A850E 		.ascii	":j\205\016\010\004V\213\242%\322\233A\230,\346\345f"
 469      0804568B 
 469      A225D29B 
 469      41982CE6 
 469      E566
 470 1476 8B393C08 		.ascii	"\2139<\010\214\007\265\021\313\376\024\2517\257\011"
 470      8C07B511 
 470      CBFE14A9 
 470      37AF09
 471 1485 11832282 		.ascii	"\021\203\"\202\315.\226\340\237`\204+\224\030\240\021"
 471      CD2E96E0 
 471      9F60842B 
 471      9418A011 
 472 1495 2812ED25 		.ascii	"(\022\355%\000\305\277\335\304\250\320\220 s\024T$\250"
 472      00C5BFDD 
 472      C4A8D090 
 472      20731454 
 472      24A8
 473 14a7 897215C9 		.ascii	"\211r\025\311_\000X\036\032\270\002\2700\320\001\\\224"
 473      5F00581E 
 473      1AB802B8 
 473      30D0015C 
 473      94
 474 14b8 18289AF5 		.ascii	"\030(\232\365\"\375\" \201\313\002\243\314<\207\213"
 474      22FD2220 
 474      81CB02A3 
 474      CC3C878B 
 475 14c8 3FE33924 		.ascii	"?\3439$?\014Q\342\237\003CCV\204\233\304/\177~\032W"
 475      3F0C51E2 
ARM GAS  C:\Users\TUDENT~1\AppData\Local\Temp\cciwwgys.s 			page 38


 475      9F034343 
 475      56849BC4 
 475      2F7F7E1A 
 476 14dd 0681A790 		.ascii	"\006\201\247\2207mx`\230Y\027n^\0153 H\\#DE\012\241"
 476      376D7860 
 476      9859176E 
 476      5E0D3320 
 476      485C2344 
 477 14f4 A47656C0 		.ascii	"\244vV\300\0343\211\330\262p!P\200`\371\205`Y\"X\276"
 477      1C3389D8 
 477      B2702150 
 477      8060F985 
 477      60592258 
 478 1509 102C8B05 		.ascii	"\020,\213\005\313\347\202\3453w\242\216\004\023\006"
 478      CBE782E5 
 478      3377A28E 
 478      041306
 479 1518 FDF2FF08 		.ascii	"\375\362\377\010oZ\365E\030\2313TUPD8\024\200\250%\205"
 479      6F5AF545 
 479      18993354 
 479      55504438 
 479      1480A825 
 480 152d E9664BB0 		.ascii	"\351fK\260.,\022:\201\236G_\014x\373\011\011\231\007"
 480      2E2C123A 
 480      819E475F 
 480      0C78FB09 
 480      099907
 481 1540 DD3F6300 		.ascii	"\335?c\000\344\037\006x\0004\301\372\211M\267\240h\013"
 481      E41F0678 
 481      0034C1FA 
 481      894DB7A0 
 481      680B
 482 1552 A45B34CA 		.ascii	"\244[4\312\227 \217\266\371l\010\013\204\010P\333\334"
 482      97208FB6 
 482      F96C080B 
 482      840850DB 
 482      DC
 483 1563 E5492E7A 		.ascii	"\345I.z\230L\264!\233\026|\376\213\200\305z+\247\274"
 483      984CB421 
 483      9B167CFE 
 483      8B80C57A 
 483      2BA7BC
 484 1576 BC70D1FF 		.ascii	"\274p\321\377\002\2561\\\256"
 484      02AE315C 
 484      AE
 485              		.text
 486              		.section	.gnu.lto_.symtab.8740e6be,"",%progbits
 487 0000 5F76745F 		.ascii	"_vt_init\000"
 487      696E6974 
 487      00
 488 0009 00       		.ascii	"\000"
 489 000a 00       		.ascii	"\000"
 490 000b 00       		.ascii	"\000"
 491 000c 00000000 		.ascii	"\000\000\000\000\000\000\000\000"
 491      00000000 
 492 0014 AE000000 		.ascii	"\256\000\000\000"
 493 0018 63685654 		.ascii	"chVTDoSetI\000"
ARM GAS  C:\Users\TUDENT~1\AppData\Local\Temp\cciwwgys.s 			page 39


 493      446F5365 
 493      744900
 494 0023 00       		.ascii	"\000"
 495 0024 00       		.ascii	"\000"
 496 0025 00       		.ascii	"\000"
 497 0026 00000000 		.ascii	"\000\000\000\000\000\000\000\000"
 497      00000000 
 498 002e DD000000 		.ascii	"\335\000\000\000"
 499 0032 63685654 		.ascii	"chVTDoResetI\000"
 499      446F5265 
 499      73657449 
 499      00
 500 003f 00       		.ascii	"\000"
 501 0040 00       		.ascii	"\000"
 502 0041 00       		.ascii	"\000"
 503 0042 00000000 		.ascii	"\000\000\000\000\000\000\000\000"
 503      00000000 
 504 004a E1000000 		.ascii	"\341\000\000\000"
 505 004e 636800   		.ascii	"ch\000"
 506 0051 00       		.ascii	"\000"
 507 0052 02       		.ascii	"\002"
 508 0053 00       		.ascii	"\000"
 509 0054 00000000 		.ascii	"\000\000\000\000\000\000\000\000"
 509      00000000 
 510 005c EA010000 		.ascii	"\352\001\000\000"
 511              		.text
 512              		.section	.gnu.lto_.opts,"",%progbits
 513 0000 272D666D 		.ascii	"'-fmath-errno' '-fsigned-zeros' '-ftrapping-math' '"
 513      6174682D 
 513      6572726E 
 513      6F272027 
 513      2D667369 
 514 0033 2D666E6F 		.ascii	"-fno-trapv' '-fno-openmp' '-fno-openacc' '-mcpu=cor"
 514      2D747261 
 514      70762720 
 514      272D666E 
 514      6F2D6F70 
 515 0066 7465782D 		.ascii	"tex-m3' '-mno-thumb-interwork' '-mthumb' '-ggdb' '-"
 515      6D332720 
 515      272D6D6E 
 515      6F2D7468 
 515      756D622D 
 516 0099 4F322720 		.ascii	"O2' '-fomit-frame-pointer' '-falign-functions=16' '"
 516      272D666F 
 516      6D69742D 
 516      6672616D 
 516      652D706F 
 517 00cc 2D666675 		.ascii	"-ffunction-sections' '-fdata-sections' '-fno-common"
 517      6E637469 
 517      6F6E2D73 
 517      65637469 
 517      6F6E7327 
 518 00ff 2720272D 		.ascii	"' '-flto'\000"
 518      666C746F 
 518      2700
 519              		.text
 520              		.comm	__gnu_lto_v1,1,1
ARM GAS  C:\Users\TUDENT~1\AppData\Local\Temp\cciwwgys.s 			page 40


 521              		.comm	__gnu_lto_slim,1,1
 522              		.ident	"GCC: (GNU Tools for ARM Embedded Processors 6-2017-q1-update) 6.3.1 20170215 (release) [AR
ARM GAS  C:\Users\TUDENT~1\AppData\Local\Temp\cciwwgys.s 			page 41


DEFINED SYMBOLS
                            *ABS*:00000000 chvt.c
                            *COM*:00000001 __gnu_lto_v1
                            *COM*:00000001 __gnu_lto_slim

NO UNDEFINED SYMBOLS
