ARM GAS  C:\Users\TUDENT~1\AppData\Local\Temp\ccE3CrmH.s 			page 1


   1              		.cpu cortex-m3
   2              		.eabi_attribute 20, 1
   3              		.eabi_attribute 21, 1
   4              		.eabi_attribute 23, 3
   5              		.eabi_attribute 24, 1
   6              		.eabi_attribute 25, 1
   7              		.eabi_attribute 26, 1
   8              		.eabi_attribute 30, 2
   9              		.eabi_attribute 34, 1
  10              		.eabi_attribute 18, 4
  11              		.file	"crt1.c"
  12              		.text
  13              	.Ltext0:
  14              		.section	.gnu.lto_.profile.872bb95e,"",%progbits
  15 0000 789C6365 		.ascii	"x\234ce`b`a```d\220\024\005\000\000\307\000;"
  15      60626061 
  15      60606064 
  15      90140500 
  15      00C7003B 
  16              		.text
  17              		.section	.gnu.lto_.icf.872bb95e,"",%progbits
  18 0000 789C6365 		.ascii	"x\234ce`bPc@\0006\206\336\326'\267\271\030\301$\023"
  18      60625063 
  18      40003686 
  18      DED627B7 
  18      B918C124 
  19 0015 98645EDF 		.ascii	"\230d^\337\262\367;\013\313\234I\377>\263\263^\374\266"
  19      B2F73B0B 
  19      CB9C49FF 
  19      3EB3B35E 
  19      FCB6
  20 0027 B1878F01 		.ascii	"\261\207\217\001\000Z\350\021\367"
  20      005AE811 
  20      F7
  21              		.text
  22              		.section	.gnu.lto_.jmpfuncs.872bb95e,"",%progbits
  23 0000 789C6365 		.ascii	"x\234ce`b\020d@\000V fd\000\0122030\260\0009\000\003"
  23      60621064 
  23      40005620 
  23      6664000A 
  23      32303330 
  24 0019 8C0028   		.ascii	"\214\000("
  25              		.text
  26              		.section	.gnu.lto_.inline.872bb95e,"",%progbits
  27 0000 789C6365 		.ascii	"x\234ce`b\210g@\000V\006\006f&F\240 \003\003\333\002"
  27      60628867 
  27      40005606 
  27      06662646 
  27      A0200303 
  28 0016 7910C5C0 		.ascii	"y\020\305\300\210!\302\204!\302\014\344ADX\300$\220"
  28      8821C284 
  28      21C20CE4 
  28      414458C0 
  28      2490
  29 0028 1279C509 		.ascii	"\022y\305\011\024Qj[4\223\021\256\214\001\000\001\274"
  29      14516A5B 
  29      349311AE 
ARM GAS  C:\Users\TUDENT~1\AppData\Local\Temp\ccE3CrmH.s 			page 2


  29      8C010001 
  29      BC
  30 0039 06A3     		.ascii	"\006\243"
  31              		.text
  32              		.section	.gnu.lto_.pureconst.872bb95e,"",%progbits
  33 0000 789C6365 		.ascii	"x\234ce`b\340f```e\220`\224`\222`6a\221\002\000\004"
  33      6062E066 
  33      60606065 
  33      90609460 
  33      92603661 
  34 0018 4600B8   		.ascii	"F\000\270"
  35              		.text
  36              		.section	.gnu.lto___core_init.872bb95e,"",%progbits
  37 0000 789C6365 		.ascii	"x\234ce`b\250d``\360\002bi fdf`d\232p\216\201\241\221"
  37      6062A864 
  37      6060F002 
  37      62692066 
  37      64666064 
  38 001a 83899111 		.ascii	"\203\211\221\021\304h\340`d\250gb\254g\354g\236\316"
  38      C468E060 
  38      64A86762 
  38      AC67EC67 
  38      9ECE
  39 002c CC78A8FD 		.ascii	"\314x\250\375\331N&\315\345\015@p`\372\006\256\266\206"
  39      D94E26CD 
  39      E50D4070 
  39      60FA06AE 
  39      B686
  40 003e 5689F9CC 		.ascii	"V\211\371\314\014\0143\201\030\004\030\2273j2\000\225"
  40      0C0C3381 
  40      18041897 
  40      336A3200 
  40      95
  41 004f 3DDAF86F 		.ascii	"=\332\370o*/\033\013D\234q\005#\033#\220^\177\211\361"
  41      2A2F1B0B 
  41      449C7105 
  41      231B2390 
  41      5E7F89F1 
  42 0063 40C3BFFF 		.ascii	"@\303\277\377\355\015\007\216,f\334\353\305\304\300"
  42      ED0D078E 
  42      2C66DCEB 
  42      C5C4C0
  43 0072 D0059406 		.ascii	"\320\005\224\006\331\321\315\314\004\242\231\33726)"
  43      D9D1CDCC 
  43      04A299DF 
  43      323629
  44 0081 805483CD 		.ascii	"\200T\203\315\352bf\004\011\002\225y$[\351;gd&e\006"
  44      EA626604 
  44      09029579 
  44      245BE93B 
  44      67642665 
  45 0096 9794A664 		.ascii	"\227\224\246d\346C\330\376\301\206\346f\372\371\305"
  45      E643D8FE 
  45      C186E666 
  45      FAF9C5
  46 00a5 FAC9F9B9 		.ascii	"\372\311\371\271\271\371y\372\305%\211E%\245\005\372"
  46      B9F979FA 
ARM GAS  C:\Users\TUDENT~1\AppData\Local\Temp\ccE3CrmH.s 			page 3


  46      C5258945 
  46      25A505FA 
  47 00b5 8E41BECE 		.ascii	"\216A\276\316\276\025 \321\202\314\234\324\242b}wgg"
  47      BE1520D1 
  47      82CC9CD4 
  47      A2627D77 
  47      6767
  48 00c7 FDE4A212 		.ascii	"\375\344\242\022C\275d\006\000\247\032A\240"
  48      43BD6406 
  48      00A71A41 
  48      A0
  49              		.text
  50              		.section	.gnu.lto___early_init.872bb95e,"",%progbits
  51 0000 789C6365 		.ascii	"x\234ce`b(g``\360\002bi fdf`d\232p\216\201\241\221\203"
  51      60622867 
  51      6060F002 
  51      62692066 
  51      64666064 
  52 001b 899111C4 		.ascii	"\211\221\021\304h\340`d\250gb\254g\354g\236\316\314"
  52      68E06064 
  52      A86762AC 
  52      67EC679E 
  52      CECC
  53 002d 78A8FDD9 		.ascii	"x\250\375\331N&\315\345\015@p`\3727\256\266\206V\211"
  53      4E26CDE5 
  53      0D407060 
  53      FA37AEB6 
  53      865689
  54 0040 F9CC0C0C 		.ascii	"\371\314\014\0143\201\030\004\030\2273j2\000\225=\332"
  54      33811804 
  54      1897336A 
  54      3200953D 
  54      DA
  55 0051 F86F2A2F 		.ascii	"\370o*/\033\013D\234q\005#\033#\220^\177\211\361@\303"
  55      1B0B449C 
  55      7105231B 
  55      23905E7F 
  55      89F140C3 
  56 0065 BFFFED0D 		.ascii	"\277\377\355\015\007\316(3310t\001%A6t\0039@\232\371"
  56      07CE2833 
  56      33313074 
  56      01254136 
  56      74033940 
  57 007b 2D639302 		.ascii	"-c\223\002H-\330\244.fF\220 P\231G\262\225\276sFfRf"
  57      482DD8A4 
  57      2E664690 
  57      20509947 
  57      B295BE73 
  58 0093 7049694A 		.ascii	"pIiJf>\204\355\037lhn\246\237_\254\237\234\237\233\233"
  58      663E84ED 
  58      1F6C686E 
  58      A69F5FAC 
  58      9F9C9F9B 
  59 00a8 9FA75F5C 		.ascii	"\237\247_\\\222XTRZ\240\357\030\344\353\354[\001\022"
  59      92585452 
  59      5AA0EF18 
  59      E4EBEC5B 
ARM GAS  C:\Users\TUDENT~1\AppData\Local\Temp\ccE3CrmH.s 			page 4


  59      0112
  60 00ba 2DC8CC49 		.ascii	"-\310\314I-*\326wwv\326O.*1\324Kf\000\000\350F@g"
  60      2D2AD677 
  60      7776D64F 
  60      2E2A31D4 
  60      4B660000 
  61              		.text
  62              		.section	.gnu.lto___late_init.872bb95e,"",%progbits
  63 0000 789C6365 		.ascii	"x\234ce`b(g``\360\002bi fdf`d\232p\216\201\241\221\203"
  63      60622867 
  63      6060F002 
  63      62692066 
  63      64666064 
  64 001b 899111C4 		.ascii	"\211\221\021\304h\340`d\250gb\254g\354g\236\316\314"
  64      68E06064 
  64      A86762AC 
  64      67EC679E 
  64      CECC
  65 002d 78A8FDD9 		.ascii	"x\250\375\331N&\315\345\015@p`\372&\356\266\206V\211"
  65      4E26CDE5 
  65      0D407060 
  65      FA26EEB6 
  65      865689
  66 0040 F9CC0C0C 		.ascii	"\371\314\014\0143\201\030\004\030\2273j2\000\225=\332"
  66      33811804 
  66      1897336A 
  66      3200953D 
  66      DA
  67 0051 F86F2A2F 		.ascii	"\370o*/\033\013D\234q\005#\033#\220^\177\211\361@\303"
  67      1B0B449C 
  67      7105231B 
  67      23905E7F 
  67      89F140C3 
  68 0065 BFFFED0D 		.ascii	"\277\377\355\015\007\216(3310t\001%A6t\0039@\232\371"
  68      078E2833 
  68      33313074 
  68      01254136 
  68      74033940 
  69 007b 2D639302 		.ascii	"-c\223\002H-\330\244.fF\220 P\231G\262\225\276sFfRf"
  69      482DD8A4 
  69      2E664690 
  69      20509947 
  69      B295BE73 
  70 0093 7049694A 		.ascii	"pIiJf>\204\355\037lhn\246\237_\254\237\234\237\233\233"
  70      663E84ED 
  70      1F6C686E 
  70      A69F5FAC 
  70      9F9C9F9B 
  71 00a8 9FA75F5C 		.ascii	"\237\247_\\\222XTRZ\240\357\030\344\353\354[\001\022"
  71      92585452 
  71      5AA0EF18 
  71      E4EBEC5B 
  71      0112
  72 00ba 2DC8CC49 		.ascii	"-\310\314I-*\326wwv\326O.*1\324Kf\000\000\266\310@\034"
  72      2D2AD677 
  72      7776D64F 
  72      2E2A31D4 
ARM GAS  C:\Users\TUDENT~1\AppData\Local\Temp\ccE3CrmH.s 			page 5


  72      4B660000 
  73              		.text
  74              		.section	.gnu.lto___default_exit.872bb95e,"",%progbits
  75 0000 789C6365 		.ascii	"x\234ce`b(c``\360\002bS fde`d\232p\216\201\241\221\203"
  75      60622863 
  75      6060F002 
  75      62532066 
  75      64656064 
  76 001b 899119C4 		.ascii	"\211\221\031\304`dfd\201\010\260@\004\034\031\031\352"
  76      60646664 
  76      8108B040 
  76      041C1919 
  76      EA
  77 002c 99985918 		.ascii	"\231\230Y\030\201\004\003\004\3643Ogf<\324\376l'\223"
  77      81040304 
  77      F4334F67 
  77      663CD4FE 
  77      6C2793
  78 003f E6F20620 		.ascii	"\346\362\006 80\375\016w[C\253\304|\240\202\231PE\214"
  78      3830FD0E 
  78      775B43AB 
  78      C47CA082 
  78      9950458C 
  79 0053 CB193519 		.ascii	"\313\0315\031\200\312\036m\3747\225\227\215\005\"\316"
  79      80CA1E6D 
  79      FC379597 
  79      8D0522CE 
  80 0063 B882918D 		.ascii	"\270\202\221\215\021H\257\277\304x\240\341\337\377\366"
  80      1148AFBF 
  80      C478A0E1 
  80      DFFFF6
  81 0072 86037716 		.ascii	"\206\003w\0263~\367\006\012u\001\245\031\201$\023\320"
  81      337EF706 
  81      0A7501A5 
  81      19812413 
  81      D0
  82 0083 FE2E6666 		.ascii	"\376.ff\006\240\305\214]\314,P\232\021l\244G\262\225"
  82      06A0C58C 
  82      5DCC2C50 
  82      9A116CA4 
  82      47B295
  83 0096 BE734666 		.ascii	"\276sFfRfpIiJf>\204\355\037lhn\246\237_\254\237\234"
  83      52667049 
  83      694A663E 
  83      84ED1F6C 
  83      686EA69F 
  84 00ae 9F9B9B9F 		.ascii	"\237\233\233\237\247_\\\222XTRZ\240\357\030\344\353"
  84      A75F5C92 
  84      5854525A 
  84      A0EF18E4 
  84      EB
  85 00bf EC5B0112 		.ascii	"\354[\001\022-\310\314I-*\326wwv\326O.*1\324Kf\000\000"
  85      2DC8CC49 
  85      2D2AD677 
  85      7776D64F 
  85      2E2A31D4 
  86 00d7 C34A42D8 		.ascii	"\303JB\330"
ARM GAS  C:\Users\TUDENT~1\AppData\Local\Temp\ccE3CrmH.s 			page 6


  87              		.text
  88              		.section	.gnu.lto___init_ram_areas.872bb95e,"",%progbits
  89 0000 789C9554 		.ascii	"x\234\225T\335O\223g\024?\347}\336\257\276oik\350\222"
  89      DD4F9367 
  89      143FE77D 
  89      DEAFBE6F 
  89      696BE892 
  90 0014 6531861B 		.ascii	"e1\206\033.\274Y\303\315f\2743\\h\262\030\023\371\007"
  90      2EBC59C3 
  90      CD66BC33 
  90      5C68B218 
  90      13F907
  91 0027 E670C9C8 		.ascii	"\346p\311\310\346h\240$\273\262/Pu\302\3460\333\024"
  91      E668A024 
  91      BBB22F50 
  91      75C2E630 
  91      DB14
  92 0039 6ABB9299 		.ascii	"j\273\222\231EX\207\305\217mX\207\026\374@\210\272\321"
  92      455887C5 
  92      8F6D5887 
  92      16FC4088 
  92      BAD1
  93 004b 0B2F8C57 		.ascii	"\013/\214W2E0.n\225-\222\015v\236\363\224Xa\237o\322"
  93      3245302E 
  93      6E952D92 
  93      0D769EF3 
  93      9458619F 
  94 0061 3ECF733E 		.ascii	">\317s>~\347\234\337y\236c\200\006\237\230\000\015\000"
  94      7EE79CDF 
  94      799E6380 
  94      069F9800 
  94      0D00
  95 0073 F005FDD0 		.ascii	"\360\005\375\320\017\250\365\334\004h\2675\024j#\320"
  95      0FA8F5DC 
  95      0468B735 
  95      146A23D0 
  96 0083 501B5D6D 		.ascii	"P\033]m\306lC\323?\230\000\360\0343a\201\3477\321\226"
  96      C66C43D3 
  96      3F9800F0 
  96      1C336181 
  96      E737D196 
  97 0097 72B4D43A 		.ascii	"r\264\324:f\333\232\245\364>\326\3734W\035\035>\272"
  97      66DB9AA5 
  97      F43ED6FB 
  97      34571D1D 
  97      3EBA
  98 00a9 0A788B83 		.ascii	"\012x\213\203(W\317F\210kB7L\313\366\271\016\306u\001"
  98      2857CF46 
  98      886B4237 
  98      4CCBF6B9 
  98      0EC67501 
  99 00bd 58D07199 		.ascii	"X\320q\231>\340\317P\013\330\345\365#qT\340\370\201"
  99      3EE0CF50 
  99      0BD8E5F5 
  99      237154E0 
  99      F881
 100 00cf FBE7B48D 		.ascii	"\373\347\264\215'<\372\012G{\002\373\275}/f\004@\237"
ARM GAS  C:\Users\TUDENT~1\AppData\Local\Temp\ccE3CrmH.s 			page 7


 100      273CFA0A 
 100      477B02FB 
 100      BD7D2F66 
 100      04409F
 101 00e2 50367802 		.ascii	"P6x\0027\002\231M'\206S\342\220\310\010D\235\216?\337"
 101      3702994D 
 101      278653E2 
 101      90C80844 
 101      9D8E3FDF 
 102 00f6 48CE04E4 		.ascii	"H\316\004\344Q\303\032:&2\0039]\274\206\322\362\313"
 102      51C31A3A 
 102      26320339 
 102      5DBC86D2 
 102      F2CB
 103 0108 A7D35DA2 		.ascii	"\247\323]\242\366\270\347ux\205[#\341\217;\275k\236"
 103      F6B8E775 
 103      78855B23 
 103      E18F3BBD 
 103      6B9E
 104 011a 9E11A440 		.ascii	"\236\021\244@A\2508\210\353q\000\3273:\231\337=\265"
 104      41A83888 
 104      EB7100D7 
 104      333A99DF 
 104      3DB5
 105 012c F46995A9 		.ascii	"\364i\225\251c\026kUP\374\012M\004\020RB\372\313\367"
 105      63166B55 
 105      50FC0A4D 
 105      04105242 
 105      FACBF7
 106 013f 7E2FBA62 		.ascii	"~/\272b\007C\267g\217\245\374e\350\237F6\034.C\3538"
 106      0743B767 
 106      8FA5FC65 
 106      E89F4636 
 106      1C2E43EB 
 107 0154 B4161A4F 		.ascii	"\264\026\032O\262\373\365\302\301\234#v\262\373Rq\356"
 107      B2FBF5C2 
 107      C19C2376 
 107      B2FB5271 
 107      EE
 108 0165 B15176FF 		.ascii	"\261Qv\377eS\237WH\324H\347\334_8\017cm\256\210\005"
 108      65539F57 
 108      48D448E7 
 108      DC5F380F 
 108      636DAE88 
 109 017a 6F69F980 		.ascii	"oi\371\200W\270\272i\364\354\235\352\027\020dJ\032#"
 109      57B8BA69 
 109      F4EC9DEA 
 109      1710644A 
 109      1A23
 110 018c 0B36D1F9 		.ascii	"\0136\321\371\337\346\177\207\345.\357\375@\270U\364"
 110      DFE67F87 
 110      E52EEFFD 
 110      40B855F4 
 111 019c 6704F91C 		.ascii	"g\004\371\034b\335:)\255fA\230\241\000\272\250\340i"
 111      62DD3A29 
 111      AD664198 
 111      A100BAA8 
ARM GAS  C:\Users\TUDENT~1\AppData\Local\Temp\ccE3CrmH.s 			page 8


 111      E069
 112 01ae 806EA1D1 		.ascii	"\200n\241\321\"\356aG\1776\265\231\011P\305\037\331"
 112      22EE6147 
 112      7F36B599 
 112      0950C51F 
 112      D9
 113 01bf 37FEBD25 		.ascii	"7\376\275%i6\271\200\316\305\213\245@\374\017\217:d"
 113      6936B980 
 113      CEC58BA5 
 113      40FC0F8F 
 113      3A64
 114 01d1 1E178ABF 		.ascii	"\036\027\212\277\311d\366\355\014\246\333C\031a\341"
 114      C964F6ED 
 114      0CA6DB43 
 114      1961E1
 115 01e0 698CE329 		.ascii	"i\214\343)Y\003)\226\347O\237\364\221q\257\347\365\177"
 115      59032996 
 115      E74F9FF4 
 115      9171AFE7 
 115      F57F
 116 01f2 AE498833 		.ascii	"\256I\2103\230!b\361,\306A\306\024\220\260(\246\306"
 116      982162F1 
 116      2CC641C6 
 116      1490B028 
 116      A6C6
 117 0204 B9A405C2 		.ascii	"\271\244\005\302\034v\344\347>\234\265*\272Bi\313|\271"
 117      1C76E4E7 
 117      3E9CB52A 
 117      BA4269CB 
 117      7CB9
 118 0216 29E4FA35 		.ascii	")\344\3725\232i\341T&&8\261\337&\246\336\367\313,\350"
 118      9A69E154 
 118      262638B1 
 118      DF26A6DE 
 118      F7CB2CE8 
 119 022a 16F55F40 		.ascii	"\026\365_@*\324&@\374\246\234\312g\275#\245@d\310\353"
 119      2AD42640 
 119      FCA69CCA 
 119      67BD23A5 
 119      4064C8EB 
 120 023e F13C62DC 		.ascii	"\361<b\334\207\337R\"\275|\301p\004# \353\336+\261e"
 120      87DF5222 
 120      BD7CC170 
 120      042320EB 
 120      DE2BB165 
 121 0252 38C2E744 		.ascii	"8\302\347D\006\017Y*\234\273\032?\377\257\370\347\030"
 121      060F592A 
 121      9CBB1A3F 
 121      FFAFF8E7 
 121      18
 122 0263 1F257EFE 		.ascii	"\037%~\3769\374a\211\357\002, V\320)\031\312\246\266"
 122      39FC6189 
 122      EF022C20 
 122      56D02919 
 122      CAA6B6
 123 0276 AD908AE7 		.ascii	"\255\220\212\3471\256\025\003i\021v\223\017\307\220"
 123      31AE1503 
ARM GAS  C:\Users\TUDENT~1\AppData\Local\Temp\ccE3CrmH.s 			page 9


 123      69117693 
 123      0FC790
 124 0285 98D281DE 		.ascii	"\230\322\201\336\235\240\254\026\273\206JQ\225VU%\013"
 124      9DA0AC16 
 124      BB864A51 
 124      95565525 
 124      0B
 125 0296 FA1A1628 		.ascii	"\372\032\026(\017'M\257\343;\231\"\216J\346\311\377"
 125      0F274DAF 
 125      E33B9922 
 125      8E4AE6C9 
 125      FF
 126 02a7 C8E44BD2 		.ascii	"\310\344K\322{uE\033\330X\224\215/\2201\341\223}gj\377"
 126      7B75451B 
 126      D858948D 
 126      2F9031E1 
 126      937D676A 
 127 02bc 68E97515 		.ascii	"h\351u\025/(\015\344\375\244jj\236\025\023Tf7J\273\225"
 127      2F280DE4 
 127      FDA46A6A 
 127      9E151354 
 127      66374ABB 
 128 02d1 5948067D 		.ascii	"YH\006}\316\2149\015q\307\015\240A\241Z\316\316\002"
 128      CE8C390D 
 128      71C70DA0 
 128      41A15ACE 
 128      CE02
 129 02e3 78CF169A 		.ascii	"x\317\026\232j\177\337\254\243\200\374k\013\372G\316"
 129      6A7FDFAC 
 129      A380FC6B 
 129      0BFA47CE 
 130 02f3 2F32E79A 		.ascii	"/2\347\232\344\257@\234\377\210\211\233\227\356\240"
 130      E4AF409C 
 130      FF88899B 
 130      97EEA0
 131 0302 C2120427 		.ascii	"\302\022\004'\273\275\200\032\265W\344g\236R\201!=9"
 131      BBBD801A 
 131      B557E467 
 131      9E528121 
 131      3D39
 132 0314 3B890B48 		.ascii	";\211\013HJW\334fQP_\274\317\204\233\362j\2229E\244"
 132      4A57DC66 
 132      51505FBC 
 132      CF849BF2 
 132      6A923945 
 133 0329 A44960AD 		.ascii	"\244I`\255t\340\311\203\301\011\363\3579\324\313\034"
 133      74E0C983 
 133      C109F3EF 
 133      39D4CB1C 
 134 0339 8E513695 		.ascii	"\216Q6\225\015r\350\361\216\223\206\311\032Z(sZ-\035"
 134      0D72E8F1 
 134      8E9386C9 
 134      1A5A2873 
 134      5A2D1D
 135 034c D6725ACD 		.ascii	"\326rZ\315d\331\222,|F\226\256\010\032X!h\335\377$\350"
 135      64D9922C 
 135      7C4696AE 
ARM GAS  C:\Users\TUDENT~1\AppData\Local\Temp\ccE3CrmH.s 			page 10


 135      081A5821 
 135      68DDFF24 
 136 0361 1213C417 		.ascii	"\022\023\304\027\354\362j\202t\202S\004\321\3166\201"
 136      ECF26A82 
 136      74825304 
 136      D1CE3681 
 137 0371 72B06ECF 		.ascii	"r\260n\3173\025>I\005\247}\245M\031\207)\012\341\027"
 137      33153E49 
 137      05A77DA5 
 137      4D198729 
 137      0AE117
 138 0384 1F5F4FBB 		.ascii	"\037_O\273j\"\207\360Je\021\374\234\303*\302\257yS\276"
 138      6A2287F0 
 138      4A6511FC 
 138      9CC32AC2 
 138      AF7953BE 
 139 0398 5D3A934B 		.ascii	"]:\223K\362\374\223)C\272\270h\377\227q2Q1N\016O\035"
 139      F2FC9329 
 139      43BAB868 
 139      FF977132 
 139      51314E0E 
 140 03ae 9B37EA72 		.ascii	"\2337\352r\262\234\376y\244Z\361\032\025\204W\325\304"
 140      B29CFE79 
 140      A45AF11A 
 140      158457D5 
 140      C4
 141 03bf 2483EE87 		.ascii	"$\203\356\207s?\004W\346\015\312\3110\211uT\354\024"
 141      733F0457 
 141      E60DCAC9 
 141      30897554 
 141      EC14
 142 03d1 8F1B39EB 		.ascii	"\217\0339\353\\8cb7\275o\232u\217\350M\316\244Q\315"
 142      5C386362 
 142      37BD6F9A 
 142      758FE84D 
 142      CEA451CD 
 143 03e5 15D62289 		.ascii	"\025\326\"\211\351\372lk\334\034\251\177\253\351\215"
 143      E9FA6C6B 
 143      DC1CA97F 
 143      ABE98D
 144 03f4 A68658DB 		.ascii	"\246\206X\333\356\246f\265\337\321P\367\352+\221\346"
 144      EEA666B5 
 144      DFD150F7 
 144      EA2B91E6 
 145 0404 D64863F3 		.ascii	"\326Hc\363\236=\315\357FZc\273Zbm\321\310\226\235\333"
 145      9E3DCDEF 
 145      465A63BB 
 145      5A626DD1 
 145      C8969DDB 
 146 0418 EBB7BF27 		.ascii	"\353\267\277'\245\321\246w\336li\215l\255\257\2174\266"
 146      A5D1A677 
 146      DE6C698D 
 146      6CADAF8F 
 146      34B6
 147 042a C4EA5E6E 		.ascii	"\304\352^n\004\321\262+\252\305\242\030\375\023.\273"
 147      04D1B22B 
 147      AAC5A218 
ARM GAS  C:\Users\TUDENT~1\AppData\Local\Temp\ccE3CrmH.s 			page 11


 147      FD132EBB 
 148 043a 3766     		.ascii	"7f"
 149              		.text
 150              		.section	.gnu.lto_ram_areas.872bb95e,"",%progbits
 151 0000 789C75D1 		.ascii	"x\234u\321\337KSa\030\007\360\3679\257s\376\326\254"
 151      DF4B5361 
 151      1807F0F7 
 151      39AF73FE 
 151      D6AC
 152 0012 D46AE67F 		.ascii	"\324j\346\177\340a^\330\360J\331E\031\210\240\177\201"
 152      E0615ED8 
 152      F04AD945 
 152      1988A07F 
 152      81
 153 0023 2DC18136 		.ascii	"-\301\2016\331&H7;\027\012b\344m\202\302\204\004-\265"
 153      D9264837 
 153      3B170A62 
 153      E46D82C2 
 153      84042DB5 
 154 0037 E66F372B 		.ascii	"\346o7+M[e\251e\345U7A\"\004\202 \312 \023}\267\357"
 154      4D5B65A9 
 154      65E55537 
 154      41220482 
 154      20CA2013 
 155 004e B988339E 		.ascii	"\271\2103\236sq\276\207\347y\371\362\341=6\241\211z"
 155      7371BE87 
 155      E779F9F2 
 155      E13D36A1 
 155      897A
 156 0060 9B107705 		.ascii	"\233\020w\005\236'\222\242\321\203\237\366\320\231\321"
 156      9E2792A2 
 156      D1839FF6 
 156      D099D1
 157 006f 6718BF1E 		.ascii	"g\030\277\036\375\221\017\303R<\225i\253\221}-\265\240"
 157      FD910FC3 
 157      523C9569 
 157      AB917D2D 
 157      B5A0
 158 0081 F405A516 		.ascii	"\364\005\245\026Z\332\24285\227\251\371\311\376\336"
 158      5ADAA238 
 158      3597A9F9 
 158      C9FEDE
 159 0090 4A966BC1 		.ascii	"J\226k\301\350\0331j\303\222\006\245\240\347\024\032"
 159      E81B316A 
 159      C39206A5 
 159      A0E7141A 
 160 00a0 9444CF92 		.ascii	"\224D\317\222\241\321x2$\215Q(y\374\270\2777!\007dX"
 160      A1D17832 
 160      248D5128 
 160      79FCB8BF 
 160      37210764 
 161 00b5 2DEC96D6 		.ascii	"-\354\226\326\323\001\01038\241\215\023f2B;'\214@\370"
 161      D3010833 
 161      38A18D13 
 161      6632423B 
 161      278C40F8 
 162 00c9 12C21710 		.ascii	"\022\302\027\020NA\270w:\025+\2000\323\322zh\012\263"
ARM GAS  C:\Users\TUDENT~1\AppData\Local\Temp\ccE3CrmH.s 			page 12


 162      4E41B877 
 162      3A152B80 
 162      30D3D27A 
 162      680AB3
 163 00dc 38613627 		.ascii	"8a6'\314a\204\271\234p\001\302y\010\347 \234\205pc4"
 163      CC6184B9 
 163      9C7001C2 
 163      7908E720 
 163      9C857063 
 164 00f1 F62F0F42 		.ascii	"\366/\017B\233\245\365\267)\314\343\204\371\234\260"
 164      9BA5F5B7 
 164      29CCE384 
 164      F99CB0
 165 0100 80111672 		.ascii	"\200\021\026r\302W\020.C\030\2030\012\341NOd\330\374"
 165      C257102E 
 165      43188330 
 165      0AE14E4F 
 165      64D8FC
 166 0113 CB1996D6 		.ascii	"\313\031\226\326ESX\304\011/q\302bFx\231\023\256A\370"
 166      455358C4 
 166      092F71C2 
 166      62467899 
 166      13AE41F8 
 167 0127 16C25508 		.ascii	"\026\302U\010W \\;\212\214\231w(-\255\023\246\360\012"
 167      57205C3B 
 167      8A8C9977 
 167      282DAD13 
 167      A6F00A
 168 013a 27BCCA09 		.ascii	"'\274\312\011K\030a)'\374\010\341\007\010\337C\030\207"
 168      4B186129 
 168      27FC08E1 
 168      0708DF43 
 168      1887
 169 014c 307E9E58 		.ascii	"0~\236X-\204P\263\264\236?\206\260\214\023^\343\204"
 169      2D8450B3 
 169      B49E3F86 
 169      B08C135E 
 169      E384
 170 015e D719E10D 		.ascii	"\327\031\341\015N\270\015\341\026\204\233\020~\206\360"
 170      4EB80DE1 
 170      16849B10 
 170      7E86F0
 171 016d FF9A8449 		.ascii	"\377\232\204Irp\244r\216t\223!Up\244\357 }\003i\007"
 171      7270A472 
 171      8E749321 
 171      5570A4EF 
 171      207D0369 
 172 0182 A4AF20F5 		.ascii	"\244\257 \365\014\305\377\332q\334PW'\311\351\240\037"
 172      0CC5FFDA 
 172      71DC5057 
 172      27C9E9A0 
 172      1F
 173 0193 E4A22A07 		.ascii	"\344\242*\007}Q\361\211\034\264\241\362\235\312u\225"
 173      7D51F189 
 173      1CB4A1F2 
 173      9DCA7595 
 174 01a3 6F54BE56 		.ascii	"oT\276V\271\244rQ\345\214\312i\225\223*'\310%hW\275"
ARM GAS  C:\Users\TUDENT~1\AppData\Local\Temp\ccE3CrmH.s 			page 13


 174      B9A47251 
 174      E58CCA69 
 174      95932A27 
 174      C8256857 
 175 01b8 EE786A74 		.ascii	"\356xjtw\233\367\236\2679\330u\337\353\303wc\263\363"
 175      779BF79E 
 175      B739D875 
 175      DFEBC377 
 175      63B3F3
 176 01cb 56B5EE0B 		.ascii	"V\265\356\013\350\036_G\207\357\201\036\010\266\370"
 176      E81E5F47 
 176      87EF811E 
 176      08B6F8
 177 01da 835D9D7A 		.ascii	"\203]\235z]S\203\273\241;9\355\364\266\267\372\003\372"
 177      5D5383BB 
 177      A13B39ED 
 177      F4B6B7FA 
 177      03FA
 178 01ec 6DB75BF7 		.ascii	"m\267[\367\370\203\316J\217\270\000\206f\023q"
 178      F883CE4A 
 178      8FB80086 
 178      661371
 179              		.text
 180              		.section	.gnu.lto_.symbol_nodes.872bb95e,"",%progbits
 181 0000 789C55CD 		.ascii	"x\234U\315YN\302P\000\205\341\277-W\006Q\021\007DF\335"
 181      594EC250 
 181      0085E1BF 
 181      2D570651 
 181      11074446 
 182 0015 88712FEE 		.ascii	"\210q/\356\343v\011\254\307'Q\231\004\012\002\202\240"
 182      E37609AC 
 182      C7275199 
 182      040A0282 
 182      A0
 183 0026 08A80BA1 		.ascii	"\010\250\013\241\234\027\322\247/\371s\222cpyp\000\367"
 183      9C17D2A7 
 183      2FF97392 
 183      63707970 
 183      00F7
 184 0038 090BB580 		.ascii	"\011\013\265\200\035\217\376}X\352X'Z\236\261n\264\274"
 184      1D8FFE7D 
 184      58EA5827 
 184      5A9EB16E 
 184      B4BC
 185 004a 60BD7DB9 		.ascii	"`\275}\271\011\313+6\026\331\230;\374[\360L\003\247"
 185      09CB2B36 
 185      16D9983B 
 185      FC5BF04C 
 185      03A7
 186 005c 1A3E9926 		.ascii	"\032>\231&\256l\341\31161\331\301\3107\016d\227\270"
 186      AE6CE1C9 
 186      3631D9C1 
 186      C8370E64 
 186      97B8
 187 006e EC91907D 		.ascii	"\354\221\220}\2222 %\007\034\312!i\371\316\221\034q"
 187      92322025 
 187      071CCA21 
ARM GAS  C:\Users\TUDENT~1\AppData\Local\Temp\ccE3CrmH.s 			page 14


 187      69F9CE91 
 187      1C71
 188 0080 2CC79CC8 		.ascii	",\307\234\310\011\031\371\301\251\234\222\2253\316\344"
 188      0919F9C1 
 188      A99C9295 
 188      33CEE4
 189 008f 27E772CE 		.ascii	"'\347r\316\205\\p)\277\310\311o\256\344\222\274\374"
 189      855C7029 
 189      BFC8C96F 
 189      AEE492BC 
 189      FC
 190 00a0 E15AAE28 		.ascii	"\341Z\256(\3105E\271\241$\177)\313?*\362\237\352N\266"
 190      C83545B9 
 190      A1247F29 
 190      CB3F2AF2 
 190      9FEA4EB6 
 191 00b4 D8623987 		.ascii	"\330b9\207"
 192              		.text
 193              		.section	.gnu.lto_.refs.872bb95e,"",%progbits
 194 0000 789C05C1 		.ascii	"x\234\005\301\007\022\202@\020\000\260\235\014\207 "
 194      07128240 
 194      1000B09D 
 194      0C8720
 195 000f 168A8A58 		.ascii	"\026\212\212XNl\257\341\377\377!I!\226\210PH\244<'\245"
 195      4E6CAFE1 
 195      FFFF2149 
 195      21968850 
 195      48A43C27 
 196 0024 8D4A6DAB 		.ascii	"\215Jm\253\261\263wp\324\352\364\006'g\027\243\253\311"
 196      B1B37770 
 196      D4EAF406 
 196      276717A3 
 196      ABC9
 197 0036 CDDDC353 		.ascii	"\315\335\303S\3662{\373\370\372\371\307\012}f\003\234"
 197      F6327BFB 
 197      F8FAF9C7 
 197      0A7D6603 
 197      9C
 198              		.text
 199              		.section	.gnu.lto_.decls.872bb95e,"",%progbits
 200 0000 789CAD96 		.ascii	"x\234\255\226kPT\311\025\307oO\017\3140\214`\300\315"
 200      6B5054C9 
 200      15C76F4F 
 200      0FCC308C 
 200      60C0CD
 201 0013 9A526B59 		.ascii	"\232RkY\303F\252\266\204E\024R\373!\265)\253\262\373"
 201      C346AAB6 
 201      84451452 
 201      FB21B529 
 201      ABB2FB
 202 0026 65B3A96C 		.ascii	"e\263\251l\262_B\325\324\010\263\273Tx\030\030j\265"
 202      B25F42D5 
 202      D408B3BB 
 202      54781818 
 202      6AB5
 203 0038 52B57505 		.ascii	"R\265u\005AQQ|\361\022_\370\002\304\007\253\240\003"
 203      4151517C 
ARM GAS  C:\Users\TUDENT~1\AppData\Local\Temp\ccE3CrmH.s 			page 15


 203      F1125FF8 
 203      02C407AB 
 203      A003
 204 004a 82A3280A 		.ascii	"\202\243(\012\"\002\202\370\340\245\010*\202(\242\202"
 204      220282F8 
 204      E0A5082A 
 204      8228A282 
 205 005a 0FC8E9D3 		.ascii	"\017\310\351\323w\236\215\311\227\334\342?\323\335\367"
 205      779E8DC9 
 205      97DCE23F 
 205      D3DDF7
 206 0069 9CDF397D 		.ascii	"\234\3379}\372\334\313xH*\351\347\231\222t\231J\322"
 206      FADCCB78 
 206      482AE9E7 
 206      99927499 
 206      4AD2
 207 007b 6A95244D 		.ascii	"j\225$M\301\245\221$\351\210\344\270<@\307A'@\025\240"
 207      C1A59124 
 207      E988E4B8 
 207      3C40C741 
 207      274015A0 
 208 008f 2A5035E8 		.ascii	"*P5\350c\320]P\037\250\037\364\000\364\010\364\0304"
 208      63D05D50 
 208      1FA81FF4 
 208      00F408F4 
 208      1834
 209 00a1 0C1A013D 		.ascii	"\014\032\001=\003=\007\275\000\275\002M\200\336\200"
 209      033D07BD 
 209      00BD024D 
 209      80DE80
 210 00b0 DE81A640 		.ascii	"\336\201\246@\204H\022\005y\2004 /\2207h\006\310\027"
 210      84481205 
 210      79803420 
 210      2F903768 
 210      06C817
 211 00c3 F42B903F 		.ascii	"\364+\220?\350\003\320\207\240\337\200\346\200\346\201"
 211      E803D087 
 211      A0DF80E6 
 211      80E681
 212 00d2 3E027D4C 		.ascii	">\002}L$\227\313\010s\266\364\2352'J\356\356\327\017"
 212      2497CB08 
 212      73B6F49D 
 212      32274AEE 
 212      EED70F
 213 00e5 D3D89D98 		.ascii	"\323\330\235\230\306.n\032\273\212i\354~\232\306\256"
 213      C62E6E1A 
 213      BB8A69EC 
 213      7E9AC6AE 
 214 00f5 6A1ABB7F 		.ascii	"j\032\273\177\303\015\275b\347\007\232\005\232\017k"
 214      C30DBD62 
 214      E7079A05 
 214      9A0F6B
 215 0104 D7E07B01 		.ascii	"\327\340{\001\350\2670\356\205\357\036P \214\257\302"
 215      E8B730EE 
 215      85EF1E50 
 215      208CAFC2 
 216 0114 F75F406A 		.ascii	"\367_@j\320-P;\350\006\250C\211Q\255|\337u\213SK\270"
ARM GAS  C:\Users\TUDENT~1\AppData\Local\Temp\ccE3CrmH.s 			page 16


 216      D02D503B 
 216      E806A843 
 216      8951AD7C 
 216      DF758B53 
 217 012a CF3585C5 		.ascii	"\3175\205\305\342\364\276\207\303\256\000\211\327\362"
 217      E2F4BE87 
 217      C3AE0089 
 217      D7F2
 218 0138 23A5B673 		.ascii	"#\245\266s\224Z\177\250\324\336_9\013_\345l\274\225"
 218      945A7FA8 
 218      D4DE5F39 
 218      0B5FE56C 
 218      BC95
 219 014a B3D22867 		.ascii	"\263\322(g\307\316\220\235%;Sv\266\354\214\331Y\263"
 219      C7CE909D 
 219      253B5376 
 219      B6EC8CD9 
 219      59B3
 220 015c 336767CF 		.ascii	"3gg\317z\200\365\002\353\011\326\033\254GX\257\260\236"
 220      7A80F502 
 220      EB09D61B 
 220      AC4758AF 
 220      B09E
 221 016e 61BDD3E7 		.ascii	"a\275\323\347\226\177\016%\025\231\027\252U\335\244"
 221      967F0E25 
 221      159917AA 
 221      55DDA4
 222 017d 93405B92 		.ascii	"\223@[\222\231\274\252\204\177\022\024\017h\273\010"
 222      99BCAA84 
 222      7F12140F 
 222      68BB08
 223 018c C1755855 		.ascii	"\301uXUI\312a\330\226\210\315C\231\253\224\251JA\342"
 223      49CA61D8 
 223      9688CD43 
 223      99AB94A9 
 223      4A41E2
 224 019f 9FE24C9C 		.ascii	"\237\342L\234\210\3746\217d\273x\275\371\000\335l\336"
 224      88FC368F 
 224      64BB78BD 
 224      F900DD6C 
 224      DE
 225 01b0 44E50840 		.ascii	"D\345\010@\210\263\203\023\220\247\255\334\267\347'"
 225      88B38313 
 225      90A7ADDC 
 225      B7E727
 226 01bf 3936476C 		.ascii	"96Gl\273\177\226\3278\240\353!]lu\317\027\004\327N\335"
 226      BB7F96D7 
 226      38A0EB21 
 226      5D6C75CF 
 226      1704D74E 
 227 01d4 DE74C993 		.ascii	"\336t\311\223\252\010\033_\355\034.\365\240>8>^\360"
 227      AA081B5F 
 227      ED1C2EF5 
 227      A03E383E 
 227      5EF0
 228 01e6 B645AB86 		.ascii	"\266E\253\206m\227\020\312\275{&\212\376\024\\*\363"
 228      6D9710CA 
ARM GAS  C:\Users\TUDENT~1\AppData\Local\Temp\ccE3CrmH.s 			page 17


 228      BD7B268A 
 228      FE145C2A 
 228      F3
 229 01f7 4BFBA9A3 		.ascii	"K\373\251\243\250\027\247^Y}7R\342\247#*\230\266>m\334"
 229      A817A75E 
 229      597D3752 
 229      E2A7232A 
 229      98B63E6D 
 230 020c E90DD359 		.ascii	"\351\015\323Y:2\023\246\343\253\332\317\351fg\243W\252"
 230      3A3213A6 
 230      E3ABDACF 
 230      E96667A3 
 230      57AA
 231 021e 3C5345BE 		.ascii	"<SE\276\37359J\346\222#d.\244v\214\314\206\317ejN\272"
 231      FB35394A 
 231      E6922364 
 231      2EA4768C 
 231      CC86CF65 
 232 0235 9491574E 		.ascii	"\224\221WN\346\357\221\367Xe\353\203\324\337\335\373"
 232      E6EF91F7 
 232      5865EB83 
 232      D4DFDDFB 
 233 0245 4596D352 		.ascii	"E\226\323RdY\315\314H1\241\244\224\004\203\371a\242"
 233      6459CDCC 
 233      4831A1A4 
 233      940483F9 
 233      61A2
 234 0257 66331815 		.ascii	"f3\030\025\221\036B\016\221n\330\361q2\237mqxS\223/"
 234      911E420E 
 234      916ED8F1 
 234      71329F6D 
 234      71785393 
 235 026c 35BD670B 		.ascii	"5\275g\013U5\326Jo\205\177\373\323<\331\232\262J\226"
 235      5535D64A 
 235      6F857FFB 
 235      D33CD99A 
 235      B24A96
 236 027f 55482FB3 		.ascii	"UH/\263\323\177\001z\231;\375\004\322G\332\236vS\232"
 236      D37F017A 
 236      993BFD04 
 236      D247DA9E 
 236      76539A
 237 0292 F81EFAF0 		.ascii	"\370\036\372\360\320\365\014\017\205\336\260\320\205"
 237      D0F50C0F 
 237      85DEB0D0 
 237      85
 238 029f 7ED24E2F 		.ascii	"~\322N/\007\372Iwz\005\322\213o\2758\357M\177F\372\356"
 238      07FA4977 
 238      7A05D28B 
 238      6FBD38EF 
 238      4D7F46FA 
 239 02b4 FA7B7BF5 		.ascii	"\372{{\3654\223\340\344\321\303\266;\276,\324i[\250"
 239      3493E0E4 
 239      D1C3B63B 
 239      BE2CD469 
 239      5BA8
 240 02c6 BE8C9633 		.ascii	"\276\214\2263^\266\340\304B\324l\261\360mj\266'\213"
ARM GAS  C:\Users\TUDENT~1\AppData\Local\Temp\ccE3CrmH.s 			page 18


 240      5EB6E0C4 
 240      42D46CB1 
 240      F06D6AB6 
 240      278B
 241 02d8 7F4EB68E 		.ascii	"\177N\266\216\006\273\304?e\217_\011\361O\271\307\257"
 241      06BBC43F 
 241      658F5F09 
 241      F14FB9C7 
 241      AF
 242 02e9 C2F8CDB9 		.ascii	"\302\370\315\271\353\323\011\315\3461\323\312/\026\371"
 242      EBD309CD 
 242      E631D3CA 
 242      2F16F9
 243 02f8 3058AF6C 		.ascii	"0X\257l=\377{\006\223m\26036\230\304\206\256\244j$Y"
 243      3DFF7B06 
 243      936DB033 
 243      3698C486 
 243      AEA46A24 
 244 030d 9AB6D6FA 		.ascii	"\232\266\326\372\320C\234T1P_\247\343\355!\023\230\277"
 244      D0439C54 
 244      31505FA7 
 244      E3ED2113 
 244      98BF
 245 031f BBF1F802 		.ascii	"\273\361\370\002\341\375!ka>\266.\355\025\345\36750"
 245      E1FD216B 
 245      613EB62E 
 245      ED15E5F7 
 245      3530
 246 0331 6D597DBC 		.ascii	"mY}\274@\231\252\331\201^\315\357\363\341\326\0010\355"
 246      4099AAD9 
 246      815ECDEF 
 246      F3E1D601 
 246      30ED
 247 0343 D8DB3FAE 		.ascii	"\330\333?\256\323\255e\315\224\225*{}\305\314j\241\233"
 247      D3AD65CD 
 247      94952A7B 
 247      7DC5CC6A 
 247      A19B
 248 0355 CE63375D 		.ascii	"\316c7] :\370\014\231K\316\301\024\254\363\253\306\032"
 248      203AF80C 
 248      994BCEC1 
 248      14ACF3AB 
 248      C61A
 249 0367 3C388B45 		.ascii	"<8\213EZ\363\374B\212\232\226\361\264\272.\027\037f"
 249      5AF3FC42 
 249      8A9A96F1 
 249      B4BA2E17 
 249      1F66
 250 0379 7116E808 		.ascii	"q\026\350\010{\216|a\351\330\220eb\006_b\026\255\233"
 250      7B8E7C61 
 250      E9D89065 
 250      62065F62 
 250      16AD9B
 251 038c 46F76BE8 		.ascii	"F\367k\350\0314W\3455t\234W\223 \335A\026\332:u\372"
 251      193457E5 
 251      35749C57 
 251      9320DD41 
ARM GAS  C:\Users\TUDENT~1\AppData\Local\Temp\ccE3CrmH.s 			page 19


 251      16DA3A75 
 252 03a1 0F79A3B2 		.ascii	"\017y\243\262\034@\256\020\035\251w\324c\001\304\227"
 252      1C40AE10 
 252      1DA977D4 
 252      6301C497 
 253 03b1 20BB149E 		.ascii	" \273\024\236\235d\317\2154\220 \306ev\3442,^\342\031"
 253      9D64CF8D 
 253      349020C6 
 253      6576E432 
 253      2C5EE219 
 254 03c5 16EFDF5C 		.ascii	"\026\357\337\\\350I\217\342\363\247\252\253\271sSMt"
 254      E8498FE2 
 254      F3A7AAAB 
 254      B973534D 
 254      74
 255 03d6 41D3029A 		.ascii	"A\323\002\232\246\001(\3114\315\257Kc\207s\025\222i"
 255      A60128C9 
 255      34CDAF4B 
 255      63877315 
 255      9269
 256 03e8 74247385 		.ascii	"t$s\205U\203\005Y\323\331\177\332C\277\316NECG\325\256"
 256      55830559 
 256      D3D97FDA 
 256      43BFCE4E 
 256      454347D5 
 257 03fd 11BDF224 		.ascii	"\021\275\362$_i\314\254\321\320\255\024\267\237\365"
 257      5F69CCAC 
 257      D1D0AD14 
 257      B79FF5
 258 040c A4A0DA9B 		.ascii	"\244\240\332\233\356\344\023\333C\355\307\037j\333\231"
 258      EEE413DB 
 258      43EDC71F 
 258      6ADB99
 259 041b CE52CEF4 		.ascii	"\316R\316\364\332\320\253\323:Z\212\266\236\355G\373"
 259      DAD0ABD3 
 259      3A5A8AB6 
 259      9EED47FB 
 260 042b 5F521218 		.ascii	"_R\022\030\030\030\024\350_\310\202Z\037\324\316\251"
 260      181814E8 
 260      5FC8825A 
 260      1FD4CEA9 
 261 043b 846739C3 		.ascii	"\204g9\303\223\305\"\315\220\342m\342\357\330Z\010\313"
 261      93C522CD 
 261      90E26DE2 
 261      EFD85A08 
 261      CB
 262 044c A296E522 		.ascii	"\242\226\345\"q\373\327\331T\336?\033\215\353\334\215"
 262      71FBD7D9 
 262      54DE3F1B 
 262      8DEBDC8D 
 263 045c 2F62CEA1 		.ascii	"/b\316\241\016\343\3639v\343\266\351\2159\232\027k\000"
 263      0EE3F339 
 263      76E3B6E9 
 263      8D399A17 
 263      6B00
 264 046e D0B29659 		.ascii	"\320\262\226YIJ\235$;\351\311A\0154\372j\212\254\226"
 264      494A9D24 
ARM GAS  C:\Users\TUDENT~1\AppData\Local\Temp\ccE3CrmH.s 			page 20


 264      3BE9C941 
 264      0D34FA6A 
 264      8AAC96
 265 0481 69B3C4B8 		.ascii	"i\263\304\270\233\261\375d\371\013\265D\256\303\355"
 265      9BB1FD64 
 265      F90BB544 
 265      AEC3ED
 266 0490 568CC28C 		.ascii	"V\214\302\214\201Hn\302A\335\"\201\244\035t\003\324"
 266      81486EC2 
 266      41DD2281 
 266      A41D7403 
 266      D4
 267 04a1 41026D6F 		.ascii	"A\002mo\312\0337[\352\274\250\005\313\244jmn\350\360"
 267      CA1B375B 
 267      EABCA805 
 267      CBA46A6D 
 267      6EE8F0
 268 04b4 24FE41D3 		.ascii	"$\376A\323\321\340\035\035\364?\201|CM\021l?\235`{\307"
 268      D1E01D1D 
 268      F43F817C 
 268      434D116C 
 268      3F9D607B 
 269 04c9 71F46C7B 		.ascii	"q\364l{\030\261\360\245e\263\247_\226\022\"@\215\206"
 269      18B1F0A5 
 269      65B3A75F 
 269      96122240 
 269      8D86
 270 04db 56887216 		.ascii	"V\210r\026s\356&~\266\307\206Y?\254n\333\356\343\257"
 270      73EE267E 
 270      B6C78659 
 270      3FAC6EDB 
 270      EEE3AF
 271 04ee 24B4F67D 		.ascii	"$\264\366}\011I\357\333\336\311\274\213-\036\316\301"
 271      0949EFDB 
 271      DEC9BC8B 
 271      2D1ECEC1 
 272 04fe 7AFE5BB0 		.ascii	"z\376[\260\356\364\256t\375'\373\344fx]\016\354\230"
 272      EEF4AE74 
 272      FD27FBE4 
 272      66785D0E 
 272      EC98
 273 0510 BB5596BF 		.ascii	"\273U\226\277\"\275\304\217\324\360m89\262\225\277\301"
 273      22BDC48F 
 273      D4F06D38 
 273      39B295BF 
 273      C1
 274 0521 CBEE2EF9 		.ascii	"\313\356.\371\004\374F\3072O\372\322z\336\227#o&\277"
 274      04FC46C7 
 274      324FFAD2 
 274      7ADE9723 
 274      6F26BF
 275 0534 01462F9C 		.ascii	"\001F/\234^]\256\337\226\324=\274\271\357)\014G\223"
 275      5E5DAEDF 
 275      96D43DBC 
 275      B9EF290C 
 275      4793
 276 0546 DFC33755 		.ascii	"\337\3037U\037\022\0063\333\247|i''X/m\223\265\012b"
ARM GAS  C:\Users\TUDENT~1\AppData\Local\Temp\ccE3CrmH.s 			page 21


 276      1F120633 
 276      DBA77C69 
 276      2727582F 
 276      6D93B50A 
 277 055b 681BCD0A 		.ascii	"h\033\315\012D\300}\001p\037\001\375\01088\331V\341"
 277      44C07D01 
 277      701F01FD 
 277      083838D9 
 277      56E1
 278 056d 490739A0 		.ascii	"I\0079\240e\344N\235\207\002\270\237m\003\014\010\200"
 278      65E44E9D 
 278      8702B89F 
 278      6D030C08 
 278      80
 279 057e 01043C40 		.ascii	"\001\004<@@^\311p\236\216Np\300\206G\357\262}m\200\331"
 279      405EC970 
 279      9E8E4E70 
 279      C08647EF 
 279      B27D6D80 
 280 0593 7932BC67 		.ascii	"y2\274g\030\341\241@x\210\204GH\350\257\275|WK3\324"
 280      18E1A140 
 280      78888447 
 280      48E8AFBD 
 280      7C574B33 
 281 05a8 48282BBC 		.ascii	"H(+\274\177O\257\020\272\235\3120( \006\021\361\030"
 281      7F4FAF10 
 281      BA9DCA30 
 281      28200611 
 281      F118
 282 05ba 11294F73 		.ascii	"\021)Os\312\274i\001G\334\334\\\265\321K(\303\220\000"
 282      CABC6901 
 282      47DCDC5C 
 282      B5D14B28 
 282      C39000
 283 05cd 1842C030 		.ascii	"\030B\3000\002Z\254\345%\032Z\302\001]\362\372f\235"
 283      025AACE5 
 283      251A5AC2 
 283      015DF2FA 
 283      669D
 284 05df 50862702 		.ascii	"P\206'\002\340\011\002F\0200\320\267\241\314\223Z8`"
 284      E0090246 
 284      1030D0B7 
 284      A1CC935A 
 284      3860
 285 05f1 AC65641D 		.ascii	"\254ed\035\025\313\360T <E\3023$t\356>4\241\247\365"
 285      15CBF054 
 285      203C45C2 
 285      332474EE 
 285      3E34A1A7 
 286 0606 9CB06B4D 		.ascii	"\234\260kM\331\007\012\340\245S\025F\005\302(\022\236"
 286      D9070AE0 
 286      A5531546 
 286      05C22812 
 286      9E
 287 0617 2321A7B2 		.ascii	"#!\247\262\361\224\206vr\302xI\305\366\031B\025\306"
 287      F1948676 
 287      72C27849 
ARM GAS  C:\Users\TUDENT~1\AppData\Local\Temp\ccE3CrmH.s 			page 22


 287      C5F61942 
 287      15C6
 288 0629 04C01802 		.ascii	"\004\300\030\002^ `\252i\367U\025\035\344\000k\301\303"
 288      5E2060AA 
 288      69F75515 
 288      1DE4006B 
 288      C1C3
 289 063b 3E1FA10A 		.ascii	">\037\241\012/\005\300K\004\274B@\303\231-U\320\014"
 289      2F05C04B 
 289      04BC4240 
 289      C3992D55 
 289      D00C
 290 064d 1C90BEB1 		.ascii	"\034\220\276\261\271W/Va\\ \214#a\002\011\271\0332\346"
 290      B9572F56 
 290      615C208C 
 290      23610209 
 290      B91B32E6 
 291 0661 D10C0F04 		.ascii	"\321\014\017\004<~\260w\237\355 \233\362\034Ux-\020"
 291      3C7EB077 
 291      9FED209B 
 291      F21C5578 
 291      2D10
 292 0673 5E23E10D 		.ascii	"^#\341\015\177$\216Z\312\275h\001GXn\275<\342-T\341"
 292      7F248E5A 
 292      CABD6801 
 292      47586EBD 
 292      3CE22D54 
 293 0688 AD00788B 		.ascii	"\255\000x\213\200w\010x\263w\242DMK8\340ZZM\233\370"
 293      80770878 
 293      B377A244 
 293      4D4B38E0 
 293      5A5A4D9B 
 294 069d 484C0A80 		.ascii	"HL\012\200I\004L!`G\301\256*=\265p@J\353\331b\265X\005"
 294      49044C21 
 294      6047C1AE 
 294      2A3DB570 
 294      404AEBD9 
 295 06b5 59E54E80 		.ascii	"Y\345N\200\025\370\\\245b\204\2435]\225^\264\236\023"
 295      15F85CA5 
 295      6284A335 
 295      5D955EB4 
 295      9E13
 296 06c7 8AAAD715 		.ascii	"\212\252\327\025\332R\030p*C\212\200HAD*\"\322\306\323"
 296      DA521870 
 296      2A438A80 
 296      4841442A 
 296      22D2C6D3 
 297 06db 77686927 		.ascii	"whi'G\254\252\031-\022\337\014\253\005\300j\004\244"
 297      47ACAA19 
 297      2D12DF0C 
 297      AB05C06A 
 297      04A4
 298 06ed 21A02E27 		.ascii	"!\240.'\363\2447\035\344\200\376\334\307\207\3052\244"
 298      F3A4371D 
 298      E480FEDC 
 298      C787C532 
 298      A4
ARM GAS  C:\Users\TUDENT~1\AppData\Local\Temp\ccE3CrmH.s 			page 23


 299 06fe 0B807404 		.ascii	"\013\200t\004\254A\300\201\261\254z5\235\340\2007WZ"
 299      AC41C081 
 299      B1AC7A35 
 299      9DE08037 
 299      575A
 300 0710 83C42AAC 		.ascii	"\203\304*\254\025\000k\021\220\201\200\214s\007\213"
 300      15006B11 
 300      9081808C 
 300      73078B
 301 071f 7514FED5 		.ascii	"u\024\376\325\342\177\376\214\263\203\236\012a\322\251"
 301      E27FFE8C 
 301      B3839E0A 
 301      61D2A9
 302 072e 0AEB04C4 		.ascii	"\012\353\004\304:D\254GDe\321\261Qx1pD\276\345\365\210"
 302      3A44AC47 
 302      4465D1B1 
 302      51783170 
 302      44BEE5F5 
 303 0743 F862D820 		.ascii	"\370b\330 \0006  \023\001\247\207o\217{\322\022\016"
 303      00362020 
 303      1301A787 
 303      6F8F7BD2 
 303      120E
 304 0755 B8D37547 		.ascii	"\270\323uG\026\037\211\215\002`#\0026!\340\371\225,"
 304      161F898D 
 304      02602302 
 304      3621E0F9 
 304      952C
 305 0767 78242C1C 		.ascii	"x$,\034\360\"\365q\273V,C\226@\310B\302f$T\235y3\217"
 305      F022F571 
 305      BB562C43 
 305      9640C842 
 305      C2662454 
 306 077f D67340E3 		.ascii	"\326s@\343\266\332\235\266~\276\221\357\250\302\026"
 306      B6DA9DB6 
 306      7EBE91EF 
 306      A8C216
 307 078e 81B00509 		.ascii	"\201\260\005\011[\221\220ul\357[\350\005\216(\250\266"
 307      5B919075 
 307      6CEF5BE8 
 307      058E28A8 
 307      B6
 308 079f A4E8852A 		.ascii	"\244\350\205*l\023\000\333\020\260\235o\342zi\307\014"
 308      6C1300DB 
 308      10B09D6F 
 308      E27A69C7 
 308      0C
 309 07b0 3AC801B7 		.ascii	":\310\001\267K\247\322\305^\310\026\000\331\010\310"
 309      4BA7D2C5 
 309      5EC81600 
 309      D908C8
 310 07bf 41406F79 		.ascii	"A@oy\3051\037:\241\224qcI\246F\254B"
 310      C5311F3A 
 310      A1947163 
 310      49A646AC 
 310      42
 311 07d0 AE40C845 		.ascii	"\256@\310EB\036\022\216d\365\345hh\206\206w\323\366"
ARM GAS  C:\Users\TUDENT~1\AppData\Local\Temp\ccE3CrmH.s 			page 24


 311      421E128E 
 311      64F5E568 
 311      68868677 
 311      D3F6
 312 07e2 E3B76C75 		.ascii	"\343\267lu|\342T\206|\001\221\217\210\035\210\310\277"
 312      7CE25486 
 312      7C01918F 
 312      881D88C8 
 312      BF
 313 07f3 BEAD8AD0 		.ascii	"\276\255\212\320\002\2168\270\2728W,C\201\000(@\300"
 313      028E38B8 
 313      BA38572C 
 313      43810028 
 313      40C0
 314 0805 4E040CAD 		.ascii	"N\004\014\255\351\351\206f\340\200\212\241U\373\304"
 314      E9E98666 
 314      E0808AA1 
 314      55FBC4
 315 0814 66D82500 		.ascii	"f\330%\000v!`7\002r\236\277N\205f\340\200\311\374G\317"
 315      76216037 
 315      02729EBF 
 315      4E8566E0 
 315      80C9FC47 
 316 0829 A769863D 		.ascii	"\247i\206=\002a\017\022\366\362\024\216\034\030\321"
 316      02610F12 
 316      F6F2148E 
 316      1C18D1
 317 0838 3BFF00EE 		.ascii	";\377\000\356q\372a'\221B\025\376\000f\337`<q\240bX"
 317      71FA6127 
 317      914215FE 
 317      0066DF60 
 317      3C71A062 
 318 084d EB6CCC7E 		.ascii	"\353l\314~\2248\214\367)\306\373\320\270\365zQ\271\332"
 318      94388CF7 
 318      29C6FBD0 
 318      B8F57A51 
 318      B9DA
 319 085f 66BCF67D 		.ascii	"f\274\366}?\255\311~p\3626\030\242\022\022M\206\230"
 319      3FADC97E 
 319      70F23618 
 319      A212124D 
 319      8698
 320 0871 F818B3FA 		.ascii	"\370\030\263\372'\223\361\237\332/\377\374\367\200\245"
 320      2793F19F 
 320      DA2FFFFC 
 320      F780A5
 321 0880 A1A1D257 		.ascii	"\241\241\322WQ\237\207,\3751fY\314\267\346\344\350\230"
 321      519F872C 
 321      FD316659 
 321      CCB7E6E4 
 321      E898
 322 0892 043EFEE6 		.ascii	"\004>\376\346\333\320\210\360\220\204\244\220\250\204"
 322      DBD088F0 
 322      9084A490 
 322      A884
 323 08a0 B8B884F8 		.ascii	"\270\270\204\370\220$\2631\321\234\274<\344\217\177"
 323      9024B331 
ARM GAS  C:\Users\TUDENT~1\AppData\Local\Temp\ccE3CrmH.s 			page 25


 323      D19CBC3C 
 323      E48F7F
 324 08af FD7AE9D7 		.ascii	"\375z\351\327+\330\352\362\230XSbR\310\227K\227\206"
 324      2BD8EAF2 
 324      98585362 
 324      52C8974B 
 324      9786
 325 08c1 44259A43 		.ascii	"D%\232C\203\243$\275\301`2&\306\256\304\030\020/\326"
 325      83A324BD 
 325      C1603226 
 325      C6AEC418 
 325      102FD6
 326 08d4 68E6F17C 		.ascii	"h\346\361|\014\206h\323\367\306\344X\263\301\264\"\306"
 326      0C8668D3 
 326      F7C6E458 
 326      B3C1B422 
 326      C6
 327 08e5 AC8D8744 		.ascii	"\254\215\207D\314\311\211\3613\015x\333\220h\2143\030"
 327      CCC989F1 
 327      330D78DB 
 327      90688C33 
 327      18
 328 08f6 134DC624 		.ascii	"\023M\306$/\373H\027\025\013,\034\353\014\206\344\230"
 328      2FFB4817 
 328      150B2C1C 
 328      EB0C86E4 
 328      98
 329 0907 7873D822 		.ascii	"xs\330\"\203\371\373\250\317#\243XzI\230j\2449!!6)\362"
 329      83F9FBA8 
 329      CF23A358 
 329      7A49986A 
 329      A4392121 
 330 091e 87F8E400 		.ascii	"\207\370\344\000\034\005\030\023\343\002Lq\313L\321"
 330      1C051813 
 330      E3024C71 
 330      CB4CD1
 331 092d D1A6E8C8 		.ascii	"\321\246\350\310\360\340\260\200E\237\205F\374+4\022"
 331      F0E0B080 
 331      459F8546 
 331      FC2B3412 
 332 093d D617C627 		.ascii	"\326\027\306'\304\233\026\232\214\313b\"c\342\243b\223"
 332      C49B169A 
 332      8CCB6222 
 332      63E2A362 
 332      93
 333 094e A34D9171 		.ascii	"\243M\221qF`\305\233\"\355\311\231W.7%\005\377(im\361"
 333      4660C59B 
 333      22EDC999 
 333      572E3725 
 333      05FF2869 
 334 0964 FEF17F8D 		.ascii	"\376\361\177\215\227\2642)\322\220d\216\0068\004\361"
 334      97B43229 
 334      D290648E 
 334      063804F1 
 335 0974 C2ADB30D 		.ascii	"\302\255\263\015\372\340\310lZ\301\247\372\370\004\203"
 335      FAE0C86C 
 335      5AC1A7FA 
ARM GAS  C:\Users\TUDENT~1\AppData\Local\Temp\ccE3CrmH.s 			page 26


 335      F80483
 336 0983 FD9E2FAB 		.ascii	"\375\236/\253\210}f0\373\031X\265>38\\\0143\234\227"
 336      887D6630 
 336      FB1958B5 
 336      3E33385C 
 336      0C339C97 
 337 0997 0C3ECA8C 		.ascii	"\014>\312\214\327\317\340\253L\343\023\370m\356\037"
 337      D7CFE0AB 
 337      4CE313F8 
 337      6DEE1F
 338 09a6 2AFA87BA 		.ascii	"*\372\207\272\370\207\272\372\207\272\371/\022\375\027"
 338      F887BAFA 
 338      87BAF92F 
 338      12FD17
 339 09b5 B9F82F72 		.ascii	"\271\370/r\365_\344\346\037&\372\207\271\370\207\271"
 339      F55FE4E6 
 339      1F26FA87 
 339      B9F887B9 
 340 09c5 FA87B9F9 		.ascii	"\372\207\271\371/\026\375\027\273\370/v\365_\354\346"
 340      2F16FD17 
 340      BBF82F76 
 340      F55FECE6 
 341 09d5 BF44F45F 		.ascii	"\277D\364_\342\342\277\304\325\177\211\233\177\270\350"
 341      E2E2BFC4 
 341      D57F899B 
 341      7FB8E8
 342 09e4 1FEEE21F 		.ascii	"\037\356\342\037\356\352\037\356\346\037!\372G\270\370"
 342      EEEA1FEE 
 342      E61F21FA 
 342      47B8F8
 343 09f3 47B8FA47 		.ascii	"G\270\372G\330\375\377\003\244;p\213"
 343      D8FDFF03 
 343      A43B708B 
 344              		.text
 345              		.section	.gnu.lto_.symtab.872bb95e,"",%progbits
 346 0000 5F5F636F 		.ascii	"__core_init\000"
 346      72655F69 
 346      6E697400 
 347 000c 00       		.ascii	"\000"
 348 000d 01       		.ascii	"\001"
 349 000e 00       		.ascii	"\000"
 350 000f 00000000 		.ascii	"\000\000\000\000\000\000\000\000"
 350      00000000 
 351 0017 B0000000 		.ascii	"\260\000\000\000"
 352 001b 5F5F6561 		.ascii	"__early_init\000"
 352      726C795F 
 352      696E6974 
 352      00
 353 0028 00       		.ascii	"\000"
 354 0029 01       		.ascii	"\001"
 355 002a 00       		.ascii	"\000"
 356 002b 00000000 		.ascii	"\000\000\000\000\000\000\000\000"
 356      00000000 
 357 0033 B3000000 		.ascii	"\263\000\000\000"
 358 0037 5F5F6C61 		.ascii	"__late_init\000"
 358      74655F69 
 358      6E697400 
ARM GAS  C:\Users\TUDENT~1\AppData\Local\Temp\ccE3CrmH.s 			page 27


 359 0043 00       		.ascii	"\000"
 360 0044 01       		.ascii	"\001"
 361 0045 00       		.ascii	"\000"
 362 0046 00000000 		.ascii	"\000\000\000\000\000\000\000\000"
 362      00000000 
 363 004e B6000000 		.ascii	"\266\000\000\000"
 364 0052 5F5F6465 		.ascii	"__default_exit\000"
 364      6661756C 
 364      745F6578 
 364      697400
 365 0061 00       		.ascii	"\000"
 366 0062 01       		.ascii	"\001"
 367 0063 00       		.ascii	"\000"
 368 0064 00000000 		.ascii	"\000\000\000\000\000\000\000\000"
 368      00000000 
 369 006c BB000000 		.ascii	"\273\000\000\000"
 370 0070 5F5F696E 		.ascii	"__init_ram_areas\000"
 370      69745F72 
 370      616D5F61 
 370      72656173 
 370      00
 371 0081 00       		.ascii	"\000"
 372 0082 00       		.ascii	"\000"
 373 0083 00       		.ascii	"\000"
 374 0084 00000000 		.ascii	"\000\000\000\000\000\000\000\000"
 374      00000000 
 375 008c BD000000 		.ascii	"\275\000\000\000"
 376 0090 5F5F7261 		.ascii	"__ram0_init_text__\000"
 376      6D305F69 
 376      6E69745F 
 376      74657874 
 376      5F5F00
 377 00a3 00       		.ascii	"\000"
 378 00a4 02       		.ascii	"\002"
 379 00a5 00       		.ascii	"\000"
 380 00a6 00000000 		.ascii	"\000\000\000\000\000\000\000\000"
 380      00000000 
 381 00ae E3000000 		.ascii	"\343\000\000\000"
 382 00b2 5F5F7261 		.ascii	"__ram0_init__\000"
 382      6D305F69 
 382      6E69745F 
 382      5F00
 383 00c0 00       		.ascii	"\000"
 384 00c1 02       		.ascii	"\002"
 385 00c2 00       		.ascii	"\000"
 386 00c3 00000000 		.ascii	"\000\000\000\000\000\000\000\000"
 386      00000000 
 387 00cb E5000000 		.ascii	"\345\000\000\000"
 388 00cf 5F5F7261 		.ascii	"__ram0_clear__\000"
 388      6D305F63 
 388      6C656172 
 388      5F5F00
 389 00de 00       		.ascii	"\000"
 390 00df 02       		.ascii	"\002"
 391 00e0 00       		.ascii	"\000"
 392 00e1 00000000 		.ascii	"\000\000\000\000\000\000\000\000"
 392      00000000 
ARM GAS  C:\Users\TUDENT~1\AppData\Local\Temp\ccE3CrmH.s 			page 28


 393 00e9 E7000000 		.ascii	"\347\000\000\000"
 394 00ed 5F5F7261 		.ascii	"__ram0_noinit__\000"
 394      6D305F6E 
 394      6F696E69 
 394      745F5F00 
 395 00fd 00       		.ascii	"\000"
 396 00fe 02       		.ascii	"\002"
 397 00ff 00       		.ascii	"\000"
 398 0100 00000000 		.ascii	"\000\000\000\000\000\000\000\000"
 398      00000000 
 399 0108 E9000000 		.ascii	"\351\000\000\000"
 400 010c 5F5F7261 		.ascii	"__ram1_init_text__\000"
 400      6D315F69 
 400      6E69745F 
 400      74657874 
 400      5F5F00
 401 011f 00       		.ascii	"\000"
 402 0120 02       		.ascii	"\002"
 403 0121 00       		.ascii	"\000"
 404 0122 00000000 		.ascii	"\000\000\000\000\000\000\000\000"
 404      00000000 
 405 012a EB000000 		.ascii	"\353\000\000\000"
 406 012e 5F5F7261 		.ascii	"__ram1_init__\000"
 406      6D315F69 
 406      6E69745F 
 406      5F00
 407 013c 00       		.ascii	"\000"
 408 013d 02       		.ascii	"\002"
 409 013e 00       		.ascii	"\000"
 410 013f 00000000 		.ascii	"\000\000\000\000\000\000\000\000"
 410      00000000 
 411 0147 ED000000 		.ascii	"\355\000\000\000"
 412 014b 5F5F7261 		.ascii	"__ram1_clear__\000"
 412      6D315F63 
 412      6C656172 
 412      5F5F00
 413 015a 00       		.ascii	"\000"
 414 015b 02       		.ascii	"\002"
 415 015c 00       		.ascii	"\000"
 416 015d 00000000 		.ascii	"\000\000\000\000\000\000\000\000"
 416      00000000 
 417 0165 EF000000 		.ascii	"\357\000\000\000"
 418 0169 5F5F7261 		.ascii	"__ram1_noinit__\000"
 418      6D315F6E 
 418      6F696E69 
 418      745F5F00 
 419 0179 00       		.ascii	"\000"
 420 017a 02       		.ascii	"\002"
 421 017b 00       		.ascii	"\000"
 422 017c 00000000 		.ascii	"\000\000\000\000\000\000\000\000"
 422      00000000 
 423 0184 F1000000 		.ascii	"\361\000\000\000"
 424 0188 5F5F7261 		.ascii	"__ram2_init_text__\000"
 424      6D325F69 
 424      6E69745F 
 424      74657874 
 424      5F5F00
ARM GAS  C:\Users\TUDENT~1\AppData\Local\Temp\ccE3CrmH.s 			page 29


 425 019b 00       		.ascii	"\000"
 426 019c 02       		.ascii	"\002"
 427 019d 00       		.ascii	"\000"
 428 019e 00000000 		.ascii	"\000\000\000\000\000\000\000\000"
 428      00000000 
 429 01a6 F3000000 		.ascii	"\363\000\000\000"
 430 01aa 5F5F7261 		.ascii	"__ram2_init__\000"
 430      6D325F69 
 430      6E69745F 
 430      5F00
 431 01b8 00       		.ascii	"\000"
 432 01b9 02       		.ascii	"\002"
 433 01ba 00       		.ascii	"\000"
 434 01bb 00000000 		.ascii	"\000\000\000\000\000\000\000\000"
 434      00000000 
 435 01c3 F5000000 		.ascii	"\365\000\000\000"
 436 01c7 5F5F7261 		.ascii	"__ram2_clear__\000"
 436      6D325F63 
 436      6C656172 
 436      5F5F00
 437 01d6 00       		.ascii	"\000"
 438 01d7 02       		.ascii	"\002"
 439 01d8 00       		.ascii	"\000"
 440 01d9 00000000 		.ascii	"\000\000\000\000\000\000\000\000"
 440      00000000 
 441 01e1 F7000000 		.ascii	"\367\000\000\000"
 442 01e5 5F5F7261 		.ascii	"__ram2_noinit__\000"
 442      6D325F6E 
 442      6F696E69 
 442      745F5F00 
 443 01f5 00       		.ascii	"\000"
 444 01f6 02       		.ascii	"\002"
 445 01f7 00       		.ascii	"\000"
 446 01f8 00000000 		.ascii	"\000\000\000\000\000\000\000\000"
 446      00000000 
 447 0200 F9000000 		.ascii	"\371\000\000\000"
 448 0204 5F5F7261 		.ascii	"__ram3_init_text__\000"
 448      6D335F69 
 448      6E69745F 
 448      74657874 
 448      5F5F00
 449 0217 00       		.ascii	"\000"
 450 0218 02       		.ascii	"\002"
 451 0219 00       		.ascii	"\000"
 452 021a 00000000 		.ascii	"\000\000\000\000\000\000\000\000"
 452      00000000 
 453 0222 FB000000 		.ascii	"\373\000\000\000"
 454 0226 5F5F7261 		.ascii	"__ram3_init__\000"
 454      6D335F69 
 454      6E69745F 
 454      5F00
 455 0234 00       		.ascii	"\000"
 456 0235 02       		.ascii	"\002"
 457 0236 00       		.ascii	"\000"
 458 0237 00000000 		.ascii	"\000\000\000\000\000\000\000\000"
 458      00000000 
 459 023f FD000000 		.ascii	"\375\000\000\000"
ARM GAS  C:\Users\TUDENT~1\AppData\Local\Temp\ccE3CrmH.s 			page 30


 460 0243 5F5F7261 		.ascii	"__ram3_clear__\000"
 460      6D335F63 
 460      6C656172 
 460      5F5F00
 461 0252 00       		.ascii	"\000"
 462 0253 02       		.ascii	"\002"
 463 0254 00       		.ascii	"\000"
 464 0255 00000000 		.ascii	"\000\000\000\000\000\000\000\000"
 464      00000000 
 465 025d FF000000 		.ascii	"\377\000\000\000"
 466 0261 5F5F7261 		.ascii	"__ram3_noinit__\000"
 466      6D335F6E 
 466      6F696E69 
 466      745F5F00 
 467 0271 00       		.ascii	"\000"
 468 0272 02       		.ascii	"\002"
 469 0273 00       		.ascii	"\000"
 470 0274 00000000 		.ascii	"\000\000\000\000\000\000\000\000"
 470      00000000 
 471 027c 01010000 		.ascii	"\001\001\000\000"
 472 0280 5F5F7261 		.ascii	"__ram4_init_text__\000"
 472      6D345F69 
 472      6E69745F 
 472      74657874 
 472      5F5F00
 473 0293 00       		.ascii	"\000"
 474 0294 02       		.ascii	"\002"
 475 0295 00       		.ascii	"\000"
 476 0296 00000000 		.ascii	"\000\000\000\000\000\000\000\000"
 476      00000000 
 477 029e 03010000 		.ascii	"\003\001\000\000"
 478 02a2 5F5F7261 		.ascii	"__ram4_init__\000"
 478      6D345F69 
 478      6E69745F 
 478      5F00
 479 02b0 00       		.ascii	"\000"
 480 02b1 02       		.ascii	"\002"
 481 02b2 00       		.ascii	"\000"
 482 02b3 00000000 		.ascii	"\000\000\000\000\000\000\000\000"
 482      00000000 
 483 02bb 05010000 		.ascii	"\005\001\000\000"
 484 02bf 5F5F7261 		.ascii	"__ram4_clear__\000"
 484      6D345F63 
 484      6C656172 
 484      5F5F00
 485 02ce 00       		.ascii	"\000"
 486 02cf 02       		.ascii	"\002"
 487 02d0 00       		.ascii	"\000"
 488 02d1 00000000 		.ascii	"\000\000\000\000\000\000\000\000"
 488      00000000 
 489 02d9 07010000 		.ascii	"\007\001\000\000"
 490 02dd 5F5F7261 		.ascii	"__ram4_noinit__\000"
 490      6D345F6E 
 490      6F696E69 
 490      745F5F00 
 491 02ed 00       		.ascii	"\000"
 492 02ee 02       		.ascii	"\002"
ARM GAS  C:\Users\TUDENT~1\AppData\Local\Temp\ccE3CrmH.s 			page 31


 493 02ef 00       		.ascii	"\000"
 494 02f0 00000000 		.ascii	"\000\000\000\000\000\000\000\000"
 494      00000000 
 495 02f8 09010000 		.ascii	"\011\001\000\000"
 496 02fc 5F5F7261 		.ascii	"__ram5_init_text__\000"
 496      6D355F69 
 496      6E69745F 
 496      74657874 
 496      5F5F00
 497 030f 00       		.ascii	"\000"
 498 0310 02       		.ascii	"\002"
 499 0311 00       		.ascii	"\000"
 500 0312 00000000 		.ascii	"\000\000\000\000\000\000\000\000"
 500      00000000 
 501 031a 0B010000 		.ascii	"\013\001\000\000"
 502 031e 5F5F7261 		.ascii	"__ram5_init__\000"
 502      6D355F69 
 502      6E69745F 
 502      5F00
 503 032c 00       		.ascii	"\000"
 504 032d 02       		.ascii	"\002"
 505 032e 00       		.ascii	"\000"
 506 032f 00000000 		.ascii	"\000\000\000\000\000\000\000\000"
 506      00000000 
 507 0337 0D010000 		.ascii	"\015\001\000\000"
 508 033b 5F5F7261 		.ascii	"__ram5_clear__\000"
 508      6D355F63 
 508      6C656172 
 508      5F5F00
 509 034a 00       		.ascii	"\000"
 510 034b 02       		.ascii	"\002"
 511 034c 00       		.ascii	"\000"
 512 034d 00000000 		.ascii	"\000\000\000\000\000\000\000\000"
 512      00000000 
 513 0355 0F010000 		.ascii	"\017\001\000\000"
 514 0359 5F5F7261 		.ascii	"__ram5_noinit__\000"
 514      6D355F6E 
 514      6F696E69 
 514      745F5F00 
 515 0369 00       		.ascii	"\000"
 516 036a 02       		.ascii	"\002"
 517 036b 00       		.ascii	"\000"
 518 036c 00000000 		.ascii	"\000\000\000\000\000\000\000\000"
 518      00000000 
 519 0374 11010000 		.ascii	"\021\001\000\000"
 520 0378 5F5F7261 		.ascii	"__ram6_init_text__\000"
 520      6D365F69 
 520      6E69745F 
 520      74657874 
 520      5F5F00
 521 038b 00       		.ascii	"\000"
 522 038c 02       		.ascii	"\002"
 523 038d 00       		.ascii	"\000"
 524 038e 00000000 		.ascii	"\000\000\000\000\000\000\000\000"
 524      00000000 
 525 0396 13010000 		.ascii	"\023\001\000\000"
 526 039a 5F5F7261 		.ascii	"__ram6_init__\000"
ARM GAS  C:\Users\TUDENT~1\AppData\Local\Temp\ccE3CrmH.s 			page 32


 526      6D365F69 
 526      6E69745F 
 526      5F00
 527 03a8 00       		.ascii	"\000"
 528 03a9 02       		.ascii	"\002"
 529 03aa 00       		.ascii	"\000"
 530 03ab 00000000 		.ascii	"\000\000\000\000\000\000\000\000"
 530      00000000 
 531 03b3 15010000 		.ascii	"\025\001\000\000"
 532 03b7 5F5F7261 		.ascii	"__ram6_clear__\000"
 532      6D365F63 
 532      6C656172 
 532      5F5F00
 533 03c6 00       		.ascii	"\000"
 534 03c7 02       		.ascii	"\002"
 535 03c8 00       		.ascii	"\000"
 536 03c9 00000000 		.ascii	"\000\000\000\000\000\000\000\000"
 536      00000000 
 537 03d1 17010000 		.ascii	"\027\001\000\000"
 538 03d5 5F5F7261 		.ascii	"__ram6_noinit__\000"
 538      6D365F6E 
 538      6F696E69 
 538      745F5F00 
 539 03e5 00       		.ascii	"\000"
 540 03e6 02       		.ascii	"\002"
 541 03e7 00       		.ascii	"\000"
 542 03e8 00000000 		.ascii	"\000\000\000\000\000\000\000\000"
 542      00000000 
 543 03f0 19010000 		.ascii	"\031\001\000\000"
 544 03f4 5F5F7261 		.ascii	"__ram7_init_text__\000"
 544      6D375F69 
 544      6E69745F 
 544      74657874 
 544      5F5F00
 545 0407 00       		.ascii	"\000"
 546 0408 02       		.ascii	"\002"
 547 0409 00       		.ascii	"\000"
 548 040a 00000000 		.ascii	"\000\000\000\000\000\000\000\000"
 548      00000000 
 549 0412 1B010000 		.ascii	"\033\001\000\000"
 550 0416 5F5F7261 		.ascii	"__ram7_init__\000"
 550      6D375F69 
 550      6E69745F 
 550      5F00
 551 0424 00       		.ascii	"\000"
 552 0425 02       		.ascii	"\002"
 553 0426 00       		.ascii	"\000"
 554 0427 00000000 		.ascii	"\000\000\000\000\000\000\000\000"
 554      00000000 
 555 042f 1D010000 		.ascii	"\035\001\000\000"
 556 0433 5F5F7261 		.ascii	"__ram7_clear__\000"
 556      6D375F63 
 556      6C656172 
 556      5F5F00
 557 0442 00       		.ascii	"\000"
 558 0443 02       		.ascii	"\002"
 559 0444 00       		.ascii	"\000"
ARM GAS  C:\Users\TUDENT~1\AppData\Local\Temp\ccE3CrmH.s 			page 33


 560 0445 00000000 		.ascii	"\000\000\000\000\000\000\000\000"
 560      00000000 
 561 044d 1F010000 		.ascii	"\037\001\000\000"
 562 0451 5F5F7261 		.ascii	"__ram7_noinit__\000"
 562      6D375F6E 
 562      6F696E69 
 562      745F5F00 
 563 0461 00       		.ascii	"\000"
 564 0462 02       		.ascii	"\002"
 565 0463 00       		.ascii	"\000"
 566 0464 00000000 		.ascii	"\000\000\000\000\000\000\000\000"
 566      00000000 
 567 046c 21010000 		.ascii	"!\001\000\000"
 568              		.text
 569              		.section	.gnu.lto_.opts,"",%progbits
 570 0000 272D666D 		.ascii	"'-fmath-errno' '-fsigned-zeros' '-ftrapping-math' '"
 570      6174682D 
 570      6572726E 
 570      6F272027 
 570      2D667369 
 571 0033 2D666E6F 		.ascii	"-fno-trapv' '-fno-openmp' '-fno-openacc' '-mcpu=cor"
 571      2D747261 
 571      70762720 
 571      272D666E 
 571      6F2D6F70 
 572 0066 7465782D 		.ascii	"tex-m3' '-mno-thumb-interwork' '-mthumb' '-ggdb' '-"
 572      6D332720 
 572      272D6D6E 
 572      6F2D7468 
 572      756D622D 
 573 0099 4F322720 		.ascii	"O2' '-fomit-frame-pointer' '-falign-functions=16' '"
 573      272D666F 
 573      6D69742D 
 573      6672616D 
 573      652D706F 
 574 00cc 2D666675 		.ascii	"-ffunction-sections' '-fdata-sections' '-fno-common"
 574      6E637469 
 574      6F6E2D73 
 574      65637469 
 574      6F6E7327 
 575 00ff 2720272D 		.ascii	"' '-flto'\000"
 575      666C746F 
 575      2700
 576              		.text
 577              		.comm	__gnu_lto_v1,1,1
 578              		.comm	__gnu_lto_slim,1,1
 579              		.ident	"GCC: (GNU Tools for ARM Embedded Processors 6-2017-q1-update) 6.3.1 20170215 (release) [AR
ARM GAS  C:\Users\TUDENT~1\AppData\Local\Temp\ccE3CrmH.s 			page 34


DEFINED SYMBOLS
                            *ABS*:00000000 crt1.c
                            *COM*:00000001 __gnu_lto_v1
                            *COM*:00000001 __gnu_lto_slim

NO UNDEFINED SYMBOLS
