ARM GAS  C:\Users\TUDENT~1\AppData\Local\Temp\ccCipcW1.s 			page 1


   1              		.cpu cortex-m3
   2              		.eabi_attribute 20, 1
   3              		.eabi_attribute 21, 1
   4              		.eabi_attribute 23, 3
   5              		.eabi_attribute 24, 1
   6              		.eabi_attribute 25, 1
   7              		.eabi_attribute 26, 1
   8              		.eabi_attribute 30, 2
   9              		.eabi_attribute 34, 1
  10              		.eabi_attribute 18, 4
  11              		.file	"frame.c"
  12              		.text
  13              	.Ltext0:
  14              		.section	.gnu.lto_.profile.874016d4,"",%progbits
  15 0000 789C6365 		.ascii	"x\234ce`b`a```d\320\325\002\000\001\004\000d"
  15      60626061 
  15      60606064 
  15      D0D50200 
  15      01040064 
  16              		.text
  17              		.section	.gnu.lto_.icf.874016d4,"",%progbits
  18 0000 789C6365 		.ascii	"x\234ce`b\020a@\000f\206\263+\267v\3611\366u?x\314\301"
  18      60621061 
  18      40006686 
  18      B32BB776 
  18      F131F675 
  19 0018 F4F95FE3 		.ascii	"\364\371_\343V\016\006\000^7\010\370"
  19      560E0600 
  19      5E3708F8 
  20              		.text
  21              		.section	.gnu.lto_.jmpfuncs.874016d4,"",%progbits
  22 0000 789C6365 		.ascii	"x\234ce`b\220d@\000f\006FF\306zFf \311^__\317\004c0"
  22      60629064 
  22      40006606 
  22      4646C67A 
  22      466620C9 
  23 001b 000026EF 		.ascii	"\000\000&\357\003\275"
  23      03BD
  24              		.text
  25              		.section	.gnu.lto_.inline.874016d4,"",%progbits
  26 0000 789C6365 		.ascii	"x\234ce`b\360c@\000f\006\006\016vF\006&\326\016u\006"
  26      6062F063 
  26      40006606 
  26      060E7646 
  26      0626D60E 
  27 0016 EE156E4C 		.ascii	"\356\025nL 1F\006\261\005\214@\240\300\310\300\300\244"
  27      20314606 
  27      B1058C40 
  27      A0C0C8C0 
  27      C0A4
  28 0028 D2FC4790 		.ascii	"\322\374G\220\201\343\377\021F\260\024\023\203\220\032"
  28      81E3FF11 
  28      46B01413 
  28      83901A
  29 0037 548659EC 		.ascii	"T\206Y\354\345of\006\216\303\272L\014l\013\364X\300"
  29      E56F6606 
  29      8EC3BA4C 
ARM GAS  C:\Users\TUDENT~1\AppData\Local\Temp\ccCipcW1.s 			page 2


  29      0C6C0BF4 
  29      58C0
  30 0049 A6010093 		.ascii	"\246\001\000\223\012\012\252"
  30      0A0AAA
  31              		.text
  32              		.section	.gnu.lto_.pureconst.874016d4,"",%progbits
  33 0000 789C6365 		.ascii	"x\234ce`b`g```f\220b\224b\222\002\000\001\310\000c"
  33      60626067 
  33      60606066 
  33      90629462 
  33      92020001 
  34              		.text
  35              		.section	.gnu.lto_initFrame.874016d4,"",%progbits
  36 0000 789C9D92 		.ascii	"x\234\235\222\317+DQ\024\307\357\367\236\367f&\241l"
  36      CF2B4451 
  36      14C7EFF7 
  36      9EF76626 
  36      A16C
  37 0012 6C585828 		.ascii	"lXX(\331x\377\201\277\304\006\261\263\261\262sM\344"
  37      D978FF81 
  37      BFC406B1 
  37      B3B1B273 
  37      4DE4
  38 0024 5731250C 		.ascii	"W1%\014\321\233D3~\377\236\361\263\036\033\232\374\310"
  38      D19B4433 
  38      7EFF9EF1 
  38      B31E1B9A 
  38      FCC8
  39 0036 8F628DC4 		.ascii	"\217b\215\304BRJY\340\234'\031\233)s\353\276{\317;\347"
  39      42524A59 
  39      E09C2719 
  39      9B2973EB 
  39      BE7BCF3B 
  40 004b 9ECFF7DC 		.ascii	"\236\317\367\334sm\245U\036)U\254\224*\341\011R\320"
  40      736DA555 
  40      1E2955AC 
  40      942AE109 
  40      52D0
  41 005d 9113A5DA 		.ascii	"\221\023\245\332B\032\220\215\011A\265j\264\242\237"
  41      421A908D 
  41      0941B56A 
  41      B4A29F
  42 006c 8609FB9D 		.ascii	"\206\011\373\235\367\233\2722nxx\303i\230\204\007\227"
  42      F79BBA32 
  42      6E7878C3 
  42      69988407 
  42      97
  43 007d 8F8FF094 		.ascii	"\217\217\360\224\2018*9\352\254}i\214\372\310%\300b"
  43      81382A39 
  43      EAAC7D69 
  43      8CFAC825 
  43      C062
  44 008f F3E578F4 		.ascii	"\363\345x\364\266PL\21526\367\246\337_4\025A\361\376"
  44      B6504C8D 
  44      3236F7A6 
  44      DF5F3415 
  44      41F1FE
ARM GAS  C:\Users\TUDENT~1\AppData\Local\Temp\ccCipcW1.s 			page 3


  45 00a2 F0BA3B69 		.ascii	"\360\272;iWL\031\0236\336\345\000\231r\227\0103 N\210"
  45      574C1913 
  45      36DEE500 
  45      99729708 
  45      33204E88 
  46 00b6 69942281 		.ascii	"i\224\"\201R\305\277\024fQ!\3617\313\037\203\005\001"
  46      52C5BF14 
  46      665121F1 
  46      37CB1F83 
  46      0501
  47 00c8 EB1B8839 		.ascii	"\353\033\2109\004\300\353\3429<\363\361\331i\274\243"
  47      04C0EBE2 
  47      393CF3F1 
  47      D969BCA3 
  48 00d8 49A42C51 		.ascii	"I\244,Q.\341\252\207\203\244\204^\322\262\322#\302\257"
  48      2EE1AA87 
  48      83A4845E 
  48      D2B2D223 
  48      C2AF
  49 00ea 0FF7B61C 		.ascii	"\017\367\266\034\343TC\035\373\247AQE\276\222\267\203"
  49      E354431D 
  49      FBA74151 
  49      45BE92B7 
  49      83
  50 00fb 7457BE8B 		.ascii	"tW\276\213\3616.-V\307Pk\234\365\3163_\274Sw\341\205"
  50      F1362E2D 
  50      56C7506B 
  50      9CF5CE33 
  50      5FBC5377 
  51 0111 A0332F75 		.ascii	"\2403/u\227\271dc\001.\242~\321\354\274\210\230(\276"
  51      97B96463 
  51      012EA27E 
  51      D1ECBC88 
  51      9828BE
  52 0124 9DB109BE 		.ascii	"\235\261\011\276\217\000\026\341DI\244a\011N&\213\365"
  52      8F0016E1 
  52      4449A461 
  52      094E268B 
  52      F5
  53 0135 629973FA 		.ascii	"b\231s\372R\256~\244\374\217\275\222\235\275*l-\354"
  53      52AE7EA4 
  53      FC8FBD92 
  53      9DBD2A6C 
  53      2DEC
  54 0147 3538BFB0 		.ascii	"58\277\260hKN\260\365\354\260\244\300\374^\2442a#59"
  54      684B4EB0 
  54      F5ECB0A4 
  54      C0FC5EA4 
  54      32612335 
  55 015c C136B2C3 		.ascii	"\3016\262\3036\005f\011l+\0236Z\235\003,\210m\037fK"
  55      36056609 
  55      6C2B1336 
  55      5A9D032C 
  55      886D1F66 
  56 0171 BA9DBF4D 		.ascii	"\272\235\277M\012r\223v\371\324\023\302\261\347\220"
  56      0A729376 
  56      F9D413C2 
ARM GAS  C:\Users\TUDENT~1\AppData\Local\Temp\ccCipcW1.s 			page 4


  56      B1E790
  57 0180 24F71F77 		.ascii	"$\367\037w\017w\224\237\021_macsmS\203\343\177\253\352"
  57      0F77949F 
  57      115F6D61 
  57      63736D53 
  57      83E37FAB 
  58 0195 95ED6FBE 		.ascii	"\225\355o\276\000\347\243\000]"
  58      00E7A300 
  58      5D
  59              		.text
  60              		.section	.gnu.lto_bundle.874016d4,"",%progbits
  61 0000 789C7D54 		.ascii	"x\234}T\337oTU\020\236\271s\177\355vw\245\277\240M\327"
  61      DF6F5455 
  61      109EB973 
  61      7FED7677 
  61      A5BFA04D 
  62 0015 588D4D53 		.ascii	"X\215MS54\276\370\343\305?A\036\374\013Z\334\215$\352"
  62      3534BEF8 
  62      E3C53F41 
  62      1EFC0B5A 
  62      DC8D24EA 
  63 0029 43D5175F 		.ascii	"C\325\027_\270,\025\204\032\005\203\245Kz\2635J\266"
  63      B82C1584 
  63      1A0583A5 
  63      4B7AB335 
  63      4AB6
  64 003b 886D29E0 		.ascii	"\210m)\340\252\255\302\266\025\261\030\213] \301\030"
  64      AAADC2B6 
  64      15B1188B 
  64      5D20C118 
  65 004b 13A35483 		.ascii	"\023\243T\203\006\205Fb\000S\234\231s[\227Z\335d\317"
  65      06854662 
  65      00539C99 
  65      735B975A 
  65      DD64CF
  66 005e 3D67CEF7 		.ascii	"=g\316\367\315\234\371\276s\257\003\026lr\001\036\005"
  66      CD9CF9BE 
  66      73AF0316 
  66      6C72011E 
  66      05
  67 006f 80BDFCC7 		.ascii	"\200\275\374\3078\240\265g\016`\233o\241m&d&S\276mQ"
  67      38A0B567 
  67      0E609B6F 
  67      A16D2664 
  67      2653BE6D 
  68 0084 F90908E2 		.ascii	"\371\011\010\342\316\327wA\220p\320\2230\272\3469\345"
  68      CED77741 
  68      9070D093 
  68      30BAE639 
  68      E5
  69 0095 7B963F77 		.ascii	"{\226?w\006x?6M\274\357[n\3652\206(\260\300G\330j\221"
  69      06783F36 
  69      4DBCEF5B 
  69      6EF53286 
  69      28B0C047 
  70 00ac EDB89E1F 		.ascii	"\355\270\236\037\303\255d\003\226m\264u\340\372\340"
  70      C3AD6403 
ARM GAS  C:\Users\TUDENT~1\AppData\Local\Temp\ccCipcW1.s 			page 5


  70      966DB475 
  70      E0FAE0
  71 00bb E9FA36FF 		.ascii	"\351\3726\377<Y\302\033\264\237p\276\367\310 \275N\005"
  71      3C59C21B 
  71      B49F70BE 
  71      F7C820BD 
  71      4E05
  72 00cd 02B47979 		.ascii	"\002\264yy\355\253\003?\246d\211\330\312\313\013\373"
  72      EDAB033F 
  72      A66489D8 
  72      CACB0BFB 
  73 00dd 460F273A 		.ascii	"F\017':\212\001\377\312\373'\032\362\303e\273@\026\344"
  73      8A01FFCA 
  73      FB271AF2 
  73      C365BB40 
  73      16E4
  74 00ef 193D8C69 		.ascii	"\031=\214i,bZ\032;\204\035\214-\366N~\023\243Z\004\236"
  74      2C625A1A 
  74      3B841D8C 
  74      2DF64E7E 
  74      13A35A04 
  75 0104 9FFF292C 		.ascii	"\237\377),&\332\017\006A.(\377\361&\005\367\027\210"
  75      26DA0F06 
  75      412E28FF 
  75      F12605F7 
  75      1788
  76 0116 F03DA46A 		.ascii	"\360=\244j\"\207\000\017c;\303\217\277=\37085)sW0\334"
  76      2287000F 
  76      633BC38F 
  76      BF3DF838 
  76      35297357 
  77 012c 25442E78 		.ascii	"%D.x~\237\022-|\1775\321\002\034Q\342\324\241\233\327"
  77      7E9F122D 
  77      7C7F35D1 
  77      021C51E2 
  77      D4A19BD7 
  78 0140 2CBA5799 		.ascii	",\272W\231_\\\334Ur\226k\366+\325\306\321\325T\026e"
  78      5F5CDC55 
  78      72966BF6 
  78      2BD5C6D1 
  78      D5541665 
  79 0154 0CDB057F 		.ascii	"\014\333\005\177\360\313\231\023)jW\356/s\343\337\372"
  79      F0CB9913 
  79      296A57EE 
  79      2F73E3DF 
  79      FA
  80 0165 6DEF68D9 		.ascii	"m\357h\331\317{\362A\271\267U\012\037\271\223-?\006"
  80      CF7BF241 
  80      B9B7550A 
  80      1FB9932D 
  80      3F06
  81 0177 9796FE6A 		.ascii	"\227\226\376j\244\016\345]\310\037x2\242-\356\245\340"
  81      A40EE55D 
  81      C81F7832 
  81      A22DEEA5 
  81      E0
  82 0188 DDC012DA 		.ascii	"\335\300\022\332\3215i?\214/\275\225tm<\206m8\216m\""
ARM GAS  C:\Users\TUDENT~1\AppData\Local\Temp\ccCipcW1.s 			page 6


  82      D135693F 
  82      8C2FBD95 
  82      746D3C86 
  82      6D388E6D 
  83 019d 226B779C 		.ascii	"\"kw\234M\006\260$\302\230\357_+\215$\351\021\315\275"
  83      4D06B024 
  83      C298EF5F 
  83      2B8D24E9 
  83      11CDBD
  84 01b0 74EEF74A 		.ascii	"t\356\367JM\224\374\267iZ9\324\007\377\316\216%l\033"
  84      4D94FCB7 
  84      695A39D4 
  84      07FFCE8E 
  84      256C1B
  85 01c3 AB603958 		.ascii	"\253`9X\272\275\223\301\363X\3745v7\202$\265t$\205\270"
  85      BABD93C1 
  85      F358FC35 
  85      76378224 
  85      B5742485 
  86 01d8 3AFAAC02 		.ascii	":\372\254\002\360\225a\351\343bB\215\"\022(\272$%\220"
  86      F09561E9 
  86      E362428D 
  86      221228BA 
  86      242590
  87 01eb E2C159A7 		.ascii	"\342\301Y\247\321Z\024\241\353$P/\2727\010\267Q@\353"
  87      D15A14A1 
  87      EB24502F 
  87      BA3708B7 
  87      5140EB
  88 01fe 65D820CB 		.ascii	"e\330 \313&\2315\013\244E9i\255\002\260\233\373\273"
  88      2699350B 
  88      A4453969 
  88      AD02B09B 
  88      FBBB
  89 0210 EA421FBB 		.ascii	"\352B\037\273u\325\245\005\314\015\335zL\333=\246\255"
  89      75D5A505 
  89      CC0DDD7A 
  89      4CDB3DA6 
  89      AD
  90 0221 AE5C3C7E 		.ascii	"\256\\<~\031\360CnD\020\305yT\010\247\301\007\244\267"
  90      19F0436E 
  90      4410C579 
  90      5408A7C1 
  90      07A4B7
  91 0234 3EBE2427 		.ascii	">\276$'[\3502\346\026w\216,\270\262\031\222\037\022"
  91      5BE832E6 
  91      16778E2C 
  91      B8B21992 
  91      1F12
  92 0246 C265DC3E 		.ascii	"\302e\334>\270\003M \036R\214\303&\226O\232`2\244\204"
  92      B8034D20 
  92      1E528CC3 
  92      26964F9A 
  92      6032A484 
  93 025a 09E66EEE 		.ascii	"\011\346n\356\316;&\230\342\312\375\257L\237\365\244"
  93      CE3B2698 
  93      E2CAFDAF 
ARM GAS  C:\Users\TUDENT~1\AppData\Local\Temp\ccCipcW1.s 			page 7


  93      4C9FF5A4 
  94 026a 32A9CE7F 		.ascii	"2\251\316\177\236>\363j\242\200\3416\026\232\005\026"
  94      9E3EF36A 
  94      A280E136 
  94      169A0516 
  95 027a 267E24C2 		.ascii	"&~$\302\342\307X\220:\271\376\331{\204\275\012;\364"
  95      E2C75890 
  95      3AB9FED9 
  95      7B84BD0A 
  95      3BF4
  96 028c 3C283A1E 		.ascii	"<(:\036\241'\030\315\005\344\020\375;\302Su\246\340"
  96      A12718CD 
  96      05E410FD 
  96      3BC25375 
  96      A6E0
  97 029e 3A3E2B3E 		.ascii	":>+>\250\335\265.\267\306Qm\315\206\261\373X\030c\221"
  97      A8DDB52E 
  97      B7C6516D 
  97      CD86B1FB 
  97      58186391 
  98 02b2 F474097B 		.ascii	"\364t\011{\317\316\244\015\021\361!5\367:\"KaU$\027"
  98      CFCEA40D 
  98      11F12135 
  98      F73A224B 
  98      61552417 
  99 02c6 55EA98E6 		.ascii	"U\352\230\346\210\236\034\257a\220\315O\227\367\355"
  99      889E1CAF 
  99      6190CD4F 
  99      97F7ED
 100 02d5 89BE146F 		.ascii	"\211\276\024o\2710t\032\214ZW\026\334\252K'\216H^>\347"
 100      B930741A 
 100      8C5A5716 
 100      DCAA4B27 
 100      8E485E3E 
 101 02ea A4646F08 		.ascii	"\244do\010\331\226HB\0154\252\204\015\322\356\304\354"
 101      D9964842 
 101      0D34AA84 
 101      0DD2EEC4 
 101      EC
 102 02fb 46135B5F 		.ascii	"F\023[_-\226\275\226X\036k\214\237H\373\362B]\312\215"
 102      2D96BD96 
 102      581E6B8C 
 102      9F48FBF2 
 102      425DCA8D 
 103 030f 7A9D2381 		.ascii	"z\235#\201\331\"\374\224\005\031 \275\237'\260\023\364"
 103      D922FC94 
 103      051920BD 
 103      9F27B013 
 103      F4
 104 0320 54B39E49 		.ascii	"T\263\236I\275!dc\253\3537q9\016\033\267\242X\363\232"
 104      BD216463 
 104      ABEB3771 
 104      390E1BB7 
 104      A258F39A 
 105 0334 EE34457A 		.ascii	"\3564Ez\237\254rg\362?\335i\214\320eu\247\331\270\363"
 105      9FAC7267 
 105      F23FDD69 
ARM GAS  C:\Users\TUDENT~1\AppData\Local\Temp\ccCipcW1.s 			page 8


 105      8CD06575 
 105      A7D9B8F3 
 106 0348 DDA96E53 		.ascii	"\335\251nS\241\205eXqgr\331\235\026\203\272\361\260"
 106      A1856558 
 106      716772D9 
 106      9D1683BA 
 106      F1B0
 107 035a 01A5F9AC 		.ascii	"\001\245\371\254w\200J\0022\267\323\003\376\362\242"
 107      77804A02 
 107      32B7D303 
 107      FEF2A2
 108 0369 7AA85182 		.ascii	"z\250Q\202\177\374\264\304\3179\366S\263X!\325\032?"
 108      7FFCB4C4 
 108      CF39F653 
 108      B35821D5 
 108      1A3F
 109 037b 7956E300 		.ascii	"yV\343\000\227q+\335\327\221Bre\225v\0277sB\037\370"
 109      97712BDD 
 109      D7914272 
 109      65957617 
 109      3773421F 
 110 0390 CB4EEAC2 		.ascii	"\313N\352\302\263\206X\267\272\263E\013\376Wy\037\247"
 110      B38658B7 
 110      BAB3450B 
 110      FE57791F 
 110      A7
 111 03a1 547934DF 		.ascii	"Ty4\337\235s{\202\0014\233CG\331H\027\247\261s\200O"
 111      9D737B82 
 111      01349B43 
 111      47D94817 
 111      A7B17380 
 112 03b6 C7AACC2C 		.ascii	"\307\252\314,\373\022)^\317\345\314\251?\263M\204\217"
 112      FB12295E 
 112      CFE5CCA9 
 112      3FB34D84 
 112      8F
 113 03c7 57AFDF98 		.ascii	"W\257\337\230>\212\311\275\273\302o\351\317\363\321"
 113      3E8AC9BD 
 113      BBC26FE9 
 113      CFF3D1
 114 03d6 7B2739F8 		.ascii	"{'9\370=G\336\340i*\333\323\365\\\246S\307\215\233\301"
 114      3D47DEE0 
 114      692ADBD3 
 114      F55CA653 
 114      C78D9BC1 
 115 03ea ED7E299B 		.ascii	"\355~)\233\315\364\370\362xj\313\313\031G7pK\342\231"
 115      CDF4F8F2 
 115      786ACBCB 
 115      19473770 
 115      4BE299
 116 03fd 4CD7D399 		.ascii	"L\327\323\231\236M\331\354\013\231\027\261\353o\272"
 116      9E4DD9EC 
 116      0B9917B1 
 116      EB6FBA
 117 040c 5DF92A   		.ascii	"]\371*"
 118              		.text
 119              		.section	.gnu.lto_unbundle.874016d4,"",%progbits
ARM GAS  C:\Users\TUDENT~1\AppData\Local\Temp\ccCipcW1.s 			page 9


 120 0000 789C7D53 		.ascii	"x\234}SKOTY\020\256\357\236\373\352\246\273y41\263\350"
 120      4B4F5459 
 120      10AEEF9E 
 120      FBEAA6BB 
 120      793431B3 
 121 0015 44123504 		.ascii	"D\0225\004\215\366\3065\353Y\370\003f\213\012\352B\027"
 121      8DF6C635 
 121      EB59F803 
 121      668B0AEA 
 121      4217
 122 0027 0475E9B5 		.ascii	"\004u\351\265\007A%\021\342\243\201\211\235f\202\246"
 122      07412511 
 122      E2A38189 
 122      9D6682A6 
 123 0037 558697EF 		.ascii	"U\206\227\357w\256\217\2140fP\321IF\215\033E\022LL\224"
 123      77AE8F8C 
 123      306650D1 
 123      49468D1B 
 123      45124C4C 
 124 004c 041F6422 		.ascii	"\004\037d\"V\235s\3158h\346\246\357\271\347\324\251"
 124      569D73CD 
 124      3868E6A6 
 124      EFB9E7D4 
 124      A9
 125 005d AFBEAAAF 		.ascii	"\257\276\252\257\252\035\262\250\327&ZID;\371E\214`"
 125      AA1DB2A8 
 125      D7265A49 
 125      443BF945 
 125      8C60
 126 006f 754D10ED 		.ascii	"uM\020\355\366-\313\357R\024\304Up\227(H(8b\207m\276"
 126      F62DCBEF 
 126      5214C455 
 126      70972848 
 126      28386287 
 127 0085 377CC7B2 		.ascii	"7|\307\262\303z\276w\357\227\363\265k\371c\036\237\274"
 127      C37ABE77 
 127      EF97F3B5 
 127      6BF9631E 
 127      9FBC
 128 0097 B1DFC5DB 		.ascii	"\261\337\305\333\203o\242\370\200l\002\037\264\313R"
 128      836FA2F8 
 128      806C021F 
 128      B4CB52
 129 00a6 B6E37A3E 		.ascii	"\266\343z>vY\016!\2649\224,\314J\235\252[\341A\353\310"
 129      76590E21 
 129      B439942C 
 129      CC4A9DAA 
 129      5BE141EB 
 130 00bb 51754015 		.ascii	"Qu@\025\025\223\360\361\355\237\277\274H\311\021\250"
 130      1593F0F1 
 130      ED9FBFBC 
 130      48C911A8 
 131 00cb E1E35F87 		.ascii	"\341\343_\207\207\006\022u\245\200\237\260\373Cu\357"
 131      87061275 
 131      A5809FB0 
 131      FB4375EF 
 132 00db 89D02E2A 		.ascii	"\211\320.*N\236\275O \203\0222\222\376I\324\261o\251"
ARM GAS  C:\Users\TUDENT~1\AppData\Local\Temp\ccCipcW1.s 			page 10


 132      4E9EBD4F 
 132      20831232 
 132      92FE49D4 
 132      B16FA9
 133 00ee F5CAE398 		.ascii	"\365\312\343\230\252\004\361\376\321t\241\224\250=\036"
 133      AA04F1FE 
 133      D174A194 
 133      A83D1E
 134 00fd 04B920BC 		.ascii	"\004\271 \274}H\005\313\213J\341\024\324\327@6\021\006"
 134      7D4805CB 
 134      8B4AE114 
 134      D4D74036 
 134      1106
 135 010f 50CBEE6D 		.ascii	"P\313\356m\307\336tx\352\007\015}>9\374kR\240L9uXC-"
 135      C7DE7478 
 135      EA070D7D 
 135      3E39FC6B 
 135      52A04C39 
 136 0127 FCB6186A 		.ascii	"\374\266\030j\021\0065\364\306\311\371\267\226Z\246"
 136      110635F4 
 136      C6C9F9B7 
 136      965AA6
 137 0136 A1637FEF 		.ascii	"\241c\177\357;\357D\254\217\2725\324\306\320b\250M\030"
 137      3BEF44AC 
 137      8FBA35D4 
 137      C6D062A8 
 137      4D18
 138 0148 46ADF81F 		.ascii	"F\255\370\037\277{\353zJ\325i\354\253\211\321\247\376"
 138      BF7BEB7A 
 138      4AD569EC 
 138      AB89D1A7 
 138      FE
 139 0159 8A7E4D3B 		.ascii	"\212~M;\321\322\033\204\2555B<\362_\264<\222\343\350"
 139      D1D21B84 
 139      AD35423C 
 139      F25FB43C 
 139      92E3E8
 140 016c A72349D7 		.ascii	"\247#I\327\306(V\210\026,\301i\270\340\217X\206'\021"
 140      C6285688 
 140      162CC169 
 140      B8E08F58 
 140      862711
 141 017f 069F16DA 		.ascii	"\006\237\026\332\203p\372\020z\316\016a\011H\354\226"
 141      8370FA10 
 141      7ACE0E61 
 141      0948EC96 
 142 018f A4ED40F2 		.ascii	"\244\355@\362vy\353\370\262\304\364U\034\222R\231H\222"
 142      7679EBF8 
 142      B2C4F455 
 142      1C925299 
 142      4892
 143 01a1 80689294 		.ascii	"\200h\222\224m\212\027\267B;T\312\266J\000iY\252\265"
 143      6D8A17B7 
 143      423B54CA 
 143      B64A0069 
 143      59AAB5
 144 01b4 78B49FDF 		.ascii	"x\264\237\337\376\012\352`5\372+\324\014r\263\355\317"
ARM GAS  C:\Users\TUDENT~1\AppData\Local\Temp\ccCipcW1.s 			page 11


 144      FE0AEA60 
 144      35FA2BD4 
 144      0C72B3ED 
 144      CF
 145 01c5 EEC42597 		.ascii	"\356\304%\227\202\342\237CSh\275wkmd\340\274o\316\216"
 145      82E29F43 
 145      5368BD77 
 145      6B6D64E0 
 145      BC6FCE8E 
 146 01d9 9412D25D 		.ascii	"\224\022\322]\007\012g\242z:8\324\375rEs\210ae\306z"
 146      070A67A2 
 146      7A3A38D4 
 146      FD724573 
 146      886165C6 
 147 01ee 7230C926 		.ascii	"r0\311&\233\302z\216\370\363\321\266k3)\023\240\254"
 147      9BC27A8E 
 147      F8F3D1B6 
 147      6B332913 
 147      A0AC
 148 0200 A0E205E5 		.ascii	"\240\342\005\345\223\266\356+3\306dA%\21417\277\037"
 148      93B6EE2B 
 148      33C66441 
 148      258C3137 
 148      BF1F
 149 0212 C69662A6 		.ascii	"\306\226b\246\374\236\233\367<aRZ\335\367w\376\330\233"
 149      FC9E9BF7 
 149      3C61525A 
 149      DDF777FE 
 149      D89B
 150 0224 28A2B09B 		.ascii	"(\242\260\233\345e]=\006\342\254\360\343\034\212\020"
 150      E5655D3D 
 150      06E2ACF0 
 150      E31C8A10 
 151 0234 747EFC47 		.ascii	"t~\374GA/\362\355[\242\235\313\"\347\363\354\314\361"
 151      412FF2ED 
 151      5BA29DCB 
 151      22E7F3EC 
 151      CCF1
 152 0246 25857CDB 		.ascii	"%\205|\333\340x\332\360U\024xZWe\350%r5\272\021,\030"
 152      E078DAF0 
 152      5514785A 
 152      5765E825 
 152      7235BA11 
 153 025c 5B75690E 		.ascii	"[ui\016\361\037\001/a\221\261j\256\331\366^\307@}\261"
 153      F11F012F 
 153      6191B16A 
 153      AED9F65E 
 153      C7407DB1 
 154 0270 68953291 		.ascii	"h\2252\221\341\213,s`\246\230\"\016dO\2469\222+\"1\370"
 154      E18B2C73 
 154      60A69822 
 154      0E644FA6 
 154      39922B22 
 155 0286 F2CCC44F 		.ascii	"\362\314\304O\306\267\362\353:\355o\352\354k\346.1A"
 155      C6B7F2EB 
 155      3AED6FEA 
 155      EC6BE62E 
ARM GAS  C:\Users\TUDENT~1\AppData\Local\Temp\ccCipcW1.s 			page 12


 155      3141
 156 0298 1C1724A4 		.ascii	"\034\027$\244\314\333Tn\310\313\016\006F\204\030.r9"
 156      CCDB546E 
 156      C8CB0E06 
 156      4684182E 
 156      7239
 157 02aa 3D2A9AA9 		.ascii	"=*\232\251\207]A\017\314e\337ip\331\270\204l\017\247"
 157      875D410F 
 157      CC65DF69 
 157      70D9B884 
 157      6C0FA7
 158 02bd C7755F46 		.ascii	"\307u_F\326\344\035)\\\305\344F\204\217Q\037\322\246"
 158      D6E41D29 
 158      5CC5E446 
 158      848F511F 
 158      D2A6
 159 02cf C1D7DFED 		.ascii	"\301\327\337\355\331a\372\373\317\302\302B9\25603\227"
 159      D961FAFB 
 159      CFC2C242 
 159      39AE3033 
 159      97
 160 02e0 F7F4CB10 		.ascii	"\367\364\313\02000\0355\335\243\003)\323\341\301\201"
 160      30301D35 
 160      DDA30329 
 160      D3E1C181 
 161 02f0 6866AAFF 		.ascii	"hf\252\377mf~|\351\367\332\261\376\377KR\270\252K\262"
 161      6D667E7C 
 161      E9F7DAB1 
 161      FEFF4B52 
 161      B8AA4BB2 
 162 0304 24E96BC8 		.ascii	"$\351k\310rH\315\345\313|\276\346&\024\364\325\034,"
 162      7248CDE5 
 162      CB7CBEE6 
 162      2614F4D5 
 162      1C2C
 163 0316 ACE649EB 		.ascii	"\254\346I\353L\361\307}\225\346\261\363\346\363I\236"
 163      4CF1C77D 
 163      95E6B1F3 
 163      E6F3499E 
 164 0326 67B0237B 		.ascii	"g\260#{\244\232\232\033\2666f\365\272f\003\271\353\267"
 164      A49A9A1B 
 164      B63666F5 
 164      BA6603B9 
 164      EBB7
 165 0338 37353536 		.ascii	"7556\30776\2644\254k\334\266\251e\263\243\257\260\345"
 165      C73736B4 
 165      34AC6BDC 
 165      B6A965B3 
 165      A3AFB0E5 
 166 034c 337BD175 		.ascii	"3{\321u3"
 166      33
 167              		.text
 168              		.section	.gnu.lto_.symbol_nodes.874016d4,"",%progbits
 169 0000 789C6365 		.ascii	"x\234ce`b0e\000\002&\306z\006\206\011\347\030\030\200"
 169      60623065 
 169      000226C6 
 169      7A068609 
ARM GAS  C:\Users\TUDENT~1\AppData\Local\Temp\ccCipcW1.s 			page 13


 169      E7181880 
 170 0014 D4AE0647 		.ascii	"\324\256\006G\240\000S=#\252\000s=\023\212\000\003\000"
 170      A000533D 
 170      23AA0073 
 170      3D138A00 
 170      0300
 171 0026 430C0BD1 		.ascii	"C\014\013\321"
 172              		.text
 173              		.section	.gnu.lto_.refs.874016d4,"",%progbits
 174 0000 789C6365 		.ascii	"x\234ce`b`d\000\002\000\000I\000\011"
 174      60626064 
 174      00020000 
 174      490009
 175              		.text
 176              		.section	.gnu.lto_.decls.874016d4,"",%progbits
 177 0000 789CAD54 		.ascii	"x\234\255T]LTG\024\276\347\316\005\226\213(\021kh\262"
 177      5D4C5447 
 177      14BEE7CE 
 177      05968B28 
 177      116B68B2 
 178 0014 0F1BC203 		.ascii	"\017\033\302\003/\242H\322\232\246\017M\232\330>\364"
 178      2FA248D2 
 178      9AA60F4D 
 178      9AD83EF4 
 179 0024 C73ED497 		.ascii	"\307>\324\227n\262]\270\027\331\004\026\313\356>\370"
 179      6EB25DB8 
 179      17D90416 
 179      CBEE3EF8 
 180 0034 3608B48D 		.ascii	"6\010\264\215V\243\370C \266\022\322V(PA\376\026\345"
 180      56A3F843 
 180      20B612D2 
 180      56285041 
 180      FE16E5
 181 0047 67F917C4 		.ascii	"g\371\027\304E\020K\013T\015\376$m\332\215\326\277h"
 181      45104B0B 
 181      540DFE24 
 181      6DDA8DD6 
 181      BF68
 182 0059 5BE99999 		.ascii	"[\351\231\231{\271[\\\322\227N8\303\2343\337|\347;g"
 182      7BB95B5C 
 182      D2974E38 
 182      C39C33DF 
 182      7CE73B67 
 183 006d 666F9C24 		.ascii	"fo\234$K\257'H\322\273 I;\320\226q(\222$5K\326 h\263"
 183      4BAF2748 
 183      D2BB2049 
 183      3BD09671 
 183      28922435 
 184 0086 68F3688B 		.ascii	"h\363h\213\322\213\243\001\317\331\360\377n\264\215"
 184      D28BA301 
 184      CFD9F0FF 
 184      6EB48D
 185 0095 689BD0AE 		.ascii	"h\233\320\256\240\205\321\206\320\202h\027\321\342\321"
 185      A085D186 
 185      D0826817 
 185      D1E2D1
 186 00a4 26D1FAD1 		.ascii	"&\321\372\321z\320z\321Bh\023h`\344X=:p#1\212w\227\301"
ARM GAS  C:\Users\TUDENT~1\AppData\Local\Temp\ccCipcW1.s 			page 14


 186      7AD07AD1 
 186      42681368 
 186      60E4583D 
 186      3A702331 
 187 00bc C5F8ED06 		.ascii	"\305\370\355\006\267\231\207\030\\\223\0067\030\232"
 187      B7998718 
 187      5C930637 
 187      189A
 188 00ca 578F6EDC 		.ascii	"W\217n\334P\327\340|\177\015^\223\323\324\032\253\017"
 188      50D7E07C 
 188      7F0D5E93 
 188      D3D41AAB 
 188      0F
 189 00db 55043A0F 		.ascii	"U\004:\017\015\367\312\327a\021d\204\245\360(\200\230"
 189      0DF7CAD7 
 189      61116484 
 189      A5F02880 
 189      98
 190 00ec 811B7797 		.ascii	"\201\033w\227\315\001\300\343\030\225\371,\200<\004"
 190      CD01C0E3 
 190      1895F92C 
 190      803C04
 191 00fb E609C397 		.ascii	"\346\011\303\227\015W6(\371\237q\030\242\030\305\266"
 191      0D573628 
 191      F99F7118 
 191      A218C5B6 
 192 010b C8640EA1 		.ascii	"\310d\016\241Y,\3701\3634\310V\002\200\350\003Q\204"
 192      592CF831 
 192      F334C856 
 192      0280E803 
 192      5184
 193 011d 42B6B1BF 		.ascii	"B\266\261\277\242O\262\212\003\263\372\373\325\223w"
 193      A24FB28A 
 193      03B3FAFB 
 193      D59377
 194 012c D51BF033 		.ascii	"\325\033\3603\213\326\276\001<v\365\227\301\226\015"
 194      8BD6BE01 
 194      3C76F597 
 194      C1960D
 195 013b 4406B6BE 		.ascii	"D\006\266\276\361\264~gV\023\025\303f\267\3326]\336"
 195      F1B47E67 
 195      561315C3 
 195      66B7DA36 
 195      5DDE
 196 014d 728A1C26 		.ascii	"r\212\034&\260Q\005\205\361\\\256\271\265\036\335M*"
 196      B0510585 
 196      F15CAEB9 
 196      B51EDD4D 
 196      2A
 197 015e 38D0ED7E 		.ascii	"8\320\355~@\333\223\311K\234\"R~\347f\222\330JCw\346"
 197      40DB93C9 
 197      4B9C2252 
 197      7EE76692 
 197      D84A4377 
 198 0173 DEE49786 		.ascii	"\336\344\227\206\233\202\356\251\266\337\277I v\216"
 198      9B82EEA9 
 198      B6DFBF49 
ARM GAS  C:\Users\TUDENT~1\AppData\Local\Temp\ccCipcW1.s 			page 15


 198      20768E
 199 0182 3C5B71BB 		.ascii	"<[q\273\301\206[v\025\226\201\371\277u?M\026>\333n\017"
 199      C1865B76 
 199      159681F9 
 199      BF753F4D 
 199      163EDB6E 
 200 0197 3D685688 		.ascii	"=hV\210\203\255\345\316\366\3335*d\252\3372]\241\271"
 200      83ADE5CE 
 200      F6DB352A 
 200      64AADF32 
 200      5DA1B9
 201 01aa 479B8394 		.ascii	"G\233\203\224\246@\007\250\320\006\004\276\203,V\244"
 201      A64007A8 
 201      D00604BE 
 201      832C56A4 
 202 01ba 9D3D99CF 		.ascii	"\235=\231\317)\335O\357\325Q\222&A\216\035\266\331%"
 202      29DD4FEF 
 202      D5519226 
 202      418E1DB6 
 202      D925
 203 01cc 68874CC6 		.ascii	"h\207L\306\311Pp\016\354\320\012v\306\337p\272~8\231"
 203      C950700E 
 203      ECD00A76 
 203      C6DF70BA 
 203      7E3899
 204 01df 1C059EA0 		.ascii	"\034\005\236\240\372\304@\373\372\225\004S\215\351m"
 204      FAC440FB 
 204      FA950453 
 204      8DE96D
 205 01ee 1594CA10 		.ascii	"\025\224\312\020\304\014\235V\006L\030;EW\354\024\307"
 205      C40C9D56 
 205      064C183B 
 205      4557EC14 
 205      C7
 206 01ff DB9A2B12 		.ascii	"\333\232+\022\311#\236\002\236\005\007\206T\362L8\237"
 206      C9239E02 
 206      9E050786 
 206      54F24C38 
 206      9F
 207 0210 7E7DEF60 		.ascii	"~}\357`\002Y\346N|\345D\370v\034dddfd\244\3261\362\320"
 207      0259E64E 
 207      7CE544F8 
 207      761C6464 
 207      646664A4 
 208 0228 DC7866EB 		.ascii	"\334xf\353\255\012\332\3621W\320\202\012\006 \325L\266"
 208      AD0ADAF2 
 208      3157D082 
 208      0A0620D5 
 208      4CB6
 209 023a 15EF05CE 		.ascii	"\025\357\005\316\002\273\035\201\236\277/\323/\3228"
 209      02BB1D81 
 209      9EBF2FD3 
 209      2FD238
 210 0249 F4420CE8 		.ascii	"\364B\014\350\367\034**\353{\031\357\225!$\243&i\205"
 210      F71C2A2A 
 210      EB7B19EF 
 210      952124A3 
ARM GAS  C:\Users\TUDENT~1\AppData\Local\Temp\ccCipcW1.s 			page 16


 210      266985
 211 025c 25DC4AAA 		.ascii	"%\334J\252h\250\224p\236\356\030<9V\306A+\343\371\030"
 211      68A89470 
 211      9EEE183C 
 211      3956C641 
 211      2BE3F918 
 212 0270 C86C863C 		.ascii	"\310l\206<\312\022\036\241\024\237\0314aO\032\231\014"
 212      CA121EA1 
 212      149F1934 
 212      614F1A99 
 212      0C
 213 0281 0EC5CCD0 		.ascii	"\016\305\314\320\207\035\013A\006\364\243\365\240\365"
 213      871D0B41 
 213      06F4A3F5 
 213      A0F5
 214 028f 4286F9D6 		.ascii	"B\206\371\326\236\037\3528\240\222j\376\"\345\271\317"
 214      9E1FEA38 
 214      A0926AFE 
 214      22E5B9CF 
 215 029f 1EFE2143 		.ascii	"\036\376!Cjf,6\030F\222\377\"\024u\337\315fu\017!v\320"
 215      6A662C36 
 215      184692FF 
 215      221475DF 
 215      CD66750F 
 216 02b6 BA4ED606 		.ascii	"\272N\326\006\236\261\346\302\303\2118\361\272m\350"
 216      9EB1E6C2 
 216      C38938F1 
 216      BA6DE8
 217 02c5 76451ABB 		.ascii	"vE\032\273\222\305\233\015\261\355\306\307c=@\352\304"
 217      92C59B0D 
 217      B1EDC6C7 
 217      633D40EA 
 217      C4
 218 02d6 4FE4EA9F 		.ascii	"O\344\352\237\225\367\345u\007X\033\216\224\321\304"
 218      95F7E575 
 218      07581B8E 
 218      94D1C4
 219 02e5 B77913AC 		.ascii	"\267y\023\254\372.\302:Q\206\362\344z\325\225xH\305"
 219      FA2EC23A 
 219      5186F2E4 
 219      7AD59578 
 219      48C5
 220 02f7 5B5DD1AE 		.ascii	"[]\321\256H0\212\310\021\216\0347\204_B\341\223(x\302"
 220      48308AC8 
 220      118E1C37 
 220      845F42E1 
 220      932878C2 
 221 030b 102C3A3C 		.ascii	"\020,:<:C\252i\250\2340B\030C\315\014\276R8\357rS\324"
 221      3A43AA69 
 221      A89C3042 
 221      1843CD0C 
 221      BE5238EF 
 222 0322 BD3E3E4A 		.ascii	"\275>>JX\201\343/\\,\356=\037 \245\374bY\371\3151\251"
 222      5881E32F 
 222      5C2CEE3D 
 222      1F20A5FC 
 222      6259F9CD 
ARM GAS  C:\Users\TUDENT~1\AppData\Local\Temp\ccCipcW1.s 			page 17


 223 0338 F8856171 		.ascii	"\370\205aq\325\217#w\0109#Z?5\360UD\211n}\224|\230B"
 223      D58F2377 
 223      0839235A 
 223      3F35F055 
 223      44896E7D 
 224 0350 D56B5520 		.ascii	"\325kU $\205\2673Ea\304\\\266Z>n\266\2743\330\032\""
 224      2485B733 
 224      4561C45C 
 224      B65A3E6E 
 224      B6BC33D8 
 225 0366 D16D0C47 		.ascii	"\321m\014G\211\222\340\212\331F\240\277v\205\222\025"
 225      8992E08A 
 225      D946A0BF 
 225      76859215 
 226 0376 59C42057 		.ascii	"Y\304 Wa\261\221\345'\241\015\342\276dt;\226\256\035"
 226      61B191E5 
 226      27A10DE2 
 226      BE64743B 
 226      96AE1D
 227 0389 4F4C3BC9 		.ascii	"OL;\311?Ze4E\206\335\233\331\357\003f8\325UH\303y\032"
 227      3F5A6534 
 227      4586DD9B 
 227      D9EF0366 
 227      38D55548 
 228 03a0 14C1B7D4 		.ascii	"\024\301\267\324s\342/5\275\226\326\336\244\241\345"
 228      73E22F35 
 228      BD96D6DE 
 228      A4A1E5
 229 03af CB9B4E96 		.ascii	"\313\233N\226\321z<\346`0h\260\204\342\022\347z\270"
 229      D17A3CE6 
 229      603068B0 
 229      84E212E7 
 229      7AB8
 230 03c1 017006AE 		.ascii	"\001p\006\256\343\243\233\205t<}l\264\364\240B\372\304"
 230      E3A39B85 
 230      743C7D6C 
 230      B4F4A042 
 230      FAC4
 231 03d3 5388256D 		.ascii	"S\210%m\2402\274\237\360\330.\025~\000\036\233\035\272"
 231      A032BC9F 
 231      F0D82E15 
 231      7E001E9B 
 231      1DBA
 232 03e5 B490C463 		.ascii	"\264\220\304c\3542\347D\260,\0309\231\024-\032\361\226"
 232      EC32E744 
 232      B02C1839 
 232      99142D1A 
 232      F196
 233 03f7 E89FB8E8 		.ascii	"\350\237\270\350\037M\321\335\323\207'\301\020\035\371"
 233      1F4DD1DD 
 233      D38727C1 
 233      101DF9
 234 0406 001FC67E 		.ascii	"\000\037\306~\312>O\210\202k\226\346k\2535\317s\315"
 234      CA3E4F88 
 234      826B96E6 
 234      6BAB35CF 
 234      73CD
ARM GAS  C:\Users\TUDENT~1\AppData\Local\Temp\ccCipcW1.s 			page 18


 235 0418 957FD7F4 		.ascii	"\225\177\327\364\307\221\021\241\371\364\271\261\331"
 235      C79111A1 
 235      F9F4B9B1 
 235      D9
 236 0425 248369E9 		.ascii	"$\203i\351\030\241\307)\373\2222\242\005\213ha5\321"
 236      18A1C729 
 236      FB9232A2 
 236      058B6861 
 236      35D1
 237 0437 22A44B89 		.ascii	"\"\244K\211\036\257\307\277\263\304]\244\333\336z\357"
 237      1EAFC7BF 
 237      B3C45DA4 
 237      DBDE7AEF 
 238 0447 43C79BD9 		.ascii	"C\307\233\331\331R|\201\356\326\364\022\222W\244%\272"
 238      D9527C81 
 238      EED6F412 
 238      9257A425 
 238      BA
 239 0458 5C018FD7 		.ascii	"\\\001\217\327\277\303\345\317\317{\315\231W\340\311"
 239      BFC3E5CF 
 239      CF7BCD99 
 239      57E0C9
 240 0467 F5F8FC01 		.ascii	"\365\370\374\001\315S\354\364\027\027\027\372\234{\274"
 240      CD53ECF4 
 240      171717FA 
 240      9C7BBC
 241 0476 01075F39 		.ascii	"\001\007_9\334%E\016\275(W\3274]s\276\222\225\343\330"
 241      DC25450E 
 241      BD2857D7 
 241      345D73BE 
 241      9295E3D8 
 242 048a BE2DFBD5 		.ascii	"\276-\373\325O\262\235\030\337\342-\366\352[tw\256\307"
 242      4FB29D18 
 242      DFE22DF6 
 242      EA5B7477 
 242      AEC7
 243 049c E9F1E615 		.ascii	"\351\361\346\025\0064\335Y\344F.\257\356tiz\276;P\350"
 243      0634DD59 
 243      E4462EAF 
 243      EE74697A 
 243      BE3B50E8 
 244 04b0 77F9F7ED 		.ascii	"w\371\367\355\325}Y\005R\202\221\356\243\3775\235o\237"
 244      D57D5905 
 244      528291EE 
 244      A3FF359D 
 244      6F9F
 245 04c2 CFE9F2F9 		.ascii	"\317\351\362\3715\344\306\034\212[\323J\224\202\342"
 245      35E4C61C 
 245      8A5BD34A 
 245      9482E2
 246 04d1 BD3E5573 		.ascii	"\275>Us\373\335\357\350\336=\376\202\365\371\254\007"
 246      FBDDEFE8 
 246      DE3DFE82 
 246      F5F9AC07 
 247 04e1 5BF98C18 		.ascii	"[\371\214\030\233\350\201\313\2570H\002\017\273\374"
 247      9BE881CB 
 247      AF304802 
ARM GAS  C:\Users\TUDENT~1\AppData\Local\Temp\ccCipcW1.s 			page 19


 247      0FBBFC
 248 04f0 FF02E549 		.ascii	"\377\002\345I\361\271\001\257V\250\333\002^\261\370"
 248      F1B901AF 
 248      56A8DB02 
 248      5EB1F8
 249 04ff 07582078 		.ascii	"\007X x\206"
 249      86
 250              		.text
 251              		.section	.gnu.lto_.symtab.874016d4,"",%progbits
 252 0000 696E6974 		.ascii	"initFrame\000"
 252      4672616D 
 252      6500
 253 000a 00       		.ascii	"\000"
 254 000b 00       		.ascii	"\000"
 255 000c 00       		.ascii	"\000"
 256 000d 00000000 		.ascii	"\000\000\000\000\000\000\000\000"
 256      00000000 
 257 0015 D4000000 		.ascii	"\324\000\000\000"
 258 0019 62756E64 		.ascii	"bundle\000"
 258      6C6500
 259 0020 00       		.ascii	"\000"
 260 0021 00       		.ascii	"\000"
 261 0022 00       		.ascii	"\000"
 262 0023 00000000 		.ascii	"\000\000\000\000\000\000\000\000"
 262      00000000 
 263 002b DA000000 		.ascii	"\332\000\000\000"
 264 002f 756E6275 		.ascii	"unbundle\000"
 264      6E646C65 
 264      00
 265 0038 00       		.ascii	"\000"
 266 0039 00       		.ascii	"\000"
 267 003a 00       		.ascii	"\000"
 268 003b 00000000 		.ascii	"\000\000\000\000\000\000\000\000"
 268      00000000 
 269 0043 DC000000 		.ascii	"\334\000\000\000"
 270              		.text
 271              		.section	.gnu.lto_.opts,"",%progbits
 272 0000 272D666D 		.ascii	"'-fmath-errno' '-fsigned-zeros' '-ftrapping-math' '"
 272      6174682D 
 272      6572726E 
 272      6F272027 
 272      2D667369 
 273 0033 2D666E6F 		.ascii	"-fno-trapv' '-fno-openmp' '-fno-openacc' '-mcpu=cor"
 273      2D747261 
 273      70762720 
 273      272D666E 
 273      6F2D6F70 
 274 0066 7465782D 		.ascii	"tex-m3' '-mno-thumb-interwork' '-mthumb' '-ggdb' '-"
 274      6D332720 
 274      272D6D6E 
 274      6F2D7468 
 274      756D622D 
 275 0099 4F322720 		.ascii	"O2' '-fomit-frame-pointer' '-falign-functions=16' '"
 275      272D666F 
 275      6D69742D 
 275      6672616D 
 275      652D706F 
ARM GAS  C:\Users\TUDENT~1\AppData\Local\Temp\ccCipcW1.s 			page 20


 276 00cc 2D666675 		.ascii	"-ffunction-sections' '-fdata-sections' '-fno-common"
 276      6E637469 
 276      6F6E2D73 
 276      65637469 
 276      6F6E7327 
 277 00ff 2720272D 		.ascii	"' '-flto'\000"
 277      666C746F 
 277      2700
 278              		.text
 279              		.comm	__gnu_lto_v1,1,1
 280              		.comm	__gnu_lto_slim,1,1
 281              		.ident	"GCC: (GNU Tools for ARM Embedded Processors 6-2017-q1-update) 6.3.1 20170215 (release) [AR
ARM GAS  C:\Users\TUDENT~1\AppData\Local\Temp\ccCipcW1.s 			page 21


DEFINED SYMBOLS
                            *ABS*:00000000 frame.c
                            *COM*:00000001 __gnu_lto_v1
                            *COM*:00000001 __gnu_lto_slim

NO UNDEFINED SYMBOLS
