ARM GAS  C:\Users\TUDENT~1\AppData\Local\Temp\ccIudzL4.s 			page 1


   1              		.cpu cortex-m3
   2              		.eabi_attribute 20, 1
   3              		.eabi_attribute 21, 1
   4              		.eabi_attribute 23, 3
   5              		.eabi_attribute 24, 1
   6              		.eabi_attribute 25, 1
   7              		.eabi_attribute 26, 1
   8              		.eabi_attribute 30, 2
   9              		.eabi_attribute 34, 1
  10              		.eabi_attribute 18, 4
  11              		.file	"hal.c"
  12              		.text
  13              	.Ltext0:
  14              		.section	.gnu.lto_.profile.8740fb51,"",%progbits
  15 0000 789C6365 		.ascii	"x\234ce`b`a```d0e\007\000\000\361\000I"
  15      60626061 
  15      60606064 
  15      30650700 
  15      00F10049 
  16              		.text
  17              		.section	.gnu.lto_.icf.8740fb51,"",%progbits
  18 0000 789C6365 		.ascii	"x\234ce`b\340`@\000F\206\343\257w\357fd\000\000\017"
  18      6062E060 
  18      40004686 
  18      E3AF77EF 
  18      66640000 
  19 0015 C4033A   		.ascii	"\304\003:"
  20              		.text
  21              		.section	.gnu.lto_.jmpfuncs.8740fb51,"",%progbits
  22 0000 789C6365 		.ascii	"x\234ce`bPg@\000F\010\305\3048\235\231\261\371\327\376"
  22      60625067 
  22      40004608 
  22      C5C4389D 
  22      99B1F9D7 
  23 0015 CF7CF57F 		.ascii	"\317|\365\177\033$\34633,f\006I.g\254g`d\001\262\000"
  23      1B24E633 
  23      332C6606 
  23      492E67AC 
  23      67606401 
  24 002b B8140894 		.ascii	"\270\024\010\224"
  25              		.text
  26              		.section	.gnu.lto_.inline.8740fb51,"",%progbits
  27 0000 789C6365 		.ascii	"x\234ce`b\320c@\000F\006\006NSF\240 \003\003\333\002"
  27      6062D063 
  27      40004606 
  27      064E5346 
  27      A0200303 
  28 0016 7926B010 		.ascii	"y&\260\020\027\012\301\304\015R\005f2\000\0005\014\001"
  28      170AC1C4 
  28      0D520566 
  28      32000035 
  28      0C01
  29 0028 79       		.ascii	"y"
  30              		.text
  31              		.section	.gnu.lto_.pureconst.8740fb51,"",%progbits
  32 0000 789C6365 		.ascii	"x\234ce`b`f```d\220\000\000\000\204\000$"
  32      60626066 
ARM GAS  C:\Users\TUDENT~1\AppData\Local\Temp\ccIudzL4.s 			page 2


  32      60606064 
  32      90000000 
  32      840024
  33              		.text
  34              		.section	.gnu.lto_halInit.8740fb51,"",%progbits
  35 0000 789C7590 		.ascii	"x\234u\220\277K\202a\020\307\357\373>\376\012J\032\032"
  35      BF4B8261 
  35      10C7EFFB 
  35      3EFE0A4A 
  35      1A1A
  36 0012 0A1B5A25 		.ascii	"\012\033Z%\352\245\245\240\265\255\245\301\277\240l"
  36      EAA5A5A0 
  36      B5ADA5C1 
  36      BFA06C
  37 0021 500A84AC 		.ascii	"P\012\204\254\371}\314B0\250\026+\203x^\212\320\262"
  37      F97DCC42 
  37      30A8162B 
  37      83785E8A 
  37      D0B2
  38 0033 348306A7 		.ascii	"4\203\006\247\304\255\245\240\306\246\"\032\262 h+\324"
  38      C4ADA5A0 
  38      C6A6221A 
  38      B220682B 
  38      D4
  39 0044 EED18806 		.ascii	"\356\321\210\006;8\236{\356>\334}\357\234d\220\015\242"
  39      3B389E7B 
  39      EE3EDC7D 
  39      EF9C6490 
  39      0DA2
  40 0056 2122F2B1 		.ascii	"!\"\362\261C\020\214\315k\242\230\307\000t = \313\200"
  40      43108CCD 
  40      6BA298C7 
  40      0074203D 
  40      20CB80
  41 0069 850DB12D 		.ascii	"\205\015\261-PI<\227\014\177F\262\225\267\337\373d\266"
  41      50493C97 
  41      0C7F46B2 
  41      95B7DFFB 
  41      64B6
  42 007b 0C2588D2 		.ascii	"\014%\210\322\354\332\220\201\237\030{,\326S].G+\217"
  42      ECDA9081 
  42      9F187B2C 
  42      D6535D2E 
  42      472B8F
  43 008e 2C5C3C82 		.ascii	",\\<\202\012\267(\313z#!\313O\373\270\233t\023%\271"
  43      0AB728CB 
  43      7A2321CB 
  43      4FFBB89B 
  43      741325B9 
  44 00a2 AC67AC09 		.ascii	"\254g\254\011C\277\242\212\270\375\345\323\274nR*\275"
  44      43BFA28A 
  44      B8FDE5D3 
  44      BC6E522A 
  44      BD
  45 00b3 DEBBAD9A 		.ascii	"\336\273\255\232\364(\201\264\340\0168\202E\212\331"
  45      F42881B4 
  45      E00E3882 
ARM GAS  C:\Users\TUDENT~1\AppData\Local\Temp\ccIudzL4.s 			page 3


  45      458AD9
  46 00c2 2A56ECC3 		.ascii	"*V\354\303\3166\234Hs\225p\314\034\027\266V+7\356u\241"
  46      CE369C48 
  46      739570CC 
  46      1C17B656 
  46      2B37EE75 
  47 00d7 8403FA1B 		.ascii	"\204\003\372\033\377\274\374\3602\327\313\211\003-\214"
  47      FFBCFCF0 
  47      32D7CB89 
  47      032D8C
  48 00e6 7357BBB9 		.ascii	"sW\273\2719\205\275X\267\022N\234\360\2269\3647\013"
  48      3985BD58 
  48      B7124E9C 
  48      F09639F4 
  48      370B
  49 00f8 8D97F37C 		.ascii	"\215\227\363|\007\303;R\016\350\006\247Ph\016D\036\226"
  49      07C33B52 
  49      0EE806A7 
  49      50680E44 
  49      1E96
  50 010a 122ED25A 		.ascii	"\022.\322Z/\274\355\265rs\024~\265\306\355\207\236\366"
  50      2FBCEDB5 
  50      7273147E 
  50      B5C6ED87 
  50      9EF6
  51 011c 9C83B9B3 		.ascii	"\234\203\271\263?\\\355\037\316\311\\\361\207{\303\262"
  51      3F5CED1F 
  51      CEC95CF1 
  51      877BC3B2 
  52 012c 9D49B5B4 		.ascii	"\235I\265\264hK\362e\370v\274\366`p\334\234\010\205"
  52      684BF265 
  52      F876BCF6 
  52      6070DC9C 
  52      0885
  53 013e 67C281C5 		.ascii	"g\302\201\305\245\331p\244\025O\005F\306F\315H\324\014"
  53      A5D970A4 
  53      154F0546 
  53      C646CD48 
  53      D40C
  54 0150 4DCF9BD1 		.ascii	"M\317\233\321\205\240~\207\203\364\0150V\227k"
  54      85A07E87 
  54      83F40D30 
  54      56976B
  55              		.text
  56              		.section	.gnu.lto_.symbol_nodes.8740fb51,"",%progbits
  57 0000 789C55C9 		.ascii	"x\234U\3111\022\2020\024E\321\373\022\302:X\212\256"
  57      31128230 
  57      1445D1FB 
  57      12C23A58 
  57      8AAE
  58 0012 ECA77001 		.ascii	"\354\247p\001\264\364\254\202\232\332\012T\250t\306"
  58      B4F4AC82 
  58      9ADA0A54 
  58      A874C6
  59 0021 75307E52 		.ascii	"u0~R\231\327\234\231\373\022\201\001_Xd\320\337\301"
  59      99D79C99 
  59      FB128101 
ARM GAS  C:\Users\TUDENT~1\AppData\Local\Temp\ccIudzL4.s 			page 4


  59      5F5864D0 
  59      DFC1
  60 0033 99F215D2 		.ascii	"\231\362\025\322St\376h\227\251<\220\363\305\303&\013"
  60      5374FE68 
  60      97A93C90 
  60      F3C5C326 
  60      0B
  61 0044 5578C962 		.ascii	"Ux\311b\025\036\262\246\012\253,\375\207H\313\370>\024"
  61      151EB2A6 
  61      0AAB2CFD 
  61      8748CBF8 
  61      3E14
  62 0056 49CCC586 		.ascii	"I\314\305\206o1r\373\234\006F\227\037)V' "
  62      6F3172FB 
  62      9C064697 
  62      1F295627 
  62      20
  63              		.text
  64              		.section	.gnu.lto_.refs.8740fb51,"",%progbits
  65 0000 789C6365 		.ascii	"x\234ce`b`c```d`bdb\000\000\000\275\000\024"
  65      60626063 
  65      60606064 
  65      60626462 
  65      000000BD 
  66              		.text
  67              		.section	.gnu.lto_.decls.8740fb51,"",%progbits
  68 0000 789CAD56 		.ascii	"x\234\255VkLTG\024\276g\207]`\301b\2401\376\320\224"
  68      6B4C5447 
  68      14BE6787 
  68      5D60C162 
  68      A031FED0 
  69 0015 98359234 		.ascii	"\2305\2224\262\240\211\032\343\017-\2505\241\225\224"
  69      B2A0891A 
  69      E30F2DA8 
  69      35A19594 
  70 0025 96A47193 		.ascii	"\226\244q\223\015\260\253l\202,e\227F\323\264\271\010"
  70      0DB0AB6C 
  70      822C6597 
  70      46D3B4B9 
  70      08
  71 0036 0A6A1550 		.ascii	"\012j\025Pj\013\021%b\013\353\003\020\352\003A\304\007"
  71      6A0B1125 
  71      620BEB03 
  71      10EA0341 
  71      C407
  72 0048 48110151 		.ascii	"H\021\001QQ*,\310K\024\212@\264\225\326J\317\314\334"
  72      512A2CC8 
  72      4B148A40 
  72      B495D64A 
  72      CFCCDC
  73 005b E52E14B5 		.ascii	"\345.\024\265&\275\341\314\3343\363\235\357<\346\314"
  73      26BDE1CC 
  73      DC33F39D 
  73      EF3CE6CC 
  74 006b 5D948242 		.ascii	"]\224\202B\330\340.\010\235\012A8(\010\3028>\370*\234"
  74      D8E02E08 
  74      9D0A4138 
ARM GAS  C:\Users\TUDENT~1\AppData\Local\Temp\ccIudzL4.s 			page 5


  74      2808C238 
  74      3EF82A9C 
  75 007f 4401943B 		.ascii	"D\001\224;\002\177T(m(v\224N\224.\224>\224~\011\367"
  75      027F5428 
  75      6D287694 
  75      4E942E94 
  75      3E947E09 
  76 0094 5898FC94 		.ascii	"X\230\374\224\341\242+\316\341(\003(\367Q\006%\276\333"
  76      E1A22BCE 
  76      E1280328 
  76      F7510625 
  76      BEDB
  77 00a6 28BD5378 		.ascii	"(\275Sx\373%\276.\211\337\376\012\336\357\011\334L."
  77      FB25BE2E 
  77      89DFFE0A 
  77      DEEF09DC 
  77      4C2E
  78 00b8 3E48F612 		.ascii	">H\366\022\360V\203\013\252#7\262\273\337A\365]5\370"
  78      F056830B 
  78      AA2337B2 
  78      BBDF41F5 
  78      5D35F8
  79 00cb A25A7EB6 		.ascii	"\242Z~\266\242F\311w\003P\375\253?\263\025\270\352\211"
  79      A246C977 
  79      0350FDAB 
  79      3FB315B8 
  79      EA89
  80 00dd EAB6F2D6 		.ascii	"\352\266\362\326\014/\016\356\024\234\214\275\271\361"
  80      0C2F0EEE 
  80      149C8CBD 
  80      B9F1
  81 00eb DEB4D253 		.ascii	"\336\264\322Sj\242\000\272\225]\376\264N\"rC5\257\372"
  81      6AA200BA 
  81      955DFEB4 
  81      4E227243 
  81      35AFFA
  82 00fe FC9F1EC4 		.ascii	"\374\237\036\304\235m\265\327\332\216\323\010\026\250"
  82      9D6DB5D7 
  82      DA8ED308 
  82      16A8
  83 010c 81D6CB0B 		.ascii	"\201\326\313\013\227\212\006\313\306f\360%\212\350\030"
  83      978A06CB 
  83      C666F025 
  83      8AE818
  84 011b 2B58E37F 		.ascii	"+X\343\177B\344\217\333\\9\370\346\264\321\243\256d"
  84      42E48FDB 
  84      5C39F8E6 
  84      B4D1A3AE 
  84      64
  85 012c 160529B2 		.ascii	"\026\005)\262\352\356^v\001?\365O\024T\325\370tAF\212"
  85      EAEE5E76 
  85      013FF54F 
  85      1454D5F8 
  85      7441468A 
  86 0140 282AE034 		.ascii	"(*\3404\250\241\024\010\224\200?-\302\0025\216\251\242"
  86      A8A11408 
  86      94803F2D 
ARM GAS  C:\Users\TUDENT~1\AppData\Local\Temp\ccIudzL4.s 			page 6


  86      C202358E 
  86      A9A2
  87 0152 B84D4C4F 		.ascii	"\270MLO\022\335?\024\240\000\346@>\314\021\340g\360"
  87      12DD3F14 
  87      A000E640 
  87      3ECC11E0 
  87      67F0
  88 0164 A3FE280E 		.ascii	"\243\376(\016N\341b1.\242\013\333\321\214#*\222\012"
  88      4EE16231 
  88      2EA20BDB 
  88      D18C232A 
  88      920A
  89 0176 CC474DE5 		.ascii	"\314GM\345\375{.\240\366\233\226\340\3344\004R0\307"
  89      FD7B2EA0 
  89      F69B96E0 
  89      DC340452 
  89      30C7
  90 0188 E6D56CA7 		.ascii	"\346\325l\247\301\234\305`\316\310\301`l<\217\256\363"
  90      C19CC560 
  90      CEC8C160 
  90      6C3C8FAE 
  90      F3
  91 0199 6D890AF2 		.ascii	"m\211\012\362\033s\002/wU\014\0232\302\024e\177fn\222"
  91      1B73022F 
  91      77550C13 
  91      32C21465 
  91      7F666E92 
  92 01ad 1A341A8D 		.ascii	"\0324\032\215\217\337\021\352\264\352I\345\262\234\346"
  92      8FDF11EA 
  92      B4EA49E5 
  92      B29CE6
  93 01bc 1E51DCE7 		.ascii	"\036Q\334\347\311\330\316#[%\370\310Q\024\342 @ \016"
  93      C9D8CE23 
  93      5B25F8C8 
  93      5114E220 
  93      40200E
  94 01cf 0237E89A 		.ascii	"\0027\350\232\233%V%\023\206.\232\212\326Rp\001\310"
  94      9B255625 
  94      13862E9A 
  94      8AD65270 
  94      01C8
  95 01e1 E8662774 		.ascii	"\350f't\331\264hF\235A\363J\027\305\225.\002\034\307"
  95      D9B46846 
  95      9D41F34A 
  95      17C5952E 
  95      021CC7
  96 01f4 ED63CC2B 		.ascii	"\355c\314+\005cjp\021+q\0014P\201R\016\032vZ\274\022"
  96      05636A70 
  96      112B7101 
  96      34508152 
  96      0E1A765A 
  97 020a 3539DE89 		.ascii	"59\336\211\242\010\024)HU\220\216\362\342\313\344&\025"
  97      A2081429 
  97      4855908E 
  97      F2E2CBE4 
  97      2615
  98 021c A960DDA2 		.ascii	"\251`\335\242\330\275o,Q\011~>\334\350e\216\012\217"
ARM GAS  C:\Users\TUDENT~1\AppData\Local\Temp\ccIudzL4.s 			page 7


  98      D8BD6F2C 
  98      51097E3E 
  98      DCE8658E 
  98      0A8F
  99 022e 1D2E237B 		.ascii	"\035.#{\225\\<J1} p\011\375\277.\026t7\224\334\333\351"
  99      955C3C4A 
  99      317D2070 
  99      09FDBF2E 
  99      16743794 
 100 0245 C1FB7136 		.ascii	"\301\373q6\252\247o\234\263+I#\357\325\266\321\226\024"
 100      AAA76F9C 
 100      B32B4923 
 100      EFD5B6D1 
 100      9614
 101 0257 0FD2C295 		.ascii	"\017\322\302\225\242\027\231\371*\322\316\225\264$\373"
 101      A21799F9 
 101      2AD2CE95 
 101      B424FB
 102 0266 37DC6805 		.ascii	"7\334h\005j\337\376\220\237\256\222\332\237\240\276"
 102      6ADFFE90 
 102      9FAE92DA 
 102      9FA0BE
 103 0275 EBF4FE3C 		.ascii	"\353\364\376</\322\303\240\256\351\367\372R\336\301"
 103      2FD2C3A0 
 103      AEE9F7FA 
 103      52DEC1
 104 0284 83F3D168 		.ascii	"\203\363\321h\3744GX\036\366\002\357\375\242X\033\300"
 104      FC344758 
 104      1EF602EF 
 104      FDA2581B 
 104      C0
 105 0295 32F90533 		.ascii	"2\371\0053\251\307y\"h\333\244\203C\370e\277Dv\024\024"
 105      A9C77922 
 105      68DBA483 
 105      43F865BF 
 105      44761414 
 106 02a9 7D722AFA 		.ascii	"}r*\372\004\310'\347\\\203Z\004\\c{\365R\001\032\261"
 106      04C827E7 
 106      5C835A04 
 106      5C637BF5 
 106      52011AB1 
 107 02bd 004D987C 		.ascii	"\000M\230|\003\312\015\224\353(uR!\270\243\321\367d"
 107      03CA0D94 
 107      EB287552 
 107      21B8A3D1 
 107      F764
 108 02cf 4757A73A 		.ascii	"GW\247:\27225\254.'t\365Tt\241SX\322\211\037\346'^?"
 108      BA3235AC 
 108      2E2774F5 
 108      5474A153 
 108      58D2891F 
 109 02e7 F9C43957 		.ascii	"\371\3049W\313a\247\212\324L%\223\333\015\213{ilp\273"
 109      CB61A78A 
 109      D44C2593 
 109      DB0D8B7B 
 109      696C70BB 
 110 02fb 1719E0FD 		.ascii	"\027\031\340\375q\253\372\307D\267\211\376\030\262\261"
ARM GAS  C:\Users\TUDENT~1\AppData\Local\Temp\ccIudzL4.s 			page 8


 110      71ABFAC7 
 110      44B789FE 
 110      18B2B1
 111 030a FEB885B6 		.ascii	"\376\270\205\2667\345\376\250\377W\1778j\003\315X\222"
 111      37E5FEA8 
 111      FF577F38 
 111      6A03CD58 
 111      92
 112 031b FF521E74 		.ascii	"\377R\036t{\260\241t\261\217D\222\372*\022\341u\014"
 112      7BB0A174 
 112      B18F4492 
 112      FA2A12E1 
 112      750C
 113 032d 3B73CEE6 		.ascii	";s\316\346zz\356\232\370b\300m\247+%\300\035\360\244"
 113      7A7AEE9A 
 113      F862C06D 
 113      A72B25C0 
 113      1DF0A4
 114 0340 403A23F8 		.ascii	"@:#\370\314\236\253\027\024vh\003\374\325\200\231\214"
 114      CC9EAB17 
 114      14766803 
 114      FCD58099 
 114      8C
 115 0351 02808FC0 		.ascii	"\002\200\217\300\204\251\343\216\007\200\255\343\252"
 115      84A9E38E 
 115      0780ADE3 
 115      AA
 116 035e 828D1CC8 		.ascii	"\202\215\034\310\226\300a!\351\012IUH\224\354O2\006"
 116      96C06121 
 116      E90A4955 
 116      4894EC4F 
 116      3206
 117 0370 2746BECD 		.ascii	"'F\276\315=9\036\376\353\301_\230\231\303\032\024\262"
 117      3D391EFE 
 117      EBC15F98 
 117      99C31A14 
 117      B2
 118 0381 03006703 		.ascii	"\003\000g\003'B\036\266\264?\021\237 '\007\216R\215"
 118      27421EB6 
 118      B43F119F 
 118      2027078E 
 118      528D
 119 0393 64D5F7A9 		.ascii	"d\325\367\251;\240\235\256\346\256\004\2666\\*v\251"
 119      3BA09DAE 
 119      E6AE04B6 
 119      365C2A76 
 119      A9
 120 03a4 C9337EFF 		.ascii	"\3113~\377\252\307\377\250\362\342\027PA?\377\303\365"
 120      AAC7FFA8 
 120      F2E21750 
 120      413FFFC3 
 120      F5
 121 03b5 391EFC02 		.ascii	"9\036\374\002\316D\365y\342\235K\352\331\007\330\257"
 121      CE44F579 
 121      E29D4BEA 
 121      D907D8AF 
 122 03c5 44923853 		.ascii	"D\2228S\001\341\263\340W,t++\364}\230\215c\244\213\324"
ARM GAS  C:\Users\TUDENT~1\AppData\Local\Temp\ccIudzL4.s 			page 9


 122      01E1B3E0 
 122      572C742B 
 122      2BF47D98 
 122      8D63A48B 
 123 03da 4E4D7BCA 		.ascii	"NM{\312\325\363r\305\334N\374\244v\370>,\021E\374B\213"
 123      D5F372C5 
 123      DC4EFCA4 
 123      76F83E2C 
 123      1145FC42 
 124 03ef 2E1406F7 		.ascii	".\024\006\367\344.\302W\034\357B\007@\013\3301\3606"
 124      E42EC257 
 124      1CEF4207 
 124      400BD831 
 124      F036
 125 0401 9887E629 		.ascii	"\230\207\346)%C\035Jb#,\252\214\222\246.\202\\\235\330"
 125      25431D4A 
 125      62232CAA 
 125      8C92A62E 
 125      825C9DD8 
 126 0415 8BD78696 		.ascii	"\213\327\206\226e\027\367\210\251j\346\020S\231`j\247"
 126      6517F788 
 126      A96AE610 
 126      5399606A 
 126      A7
 127 0426 4CF4C5CE 		.ascii	"L\364\305\316\030\352\373\332\277\"\335\234\240\360"
 127      18EAFBDA 
 127      BF22DD9C 
 127      A0F0
 128 0434 BBC627AE 		.ascii	"\273\306'\256\022\301\300\337\032[\211\230\254d\346"
 128      12C1C0DF 
 128      1A5B8998 
 128      AC64E6
 129 0443 1DB27987 		.ascii	"\035\262y\207\303\274\223\2317\326\345\275\230AJ]\230"
 129      C3BC9399 
 129      37D6E5BD 
 129      98414A5D 
 129      98
 130 0454 FD818A4B 		.ascii	"\375\201\212K\327\335%\373[i\304f\333Q\025\312\375?"
 130      D7DD25FB 
 130      5B69C466 
 130      DB5115CA 
 130      FD3F
 131 0466 90091E38 		.ascii	"\220\011\0368\010\272\030\301\261\023Y\275\356d\204"
 131      08BA18C1 
 131      B11359BD 
 131      EE6484
 132 0475 1394F695 		.ascii	"\023\224\366\225\267\272\271(x\033\322\032\341\332\241"
 132      B7BAB928 
 132      781BD21A 
 132      E1DAA1
 133 0484 9DE53B5C 		.ascii	"\235\345;\\_Y\315^V\315\036\220\312\371htx\233\332\221"
 133      5F59CD5E 
 133      56CD1E90 
 133      CAF96874 
 133      789BDA91 
 134 0498 4165403B 		.ascii	"Ae@;\313\0001\320-\007\320\355\010\240\217\005\220u"
 134      CB0031D0 
ARM GAS  C:\Users\TUDENT~1\AppData\Local\Temp\ccIudzL4.s 			page 10


 134      2D07D0ED 
 134      08A08F05 
 134      9075
 135 04aa 28AD9890 		.ascii	"(\255\230\220q\036\300\276\354\027\015\012\311\276\333"
 135      711EC0BE 
 135      EC170D0A 
 135      C9BEDB
 136 04b9 468AF227 		.ascii	"F\212\362'2x(\023<t\020\3643\202\332+\205\277{\220\006"
 136      32782813 
 136      3C7410F4 
 136      3382DA2B 
 136      85BF7B90 
 137 04ce 2523A81A 		.ascii	"%#\250\032/\353P\316\317\023\207E\372\023\271\242m8"
 137      2FEB50CE 
 137      CF138745 
 137      FA13B9A2 
 137      6D38
 138 04e0 594CF566 		.ascii	"YL\365fW\355\021'p\3722>bg\372\030\346\323\177-\236"
 138      57ED1127 
 138      70FA323E 
 138      6267FA18 
 138      E6D37F2D 
 139 04f5 DFB54FBA 		.ascii	"\337\265O\272\235\324\247|;\007\260\034\222\367\001"
 139      9DD4A77C 
 139      3B07B01C 
 139      92F701
 140 0504 76419FED 		.ascii	"vA\237\355\316\374\332\031\336;\011>(]f:\253B\203\203"
 140      CEFCDA19 
 140      DE3B093E 
 140      285D663A 
 140      AB428383 
 141 0518 23AC1124 		.ascii	"#\254\021$*>\306m\355\307\237\371\006\005\006\012j\275"
 141      2A3EC66D 
 141      EDC79FF9 
 141      0605060A 
 141      6ABD
 142 052a 3EC1146B 		.ascii	">\301\024k]\274Ho\335\030\265\\\027\025m\2124Y\254\011"
 142      5DBC486F 
 142      DD18B55C 
 142      17156D8A 
 142      3459AC09 
 143 053e 06935967 		.ascii	"\006\223Yg5\233c,\272M\261\011\276\354\3157\"~\263\257"
 143      359B632C 
 143      BA4DB109 
 143      BEECCD37 
 143      227EB3AF 
 144 0552 7173A4D1 		.ascii	"qs\244\321`0\032tK\374\027\373.\012\010\\\372E\240\016"
 144      60301A74 
 144      4BFC17FB 
 144      2E0A085C 
 144      FA45A00E 
 145 0566 D717C69A 		.ascii	"\327\027\306\232c\215\013\215\021\221&\235)6*&\301`"
 145      638D0B8D 
 145      1191269D 
 145      29362A26 
 145      C160
 146 0578 D46D8E40 		.ascii	"\324m\216@\256X\243No0n\214H\210\261\352\255[\343\214"
ARM GAS  C:\Users\TUDENT~1\AppData\Local\Temp\ccIudzL4.s 			page 11


 146      AE58A34E 
 146      6F306E8C 
 146      4888B1EA 
 146      AD5BE38C 
 147 058c 16FF68C1 		.ascii	"\026\377h\301\315\341o\303\377\352\317\262\325\242\323"
 147      CDE16FC3 
 147      FFEACFB2 
 147      D5A2D3
 148 059b 5BAC0624 		.ascii	"[\254\006$G'\304l\210\307<\243\327D-\327\006Q\037a\314"
 148      4727C46C 
 148      88C73CA3 
 148      D7442DD7 
 148      06511F61 
 149 05b0 077F5F1F 		.ascii	"\007\177_\037\026\270t\211\326l\321FG\304h\343\314\361"
 149      16B87489 
 149      D66CD146 
 149      47C468E3 
 149      CCF1
 150 05c2 568B36EC 		.ascii	"V\2136\354\323\217\026/\322\206\204\004k\327\206\256"
 150      D38F162F 
 150      D2868404 
 150      6BD786AE 
 151 05d2 5BFF6520 		.ascii	"[\377e \335\322\307\241\304\304\030\220\316\333b\335"
 151      DDD2C7A1 
 151      C4C41890 
 151      CEDB62DD 
 152 05e2 8C216F8A 		.ascii	"\214!o\2123\231\365\026\2435!NoU\205\006\321b\252B?"
 152      3399F516 
 152      A335214E 
 152      6F558506 
 152      D162AA42 
 153 05f7 E0D32A3E 		.ascii	"\340\323*>\255\246\223{\350\252\220 s\354F\323&W\344"
 153      ADA6937B 
 153      E8AA9020 
 153      73EC46D3 
 153      2657E4
 154 060a 59176BB2 		.ascii	"Y\027k\262\276\377\3068,\361Qt\366\217\022T\026+5Y\364"
 154      BEFFC638 
 154      2CF15174 
 154      F68F1254 
 154      162B3559 
 155 061f 46132975 		.ascii	"F\023)u\026\253\205f\355\036i\216\2107P\343\325o4fP"
 155      16AB8566 
 155      ED1E698E 
 155      883750E3 
 155      D56F3466 
 156 0634 9AB89EE5 		.ascii	"\232\270\236\345\036\036\242\017^\027\026\264>|\365"
 156      1E1EA20F 
 156      5E1716B4 
 156      3E7CF5
 157 0643 279FF33D 		.ascii	"'\237\363=\344SY\030\331\222\267\213\304\030o\302<\242"
 157      E4535918 
 157      D992B78B 
 157      C4186FC2 
 157      3CA2
 158 0655 85198E02 		.ascii	"\205\031\216\002\352MH\342\031\355\244\254z\253ca\343"
 158      EA4D48E2 
ARM GAS  C:\Users\TUDENT~1\AppData\Local\Temp\ccIudzL4.s 			page 12


 158      19EDA4AC 
 158      7AAB6361 
 158      E3
 159 0666 9AC02D5B 		.ascii	"\232\300-[\264\321\362\211PnGkE\261Z\377\003\355s\244"
 159      B4D1F289 
 159      506E476B 
 159      45B15AFF 
 159      03ED73A4 
 160 067a 23       		.ascii	"#"
 161              		.text
 162              		.section	.gnu.lto_.symtab.8740fb51,"",%progbits
 163 0000 68616C49 		.ascii	"halInit\000"
 163      6E697400 
 164 0008 00       		.ascii	"\000"
 165 0009 00       		.ascii	"\000"
 166 000a 00       		.ascii	"\000"
 167 000b 00000000 		.ascii	"\000\000\000\000\000\000\000\000"
 167      00000000 
 168 0013 DC000000 		.ascii	"\334\000\000\000"
 169 0017 70616C5F 		.ascii	"pal_default_config\000"
 169      64656661 
 169      756C745F 
 169      636F6E66 
 169      696700
 170 002a 00       		.ascii	"\000"
 171 002b 02       		.ascii	"\002"
 172 002c 00       		.ascii	"\000"
 173 002d 00000000 		.ascii	"\000\000\000\000\000\000\000\000"
 173      00000000 
 174 0035 EA000000 		.ascii	"\352\000\000\000"
 175 0039 7374496E 		.ascii	"stInit\000"
 175      697400
 176 0040 00       		.ascii	"\000"
 177 0041 02       		.ascii	"\002"
 178 0042 00       		.ascii	"\000"
 179 0043 00000000 		.ascii	"\000\000\000\000\000\000\000\000"
 179      00000000 
 180 004b DE000000 		.ascii	"\336\000\000\000"
 181 004f 626F6172 		.ascii	"boardInit\000"
 181      64496E69 
 181      7400
 182 0059 00       		.ascii	"\000"
 183 005a 02       		.ascii	"\002"
 184 005b 00       		.ascii	"\000"
 185 005c 00000000 		.ascii	"\000\000\000\000\000\000\000\000"
 185      00000000 
 186 0064 E0000000 		.ascii	"\340\000\000\000"
 187 0068 7364496E 		.ascii	"sdInit\000"
 187      697400
 188 006f 00       		.ascii	"\000"
 189 0070 02       		.ascii	"\002"
 190 0071 00       		.ascii	"\000"
 191 0072 00000000 		.ascii	"\000\000\000\000\000\000\000\000"
 191      00000000 
 192 007a E2000000 		.ascii	"\342\000\000\000"
 193 007e 5F70616C 		.ascii	"_pal_lld_init\000"
 193      5F6C6C64 
ARM GAS  C:\Users\TUDENT~1\AppData\Local\Temp\ccIudzL4.s 			page 13


 193      5F696E69 
 193      7400
 194 008c 00       		.ascii	"\000"
 195 008d 02       		.ascii	"\002"
 196 008e 00       		.ascii	"\000"
 197 008f 00000000 		.ascii	"\000\000\000\000\000\000\000\000"
 197      00000000 
 198 0097 E6000000 		.ascii	"\346\000\000\000"
 199 009b 68616C5F 		.ascii	"hal_lld_init\000"
 199      6C6C645F 
 199      696E6974 
 199      00
 200 00a8 00       		.ascii	"\000"
 201 00a9 02       		.ascii	"\002"
 202 00aa 00       		.ascii	"\000"
 203 00ab 00000000 		.ascii	"\000\000\000\000\000\000\000\000"
 203      00000000 
 204 00b3 E8000000 		.ascii	"\350\000\000\000"
 205              		.text
 206              		.section	.gnu.lto_.opts,"",%progbits
 207 0000 272D666D 		.ascii	"'-fmath-errno' '-fsigned-zeros' '-ftrapping-math' '"
 207      6174682D 
 207      6572726E 
 207      6F272027 
 207      2D667369 
 208 0033 2D666E6F 		.ascii	"-fno-trapv' '-fno-openmp' '-fno-openacc' '-mcpu=cor"
 208      2D747261 
 208      70762720 
 208      272D666E 
 208      6F2D6F70 
 209 0066 7465782D 		.ascii	"tex-m3' '-mno-thumb-interwork' '-mthumb' '-ggdb' '-"
 209      6D332720 
 209      272D6D6E 
 209      6F2D7468 
 209      756D622D 
 210 0099 4F322720 		.ascii	"O2' '-fomit-frame-pointer' '-falign-functions=16' '"
 210      272D666F 
 210      6D69742D 
 210      6672616D 
 210      652D706F 
 211 00cc 2D666675 		.ascii	"-ffunction-sections' '-fdata-sections' '-fno-common"
 211      6E637469 
 211      6F6E2D73 
 211      65637469 
 211      6F6E7327 
 212 00ff 2720272D 		.ascii	"' '-flto'\000"
 212      666C746F 
 212      2700
 213              		.text
 214              		.comm	__gnu_lto_v1,1,1
 215              		.comm	__gnu_lto_slim,1,1
 216              		.ident	"GCC: (GNU Tools for ARM Embedded Processors 6-2017-q1-update) 6.3.1 20170215 (release) [AR
ARM GAS  C:\Users\TUDENT~1\AppData\Local\Temp\ccIudzL4.s 			page 14


DEFINED SYMBOLS
                            *ABS*:00000000 hal.c
                            *COM*:00000001 __gnu_lto_v1
                            *COM*:00000001 __gnu_lto_slim

NO UNDEFINED SYMBOLS
