ARM GAS  C:\Users\TUDENT~1\AppData\Local\Temp\cccBOPPo.s 			page 1


   1              		.cpu cortex-m3
   2              		.eabi_attribute 20, 1
   3              		.eabi_attribute 21, 1
   4              		.eabi_attribute 23, 3
   5              		.eabi_attribute 24, 1
   6              		.eabi_attribute 25, 1
   7              		.eabi_attribute 26, 1
   8              		.eabi_attribute 30, 2
   9              		.eabi_attribute 34, 1
  10              		.eabi_attribute 18, 4
  11              		.file	"hal_lld.c"
  12              		.text
  13              	.Ltext0:
  14              		.section	.gnu.lto_.profile.8740f3ee,"",%progbits
  15 0000 789C6365 		.ascii	"x\234ce`b`a```d\260\261\002\000\0012\000\203"
  15      60626061 
  15      60606064 
  15      B0B10200 
  15      01320083 
  16              		.text
  17              		.section	.gnu.lto_.icf.8740f3ee,"",%progbits
  18 0000 789C6365 		.ascii	"x\234ce`b\020f@\000f\206u\177\326\275db\234\331\264"
  18      60621066 
  18      40006686 
  18      757FD6BD 
  18      64629CD9 
  19 0015 CF9BA975 		.ascii	"\317\233\251u\367\256;\334\014\000W\020\010i"
  19      F7AE3BDC 
  19      0C005710 
  19      0869
  20              		.text
  21              		.section	.gnu.lto_.jmpfuncs.8740f3ee,"",%progbits
  22 0000 789C6365 		.ascii	"x\234ce`b\340`@\000& f\004b\000\001p\000\023"
  22      6062E060 
  22      40002620 
  22      66046200 
  22      01700013 
  23              		.text
  24              		.section	.gnu.lto_.inline.8740f3ee,"",%progbits
  25 0000 789C6365 		.ascii	"x\234ce`b\320f@\000&\006\006!AF\006&\271\015\257\030"
  25      6062D066 
  25      40002606 
  25      06214146 
  25      0626B90D 
  26 0016 19D816C8 		.ascii	"\031\330\026\3103\201\004\031\031t\2762\002\005\203"
  26      33810419 
  26      1974BE32 
  26      020583
  27 0025 56DC9085 		.ascii	"V\334\220\205\0132\000\000\225\342\006\267"
  27      0B320000 
  27      95E206B7 
  28              		.text
  29              		.section	.gnu.lto_.pureconst.8740f3ee,"",%progbits
  30 0000 789C6365 		.ascii	"x\234ce`b`e`\000\222R\214R\000\001\005\000D"
  30      60626065 
  30      60009252 
  30      8C520001 
ARM GAS  C:\Users\TUDENT~1\AppData\Local\Temp\cccBOPPo.s 			page 2


  30      050044
  31              		.text
  32              		.section	.gnu.lto_hal_lld_init.8740f3ee,"",%progbits
  33 0000 789CA594 		.ascii	"x\234\245\224Oh\023A\024\306\347\333\311n\2234i\360"
  33      4F681341 
  33      14C6E7DB 
  33      C96E9334 
  33      69F0
  34 0012 2658D06B 		.ascii	"&X\320k/.U\250\340M\012\036\004\361\020\357\242\255"
  34      2F2E55A8 
  34      E04D0A1E 
  34      04F110EF 
  34      A2AD
  35 0024 D0402062 		.ascii	"\320@ b+\364\326\215\246\255Dh\275\264M\261q+\2025\326"
  35      2BF4D68D 
  35      A6AD4468 
  35      BDB44DB1 
  35      712B8235 
  36 0039 26D6FF8D 		.ascii	"&\326\377\215\177\232\246\261F\255-xUA<h\203\210\207"
  36      7F9AA6B1 
  36      46AD2D78 
  36      55413C68 
  36      838887
  37 004c 1651C1D4 		.ascii	"\026Q\301\324y31[=\231:0ogwf\277\357\367\336\356\214"
  37      7933315B 
  37      3D993A30 
  37      6F677766 
  37      BFEFF7DE 
  38 0062 CE34B65D 		.ascii	"\3164\266]g\254\2251\266Mtp\006\355\374\022cQ\267\006"
  38      67AC9531 
  38      B64D7470 
  38      06EDFC12 
  38      6351B706 
  39 0076 D0C07283 		.ascii	"\320\300r\203\365h\350\301 \037\341\310\367\177\230"
  39      F568E8C1 
  39      201FE1C8 
  39      F77F98
  40 0085 D19A262C 		.ascii	"\321\232&,\321r#\011o\237\325\273\325\346\214\215\212"
  40      D1722309 
  40      6F9FD5BB 
  40      D5E68C8D 
  40      8A
  41 0096 4E0D1368 		.ascii	"N\015\023hbb\331\373\351\362\220\337p\251\347\270\012"
  41      6262D9FB 
  41      E9F290DF 
  41      70A9E7B8 
  41      0A
  42 00a7 03E29A79 		.ascii	"\003\342\232y\205\234U^\357\267r\213\227\261z`\213\306"
  42      859C555E 
  42      EFB7728B 
  42      97B17A60 
  42      8BC6
  43 00b9 6C0E9D82 		.ascii	"l\016\235\202\233\202\207B=\005\037\205\006\012\001"
  43      9B828742 
  43      3D051F85 
  43      060A01
  44 00c8 0A8CC585 		.ascii	"\012\214\305\205\014\261\234\343\032]y\011\371li\360"
ARM GAS  C:\Users\TUDENT~1\AppData\Local\Temp\cccBOPPo.s 			page 3


  44      0CB19CE3 
  44      1A5D7909 
  44      F96C69F0 
  45 00d8 380927B9 		.ascii	"8\011'\271&\374\206{\363\313u\003\334\346\032\310\376"
  45      26FC867B 
  45      F3CB7503 
  45      DCE61AC8 
  45      FE
  46 00e9 75E6E527 		.ascii	"u\346\345'\267\272\265\306\317Z.\"*\306\3756\222Q\001"
  46      B7BAB5C6 
  46      CF5A2E22 
  46      2AC6FD36 
  46      925101
  47 00fc BEC3E61C 		.ascii	"\276\303\346\034\327\320\210\024\032\031-\237\033X\271"
  47      D7D08814 
  47      1A192D9F 
  47      1B58B9
  48 010b E237A7AC 		.ascii	"\3427\247\254\030l\356\302$l$d>\270\016\223\011\257"
  48      186CEEC2 
  48      246C2464 
  48      3EB80E93 
  48      09AF
  49 011d 353739D5 		.ascii	"579\325$2\345\210\244a\212\351\267\305\324$'$`]\264"
  49      2432E588 
  49      A4618AE9 
  49      B7C5D424 
  49      2724605D 
  50 0132 0032E2BD 		.ascii	"\0002\342\275\232\265\2434\347\302\015G}Z\252W\363w"
  50      9AB5A334 
  50      E7C20D47 
  50      7D5AAA57 
  50      F377
  51 0144 81E1A652 		.ascii	"\201\341\246R\316\246\022\272\252\220^\023\372-)N\037"
  51      CEA612BA 
  51      AA905E13 
  51      FA2D294E 
  51      1F
  52 0155 0CB7379D 		.ascii	"\014\2677\235\377\035G\344.\314\377J\366\236#u_HU\263"
  52      FF1D47E4 
  52      2ECCFF4A 
  52      F69E2375 
  52      5F4855B3 
  53 0169 BB50C9CE 		.ascii	"\273P\311\316]\023\330\214T\323H-+\263;\363\255\017"
  53      5D13D88C 
  53      54D3482D 
  53      2BB33BF3 
  53      AD0F
  54 017b 4AC8A3B4 		.ascii	"J\310\243\264\026\262?V}\352K\321o\016<P\216\303\236"
  54      16B23F56 
  54      7DEA4BD1 
  54      6F0E3C50 
  54      8EC39E
  55 018e 9AABF0D0 		.ascii	"\232\253\360\3201{\004S8(\362\261\012y}Mb\217\035\261"
  55      317B0453 
  55      3828F2B1 
  55      0A797D4D 
  55      628F1DB1 
ARM GAS  C:\Users\TUDENT~1\AppData\Local\Temp\cccBOPPo.s 			page 4


  56 01a2 D9BFC87D 		.ascii	"\331\277\310}J+\375u>\245W\311s\014\271M\223\3179fy"
  56      4A2BFD75 
  56      3EA557C9 
  56      730CB94D 
  56      93CF3966 
  57 01b7 22F749F2 		.ascii	"\"\367I\362\322\367\226\352\346\216\3113\240\2342\344"
  57      D2F796EA 
  57      E68EC933 
  57      A09C32E4 
  58 01c7 FE1EE5D8 		.ascii	"\376\036\345\330\270\3571\017C\274Z \270\206\215\377"
  58      B8EF310F 
  58      43BC5A20 
  58      B8868DFF 
  59 01d7 A72E975D 		.ascii	"\247.\227]\372\031K{\324\255\365.*\367\347\305\3057"
  59      FA194B7B 
  59      D4ADF52E 
  59      2AF7E7C5 
  59      C537
  60 01e9 05AF6013 		.ascii	"\005\257`\023\356\006\026\004\327\223\012\327\322r|"
  60      EE061604 
  60      D7930AD7 
  60      D2727C
  61 01f8 ADAECAF5 		.ascii	"\255\256\312\365Trqe\200\342\357:$\277\030\312,\240"
  61      54727165 
  61      80E2EF3A 
  61      24BF18CA 
  61      2CA0
  62 020a FCD22BB3 		.ascii	"\374\322+\263c\336J%4<\253\226\241 \313\360\217^\317"
  62      63DE4A25 
  62      343CAB96 
  62      A120CBF0 
  62      8F5ECF
  63 021d FFF07A41 		.ascii	"\377\360zAe\010\260\3178=\376qH\326]\236xq\221\2708"
  63      6508B0CF 
  63      383DFE71 
  63      48D65D9E 
  63      787191B8 
  64 0232 9244A5F6 		.ascii	"\222D\245\366\265\3555[;B\307B\301\256S\355\241\210"
  64      B5ED355B 
  64      3B42C742 
  64      C1AE53ED 
  64      A188
  65 0244 1A1F0A36 		.ascii	"\032\037\0126\357i1#\235f\307\321\260y\"r\262\253\323"
  65      EF693123 
  65      9D66C7D1 
  65      B0792272 
  65      B2ABD3
  66 0257 0C1E3EB8 		.ascii	"\014\036>\270{\227\212\373\233\273\273i\346H8\334\276"
  66      7B978AFB 
  66      9BBBBB69 
  66      E64838DC 
  66      BE
  67 0268 B38DFD02 		.ascii	"\263\215\375\002\207\310\250\210"
  67      87C8A888 
  68              		.text
  69              		.section	.gnu.lto_stm32_clock_init.8740f3ee,"",%progbits
  70 0000 789C9D55 		.ascii	"x\234\235U]l\024U\024\276g\376\367g\366\247\225\246"
ARM GAS  C:\Users\TUDENT~1\AppData\Local\Temp\cccBOPPo.s 			page 5


  70      5D6C1455 
  70      14BE67FE 
  70      F767F6A7 
  70      95A6
  71 0012 356DA88F 		.ascii	"5m\250\217\274\270A\022Mx\333\220\370fx\250\357F\340"
  71      BCB84112 
  71      4D78DB90 
  71      F86678A8 
  71      EF46E0
  72 0025 81264D6A 		.ascii	"\201&Mj\004\023\336\230\302\266\020\266A\037\004\024"
  72      0413DE98 
  72      C2B610B6 
  72      411F0414 
  73 0035 A5DBC468 		.ascii	"\245\333\304h\005\201\265\010j[\324\245\245.\333\026"
  73      0581B508 
  73      6A5BD4A5 
  73      A52EDB16 
  74 0045 2A2868A9 		.ascii	"*(h\251P$Tv-\370\203M\024\250\324{\346\334\331\273Y"
  74      50245476 
  74      2DF8834D 
  74      14A8D47B 
  74      E6DCD9BB 
  75 005a 1E747692 		.ascii	"\036tv\222~w\366\236\351w\276\363\2353wt\246\260B\200"
  75      7E77F69E 
  75      E977BEF3 
  75      9D337774 
  75      A6B04280 
  76 006e B1758CB1 		.ascii	"\261u\214\261{\374\017\352\030(o\\`\254\313R@\245\033"
  76      7BFC0FEA 
  76      18286F5C 
  76      60ACCB52 
  76      40A51B
  77 0081 5589F7E6 		.ascii	"U\211\367\346\031s\202Z\312dN8N\373I\015t\212\353J\214"
  77      1973825A 
  77      CA644E38 
  77      4EFB490D 
  77      748AEB4A 
  78 0096 E2861B8F 		.ascii	"\342\206\033\217\321~\322\000\223\342\246\022\245\270"
  78      D17ED200 
  78      93E2A612 
  78      A5B8
  79 00a4 E5C6A3B4 		.ascii	"\345\306\243\264\237\264 @\361\200\022\241x\320\215"
  79      9FB42040 
  79      F18012A1 
  79      78D08D
  80 00b3 47683F19 		.ascii	"Gh?\031\204\020\305C\212M\361\260\033\267i?\031\006"
  80      8410C543 
  80      8A4DF1B0 
  80      1BB7693F 
  80      1906
  81 00c5 C0D5B180 		.ascii	"\300\325\261\200mW\324\270\246\307\0143j\005\"\301\220"
  81      6D57D4B8 
  81      A6C70C33 
  81      6A0522C1 
  81      90
  82 00d6 1D86ED86 		.ascii	"\035\206\355\206\312\350\322\305j\2125 \326\220X_W\017"
  82      CAE8D2C5 
ARM GAS  C:\Users\TUDENT~1\AppData\Local\Temp\cccBOPPo.s 			page 6


  82      6A8A3520 
  82      D690585F 
  82      570F
  83 00e8 A830BAEB 		.ascii	"\2500\272\353\347!e\325\200\303\257\334\201\023\241"
  83      E72165D5 
  83      80C3AFDC 
  83      8113A1
  84 00f7 1EA7BB31 		.ascii	"\036\247\2731\303\011\336\026$0\000\253\030\177\354"
  84      C309DE16 
  84      243000AB 
  84      187FEC
  85 0106 E6E0A37D 		.ascii	"\346\340\243}\266\241\321>|\010\006\3605{\011r\316\243"
  85      B6A1D13E 
  85      7C0806F0 
  85      357B0972 
  85      CEA3
  86 0118 E55D4EEE 		.ascii	"\345]N\356\316{pj\375S\012\313\250\240\"\350\010\006"
  86      CE7B706A 
  86      FD530ACB 
  86      A8A022E8 
  86      0806
  87 012a 82896021 		.ascii	"\202\211`!\204\020\302\0106B\004!\206\020G\250C\250"
  87      8410C208 
  87      36420421 
  87      861047A8 
  87      43A8
  88 013c 475881D0 		.ascii	"GX\201\320\200\320\210\320\204\320\214\320\202\260\022"
  88      80D088D0 
  88      84D08CD0 
  88      82B012
  89 014b A11581B1 		.ascii	"\241\025\201\261=\\\0147&\255*|QK0:\\\272>o\240\272"
  89      3D5C0C37 
  89      26AD2A7C 
  89      514B303A 
  89      5CBA3E6F 
  90 0161 43AAC245 		.ascii	"C\252\302E\357\357\036\2356\367\252\031U\001\254a6{"
  90      EFEF1E9D 
  90      36F7AA19 
  90      5501AC61 
  90      367B
  91 0173 7EC1A29F 		.ascii	"~\301\242\237N\377nG\303\262\316\355\2613p\250\213W"
  91      4EFF6E47 
  91      C3B2CEED 
  91      B13370A8 
  91      8B57
  92 0185 DF9A5155 		.ascii	"\337\232QU8\002\315p\230g\303\307\317\354-~`'\2169)"
  92      3802CD70 
  92      9867C3C7 
  92      CFEC2D7E 
  92      60278E39 
  93 019a C8A81A7C 		.ascii	"\310\250\032|\004\031x\3135\005\216B\202\225`\347\337"
  93      041978CB 
  93      35058E42 
  93      829560E7 
  93      DF
  94 01ab 3D40A954 		.ascii	"=@\251T\312v\362l\276\307\245\007~\035\343$\\\320\376"
  94      CA76F26C 
ARM GAS  C:\Users\TUDENT~1\AppData\Local\Temp\cccBOPPo.s 			page 7


  94      BEC7A507 
  94      7E1DE324 
  94      5CD0FE
  95 01be 003EE22B 		.ascii	"\000>\342+\321q\231(\013\011\316\316\357\322\034y\307"
  95      D1719928 
  95      0B09CECE 
  95      EFD21C79 
  95      C7
  96 01cf A9C4B979 		.ascii	"\251\304\271y\223\362\352\377\227\267\013c\032|,\231"
  96      93F2EAFF 
  96      97B70B63 
  96      1A7C2C99 
  97 01df 07A984A5 		.ascii	"\007\251\204\245\236\202N\\\202n|\371\257\\\224jP\340"
  97      9E824E5C 
  97      826E7CF9 
  97      AF5C946A 
  97      50E0
  98 01f1 04E7B905 		.ascii	"\004\347\271\005\251\253cS\242P,${g\350\276MO0\370\004"
  98      A9AB6353 
  98      A2502C24 
  98      7B67E8BE 
  98      4D4F30F8 
  99 0206 33316C44 		.ascii	"31lD\234\361A\205\264\252\225;Q\362:a\372*\377\244\024"
  99      9CF14185 
  99      B4AA953B 
  99      51F23A61 
  99      FA2AFFA4 
 100 021b 79CA1329 		.ascii	"y\312\023)\322[\304\225-t\347\201\024\334\007\370\264"
 100      D25BC495 
 100      2D74E781 
 100      14DC07F8 
 100      B4
 101 022c 66A33F93 		.ascii	"f\243?\223\231>G\243-\344Y,\376\362\276\3718U\377\223"
 101      993E47A3 
 101      2DE4592C 
 101      FEF2BEF9 
 101      3855FF93 
 102 0240 FF65EE90 		.ascii	"\377e\356\220\313\206o\005\014C\242r\3704n\324\210k"
 102      CB866F05 
 102      0C43A272 
 102      F8346ED4 
 102      886B
 103 0252 545AD565 		.ascii	"TZ\325e\033\027\306E\033C>\333xZf\372\302shF\2641Lt"
 103      1B17C645 
 103      1B433EDB 
 103      785A66FA 
 103      C2736846 
 104 026a 0F8B6FCE 		.ascii	"\017\213o\316\010\213\302\360%\265q\266\334\306pE\337"
 104      088BC2F0 
 104      25B571B6 
 104      DCC67045 
 104      DF
 105 027b 62A26F46 		.ascii	"b\242oF\271oK^\337l_n~%\335\314U\275\037\021\342\272"
 105      B96F4B5E 
 105      DF6C5F6E 
 105      7E25DDCC 
 105      55BD1F11 
ARM GAS  C:\Users\TUDENT~1\AppData\Local\Temp\cccBOPPo.s 			page 8


 106 0291 FDEBD15E 		.ascii	"\375\353\321^\223D9\216\006gjn\334\250L5\206\215\213"
 106      9344398E 
 106      06676A6E 
 106      DCA84C35 
 106      868D8B
 107 02a4 B8D69AD2 		.ascii	"\270\326\232\322\332\177\2747$\346\323\332\263\222y"
 107      DA7FBC37 
 107      24E6D3DA 
 107      B39279
 108 02b3 BCFA0D89 		.ascii	"\274\372\015\211\023\335X__J\361\252\260\340\353\352"
 108      13DD585F 
 108      5F4AF1AA 
 108      B0E0EBEA 
 109 02c3 77245E61 		.ascii	"w$^anT\230k\225\315=8 \224\325\371\2528/[~\256\312\334"
 109      6E54986B 
 109      95CD3D38 
 109      2094D5F9 
 109      AA382F5B 
 110 02db 7AE2BA37 		.ascii	"z\342\27277\267#\342\311z\002\0125\233;!SM\242\271\365"
 110      37B723E2 
 110      C97A020A 
 110      359B3B21 
 110      534DA2B9 
 111 02f0 C8337CF8 		.ascii	"\3103|\370\035\241{\205/\262)\351\347\371*\335\015\304"
 111      1DA17B85 
 111      2FB229E9 
 111      E7F92ADD 
 111      0DC4
 112 0302 7571FEC1 		.ascii	"uq\376\301t\300\323\315\375\274P\263\360i\231\353\033"
 112      74C0D3CD 
 112      FDBC50B3 
 112      F06999EB 
 112      1B
 113 0313 14DEE04E 		.ascii	"\024\336\340NE@N\305\273\267E\015\215>\247\342\242d"
 113      45404EC5 
 113      BBB7450D 
 113      8D3EA7E2 
 113      A264
 114 0325 BE543D15 		.ascii	"\276T=\025MD7\271\334\373\233^.#\006\337V\217ES\305"
 114      4D4437B9 
 114      DCFB9B5E 
 114      2E2306DF 
 114      568F4553 
 115 033a 5844C458 		.ascii	"XD\304X\004\305X,\026\217\017\324t\346|'{u\331=s\006"
 115      04C5582C 
 115      168F0FD4 
 115      74E67C27 
 115      7B75D93D 
 116 0350 7F9F3A12 		.ascii	"\177\237:\022\2423\007\247\340\012\231\271X<\235\367"
 116      A23307A7 
 116      E00A99B9 
 116      583C9DF7 
 117 0360 F8CBA792 		.ascii	"\370\313\247\222\356~\022\037\314\217\247-\372\351\344"
 117      EE7E121F 
 117      CC8FA72D 
 117      FAE9E4
 118 036f E893B86F 		.ascii	"\350\223\270o\351\326\037\212'a\003\377\320\032\360"
ARM GAS  C:\Users\TUDENT~1\AppData\Local\Temp\cccBOPPo.s 			page 9


 118      E9D61F8A 
 118      276103FF 
 118      D01AF0
 119 037e 03D7F0BD 		.ascii	"\003\327\360\275\320\360p\367\215\224U\241a\306\325"
 119      D0F070F7 
 119      8D9455A1 
 119      61C6D5
 120 038d A0A086AB 		.ascii	"\240\240\206\253\256\206\221?\227&\025\322\020\203Y"
 120      AE86913F 
 120      972615D2 
 120      108359
 121 039c 52305C2A 		.ascii	"R0\\*x\203\337\354\253\251?\312\012\257U\015P\013\347"
 121      7883DFEC 
 121      ABA93FCA 
 121      0AAF550D 
 121      500BE7
 122 03af 723F51B5 		.ascii	"r?Q\265\215\313u\311<\207\343\322\342\216KH\216\313"
 122      8DCB75C9 
 122      3C87E3D2 
 122      E28E4B48 
 122      8ECB
 123 03c1 445E285E 		.ascii	"D^(^\351s\\nH\346\237\252\317\347VN\367\370\201\334"
 123      E9735C6E 
 123      48E69FAA 
 123      CFE7564E 
 123      F7F881DC 
 124 03d5 CA590E8E 		.ascii	"\312Y\016\216,N\210\011\262\340fyVl1+a\234\225\273\260"
 124      2C4E8809 
 124      B2E06679 
 124      566C312B 
 124      619C95BB 
 125 03ea A37FA1CF 		.ascii	"\243\177\241\317\375'\021\006\276\315\275On\\\233X\267"
 125      FD271106 
 125      BECDBD4F 
 125      6E5C9B58 
 125      B7
 126 03fb B97D437B 		.ascii	"\271}C{\333\326\3276\265w\322\375\372\266\325\317=\233"
 126      DBD6D736 
 126      B577D2FD 
 126      FAB6D5CF 
 126      3D9B
 127 040d E8DC92D8 		.ascii	"\350\334\222\330\374rG\342\225\316W\267nI\264\275\370"
 127      FC7247E2 
 127      95CE57B7 
 127      6E49B4BD 
 127      F8
 128 041e C29A6708 		.ascii	"\302\232g\010\237_\275m\033F^\352\350\330\364\364F\366"
 128      9F5FBD6D 
 128      1B465EEA 
 128      E8D8F4F4 
 128      46F6
 129 0430 2F73B82B 		.ascii	"/s\270+'"
 129      27
 130              		.text
 131              		.section	.gnu.lto_.symbol_nodes.8740f3ee,"",%progbits
 132 0000 789C6365 		.ascii	"x\234ce`b\320g\000\002\246k\214\365\014\014\023\316"
 132      6062D067 
ARM GAS  C:\Users\TUDENT~1\AppData\Local\Temp\cccBOPPo.s 			page 10


 132      0002A66B 
 132      8CF50C0C 
 132      13CE
 133 0012 313000A9 		.ascii	"10\000\251]\015\216@\221\353\214\365\214(\"\254W\030"
 133      5D0D8E40 
 133      91EB8CF5 
 133      8C2822AC 
 133      5718
 134 0024 191A9540 		.ascii	"\031\032\225@\252\001(u\013\026"
 134      AA012875 
 134      0B16
 135              		.text
 136              		.section	.gnu.lto_.refs.8740f3ee,"",%progbits
 137 0000 789C6365 		.ascii	"x\234ce`b`d\000\002\000\000I\000\011"
 137      60626064 
 137      00020000 
 137      490009
 138              		.text
 139              		.section	.gnu.lto_.decls.8740f3ee,"",%progbits
 140 0000 789CAD56 		.ascii	"x\234\255V{PT\327\031\277\337=\313k\227\207\003\235"
 140      7B5054D7 
 140      19BFDF3D 
 140      CB6B9787 
 140      039D
 141 0012 8ED3665A 		.ascii	"\216\323fZj\310\310\037\225e\261\223\314\344\217Np\305"
 141      6AC8C81F 
 141      9565B193 
 141      CCE48F4E 
 141      70C5
 142 0024 E8B489CE 		.ascii	"\350\264\211\316\2565i\273\235\035\330]\353\216\354"
 142      AE3569BB 
 142      9D1DD85D 
 142      EB8EEC
 143 0033 AE759719 		.ascii	"\256u\227\031\375\357\362\360Q;I\2246\245\220b\220\032"
 143      FDEFF2F0 
 143      513B4994 
 143      36A59062 
 143      901A
 144 0045 2B8A4A89 		.ascii	"+\212J\211\212\0040+\030B\210\212\322DQ\036\362p\215"
 144      8A04302B 
 144      1842888A 
 144      D244511E 
 144      F2708D
 145 0058 C2421415 		.ascii	"\302B\024\025\221&\241\3379g\227{Y\256\231N\333;\373"
 145      9126A1DF 
 145      3967977B 
 145      59AE994E 
 145      DB3BFB
 146 006b DD73BE73 		.ascii	"\335s\276s\276\363\373\336\347n\224 \012?H\020\004\263"
 146      BEF3FBDE 
 146      E76E9420 
 146      0A3F4810 
 146      04B3
 147 007d 28089705 		.ascii	"(\010\227\005A\230\305\207\340xL\220\037\334\022\216"
 147      4198C587 
 147      E0784C90 
 147      1FDC128E 
ARM GAS  C:\Users\TUDENT~1\AppData\Local\Temp\cccBOPPo.s 			page 11


 148 008d 23D52101 		.ascii	"#\325!\001R\2130\377\371\015.\306\340\270\001i)\322"
 148      528B30FF 
 148      F90D2EC6 
 148      E0B80169 
 148      29D2
 149 009f 08D23052 		.ascii	"\010\3220R+R\020i\014I\203\324\215\324\203\324\217t"
 149      2B521069 
 149      0C4983D4 
 149      8DD483D4 
 149      8F74
 150 00b1 47813B21 		.ascii	"G\201;!,|r\277\0053\006\367\242\221\250\235\003H\237"
 150      2C7C72BF 
 150      053306F7 
 150      A291A89D 
 150      03489F
 151 00c4 512CE0B6 		.ascii	"Q,\340\266\325\251`\225\0218\375\306\371\026q\000\372"
 151      D5A96095 
 151      1138FDC6 
 151      F9167100 
 151      FA
 152 00d5 0075C222 		.ascii	"\000u\302\"\266\012\300\337\300\210\261\263\341\007"
 152      B60AC0DF 
 152      C088B1B3 
 152      E107
 153 00e3 80ADE3AA 		.ascii	"\200\255\343\252(\204\200\303K\020>\021\342\305\020"
 153      288480C3 
 153      4B103E11 
 153      E2C510
 154 00f2 2B8620D9 		.ascii	"+\206 \331/t\030\024\210|\233k\012?<\236|\302\216\205"
 154      2F741814 
 154      887C9B6B 
 154      0A3F3C9E 
 154      7CC28E85 
 155 0106 4F83282B 		.ascii	"O\203(+\000P\036P\000r\263C\373s\366\011\262s\020\366"
 155      00501E50 
 155      0072B343 
 155      FB73F609 
 155      B27310F6 
 156 011a FE7EF985 		.ascii	"\376~\371\205\333\332\233\320OW\253^\002\266V\276\377"
 156      DBDA9BD0 
 156      4F57AB5E 
 156      02B656BE 
 156      FF
 157 012b AD3A4230 		.ascii	"\255:B0l8\277\371\344\360\252\214Z\211?\261?\224\303"
 157      6C38BFF9 
 157      E4F0AA8C 
 157      5A893FB1 
 157      3F94C3
 158 013e F6D1EC63 		.ascii	"\366\321\354c\177\322\233\004\222\265 \"\333}\357B\245"
 158      7FD29B04 
 158      92B52022 
 158      DB7DEF42 
 158      A5
 159 014f 0ED9EF68 		.ascii	"\016\331\357ha\021\262\323\205\237\237\323.\3763;U,"
 159      6111B2D3 
 159      859F9FD3 
 159      2EFE333B 
ARM GAS  C:\Users\TUDENT~1\AppData\Local\Temp\cccBOPPo.s 			page 12


 159      552C
 160 0161 2D1261C3 		.ascii	"-\022a\303w\241\026\236\201\243\360\014*?\006\213\361"
 160      77A1169E 
 160      81A3F00C 
 160      2A3F068B 
 160      F1
 161 0172 9DA7E148 		.ascii	"\235\247\341H\205\327\337\253\320,\251\222\252\006%"
 161      85D7DFAB 
 161      D02CA992 
 161      AA0625
 162 0181 FFC7C5CF 		.ascii	"\377\307\305\317\016\327K\322\016<\246\241bP\003\004"
 162      0ED74BD2 
 162      0E3CA6A1 
 162      62500304 
 163 0191 8E400635 		.ascii	"\216@\0065\031\247\370>\0147\001\376\016\003\350\320"
 163      19A7F83E 
 163      0C3701FE 
 163      0E03E8D0 
 164 01a1 715882C7 		.ascii	"qX\202\307\245;M}I\344W\314\332]\307\006\017\307\207"
 164      A53B4D7D 
 164      49E457CC 
 164      DA5DC706 
 164      0FC787
 165 01b4 A03A9795 		.ascii	"\240:\227\225K\376\"\004\022\031\320\011\031\350D$P"
 165      4BFE2204 
 165      1219D009 
 165      19E84424 
 165      50
 166 01c5 1D03EAEF 		.ascii	"\035\003\352\357\2509J\320\205\245Z\240QL\302\245\023"
 166      A8394AD0 
 166      85A55AA0 
 166      514CC2A5 
 166      13
 167 01d6 C1C62709 		.ascii	"\301\306'\011|\211\302w\2775y0\206lf\363+%u\177%\334"
 167      7C89C277 
 167      BF357930 
 167      866C66F3 
 167      2B25757F 
 168 01ec 7F0D8DE3 		.ascii	"\177\015\215\343\305\212\221D\356\177j\031\021\313;"
 168      C58A9144 
 168      EE7F6A19 
 168      11CB3B
 169 01fb AFB56A20 		.ascii	"\257\265j ]{\210\006\300\377x\377O\313'%)\025\032@\013"
 169      5D7B8806 
 169      C0FF78FF 
 169      4FCB2725 
 169      29151A40 
 170 0210 EFCB862C 		.ascii	"\357\313\206,\325\342{\267$\025I{\213\245\270\325\002"
 170      D5E27BB7 
 170      2415497B 
 170      8BA5B8D5 
 170      02
 171 0221 9CC2109D 		.ascii	"\234\302\020\235\304\020\301iH\247J\251\034\324\343"
 171      C410C169 
 171      48A74AA9 
 171      1CD4E3
 172 0230 E23F7011 		.ascii	"\342?p\021\265\324\034\334W\035Mh\262PG\373\331\336"
ARM GAS  C:\Users\TUDENT~1\AppData\Local\Temp\cccBOPPo.s 			page 13


 172      B5D41CDC 
 172      571D4D68 
 172      B25047FB 
 172      D9DE
 173 0242 1E0D68D3 		.ascii	"\036\015h\323U\001>P\001\010\031\323\274\244}\007\215"
 173      55013E50 
 173      010819D3 
 173      BCA47D07 
 173      8D
 174 0253 4A231A73 		.ascii	"J#\032sF6\006m\343\371\370\313\335\300\316\030t\205"
 174      4636066D 
 174      E3F9F8CB 
 174      DDC0CE18 
 174      7485
 175 0265 EE4BC133 		.ascii	"\356K\3013:\\\252;\030x\226\264\362\212x8{\340m\335"
 175      3A5CAA3B 
 175      187896B4 
 175      F28A7838 
 175      7BE06DDD 
 176 0279 737F93AA 		.ascii	"s\177\223\252Z1]#)\025\230\2568&\333\314\261\346l\020"
 176      5A315D23 
 176      291598AE 
 176      3826DBCC 
 176      B1E66C10 
 177 028d D84A13B5 		.ascii	"\330J\023\265\246\005\236\303\223\357<\350\277\033\307"
 177      A6059EC3 
 177      93EF3CE8 
 177      BF1BC7
 178 029c 43968EEC 		.ascii	"C\226\216\354P\377\027{\022I7G\015\307/\231\305\017"
 178      50FF177B 
 178      12493747 
 178      0DC72F99 
 178      C50F
 179 02ae CA1A87EF 		.ascii	"\312\032\207\357%\222>\276\267\273\366\3156\242\335"
 179      25923EBE 
 179      B7BBF6CD 
 179      36A2DD
 180 02bd 4D2BE93F 		.ascii	"M+\351?q\023O\354k{\364@G\006\371\361\211\222\300\240"
 180      71134FEC 
 180      6B7BF440 
 180      4706F9F1 
 180      8992C0A0 
 181 02d1 8E432F46 		.ascii	"\216C/F\366\342\357K\337\026I \244\366r\333\23682\316"
 181      F6E2EF4B 
 181      DF164920 
 181      A4F672DB 
 181      9E3832CE 
 182 02e5 99700D27 		.ascii	"\231p\015'\363\032\336s\356\372\3168\362\210\357\035"
 182      F31ADE73 
 182      EEFACE38 
 182      F288EF1D 
 183 02f5 B8D3F8C7 		.ascii	"\270\323\370\307$\362\025g*\232\036vFq\301Xd\233{O\351"
 183      24F21567 
 183      2A9A1E76 
 183      4671C158 
 183      649B7B4F 
 184 030a C90EC2B6 		.ascii	"\311\016\302\266j\032\337\030\212\242uA\231\221\206"
ARM GAS  C:\Users\TUDENT~1\AppData\Local\Temp\cccBOPPo.s 			page 14


 184      6A1ADF18 
 184      8AA27541 
 184      999186
 185 0319 92290D29 		.ascii	"\222)\015)\345\314\345\017\006\003\211\244\2143M\015"
 185      E5CCE50F 
 185      060389A4 
 185      8C334D0D 
 186 0329 CDED2184 		.ascii	"\315\355!\204LdO\266\334\177/\216W\217DE>\275z\340x"
 186      4C644FB6 
 186      DC7F2F8E 
 186      578F4445 
 186      3EBD7AE0 
 187 033e 14A960B2 		.ascii	"\024\251`\262\211_~]<\244\2034\376\244\244\245\245\343"
 187      895F7E5D 
 187      3CA48334 
 187      FEA4A4A5 
 187      A5E3
 188 0350 502D9514 		.ascii	"P-\225\024c\370\203?\016v\337\222\244\322xh\305\004"
 188      63F8833F 
 188      0E76DF92 
 188      A4D27868 
 188      C504
 189 0362 7C82E1BE 		.ascii	"|\202\341\276\016)rt>fY0\340K\250\246E\342\037\030_"
 189      0E297274 
 189      3E665930 
 189      E04BA8A6 
 189      45E21F18 
 190 0377 BCAF58EA 		.ascii	"\274\257X\352\310d\371\3720R\374\254R\234\342\267\007"
 190      C864F9FA 
 190      3052FCAC 
 190      529CE2B7 
 190      07
 191 0388 934B9938 		.ascii	"\223K\2318E\277\030)\256\247\322\247@\026\037\315\307"
 191      45BF1829 
 191      AEA7D2A7 
 191      40161FCD 
 191      C7
 192 0399 8E2B214C 		.ascii	"\216+!L\272=R\372|$\370\260B\272C\335r%\370\260K\026"
 192      BA3D52FA 
 192      7C24F8B0 
 192      42BA43DD 
 192      7225F8B0 
 193 03af BFA26EB9 		.ascii	"\277\242n\271R\274[\201\376i\244x\247B|\037m\212\275"
 193      52BC5B81 
 193      FE69A478 
 193      A7427C1F 
 193      6D8ABD
 194 03c2 92F49246 		.ascii	"\222\364\222F\200\313(\320\305\366\2508\255\345>\254"
 194      80CB28D0 
 194      C5F6A838 
 194      ADE53EAC 
 195 03d2 AF014883 		.ascii	"\257\001H\203\317\220z\221z\220\272\221\256\"}\216\324"
 195      CF907A91 
 195      7A90BA91 
 195      AE227D8E 
 195      D4
 196 03e3 8F7413E9 		.ascii	"\217t\023\351\006\322?\221\256A\032\273 \271\021\255"
ARM GAS  C:\Users\TUDENT~1\AppData\Local\Temp\cccBOPPo.s 			page 15


 196      06D23F91 
 196      AE411ABB 
 196      20B911AD 
 197 03f3 0A9BCF45 		.ascii	"\012\233\317E\032\341_`s\247\302\346\013\3526\263\370"
 197      1AE15F60 
 197      73A7C2E6 
 197      0BEA36B3 
 197      F8
 198 0404 F13E9E18 		.ascii	"\361>\236\030K.\224$\240RB\250\207e\315S\312\314}\244"
 198      4B2E9424 
 198      A05242A8 
 198      8765CD53 
 198      CACC7DA4 
 199 0418 9E0BA5EA 		.ascii	"\236\013\245\352\231\315\262\352K\252\211VdnFag\233"
 199      99CDB2EA 
 199      4BAA8956 
 199      646E4661 
 199      679B
 200 042a BA5B4C1A 		.ascii	"\272[L\032\013\371Qmm\277\216\214\262B\026\337?\033"
 200      0BF9516D 
 200      6DBF8E8C 
 200      B24216DF 
 200      3F1B
 201 043c AC8C81F4 		.ascii	"\254\214\201\364\224\220\375\343\321\370E\201a<<(\337"
 201      9490FDE3 
 201      D1F84581 
 201      613C3C28 
 201      DF
 202 044d 42D41BF5 		.ascii	"B\324\033\365\244\300\020\346\342\177\315\013\232T|"
 202      A4C010E6 
 202      E27FCD0B 
 202      9A547C
 203 045c 7A571989 		.ascii	"zW\031\211\3373wi2\013\344;k\004\342\331W\022G\024n"
 203      DF337769 
 203      320BE43B 
 203      6B04E2D9 
 203      57124714 
 204 0471 9838DA90 		.ascii	"\2308\332\220\300\033\323\217\2075\275E\373k4\220\202"
 204      C01BD38F 
 204      8735BD45 
 204      FB6B3490 
 204      82
 205 0482 3DA834F1 		.ascii	"=\2504\361\026\236\346\371\011\204\354\373\002\355\273"
 205      169EE6F9 
 205      0984ECFB 
 205      02EDBB
 206 0491 837A6FCF 		.ascii	"\203zo\317\253\207\251QEVhA\004\236\322O<B\003\243<"
 206      AB87A951 
 206      45566841 
 206      049ED24F 
 206      3C4203A3 
 207 04a6 C301B50C 		.ascii	"\303\001\265\014O(\261.\251b\205\223PQ\177\376\303\030"
 207      4F28B12E 
 207      A9628593 
 207      50517FFE 
 207      C318
 208 04b8 32C59350 		.ascii	"2\305\223P\323\322W\255\231K\3027\243,\011cx\366\256"
ARM GAS  C:\Users\TUDENT~1\AppData\Local\Temp\cccBOPPo.s 			page 16


 208      D3D257AD 
 208      994BC237 
 208      A32C0963 
 208      78F6AE
 209 04cb 9C84C082 		.ascii	"\234\204\300\202$\204=\204Qt\354iN\242\252Ojf\246A\031"
 209      24843D84 
 209      5174EC69 
 209      4EA2AA4F 
 209      6A66A641 
 210 04e0 DCB179C1 		.ascii	"\334\261y\301\015\206\202\033d\301\255\354\251>+\222"
 210      0D86821B 
 210      64C1ADEC 
 210      A93E2B92 
 211 04f0 220DBB11 		.ascii	"\"\015\273\021\353g\366\376\010\277\334~\372'\240\355"
 211      EB67F6FE 
 211      08BFDC7E 
 211      FA27A0ED 
 212 0500 FB95FC4F 		.ascii	"\373\225\374O@\021\377\0230.\2336\036\371\355\236`\337"
 212      4011FF13 
 212      302E9B36 
 212      1EF9ED9E 
 212      60DF
 213 0512 EEDB071B 		.ascii	"\356\333\007\033/\211\244\222CM\264\226:\311\001>\277"
 213      2F89A492 
 213      434DB496 
 213      3AC9013E 
 213      BF
 214 0523 513F3414 		.ascii	"Q?4\024M\216pf\262\242}LK\216q\346\235\343GJ\010\251"
 214      4D8E7066 
 214      B2A27D4C 
 214      4B8E71E6 
 214      9DE3474A 
 215 0539 E34C5F73 		.ascii	"\343L_s\341\371Dr\2063C\357\026\335\212\"-\234\231n"
 215      E1F94472 
 215      863343EF 
 215      16DD8A22 
 215      2D9C996E 
 216 054d BE522DF2 		.ascii	"\276R-\362\233:\015\331#\376?t\020^\020U\364\177\317"
 216      9B3A0DD9 
 216      23FE3F74 
 216      105E1055 
 216      F47FCF
 217 0560 A1AE277F 		.ascii	"\241\256'\177\002r\216\311\352\336\275v\350d\024\320"
 217      02728EC9 
 217      EADEBD76 
 217      E86414D0 
 218 0570 3B9A3EE9 		.ascii	";\232>\351\3625\375\223.\3055\375\020\275\231yJ\342"
 218      F235FD93 
 218      2EC535FD 
 218      10BD9979 
 218      4AE2
 219 0582 95317F8C 		.ascii	"\2251\177\214\373S,l3\241\200\027\212\351P$\246\301"
 219      FB532C6C 
 219      33A18017 
 219      8AE95024 
 219      A6C1
 220 0594 130CFA37 		.ascii	"\023\014\3727H\3058\237\305\361+\244\257\221$\344\377"
ARM GAS  C:\Users\TUDENT~1\AppData\Local\Temp\cccBOPPo.s 			page 17


 220      48C5389F 
 220      C5F12BA4 
 220      AF9124E4 
 220      FF
 221 05a5 35AFE286 		.ascii	"5\257\342\206_\227[u:R\257\242UC\027\220B\372~\244\364"
 221      5F975B75 
 221      3A52AFA2 
 221      55431790 
 221      42FA7EA4 
 222 05ba C22BB95B 		.ascii	"\302+\271[!~/R|\301}?\271V\226~\020)\335\031)\335\372"
 222      217E2F52 
 222      7CC17D3F 
 222      B956967E 
 222      1029DD19 
 223 05d1 FAFC0B49 		.ascii	"\372\374\013I\305\024\205\364\015\205\364\227\352\226"
 223      C51485F4 
 223      0D85F497 
 223      EA96
 224 05df 281BEB6A 		.ascii	"(\033\353j\027o\254\031\265\306\272\335\245h\254G\252"
 224      176FAC19 
 224      B5C6BADD 
 224      A568AC47 
 224      AA
 225 05f0 B952DE85 		.ascii	"\271R\336\205\012\257&\325\275\342\232\261Vv^\227zt"
 225      0AAF26D5 
 225      BDE29AB1 
 225      56765E97 
 225      7A74
 226 0602 A49DD58A 		.ascii	"\244\235\325\2128\321;]\224 _\206=\254\017w\212)P\""
 226      38D13B5D 
 226      94205F86 
 226      3DAC0F77 
 226      8A295022 
 227 0616 CE15FBCC 		.ascii	"\316\025\373\314\202>\014\327\004\354\300R\370o\312"
 227      823E0CD7 
 227      04ECC052 
 227      F86FCA
 228 0625 02CD38D3 		.ascii	"\002\3158\323T\333\021\253\354Q\252U\356\321]\"\357"
 228      54DB11AB 
 228      EC51AA55 
 228      EED15D22 
 228      EF
 229 0636 513AC66F 		.ascii	"Q:\306o\312\315\267\346\347\333\255N\267\323\027\373"
 229      CACDB7E6 
 229      E7DBAD4E 
 229      B7D317FB 
 230 0646 F2ABBF48 		.ascii	"\362\253\277H5\032\014B\266\355E\275q\2233\317i\366"
 230      351A0C42 
 230      B6ED45BD 
 230      719333CF 
 230      69F6
 231 0658 15D89D1E 		.ascii	"\025\330\235\036>_k6\274\360\274\336\343\325\343\021"
 231      3E5F6B36 
 231      BCF0BCDE 
 231      E3D5E311 
 232 0668 FD16CF56 		.ascii	"\375\026\317V\237Wo^\377\312\362,\376^e\330\266M\037"
 232      9F576F5E 
ARM GAS  C:\Users\TUDENT~1\AppData\Local\Temp\cccBOPPo.s 			page 18


 232      FFCAF22C 
 232      FE5E65D8 
 232      B64D1F
 233 067b 02CBB009 		.ascii	"\002\313\260\011\213\274>\327\362,\253-\337c\333\314"
 233      8BBC3ED7 
 233      F22CAB2D 
 233      DF63DBCC 
 234 068b B0B5566B 		.ascii	"\260\265Vk\201\323\355\3035\337F\333\213\026\033E\364"
 234      81D3EDC3 
 234      35DF46DB 
 234      8B161B45 
 234      F4
 235 069c 32748BCF 		.ascii	"2t\213\317\343\311\367Z~\353.He\263\324\334\255\256"
 235      E3C9F75A 
 235      7EEB2E48 
 235      65B3D4DC 
 235      ADAE
 236 06ae 54872BCF 		.ascii	"T\207+\317a\267;\354\226\3473\226\247fe\032^\370\235"
 236      61B73BEC 
 236      96E73396 
 236      A766651A 
 236      5EF89D
 237 06c1 C182EBCB 		.ascii	"\301\202\353\313\334\036\267c\231#7\317iq\272m\371\005"
 237      DC1EB763 
 237      992337CF 
 237      6971BA6D 
 237      F905
 238 06d3 7687C595 		.ascii	"v\207\305\225\213Xn\207\305jwl\314-\310\367Y}\333\267"
 238      8B586E87 
 238      C56A776C 
 238      CC2DC8F7 
 238      597DDBB7 
 239 06e7 38BC199B 		.ascii	"8\274\031\233\204\330\260\276_\377_\365y\267{-V\257"
 239      84D8B0BE 
 239      5FFF5FF5 
 239      79B77B2D 
 239      56AF
 240 06f9 CF8EE0A8 		.ascii	"\317\216\340\250$\311\274\335\353s\270\214\236\255\016"
 240      24C9BCDD 
 240      EB73B88C 
 240      9EAD0E
 241 0708 23F535CE 		.ascii	"#\3655\316\224c\3161m\310Y\231I\214f\223f\305J\243)"
 241      9463CE31 
 241      6DC85999 
 241      498C6693 
 241      66C54AA3 
 242 071d 267BDD0A 		.ascii	"&{\335\012C\316\253l\314\3021:{\365\012\034b\351\262"
 242      43CEAB6C 
 242      CCC2313A 
 242      7BF50A1C 
 242      62E9B2
 243 0730 C9BC9E4D 		.ascii	"\311\274\236M\262\350\204\030\327\2304\306U/\233D\243"
 243      B2E88418 
 243      D79834C6 
 243      552F9B44 
 243      A3
 244 0741 298A8E59 		.ascii	")\212\216Yk\2765\0176\217\313\345q\353\035\333|z\343"
ARM GAS  C:\Users\TUDENT~1\AppData\Local\Temp\cccBOPPo.s 			page 19


 244      6BBE350F 
 244      368FCBE5 
 244      71EB1DDB 
 244      7C7AE3
 245 0754 2BE63566 		.ascii	"+\3465fL\204\"\027,\001\033\015\231\231\333\362\320"
 245      4C842217 
 245      2C011B0D 
 245      9999DBF2 
 245      D0
 246 0765 4E9DC968 		.ascii	"N\235\311h\264\256\307\310\254tl\324\255{\315\024\236"
 246      B4AEC7C8 
 246      AC746CD4 
 246      AD7BCD14 
 246      9E
 247 0776 7F2F9CFF 		.ascii	"\177/\234\377\274\\\333\346\202-V\273\307\225\353t\263"
 247      BC5CDBE6 
 247      822D56BB 
 247      C795EB74 
 247      B3
 248 0787 8C91B52B 		.ascii	"\214\221\265+L\261aw\304l\223h6\305\254]\267\376g9\277"
 248      4CB16177 
 248      C46C9368 
 248      36C5AC5D 
 248      B7FE6739 
 249 079c 3469E88B 		.ascii	"4i\350\213d\033M\232\327L\353L\011\253~\236m^\035F\374"
 249      641B4D9A 
 249      D74CEB4C 
 249      09AB7E9E 
 249      6D5E1D46 
 250 07b1 37912779 		.ascii	"7\221'y\370"
 250      F8
 251              		.text
 252              		.section	.gnu.lto_.symtab.8740f3ee,"",%progbits
 253 0000 68616C5F 		.ascii	"hal_lld_init\000"
 253      6C6C645F 
 253      696E6974 
 253      00
 254 000d 00       		.ascii	"\000"
 255 000e 00       		.ascii	"\000"
 256 000f 00       		.ascii	"\000"
 257 0010 00000000 		.ascii	"\000\000\000\000\000\000\000\000"
 257      00000000 
 258 0018 AE000000 		.ascii	"\256\000\000\000"
 259 001c 73746D33 		.ascii	"stm32_clock_init\000"
 259      325F636C 
 259      6F636B5F 
 259      696E6974 
 259      00
 260 002d 00       		.ascii	"\000"
 261 002e 00       		.ascii	"\000"
 262 002f 00       		.ascii	"\000"
 263 0030 00000000 		.ascii	"\000\000\000\000\000\000\000\000"
 263      00000000 
 264 0038 B0000000 		.ascii	"\260\000\000\000"
 265 003c 53797374 		.ascii	"SystemCoreClock\000"
 265      656D436F 
 265      7265436C 
ARM GAS  C:\Users\TUDENT~1\AppData\Local\Temp\cccBOPPo.s 			page 20


 265      6F636B00 
 266 004c 00       		.ascii	"\000"
 267 004d 00       		.ascii	"\000"
 268 004e 00       		.ascii	"\000"
 269 004f 00000000 		.ascii	"\000\000\000\000\000\000\000\000"
 269      00000000 
 270 0057 BD000000 		.ascii	"\275\000\000\000"
 271              		.text
 272              		.section	.gnu.lto_.opts,"",%progbits
 273 0000 272D666D 		.ascii	"'-fmath-errno' '-fsigned-zeros' '-ftrapping-math' '"
 273      6174682D 
 273      6572726E 
 273      6F272027 
 273      2D667369 
 274 0033 2D666E6F 		.ascii	"-fno-trapv' '-fno-openmp' '-fno-openacc' '-mcpu=cor"
 274      2D747261 
 274      70762720 
 274      272D666E 
 274      6F2D6F70 
 275 0066 7465782D 		.ascii	"tex-m3' '-mno-thumb-interwork' '-mthumb' '-ggdb' '-"
 275      6D332720 
 275      272D6D6E 
 275      6F2D7468 
 275      756D622D 
 276 0099 4F322720 		.ascii	"O2' '-fomit-frame-pointer' '-falign-functions=16' '"
 276      272D666F 
 276      6D69742D 
 276      6672616D 
 276      652D706F 
 277 00cc 2D666675 		.ascii	"-ffunction-sections' '-fdata-sections' '-fno-common"
 277      6E637469 
 277      6F6E2D73 
 277      65637469 
 277      6F6E7327 
 278 00ff 2720272D 		.ascii	"' '-flto'\000"
 278      666C746F 
 278      2700
 279              		.text
 280              		.comm	__gnu_lto_v1,1,1
 281              		.comm	__gnu_lto_slim,1,1
 282              		.ident	"GCC: (GNU Tools for ARM Embedded Processors 6-2017-q1-update) 6.3.1 20170215 (release) [AR
ARM GAS  C:\Users\TUDENT~1\AppData\Local\Temp\cccBOPPo.s 			page 21


DEFINED SYMBOLS
                            *ABS*:00000000 hal_lld.c
                            *COM*:00000001 __gnu_lto_v1
                            *COM*:00000001 __gnu_lto_slim

NO UNDEFINED SYMBOLS
