ARM GAS  C:\Users\TUDENT~1\AppData\Local\Temp\ccGqrzvN.s 			page 1


   1              		.cpu cortex-m3
   2              		.eabi_attribute 20, 1
   3              		.eabi_attribute 21, 1
   4              		.eabi_attribute 23, 3
   5              		.eabi_attribute 24, 1
   6              		.eabi_attribute 25, 1
   7              		.eabi_attribute 26, 1
   8              		.eabi_attribute 30, 2
   9              		.eabi_attribute 34, 1
  10              		.eabi_attribute 18, 4
  11              		.file	"hal_st_lld.c"
  12              		.text
  13              	.Ltext0:
  14              		.section	.gnu.lto_.profile.8740f9f9,"",%progbits
  15 0000 789C6365 		.ascii	"x\234ce`b`a```d\320\344\001\000\000\336\000B"
  15      60626061 
  15      60606064 
  15      D0E40100 
  15      00DE0042 
  16              		.text
  17              		.section	.gnu.lto_.icf.8740f9f9,"",%progbits
  18 0000 789C6365 		.ascii	"x\234ce`b\340c@\000&\206E\013g\257\342g\354\331\265"
  18      6062E063 
  18      40002686 
  18      450B67AF 
  18      E267ECD9 
  19 0015 EA2B3F03 		.ascii	"\352+?\003\000*\015\005\244"
  19      002A0D05 
  19      A4
  20              		.text
  21              		.section	.gnu.lto_.jmpfuncs.8740f9f9,"",%progbits
  22 0000 789C6365 		.ascii	"x\234ce`b0g@\000&0\311\310\300\300\3028\235\231\361"
  22      60623067 
  22      40002630 
  22      C9C8C0C0 
  22      C2389D99 
  23 0015 F78F737B 		.ascii	"\367\217s{\331\373\230\347330r3.g\224\001\312\000E\273"
  23      D9FB98E7 
  23      33333072 
  23      332E6794 
  23      01CA0045 
  24 002a 7E5DEFE3 		.ascii	"~]\357\343\200\210r0\256\000\2112\000\000M\332\013\372"
  24      80887230 
  24      AE008932 
  24      00004DDA 
  24      0BFA
  25              		.text
  26              		.section	.gnu.lto_.inline.8740f9f9,"",%progbits
  27 0000 789C6365 		.ascii	"x\234ce`b\260d@\000&\006\006v\011F\006&\226\005\362"
  27      6062B064 
  27      40002606 
  27      06760946 
  27      06269605 
  28 0015 0C6C0BE4 		.ascii	"\014l\013\344\231@b\214\\p\202\201S\020(\311\366A\017"
  28      9940628C 
  28      5C708281 
  28      531028C9 
ARM GAS  C:\Users\TUDENT~1\AppData\Local\Temp\ccGqrzvN.s 			page 2


  28      F6410F
  29 0028 2EC9CC03 		.ascii	".\311\314\003\326\304\000\000\206\345\004\037"
  29      D6C40000 
  29      86E5041F 
  30              		.text
  31              		.section	.gnu.lto_.pureconst.8740f9f9,"",%progbits
  32 0000 789C6365 		.ascii	"x\234ce`b`c`\000\222\273\030\031\245\000\003\273\000"
  32      60626063 
  32      600092BB 
  32      1819A500 
  32      03BB00
  33 0013 E6       		.ascii	"\346"
  34              		.text
  35              		.section	.gnu.lto_SysTick_Handler.8740f9f9,"",%progbits
  36 0000 789C8D53 		.ascii	"x\234\215SmHSQ\030~\337{\246[j\346\317 \177\314\037"
  36      6D485351 
  36      187EDF7B 
  36      A65B6AE6 
  36      CF207FCC 
  37 0015 428278B5 		.ascii	"B\202x\265 \245\037A)\204\340\020\234\377\207^W\033"
  37      20A51F41 
  37      2984E010 
  37      9CFF875E 
  37      571B
  38 0027 6C4E76A7 		.ascii	"lNv\247\350\257]\247\262\264()K\347GW*\320>\374Z\231"
  38      E8AF5DA7 
  38      B2B42829 
  38      4BE74757 
  38      2AD03EFC 
  39 003d AD74AD99 		.ascii	"\255t\255\231\021\364Eb \330\217R,R\243\257?Bh\235s"
  39      11F44562 
  39      20D88F52 
  39      2C52A3AF 
  39      3F42689D 
  40 0052 B789DD81 		.ascii	"\267\211\335\201v\340\336s\317y\336\3479\357y\036n\002"
  40      76E0DE73 
  40      CF79DEE7 
  40      39EF791E 
  40      6E02
  41 0064 70304F00 		.ascii	"p0O\000J\020\340\000\000 \001\344\332_\0034\3528D\366"
  41      4A10E000 
  41      002001E4 
  41      DA5F0334 
  41      EA3844F6 
  42 0078 21E910DC 		.ascii	"!\351\020\334\034\272\361\002\351$\030\366~\012pY\003"
  42      1CBAF102 
  42      E92418F6 
  42      7E0A7059 
  42      03
  43 0089 121DA1CE 		.ascii	"\022\035\241\316\365\324F\251e\277L\351>\372\260\201"
  43      F5D446A9 
  43      65BF4CE9 
  43      3EFAB081 
  44 0099 039805B4 		.ascii	"\003\230\005\264lql\363\362\336DMd\037\0071\221\312"
  44      6C716CF3 
  44      F2DE444D 
  44      641F0731 
ARM GAS  C:\Users\TUDENT~1\AppData\Local\Temp\ccGqrzvN.s 			page 3


  44      91CA
  45 00ab C3C82C86 		.ascii	"\303\310,\206\244\315?^)\364\376\006\366\224&\002\264"
  45      A4CD3F5E 
  45      29F4FE06 
  45      F6942602 
  45      B4
  46 00bc 51989D71 		.ascii	"Q\230\235q\226pl&\313\3101\366\333\346\321^r\236\310"
  46      96706C26 
  46      CBC831F6 
  46      DBE6D15E 
  46      729EC8
  47 00cf 04514397 		.ascii	"\004QC\227?^u/\245\262%\207z\272\374<\351\235Cr\022"
  47      3F5E752F 
  47      A5B22587 
  47      7ABAFC3C 
  47      E99D4372 
  48 00e4 59E57870 		.ascii	"Y\345xp\276+)\363\272$y\244\3207\337\301\356\246\027"
  48      BE2B29F3 
  48      BA2479A4 
  48      D037DFC1 
  48      EEA617
  49 00f7 E7A47E4F 		.ascii	"\347\244~O\232L\010\336FBO\307[\230\21671=\322\335\035"
  49      9A4C08DE 
  49      46424FC7 
  49      5B988E37 
  49      313DD2DD 
  50 010c CCA424EF 		.ascii	"\314\244$\357\027iJ\303\364\010\352q\210b+\350Y\374"
  50      17694AC3 
  50      F408EA71 
  50      88622BE8 
  50      59FC
  51 011e D5313A8B 		.ascii	"\3251:\213[\2357+\027\274\324\276Oi\336G\020T\320\357"
  51      5B9D372B 
  51      17BCD4BE 
  51      4F69DE47 
  51      1054D0EF 
  52 0132 40F619AA 		.ascii	"@\366\031\252>\314@N\015N?\327\333\000G\030F\324\330"
  52      3ECC404E 
  52      0D4E3FD7 
  52      DB004718 
  52      46D4D8
  53 0145 AA2F9B1A 		.ascii	"\252/\233\032\206\243\014\324\250\301\331\036\302z\004"
  53      86A30CD4 
  53      A8C1D91E 
  53      C27A04
  54 0154 1C6370C2 		.ascii	"\034cp\302v'\321\217\3240\274\313\254D\030\343(tM\366"
  54      7627D18F 
  54      D430BCCB 
  54      AC4418E3 
  54      28744DF6 
  55 0168 AF276584 		.ascii	"\257'e\2049Y\352\322\313\021\261\241\245G\222N\303\321"
  55      3959EAD2 
  55      CB11B1A1 
  55      A547924E 
  55      C3D1
  56 017a C27B9801 		.ascii	"\302{\230\001l\347\373\332\334\002Gwp\0345\312e\001"
  56      6CE7FBDA 
ARM GAS  C:\Users\TUDENT~1\AppData\Local\Temp\ccGqrzvN.s 			page 4


  56      DC024777 
  56      701C35CA 
  56      6501
  57 018c EF2BAE0E 		.ascii	"\357+\256\016\006\247\227S2f\242l\345\254\237\303\376"
  57      06A79753 
  57      3266A26C 
  57      E5AC9FC3 
  57      FE
  58 019d 77C90A7B 		.ascii	"w\311\012{\202\261\361\001j`\031=z\3058\200Ul\372\260"
  58      82B1F101 
  58      6A60193D 
  58      7AC53880 
  58      556CFAB0 
  59 01b1 D1EB3FA5 		.ascii	"\321\353?\245v\351b\314\245\304\177\032\016(\015?De"
  59      76E962CC 
  59      A5C47F1A 
  59      0E280D3F 
  59      4465
  60 01c3 3710585B 		.ascii	"7\020X[\320\2727$\235Lh\241V\001\361\021\272A&Z\210"
  60      D0BA3724 
  60      9D4C68A1 
  60      5601F111 
  60      BA41265A 
  61 01d8 C6AE0AB3 		.ascii	"\306\256\012\263o\2270'\2250\257\264\204\337h#a\002"
  61      6F973027 
  61      9530AFB4 
  61      84DF6823 
  61      6102
  62 01ea 4EED1466 		.ascii	"N\355\024fG\254M]|\230\005\255T=\310\300=\361a\026T"
  62      47AC4D5D 
  62      7C9805AD 
  62      543DC8C0 
  62      3DF16116 
  63 01ff 033E6658 		.ascii	"\003>fXR|\230\005\203\224\030b`\262\032\\\351#\254G"
  63      527C9805 
  63      83941862 
  63      60B21A5C 
  63      E923AC47 
  64 0213 C027F161 		.ascii	"\300'\361a\206\025o\246\267\205\271)\177\014&\307r\232"
  64      86156FA6 
  64      B785B929 
  64      7F0C26C7 
  64      729A
  65 0225 52727AAA 		.ascii	"Rrz\252\344\244\016ef+\224\311X(\255/\265\354f\361>"
  65      E4A40E65 
  65      662B94C9 
  65      5828AD2F 
  65      B5EC66F1 
  66 023a A7D0FA67 		.ascii	"\247\320\372gQ\223\277\242\247\177\342**\205l\264Q\303"
  66      5193BFA2 
  66      A77FE22A 
  66      2A856CB4 
  66      51C3
  67 024c E83F4785 		.ascii	"\350?G\205\213\204\243|\241\305Zi5\272j\253\254\216"
  67      8B84A37C 
  67      A1C55A69 
  67      35BA6AAB 
ARM GAS  C:\Users\TUDENT~1\AppData\Local\Temp\ccGqrzvN.s 			page 5


  67      AC8E
  68 025e C877A931 		.ascii	"\310w\2511/\377\010\357\020yK\205\215\257q8]\"o,7\034"
  68      2FFF08EF 
  68      10794B85 
  68      8DAF7138 
  68      5D226F2C 
  69 0274 3EC49794 		.ascii	">\304\227\224\024\361\345\305\206\272<\206\230D\227"
  69      14F1E5C5 
  69      86BA3C86 
  69      984497
  70 0283 C966ABCA 		.ascii	"\311f\253\312\021 \241\256\302Vk>\266\243\224\340\260"
  70      1120A1AE 
  70      C2566B3E 
  70      B6A394E0 
  70      B0
  71 0294 DB1DD551 		.ascii	"\333\035\325Q\265\343e\206BC=/X\004\207\323l\252\313"
  71      B5E36586 
  71      42433D2F 
  71      580487D3 
  71      6CAACB
  72 02a7 B7E758E0 		.ascii	"\267\347X\340\304\377\320\315\365.\276\320`,6\362\326"
  72      C4FFD0CD 
  72      F52EBED0 
  72      602C36F2 
  72      D6
  73 02b8 6AC1565B 		.ascii	"j\301V[e\346\005\273h\025M\247\005\201J\344\356z\031"
  73      65E605BB 
  73      68154DA7 
  73      05814AE4 
  73      EE7A19
  74 02cb 87485F4E 		.ascii	"\207H_N\2272\357J\240u[\247X\304\006\221\022\322\014"
  74      9732EF4A 
  74      A0755BA7 
  74      58C40691 
  74      12D20C
  75 02de C6327D65 		.ascii	"\3062}e\205h\256qZ\263\365\231\271\3009Ak7\333\035\316"
  75      8568AE71 
  75      5AB3F599 
  75      B9C03941 
  75      6B37DB1D 
  76 02f3 06F80B02 		.ascii	"\006\370\013\002~\261\001"
  76      7EB101
  77              		.text
  78              		.section	.gnu.lto_st_lld_init.8740f9f9,"",%progbits
  79 0000 789C9D91 		.ascii	"x\234\235\221MH\224Q\024\206\317{\3578\363Uh\340Jp\026"
  79      4D489451 
  79      1486CF7B 
  79      EF38F355 
  79      68E04A70 
  80 0015 6DDD7431 		.ascii	"m\335t1\301\300m\022\010\016.\306\275\224.\234\030\030"
  80      C1C06D12 
  80      080E2EC6 
  80      BD942E9C 
  80      1818
  81 0027 69A6B673 		.ascii	"i\246\266s'\235\006G\320\201\360\217\210oBp\034\313"
  81      279D0647 
  81      D081F08F 
ARM GAS  C:\Users\TUDENT~1\AppData\Local\Temp\ccGqrzvN.s 			page 6


  81      886F4270 
  81      1CCB
  82 0039 CCF28731 		.ascii	"\314\362\2071\242ip\321J\251E?\264\020Z\204Q\271\022"
  82      A26970D1 
  82      4AA9453F 
  82      B4105A84 
  82      51B912
  83 004c 8ACC9F73 		.ascii	"\212\314\237s\276\301\366v\340r\357}\3179\317y/\267"
  83      BEC1F676 
  83      E072EF7D 
  83      CF39CF79 
  83      2FB7
  84 005e 86149D57 		.ascii	"\206\024\235WDW\211\250\221\0274A\3456\211R\216\002"
  84      445789A8 
  84      91173441 
  84      E5368952 
  84      8E02
  85 0070 E4601D50 		.ascii	"\344`\035PR!\2111=\251Q\311|-\251\246\202\345(O\256"
  85      52218931 
  85      3DA951C9 
  85      7C2DA9A6 
  85      82E5284F 
  86 0085 D6DFB5E9 		.ascii	"\326\337\265\351\006W\023M\363\222@\001M\304e_\226\016"
  86      0657134D 
  86      F3924001 
  86      4DC4655F 
  86      960E
  87 0097 C76BFDBE 		.ascii	"\307k\375\276\252\2169\370\301\373\342;\224\355\341"
  87      AA8E39F8 
  87      C1FBE23B 
  87      94EDE1
  88 00a6 51C69637 		.ascii	"Q\306\2267f\3606\354'\312rZf\214h%\273\376\206\312\336"
  88      66F036EC 
  88      27CA725A 
  88      668C6825 
  88      BBFE86CA 
  89 00bb CE56F1AC 		.ascii	"\316V\361\254t0e\"]\331\012\214jW\003\002\335\336\315"
  89      74306522 
  89      5DD90A8C 
  89      6A570302 
  89      DDDECD
  90 00ce 1D9DA95E 		.ascii	"\035\235\251^s\345A[\307\322\275\367k\353>\027\017R"
  90      73E5415B 
  90      C7D2BDF7 
  90      6BEB3E17 
  90      0F52
  91 00e0 EC277F83 		.ascii	"\354'\177\203\\\2550\217 \212\010\222t<|3\373\3321\013"
  91      5CAD308F 
  91      208A0892 
  91      743C7C33 
  91      FBDA310B 
  92 00f4 7628652F 		.ascii	"v(e/\270Z\343\021\\LyV\361\030\206\0132\367W\376B\220"
  92      B85AE311 
  92      5C4C7956 
  92      F118860B 
  92      32F757FE 
  93 010a 1AAF5E00 		.ascii	"\032\257^\000\013\334\347y\3708|\342\341\224\023\236"
ARM GAS  C:\Users\TUDENT~1\AppData\Local\Temp\ccGqrzvN.s 			page 7


  93      0BDCE779 
  93      F8387CE2 
  93      E194139E 
  94 011a 7813E4B5 		.ascii	"x\023\344\265X\364&\374{\003\213xz\302\377T\374O\376"
  94      58F426FC 
  94      7B038B78 
  94      7AC2FF54 
  94      FC4FFE
  95 012d 92C757C2 		.ascii	"\222\307W\302\177\346\361\367\262\351_Z\370>\004\360"
  95      7FE6F1F7 
  95      B2E95F5A 
  95      F83E04F0 
  96 013d 9CBBBE23 		.ascii	"\234\273\276#\235\337\237\325\202\027@\251\364\343s"
  96      9DDF9FD5 
  96      821740A9 
  96      F4E373
  97 014c 2079601D 		.ascii	" y`\035W\327L\2131,#)\211\375\337\233/=c~\234\303\012"
  97      57D74C8B 
  97      312C2329 
  97      89FDDF9B 
  97      2F3D637E 
  98 0163 822C65FF 		.ascii	"\202,e\377|\030u\252\222\203U\004]\035\240\237\270\223"
  98      7C1875AA 
  98      92835504 
  98      5D1DA09F 
  98      B893
  99 0175 9F29C0C3 		.ascii	"\237)\300\303Id\231\301_\305\016\332{\333\314\225\376"
  99      496499C1 
  99      5FC50EDA 
  99      7BDBCC95 
  99      FE
 100 0186 C8F54838 		.ascii	"\310\365H8q\253/\022\253\236\273\302\315\227[M,n\372"
 100      71AB2F12 
 100      AB9EBBC2 
 100      CD975B4D 
 100      2C6EFA
 101 0199 AF45CD40 		.ascii	"\257E\315@\354f\"n\302\335\241\226K\246\263\263\335"
 101      EC66226E 
 101      C2DDA196 
 101      4BA6B3B3 
 101      DD
 102 01aa 7477846E 		.ascii	"tw\204n7K\246'\236\350\211F\373.\366\3221\232g\304\306"
 102      374BA627 
 102      9EE88946 
 102      FB2EF6D2 
 102      319A67C4 
 103              		.text
 104              		.section	.gnu.lto_.symbol_nodes.8740f9f9,"",%progbits
 105 0000 789C6365 		.ascii	"x\234ce`b(d\000\002\246+\214\365\014\014\023\31610\000"
 105      60622864 
 105      0002A62B 
 105      8CF50C0C 
 105      13CE3130 
 106 0015 A95D0D8E 		.ascii	"\251]\015\216@\221\253\214\365\214(\"\214\327\030\353"
 106      4091AB8C 
 106      F58C2822 
 106      8CD718EB 
ARM GAS  C:\Users\TUDENT~1\AppData\Local\Temp\ccGqrzvN.s 			page 8


 107 0025 99C0220C 		.ascii	"\231\300\"\014\014\015\015\016@\201\353\214\365\314"
 107      0C0D0D0E 
 107      4081EB8C 
 107      F5CC
 108 0033 28023718 		.ascii	"(\0027\030\353Y\220\005\230\201\260\345\341?Ff\240="
 108      EB599005 
 108      9881B0E5 
 108      E13F4666 
 108      A03D
 109 0045 2D6D6FE4 		.ascii	"-mo\344\231\031Y\300|\006\000q\375\034\262"
 109      991959C0 
 109      7C060071 
 109      FD1CB2
 110              		.text
 111              		.section	.gnu.lto_.refs.8740f9f9,"",%progbits
 112 0000 789C6365 		.ascii	"x\234ce`b`d\000\002\000\000I\000\011"
 112      60626064 
 112      00020000 
 112      490009
 113              		.text
 114              		.section	.gnu.lto_.decls.8740f9f9,"",%progbits
 115 0000 789CAD96 		.ascii	"x\234\255\226kLTI\026\307\357\351j^M\363\010\222\215"
 115      6B4C5449 
 115      16C7EFE9 
 115      6A5E4DF3 
 115      08928D
 116 0013 1FF8400C 		.ascii	"\037\370@\014\211|\031\032$\031'\223\315F\304\235\225"
 116      897C191A 
 116      24192793 
 116      CD46C49D 
 116      95
 117 0024 04D68930 		.ascii	"\004\326\2110~Y\222\0166\255t\246\037\332\335\270\303"
 117      7E59920E 
 117      36AD74A6 
 117      1FDADDB8 
 117      C3
 118 0035 87C95C05 		.ascii	"\207\311\\\005f\300\327\310\350<`te\320QTP\300\021\025"
 118      66C0D7C8 
 118      E83C6074 
 118      65D05154 
 118      50C01115 
 119 0049 05111001 		.ascii	"\005\021\020\001\031\025\021QT\232ADw\020Ep\004\301"
 119      19151151 
 119      549A4144 
 119      77104570 
 119      04C1
 120 005b C79EAABA 		.ascii	"\307\236\252\272\227\333\364\242!\233\275\351s\373V"
 120      97DBF4A2 
 120      219BBDE9 
 120      73FB56
 121 006a F539BFF3 		.ascii	"\3659\277\363\257\252Su\333KP\011\355\376\202\320B\004"
 121      AFAA5375 
 121      DB4B5009 
 121      EDFE82D0 
 121      4204
 122 007c 410D82F0 		.ascii	"A\015\202\360\006/|\024\312\321\260)T\010\374\362B;"
 122      062F7C14 
ARM GAS  C:\Users\TUDENT~1\AppData\Local\Temp\ccGqrzvN.s 			page 9


 122      CAD1B029 
 122      5408FCF2 
 122      423B
 123 008e 85568376 		.ascii	"\205V\203v\026\255\016\255Q\370\357k=\006\371\342\367"
 123      16AD0EAD 
 123      51F8EF6B 
 123      3D06F9E2 
 123      F7
 124 009f 2AB410B4 		.ascii	"*\264\020\264P\211\321\206v\005\355*\332I\3117@b^C\273"
 124      5089D186 
 124      7605ED2A 
 124      DA49C937 
 124      40625E43 
 125 00b4 8E7603ED 		.ascii	"\216v\003\355&Z/Z\237\224\243\037m\000m\020\355\241"
 125      265A2F5A 
 125      9F94A31F 
 125      6D006D10 
 125      EDA1
 126 00c6 94DBF3CA 		.ascii	"\224\333\363\312t\3139\2056\2116\204\266\020\355\245"
 126      74CB3985 
 126      36893684 
 126      B610EDA5 
 127 00d6 94BF018D 		.ascii	"\224\277\001\215\216k\014m\024\3559\232J\032\317l\343"
 127      8E6B0C6D 
 127      14ED399A 
 127      4A1ACF6C 
 127      E3
 128 00e7 F89EC0DD 		.ascii	"\370\236\300\335\226CG\310v\002\0135@g%\010\273\216"
 128      964347C8 
 128      76020B35 
 128      40672508 
 128      BB8E
 129 00f9 3D3AFD22 		.ascii	"=:\375\"\200wQ\017\327\213\322\217\242\312D~\371\252"
 129      8077510F 
 129      D78BD28F 
 129      A2CA447E 
 129      F9AA
 130 010b 94D06B5F 		.ascii	"\224\320k_\217\356\367!\376\314\251#\247b7\305\204h"
 130      8FEEF721 
 130      FECCA923 
 130      A76237C5 
 130      8468
 131 011d 408DCDA7 		.ascii	"@\215\315\247\277\026\335\013\304f\250\006\302\277'"
 131      BF16DD0B 
 131      C466A806 
 131      C2BF27
 132 012c AAC2B6EE 		.ascii	"\252\302\266\356\0065Dj\016PD\375\370\350\302\202\257"
 132      0635446A 
 132      0E5044FD 
 132      F8E8C282 
 132      AF
 133 013d 44510547 		.ascii	"DQ\005GA\003\207\201\300!\210\242\013\261P\203\367<"
 133      41038781 
 133      C02188A2 
 133      0BB15083 
 133      F73C
 134 014f 51DC24EE 		.ascii	"Q\334$\356\310\026\375\226\013P\006ap\004\302\004(\207"
ARM GAS  C:\Users\TUDENT~1\AppData\Local\Temp\ccGqrzvN.s 			page 10


 134      C816FD96 
 134      0B500661 
 134      7004C204 
 134      2887
 135 0161 48AA86FA 		.ascii	"H\252\206\372A)v\036\304N\314rh\177A\2117\371\234\012"
 135      4129761E 
 135      C44ECC72 
 135      687F4189 
 135      37F99C0A 
 136 0175 5035D7DD 		.ascii	"P5\327\335\276\251\006M\344\254\361\225\263\304KZJ\027"
 136      BEA9064D 
 136      E4ACF195 
 136      B3C44B5A 
 136      4A17
 137 0187 34E7522D 		.ascii	"4\347R-\025\250\345\230\242\005\245\321/\354\305<\325"
 137      15A8E598 
 137      A205A5D1 
 137      2FECC53C 
 137      D5
 138 0198 DB9A6A55 		.ascii	"\333\232jU\275p\007p\360\020\314\206\017\300\357\300"
 138      BD700770 
 138      F010CC86 
 138      0FC0EFC0 
 139 01a8 8C35DFC8 		.ascii	"\2145\337\310\027\000\353\307^\025\273sG\326\005r\204"
 139      1700EBC7 
 139      5E15BB73 
 139      47D60572 
 139      84
 140 01b9 D456494D 		.ascii	"\324VIM\225\204d\037)\030\334\210\374g\236I\276x\355"
 140      9584641F 
 140      2918DC88 
 140      FC679E49 
 140      BE78ED
 141 01cc F2071626 		.ascii	"\362\007\026&G\203JI\000\340\036\340\006\344\262\245"
 141      47834A49 
 141      00E01EE0 
 141      06E4B2A5 
 142 01dc DFA7F509 		.ascii	"\337\247\365\011\312\340@^\346\247\205\355\203\032\027"
 142      CAE0405E 
 142      E6A785ED 
 142      831A17
 143 01eb DCA5BDC5 		.ascii	"\334\245\275\305K\200\365\265\344\036\037\017$\375\300"
 143      4B80F5B5 
 143      E41E1F0F 
 143      24FDC0
 144 01fa D6FEC29B 		.ascii	"\326\376\302\233\361\372 \276\366*Z\026#\355{\374\371"
 144      F1FA20BE 
 144      F62A5A16 
 144      23ED7BFC 
 144      F9
 145 020b DA076373 		.ascii	"\332\007csbc\327y\315\374\357X\365d\213\301*X\365'\250"
 145      6263D779 
 145      CDFCEF58 
 145      F5648BC1 
 145      2A58F527 
 146 0220 C6353881 		.ascii	"\30658\201k \300I\230\217\367\325j\236\252\262y\260"
 146      6B20C049 
ARM GAS  C:\Users\TUDENT~1\AppData\Local\Temp\ccGqrzvN.s 			page 11


 146      988FF7D5 
 146      6A9EAAB2 
 146      79B0
 147 0232 46BDA058 		.ascii	"F\275\240X,\356\023\353\273\353\242\317\224|)^\305\260"
 147      2CEE13EB 
 147      BBEBA2CF 
 147      947C295E 
 147      C5B0
 148 0244 25CC0F7E 		.ascii	"%\314\017~Q\226\007\037\361~\034\\\000U\320\213\312"
 148      5196071F 
 148      F17E1C5C 
 148      0055D08B 
 148      CA
 149 0255 4FC1022A 		.ascii	"O\301\002*u\353\223\342 rR\305d5\355\334\323\357-\301"
 149      75EB93E2 
 149      207252C5 
 149      6435EDDC 
 149      D3EF2DC1 
 150 0269 7A5BB585 		.ascii	"z[\265\205b\375&\221\2564E\235VP\247=Q5\014\345\032"
 150      62FD2691 
 150      AE34459D 
 150      5650A73D 
 150      51350CE5 
 151 027e 19BBE84F 		.ascii	"\031\273\350O\0329j\347\301\236\257T\210\352\243\025"
 151      1A396AE7 
 151      C19EAF54 
 151      88EAA315 
 152 028e D313F9AA 		.ascii	"\323\023\371\252b@\314\323pQg\024\322\031J\242\017g"
 152      6240CCD3 
 152      70516714 
 152      D2194AA2 
 152      0F67
 153 02a0 1921FF64 		.ascii	"\031!\377d\3436B\276%\2140vq*\327W\"4\016G_\256\022"
 153      E33642BE 
 153      258C3076 
 153      712AD757 
 153      22340E47 
 154 02b7 73BC587C 		.ascii	"s\274X|\255\022_+\307\327\261\370\312\211\241lBn\361"
 154      AD125F2B 
 154      C7D7B1F8 
 154      CA89A16C 
 154      426EF1
 155 02ca F88617AE 		.ascii	"\370\206\027\256`\265\212W$\235.\354\332\374s\353$\231"
 155      60B58A57 
 155      249D2EEC 
 155      DAFC73EB 
 155      2499
 156 02dc EEAB07D6 		.ascii	"\356\253\007\326y\251c\264[\373\326\331n`\263}\036\244"
 156      79A963B4 
 156      5BFBD6D9 
 156      6E60B37D 
 156      1EA4
 157 02ee E91EFDA6 		.ascii	"\351\036\375\246~\257\217$j\354ux\021\023\205>pN\021"
 157      7EAF8F24 
 157      6AEC7578 
 157      1113853E 
 157      704E11
ARM GAS  C:\Users\TUDENT~1\AppData\Local\Temp\ccGqrzvN.s 			page 12


 158 0301 754E16D5 		.ascii	"uN\026\325\310Dm\256\356\354Uk\362(\236m2\272\350\362"
 158      C8446DAE 
 158      EEEC556B 
 158      F2289E6D 
 158      32BAE8F2 
 159 0315 3613A089 		.ascii	"6\023\240\211\356\032\320\205A4\333\237]\023\265\223"
 159      EE1AD085 
 159      4134DB9F 
 159      5D13B593 
 160 0325 5A725C4D 		.ascii	"Zr\\MG\240\356\3337:\344\015\221a\000\032\264\003\362"
 160      47A0EEDB 
 160      373AE40D 
 160      9161001A 
 160      B403F2
 161 0338 7922400B 		.ascii	"y\"@\013\252\277 e\301\253HD\372\310\027\264\233\037"
 161      AABF2065 
 161      C1AB4844 
 161      FAC817B4 
 161      9B1F
 162 034a 06232522 		.ascii	"\006#%\"\231/@,\243B3n\345\026\226\246\025\323^\304"
 162      992F402C 
 162      A342336E 
 162      E51696A6 
 162      15D35EC4 
 163 035e B445A22F 		.ascii	"\264E\242/\353\301\204[\207;~\320\206\354`\352D1\034"
 163      EBC1845B 
 163      873B7ED0 
 163      86EC60EA 
 163      44311C
 164 0371 185B197E 		.ascii	"\030[\031~\033\204\310\"Y\003#\006\246\312k\002y\355"
 164      1B84C822 
 164      59032306 
 164      A6CA6B02 
 164      79ED
 165 0383 7A6373FC 		.ascii	"zcs\374X\361\345\200\267\016\257]\036\336%~\376<\333"
 165      58F1E580 
 165      B70EAF5D 
 165      1EDE257E 
 165      FE3CDB
 166 0396 9C3B2E1D 		.ascii	"\234;.\035z>\330,\035\334\275]\313\013\377\003l\336"
 166      7A3ED82C 
 166      1DDCBD5D 
 166      CB0BFF03 
 166      6CDE
 167 03a8 BE5AD61C 		.ascii	"\276Z\326\034\340)\3462\302~e\260+LL;\027s\205\211q"
 167      E029E632 
 167      C27E65B0 
 167      2B4C4C3B 
 167      17738589 
 168 03bd 4D74F76A 		.ascii	"Mt\367j\265\233\247O0V J\372\253\240\225W\005\037\321"
 168      B59BA74F 
 168      3056204A 
 168      FAABA095 
 168      57051FD1 
 169 03d1 FFC14111 		.ascii	"\377\301A\021w\341)6\277\220_\331Y\342\217\213Y\217"
 169      77E12936 
 169      BF905FD9 
ARM GAS  C:\Users\TUDENT~1\AppData\Local\Temp\ccGqrzvN.s 			page 13


 169      59E28F8B 
 169      598F
 170 03e3 E5EE2A24 		.ascii	"\345\356*$\371\225\025\255\033\305\320\034?\006\351"
 170      F99515AD 
 170      1BC5D01C 
 170      3F06E9
 171 03f2 5016B4C3 		.ascii	"P\026\264\303\263\336\257\261\205\035y~\251\200\220"
 171      B3DEAFB1 
 171      851D797E 
 171      A98090
 172 0401 979CF553 		.ascii	"\227\234\365S\333\341{Db5\016\1770T%\212xH\342\021N"
 172      DBE17B44 
 172      62350E7F 
 172      3054258A 
 172      7848E211 
 173 0416 599D0AAB 		.ascii	"Y\235\012\253\323\223u\235\261\032\237\337(\367!\333"
 173      D393759D 
 173      B11A9FDF 
 173      28F721DB 
 174 0426 BC18EBCB 		.ascii	"\274\030\353\313]\207^{I\254\261\236\210\275\373\330"
 174      5D875E7B 
 174      49ACB19E 
 174      88BDFBD8 
 175 0436 9E2E5ECE 		.ascii	"\236.^\316\267O\227\002\353\362\204\335`\260\003\343"
 175      B74F9702 
 175      EBF284DD 
 175      60B003E3 
 176 0446 135B0249 		.ascii	"\023[\002I1\207\345\276\032\355\013\224`\327\212\010"
 176      3187E5BE 
 176      1AED0B94 
 176      60D78A08 
 177 0456 DFD33FF1 		.ascii	"\337\323?\361=\335\255\240\272=Q7\031\252{\260!\235"
 177      3DDDADA0 
 177      BA3D5137 
 177      19AA7BB0 
 177      219D
 178 0468 1CE6A4C3 		.ascii	"\034\346\244\303\345\377\252\300\271\343\215-\015\215"
 178      E5FFAAC0 
 178      B9E38D2D 
 178      0D8D
 179 0476 BBBD712B 		.ascii	"\273\275q+A\017\253\303\331\367[S\305\221W\201o\335"
 179      410FABC3 
 179      D9F75B53 
 179      C5915781 
 179      6FDD
 180 0488 5A77D9D6 		.ascii	"Zw\331\326\272#o\255\301\037\277\253\220Wc\374\024\331"
 180      BA236FAD 
 180      C11FBFAB 
 180      905763FC 
 180      14D9
 181 049a 7EA877AB 		.ascii	"~\250w\253X\274Q\\\322\242\242\236pK\326\012\267AM["
 181      58BC515C 
 181      D2A2A29E 
 181      704BD60A 
 181      B7414D5B 
 182 04ae 33E5F632 		.ascii	"3\345\3662\271\023\177\234?\357K\362\275\231\304\332"
 182      B9137F9C 
ARM GAS  C:\Users\TUDENT~1\AppData\Local\Temp\ccGqrzvN.s 			page 14


 182      3FEF4BF2 
 182      BD99C4DA 
 183 04be EAE14E50 		.ascii	"\352\341NP\226\367\353\343\356\313\353R\206\356\362"
 183      96F7EBE3 
 183      EECBEB52 
 183      86EEF2
 184 04cd 64F53156 		.ascii	"d\3651V\311\315[U\336d\017g\265\377\270e\314Ob\365\347"
 184      C9CD5B55 
 184      DE640F67 
 184      B5FFB865 
 184      CC4F62F5 
 185 04e2 CF9CC5DF 		.ascii	"\317\234\305\337\024\324o\236\250~\206\332\365\363\305"
 185      14D46F9E 
 185      A87E86DA 
 185      F5F3C5
 186 04f1 7C35A9E2 		.ascii	"|5\251\342\250\326s\223G\275\246+%\362\361\214J\271"
 186      A8D67393 
 186      47BDA62B 
 186      25F2F18C 
 186      4AB9
 187 0503 A7B0EE79 		.ascii	"\247\260\356y\262\006\030\253u\240\274!\220\\\340\254"
 187      B20618AB 
 187      75A0BC21 
 187      905CE0AC 
 188 0513 C29EA11F 		.ascii	"\302\236\241\037\374\246+%\272tf\245\334W`\367=a\203"
 188      FCA62B25 
 188      BA7466A5 
 188      DC5760F7 
 188      3D6183
 189 0526 0CD6B7F7 		.ascii	"\014\326\267\367\301\316\000\322\303a\227\352\366u\311"
 189      C1CE00D2 
 189      C36197EA 
 189      F675C9
 190 0535 C2AEED99 		.ascii	"\302\256\355\2319\306\007\012\352\201'\352!C\025\235"
 190      39C6070A 
 190      EA8127EA 
 190      2143159D 
 191 0545 79D6E6C5 		.ascii	"y\326\346\305w\266/6\357\237xuEK\00699\257l{#\241gD"
 191      77B62F36 
 191      EF9F7875 
 191      454B0639 
 191      39AF6C7B 
 192 055d F69CFE67 		.ascii	"\366\234\376g`\304\235\235\025\"\220\337yx\325\233\301"
 192      60C49D9D 
 192      152290DF 
 192      7978D59B 
 192      C1
 193 056e ABBEE409 		.ascii	"\253\276\344\011o\310\357\312\020\376\256\254\036lm"
 193      6FC8EFCA 
 193      10FEAEAC 
 193      1E6C6D
 194 057d D6F01344 		.ascii	"\326\360\023D\004\372\012(\177\335\256\"\317\270o\361"
 194      04FA0A28 
 194      7FDDAE22 
 194      CFB86FF1 
 195 058d EB82127F 		.ascii	"\353\202\022\1779o\336\034\362zo\252\257\331\001\020"
 195      396FDE1C 
ARM GAS  C:\Users\TUDENT~1\AppData\Local\Temp\ccGqrzvN.s 			page 15


 195      F27A6FAA 
 195      AFD90110 
 196 059d 11111119 		.ascii	"\021\021\021\0311\257D\314\311\306\227\252\213\270N"
 196      31AF44CC 
 196      C9C697AA 
 196      8BB84E
 197 05ac 9462E5EC 		.ascii	"\224b\345\354\237\017CX\331\277\343L\214\303<\205\364"
 197      9F0F4358 
 197      D9BFE34C 
 197      8CC33C85 
 197      F4
 198 05bd 6F56CC31 		.ascii	"oV\3141x\023x\304h9\235\273\034\302\334\037y\272\353"
 198      781378C4 
 198      68399DBB 
 198      1CC2DC1F 
 198      79BAEB
 199 05d0 A8771970 		.ascii	"\250w\031p\367]\350\336pTr\177\212\356#\263\323\271"
 199      F75DE8DE 
 199      7054727F 
 199      8AEE23B3 
 199      D3B9
 200 05e2 3FFFFFD5 		.ascii	"?\377\377\325K\361b0u\023\2445\021\246s?.'\207\261\240"
 200      4BF16230 
 200      7513A435 
 200      11A6733F 
 200      2E2787B1 
 201 05f7 7007D0E4 		.ascii	"p\007\320\344\303\263&gR\013\244Cv\211Z\200'\370\363"
 201      C3B32667 
 201      520BA443 
 201      76895A80 
 201      27F8F3
 202 060a 6396873A 		.ascii	"c\226\207:#\022\376\300\331y\016\0210\2066\212\366\014"
 202      2312FEC0 
 202      D9790E11 
 202      3086368A 
 202      F60C
 203 061c 22E4FF36 		.ascii	"\"\344\3776\327\233\036\026\006\221\263>\354/\344\256"
 203      D79B1E16 
 203      0691B33E 
 203      EC2FE4AE 
 204 062c 8A8D3B34 		.ascii	"\212\215;4\0209\217+\273|\224d\213\"\300$R&\224\202"
 204      10398F2B 
 204      BB7C9464 
 204      8B22C024 
 204      52269482 
 205 0640 A142674F 		.ascii	"\241BgO\010/0\317\034r~\333\376M\223\267\373)?\3516"
 205      082F30CF 
 205      1C727EDB 
 205      FE4D93B7 
 205      FB293FE9 
 206 0655 2801A640 		.ascii	"(\001\246@\313\336\267S\354\210\177t\247\252U\355\356"
 206      CBDEB753 
 206      EC887F74 
 206      A7AA55ED 
 206      EE
 207 0666 DC30E395 		.ascii	"\3340\343\225\360Rr\246\337\276\177\373\373'\341\361"
 207      F05272A6 
ARM GAS  C:\Users\TUDENT~1\AppData\Local\Temp\ccGqrzvN.s 			page 16


 207      DFBE7FFB 
 207      FB27E1F1 
 208 0676 31318246 		.ascii	"11\202F\257\3174Y\235\261\213\364\3165\206\017S\015"
 208      AFCF3459 
 208      9DB18BF4 
 208      CE35860F 
 208      530D
 209 0688 19A6D526 		.ascii	"\031\246\325&\20733\335dKu\332lfG\352Zkf8{\012O\263"
 209      873333DD 
 209      644B75DA 
 209      6C6647EA 
 209      5A6B6638 
 210 06a0 5BC28D96 		.ascii	"[\302\215\226\325\306\364tcz\352\373Q\261\341\213\242"
 210      D5C6F474 
 210      637AEAFB 
 210      51B1E18B 
 210      A2
 211 06b1 6316AF8F 		.ascii	"c\026\257\217I\305\376\367\2546\253\361=c\332jS\252"
 211      49C5FEF7 
 211      AC36ABF1 
 211      3D63DA6A 
 211      53AA
 212 06c3 C96A3067 		.ascii	"\311j0g\246\033S-i\310\262\032S\365\351\3065i\231f\247"
 212      A61B532D 
 212      69C8B21A 
 212      53F5E9C6 
 212      35699966 
 213 06d8 DE99B5CE 		.ascii	"\336\231\265\316\350\210\312\020|\345|\377\370\277\346"
 213      E888CA10 
 213      7CE57CFF 
 213      F8BFE6
 214 06e7 73643952 		.ascii	"sd9R\365\016g:\3021IPr\226#\305d\370T\277<\315\232n"
 214      F50E673A 
 214      C2314950 
 214      729623C5 
 214      64F854BF 
 215 06ff 36DA9719 		.ascii	"6\332\227\031>\324\305\323\\\311,\027\177^\221\034\263"
 215      3ED4C5D3 
 215      5CC92C17 
 215      7F5E911C 
 215      B3
 216 0710 F87D9DCD 		.ascii	"\370}\235\315\241\313H3\353\326\331\354N\207.9%)v\221"
 216      A1CB4833 
 216      EBD6D9EC 
 216      4E872E39 
 216      25297691 
 217 0724 2E317199 		.ascii	".1q\231.%!iC\014\375\005\241z\2639=\312 \370\363'\275"
 217      2E252169 
 217      430CFD05 
 217      A17AB339 
 217      3DCA20F8 
 218 073b C96A7286 		.ascii	"\311jr\206\350i\200\336d_\2577\2563\231mk3\215\177y"
 218      E86980DE 
 218      645FAF37 
 218      AE33996D 
 218      6B338D7F 
 219 0750 670E83CD 		.ascii	"g\016\203\315b\261Y\2454q+\223\342\223>\323\0312\014"
ARM GAS  C:\Users\TUDENT~1\AppData\Local\Temp\ccGqrzvN.s 			page 17


 219      62B159A5 
 219      34712B93 
 219      E2933ED3 
 219      19320C
 220 0763 36BB51BF 		.ascii	"6\273Q\277a\261\005%\207\0302\230h\213\321.\211N\210"
 220      61B10525 
 220      87183298 
 220      688BD12E 
 220      894E88
 221 0776 7E27D1EE 		.ascii	"~'\321\356\324I\203G\020\016\037\031a\326\015&C\262"
 221      D4498347 
 221      100E1F19 
 221      61D60D26 
 221      43B2
 222 0788 D18920A7 		.ascii	"\321\211 \247\321\"a>\266\233lv\2233\353\317s\234\003"
 222      D122613E 
 222      B69B6C76 
 222      9333EBCF 
 222      739C03
 223 079b 49A9A491 		.ascii	"I\251\244\221\022\221\2546d\244\331Cl\21643\262\023"
 223      1291AC36 
 223      64A4D943 
 223      6C8E3433 
 223      B213
 224 07ad 6D864F3F 		.ascii	"m\206O?\262\333,\011\311+\337-\221Bi\014\325J\277\021"
 224      B2DB2C09 
 224      C92BDF2D 
 224      9142690C 
 224      D54ABF11 
 225 07c1 14CC86E9 		.ascii	"\024\314\206\351F\010a\023i\306\016\375\032\354\321"
 225      46086113 
 225      69C60EFD 
 225      1AECD1
 226 07d0 9B1C76BF 		.ascii	"\233\034v\277\351\256\000\275\336at\352\227\306%\377"
 226      E9AE00BD 
 226      DE6174EA 
 226      97C625FF 
 227 07e0 F5E39509 		.ascii	"\365\343\225\011\001i\346\177\246e9p\001\314XZK\347"
 227      0169E67F 
 227      A6653970 
 227      01CC585A 
 227      4BE7
 228 07f2 32DFC6CF 		.ascii	"2\337\306\317\234\272\370\244\344\204de\256,\016\223"
 228      9CBAF8A4 
 228      E4846465 
 228      AE2C0E93 
 229 0802 43BFD640 		.ascii	"C\277\326@G5\217\212Z1s\322C\245A~b5\273\211d\252gt"
 229      47358F8A 
 229      5A3173D2 
 229      43A5417E 
 229      6235BB89 
 230 081a 85329199 		.ascii	"\2052\221\231\326\031\312\375\335:\311\252\270Du\342"
 230      D619CAFD 
 230      DD3AC9AA 
 230      B84475E2 
 231 082a 8AB865EA 		.ascii	"\212\270e\352\370\224\225\211^\361q\211\011K\343\376"
 231      F8949589 
ARM GAS  C:\Users\TUDENT~1\AppData\Local\Temp\ccGqrzvN.s 			page 18


 231      5EF17189 
 231      094BE3FE 
 232 083a 47CDB44C 		.ascii	"G\315\264L\014\226X\224\254\225+;\005\367\323\177\000"
 232      0C965894 
 232      AC952B3B 
 232      05F7D37F 
 232      00
 233 084b A85DE391 		.ascii	"\250]\343\221"
 234              		.text
 235              		.section	.gnu.lto_.symtab.8740f9f9,"",%progbits
 236 0000 53797354 		.ascii	"SysTick_Handler\000"
 236      69636B5F 
 236      48616E64 
 236      6C657200 
 237 0010 00       		.ascii	"\000"
 238 0011 00       		.ascii	"\000"
 239 0012 00       		.ascii	"\000"
 240 0013 00000000 		.ascii	"\000\000\000\000\000\000\000\000"
 240      00000000 
 241 001b B8000000 		.ascii	"\270\000\000\000"
 242 001f 73745F6C 		.ascii	"st_lld_init\000"
 242      6C645F69 
 242      6E697400 
 243 002b 00       		.ascii	"\000"
 244 002c 00       		.ascii	"\000"
 245 002d 00       		.ascii	"\000"
 246 002e 00000000 		.ascii	"\000\000\000\000\000\000\000\000"
 246      00000000 
 247 0036 BA000000 		.ascii	"\272\000\000\000"
 248 003a 5F706F72 		.ascii	"_port_irq_epilogue\000"
 248      745F6972 
 248      715F6570 
 248      696C6F67 
 248      756500
 249 004d 00       		.ascii	"\000"
 250 004e 02       		.ascii	"\002"
 251 004f 00       		.ascii	"\000"
 252 0050 00000000 		.ascii	"\000\000\000\000\000\000\000\000"
 252      00000000 
 253 0058 BC000000 		.ascii	"\274\000\000\000"
 254 005c 63685379 		.ascii	"chSysTimerHandlerI\000"
 254      7354696D 
 254      65724861 
 254      6E646C65 
 254      724900
 255 006f 00       		.ascii	"\000"
 256 0070 02       		.ascii	"\002"
 257 0071 00       		.ascii	"\000"
 258 0072 00000000 		.ascii	"\000\000\000\000\000\000\000\000"
 258      00000000 
 259 007a BE000000 		.ascii	"\276\000\000\000"
 260 007e 6E766963 		.ascii	"nvicSetSystemHandlerPriority\000"
 260      53657453 
 260      79737465 
 260      6D48616E 
 260      646C6572 
 261 009b 00       		.ascii	"\000"
ARM GAS  C:\Users\TUDENT~1\AppData\Local\Temp\ccGqrzvN.s 			page 19


 262 009c 02       		.ascii	"\002"
 263 009d 00       		.ascii	"\000"
 264 009e 00000000 		.ascii	"\000\000\000\000\000\000\000\000"
 264      00000000 
 265 00a6 C3000000 		.ascii	"\303\000\000\000"
 266              		.text
 267              		.section	.gnu.lto_.opts,"",%progbits
 268 0000 272D666D 		.ascii	"'-fmath-errno' '-fsigned-zeros' '-ftrapping-math' '"
 268      6174682D 
 268      6572726E 
 268      6F272027 
 268      2D667369 
 269 0033 2D666E6F 		.ascii	"-fno-trapv' '-fno-openmp' '-fno-openacc' '-mcpu=cor"
 269      2D747261 
 269      70762720 
 269      272D666E 
 269      6F2D6F70 
 270 0066 7465782D 		.ascii	"tex-m3' '-mno-thumb-interwork' '-mthumb' '-ggdb' '-"
 270      6D332720 
 270      272D6D6E 
 270      6F2D7468 
 270      756D622D 
 271 0099 4F322720 		.ascii	"O2' '-fomit-frame-pointer' '-falign-functions=16' '"
 271      272D666F 
 271      6D69742D 
 271      6672616D 
 271      652D706F 
 272 00cc 2D666675 		.ascii	"-ffunction-sections' '-fdata-sections' '-fno-common"
 272      6E637469 
 272      6F6E2D73 
 272      65637469 
 272      6F6E7327 
 273 00ff 2720272D 		.ascii	"' '-flto'\000"
 273      666C746F 
 273      2700
 274              		.text
 275              		.comm	__gnu_lto_v1,1,1
 276              		.comm	__gnu_lto_slim,1,1
 277              		.ident	"GCC: (GNU Tools for ARM Embedded Processors 6-2017-q1-update) 6.3.1 20170215 (release) [AR
ARM GAS  C:\Users\TUDENT~1\AppData\Local\Temp\ccGqrzvN.s 			page 20


DEFINED SYMBOLS
                            *ABS*:00000000 hal_st_lld.c
                            *COM*:00000001 __gnu_lto_v1
                            *COM*:00000001 __gnu_lto_slim

NO UNDEFINED SYMBOLS
