ARM GAS  C:\Users\TUDENT~1\AppData\Local\Temp\cc7clY7V.s 			page 1


   1              		.cpu cortex-m3
   2              		.eabi_attribute 20, 1
   3              		.eabi_attribute 21, 1
   4              		.eabi_attribute 23, 3
   5              		.eabi_attribute 24, 1
   6              		.eabi_attribute 25, 1
   7              		.eabi_attribute 26, 1
   8              		.eabi_attribute 30, 2
   9              		.eabi_attribute 34, 1
  10              		.eabi_attribute 18, 4
  11              		.file	"hal_pal.c"
  12              		.text
  13              	.Ltext0:
  14              		.section	.gnu.lto_.profile.8740f68c,"",%progbits
  15 0000 789C6365 		.ascii	"x\234ce`b`a```d\320\220\001\000\000\354\000Q"
  15      60626061 
  15      60606064 
  15      D0900100 
  15      00EC0051 
  16              		.text
  17              		.section	.gnu.lto_.icf.8740f68c,"",%progbits
  18 0000 789C6365 		.ascii	"x\234ce`b\020a@\000f\206\343\227n\235fc\334\276\377"
  18      60621061 
  18      40006686 
  18      E3976E9D 
  18      6663DCBE 
  19 0015 D00F76A6 		.ascii	"\320\017v\246u;\036\256\342e\000\000hQ\011\233"
  19      753B1EAE 
  19      E2650000 
  19      6851099B 
  20              		.text
  21              		.section	.gnu.lto_.jmpfuncs.8740f68c,"",%progbits
  22 0000 789C6365 		.ascii	"x\234ce`bPb@\000f\006FF\306zF&FF\346\372z&0\305\310"
  22      60625062 
  22      40006606 
  22      4646C67A 
  22      46264646 
  23 001b 069162AA 		.ascii	"\006\221b\252d\004Q\0009\324\002\300"
  23      64045100 
  23      39D402C0 
  24              		.text
  25              		.section	.gnu.lto_.inline.8740f68c,"",%progbits
  26 0000 789C6365 		.ascii	"x\234ce`b\370\316\200\000\314\014\014\234\034\214\314"
  26      6062F8CE 
  26      8000CC0C 
  26      0C9C1C8C 
  26      CC
  27 0011 0C0A8C20 		.ascii	"\014\012\214 &\210t\000\223\012\034l\037\364\030\330"
  27      26887400 
  27      930A1C6C 
  27      1FF418D8 
  28 0021 16C83331 		.ascii	"\026\310310\276`g\201\220 \202\003\314\344\000\021\002"
  28      30BE6067 
  28      81902082 
  28      03CCE400 
  28      1102
  29 0033 60A600C8 		.ascii	"`\246\000\310\030F\006>^F\026\210)\214@\022b\224\002"
ARM GAS  C:\Users\TUDENT~1\AppData\Local\Temp\cc7clY7V.s 			page 2


  29      1846063E 
  29      5E461688 
  29      298C4012 
  29      629402
  30 0046 C4406EA6 		.ascii	"\304@n\246\013\374\030F\001\305P\014aY /\001b)010\357"
  30      0BFC1846 
  30      01C5500C 
  30      6159202F 
  30      01622930 
  31 005d 10576000 		.ascii	"\020W`\000Zo\0012\231\211\201[\030\305}PC9\201r\304"
  31      5A6F0132 
  31      9989815B 
  31      18C57D50 
  31      43398172 
  32 0072 390F6893 		.ascii	"9\017h\223\004\310$\026^\240w'\370\201 \003\000\006"
  32      04C82416 
  32      5EA07727 
  32      F8812003 
  32      0006
  33 0084 0820CB   		.ascii	"\010 \313"
  34              		.text
  35              		.section	.gnu.lto_.pureconst.8740f68c,"",%progbits
  36 0000 789C6365 		.ascii	"x\234ce`b`g```f\220b\224b\222\004\000\001\307\000b"
  36      60626067 
  36      60606066 
  36      90629462 
  36      92040001 
  37              		.text
  38              		.section	.gnu.lto_palReadBus.8740f68c,"",%progbits
  39 0000 789C9591 		.ascii	"x\234\225\221\277k\024Q\020\307\347\373fow/F\377\001"
  39      BF6B1451 
  39      10C7E7FB 
  39      666F772F 
  39      46FF01
  40 0013 535C2184 		.ascii	"S\\!\2044.\012*\330\012\266\026\371\003$9\213\034\004"
  40      342E0A2A 
  40      D80AB616 
  40      F9032439 
  40      8B1C04
  41 0026 229EA9EF 		.ascii	"\"\236\251\357\335&\271\350\211?\020\365\374un\241!"
  41      DD26B9E8 
  41      893F10F5 
  41      FC756EA1 
  41      21
  42 0037 46CD4F35 		.ascii	"F\315O5E\252#\021\004Ac\322X\211Am\016\264\360\2324"
  42      45AA2311 
  42      044163D2 
  42      5889416D 
  42      0EB4F09A 
  43 004c 213AF336 		.ascii	"!:\3636\007W\330\244\330y3of>3\337}\0312T4D'\210\350"
  43      0757D8A4 
  43      D879336F 
  43      663E33DF 
  43      7D193254 
  44 0065 B07C6082 		.ascii	"\260|`\202\271\365\211\250\034\032@\035\033\202J\006"
  44      B9F589A8 
  44      1C1A401D 
ARM GAS  C:\Users\TUDENT~1\AppData\Local\Temp\cc7clY7V.s 			page 3


  44      1B824A06 
  45 0075 25DCE41A 		.ascii	"%\334\344\032cc|\3411\337\340D\312<\011\377||\370\343"
  45      63637CE1 
  45      31DFE044 
  45      CA3C09FF 
  45      7C7CF8E3 
  46 0089 9086404E 		.ascii	"\220\206@N\302Gv\363j\3207mml\033\265\333\376\223\245"
  46      C24776F3 
  46      6AD0376D 
  46      6D6C1BB5 
  46      DBFE93A5 
  47 009d CF369BB0 		.ascii	"\3176\233\260\241\007R\376\034=\230F\217\316\230A\237"
  47      A10752FE 
  47      1C3D9846 
  47      8FCE9841 
  47      9F
  48 00ae 144F6CD4 		.ascii	"\024Ol\324*\314\307A\342\177\375\2665\023\366N\271\306"
  48      2ACCC741 
  48      E27FFDB6 
  48      3513F64E 
  48      B9C6
  49 00c0 7777D81E 		.ascii	"ww\330\036I\230\361\002\334\331(W\204\227\350\325\372"
  49      4998F102 
  49      DCD92857 
  49      8497E8D5 
  49      FA
  50 00d1 EF8BBB77 		.ascii	"\357\213\273w\017\372\336S&e\013\362\025|\3109\277\211"
  50      0FFADE53 
  50      26650BF2 
  50      157CC839 
  50      BF89
  51 00e3 86DDFD3B 		.ascii	"\206\335\375;i\033\277\236\241~6+\032\244\203\245\327"
  51      691BBF9E 
  51      A17E362B 
  51      1AA483A5 
  51      D7
  52 00f4 F3C46432 		.ascii	"\363\304d2b|_\275@MH\272\035U\005\241R\257I '7\021\257"
  52      627C5FBD 
  52      404D48BA 
  52      1D5505A1 
  52      52AF4920 
  53 010c 34AFAFF9 		.ascii	"4\257\257\371J\255\263\312\2767\261\272\036\250Nv\353"
  53      4AADB3CA 
  53      BE37B1BA 
  53      1EA84E76 
  53      EB
  54 011d 6EBFFF70 		.ascii	"n\277\377p\245;A\275l\255\315%\034\324\331`V\265In\352"
  54      A53B41BD 
  54      6CADCD25 
  54      1CD4D960 
  54      56B5496E 
  55 0132 673C1744 		.ascii	"g<\027D\2636M\205\230C\202\373\272#a\036\0215\261\272"
  55      B3364D85 
  55      984382FB 
  55      BA23611E 
  55      1135B1BA 
  56 0146 924DC15E 		.ascii	"\222M\301^'8\374\0378+\323\261\260\007\376\322j\255"
ARM GAS  C:\Users\TUDENT~1\AppData\Local\Temp\cc7clY7V.s 			page 4


  56      2738FC1F 
  56      382BD3B1 
  56      B007FED2 
  56      6AAD
  57 0158 750B78BC 		.ascii	"u\013x\274\254\251.,:\260\252\306\222\003\307mpf_+\036"
  57      ACA92E2C 
  57      3AB0AAC6 
  57      9203C76D 
  57      70665F2B 
  58 016d C06B4732 		.ascii	"\300kG2Jz\343Hc\255\012R\224\256)\300Nz\260/\272\301"
  58      4A7AE348 
  58      63AD0A52 
  58      94AE29C0 
  58      4E7AB02F 
  59 0183 5B4777AF 		.ascii	"[Gw\257\264\234\322w\332\364\320\015\010\3507\342\334"
  59      B49CD277 
  59      DAF4D00D 
  59      08E837E2 
  59      DC
  60 0194 DE8DFEA8 		.ascii	"\336\215\376\250\252\250\222w\220\205\242\374\351\350"
  60      AAA89277 
  60      9085A2FC 
  60      E9E8
  61 01a2 CC5061B0 		.ascii	"\314Pa\260\320\177y\364Ba$\365\317\365\037;u2\032)F"
  61      D07F79F4 
  61      426124F5 
  61      CFF51F3B 
  61      75321A29 
  62 01b7 4303C351 		.ascii	"C\003\303Q\361R^\317\363\027\007\206\217\346\211\007"
  62      F1525ECF 
  62      F3170786 
  62      8FE68907 
  63 01c7 478BFF00 		.ascii	"G\213\377\000\212%\317&"
  63      8A25CF26 
  64              		.text
  65              		.section	.gnu.lto_palWriteBus.8740f68c,"",%progbits
  66 0000 789C9593 		.ascii	"x\234\225\223\317k\023Q\020\307\337wg\263\331M6\352"
  66      CF6B1351 
  66      10C7DF77 
  66      67B3D94D 
  66      36EA
  67 0012 51B0871E 		.ascii	"Q\260\207\036\204\320\213\213=T\350U\360\332C\377\000"
  67      84D08B8B 
  67      3D54E855 
  67      F0DA43FF 
  67      00
  68 0023 69E2A181 		.ascii	"i\342\241\201B\305\264\347nb\223J\305\037 MT\032V\224"
  68      42C5B4E7 
  68      6E62934A 
  68      C51F204D 
  68      541A5694 
  69 0037 5AA3F697 		.ascii	"Z\243\366\227\277\243 !\036\012\376\244^\274(\212\212"
  69      BFA32021 
  69      1E0AFEA4 
  69      5EBC288A 
  69      8A
  70 0048 D083A055 		.ascii	"\320\203\240U\320CI:\363\266\301*^\372\340\315{3o\346"
ARM GAS  C:\Users\TUDENT~1\AppData\Local\Temp\cc7clY7V.s 			page 5


  70      D043493A 
  70      F3B6C12A 
  70      5EFAE0CD 
  70      7B336FE6 
  71 005c F366E6ED 		.ascii	"\363f\346\355F\224\241\272I\251^\245\324\036\236 \005"
  71      4694A1BA 
  71      49A95EA5 
  71      D41E9E20 
  71      05
  72 006d E3EC4BA5 		.ascii	"\343\354K\245r\266\001\310\306\267\241\306\014\214\341"
  72      72B601C8 
  72      C6B7A1C6 
  72      0C8CE1
  73 007c 0C95098D 		.ascii	"\014\225\011\215\211/5\243k\326\347Q/\377\264\212~a"
  73      892F35A3 
  73      6BD6E751 
  73      2FFFB48A 
  73      7E61
  74 008e 77C0E117 		.ascii	"w\300\341\027x\312\300,\272\330ke|q\232NS@\200\311\352"
  74      78CAC02C 
  74      BAD86B65 
  74      7C719A4E 
  74      534080C9 
  75 00a3 F717173F 		.ascii	"\367\027\027?\355\020\325@'\253\205\225r\221\250\033"
  75      ED10D540 
  75      27AB8595 
  75      7291A81B 
  76 00b3 8AF7EFDE 		.ascii	"\212\367\357\336\177\250\332\311\031\337\317\373\365"
  76      7FA8DAC9 
  76      19DFCFFB 
  76      F5
  77 00c0 E7E7C8DF 		.ascii	"\347\347\310\337\033\020\341:\210\201\250\242\003\327"
  77      1B10E13A 
  77      8881A8A2 
  77      03D7
  78 00ce D0A1D8A4 		.ascii	"\320\241\330\244p\003Iv\2574//\307\251G\207\326\202"
  78      70034976 
  78      AF342F2F 
  78      C7A94787 
  78      D682
  79 00e0 E9AAB519 		.ascii	"\351\252\265\031\372vJ\207\232\270\371o\250\2510\207"
  79      FA764A87 
  79      9AB8F96F 
  79      A8A93087 
  80 00f0 A4F87F5C 		.ascii	"\244\370\177\\jN%,\363J;]\314\303\002\257\013\257Q\367"
  80      6A4E252C 
  80      F34A3B5D 
  80      CCC302AF 
  80      0BAF51F7 
  81 0104 9BAD094E 		.ascii	"\233\255\011N\340*Z\207vr\335|\031ql\304\204\004Gxk"
  81      E02A5A87 
  81      7672DD7C 
  81      19716CC4 
  81      84044778 
  82 0119 5922A222 		.ascii	"Y\"\242\"l\026QGDL\324\270\010WDB\204R\223\014\227\306"
  82      6C165147 
  82      444CD4B8 
ARM GAS  C:\Users\TUDENT~1\AppData\Local\Temp\cc7clY7V.s 			page 6


  82      08574442 
  82      8452930C 
  83 012f 9D244356 		.ascii	"\235$CVZE\376\341\352\343\264\\W!\351a\251\320x\025"
  83      5A45FEE1 
  83      EAE3B45C 
  83      5721E961 
  83      A9D07815 
  84 0143 957690AE 		.ascii	"\225v\220\256\343\327\362\323\023n\200J\216{\332\031"
  84      E3D7F2D3 
  84      136E804A 
  84      8E7BDA19 
  85 0153 905DE136 		.ascii	"\220]\3416-p\356r6\3639?\037\365\346\374\360\310\301"
  85      2D70EE72 
  85      36F3393F 
  85      1FF5E6FC 
  85      F0C8C1
  86 0166 22029CD7 		.ascii	"\"\002\234\327\275\306\022<\305\350f\021!9R\341Z\345"
  86      BDC6123C 
  86      C5E86611 
  86      213952E1 
  86      5AE5
  87 0178 2E27D4AD 		.ascii	".'\324\255m\241M\334\322hi\010nk\364\361\3656:\252\351"
  87      6DA14DDC 
  87      D2686908 
  87      6E6BF4F1 
  87      F5363AAA 
  88 018d D656BABD 		.ascii	"\326V\272\275-z\014w4\335\020\372\335\220^j\323\235"
  88      2D7A0C77 
  88      34DD10FA 
  88      DD905E6A 
  88      D39D
  89 019f 90F6E8C7 		.ascii	"\220\366\350\307\3723C\272\022\303.\334c\014\373|k\373"
  89      FA3343BA 
  89      12C32EDC 
  89      630CFB7C 
  89      6BFB
  90 01b1 C47412CE 		.ascii	"\304t\022\316_Y\305\271\3400\253?~\2566\333b\373\335"
  90      5F59C5B9 
  90      E030AB3F 
  90      7EAE36DB 
  90      62FBDD
  91 01c4 B62574B8 		.ascii	"\266%t\270\313\266FIg\277\365\011\234\377=\001#\010"
  91      CBB64649 
  91      67BFF509 
  91      9CFF3D01 
  91      2308
  92 01d6 F7372B79 		.ascii	"\3677+y\263\266\366\304\345J\306sr\344\342\201\256D"
  92      B3B6F6C4 
  92      E54AC673 
  92      72E4E281 
  92      AE44
  93 01e8 7F403578 		.ascii	"\177@5x\214W_\221\277\324:\245o\323?\301$w\221\037\236"
  93      8C575F91 
  93      BFD43AA5 
  93      6FD33FC1 
  93      2477911F 
  94 01fd 8BF5D2BD 		.ascii	"\213\365\322\275\336\301\301L*\323?2z$3\034\356\373"
ARM GAS  C:\Users\TUDENT~1\AppData\Local\Temp\cc7clY7V.s 			page 7


  94      DEC1C14C 
  94      2AD33F32 
  94      7A24331C 
  94      EEFB
  95 020f FAF71FE8 		.ascii	"\372\367\037\350\361\206\263\336\340\300\220\227=\226"
  95      F186B3DE 
  95      E0C09097 
  95      3D96
  96 021d 96F5F0D1 		.ascii	"\226\365\360\321\201\241}iE\251\321\254\231\312\214"
  96      81A17D69 
  96      45A9D1AC 
  96      99CA8C
  97 022c 6437002B 		.ascii	"d7\000+8\006\231"
  97      380699
  98              		.text
  99              		.section	.gnu.lto_palSetBusMode.8740f68c,"",%progbits
 100 0000 789C9592 		.ascii	"x\234\225\222OH\324A\024\307\337w\336o\367\367\333\324"
 100      4F48D441 
 100      14C7DF77 
 100      DE6FF7F7 
 100      DBD4
 101 0012 CE811EF6 		.ascii	"\316\201\036\366\020,^\372Q\007\003\257\035:v\360\322"
 101      102C5EFA 
 101      510703AF 
 101      1D3A76F0 
 101      D2
 102 0023 4D743770 		.ascii	"Mt7p\301\330h\363\274\343\346\256a\240\201\330f\264"
 102      C1D868F3 
 102      BCE3E6AE 
 102      61A081D8 
 102      66B4
 103 0035 FC8258CC 		.ascii	"\374\202X\314\312\177Y\301&\302\342%\350/z-I*\002)!"
 103      CA7F59C1 
 103      26C2E225 
 103      E82F7A2D 
 103      492A0229 
 104 004a E9D0A5AC 		.ascii	"\351\320\245\254\367f\355P7\007f\346\315\314\373~\346"
 104      F766ED50 
 104      370766E6 
 104      CDCCFB7E 
 104      E6
 105 005b CD978991 		.ascii	"\315\227\211\221\241\214!\352&\242v\351`\202\271\366"
 105      A18C21EA 
 105      26A276E9 
 105      6082B9F6 
 106 006b 9A683830 		.ascii	"\232h80\200\0066\000\025\014\012\230\340\012cm\364s"
 106      80063600 
 106      150C0A98 
 106      E00A636D 
 106      F473
 107 007d DD74CE58 		.ascii	"\335t\316Xi\215\312\206_\266\245#\021\023MK\327\206"
 107      698DCA86 
 107      5FB6A523 
 107      11134D4B 
 107      D786
 108 008f 19744AD6 		.ascii	"\031tJ\326\372\310\342-\036\347\210\001O\226\273\257"
 108      FAC8E22D 
ARM GAS  C:\Users\TUDENT~1\AppData\Local\Temp\cc7clY7V.s 			page 8


 108      1EE78801 
 108      4F96BBAF 
 109 009f 6E7E3CAC 		.ascii	"n~<\254K\203\244,K\353\2252\363\011\220\304\233\357"
 109      4B83A42C 
 109      4BEB9532 
 109      F30990C4 
 109      9BEF
 110 00b1 B7668354 		.ascii	"\267f\203T\315\332\242m\274\233d{4b\306=\260\0001\213"
 110      CDDAA26D 
 110      BC9B647B 
 110      3462C63D 
 110      B000318B 
 111 00c5 0EDC4507 		.ascii	"\016\334E\007\311\026\341>R\222\376}\2716\331\302]N"
 111      C916E13E 
 111      5292FE7D 
 111      B936D9C2 
 111      5D4E
 112 00d7 FA627CF5 		.ascii	"\372b|\365\354\276\362\345\224Szx\360\277\322#\314!"
 112      ECBEF2E5 
 112      94537A78 
 112      F0BFD223 
 112      CC21
 113 00e9 A5E91F96 		.ascii	"\245\351\037\226\366\246\332\342\336\235\277\325b\036"
 113      F6A6DAE2 
 113      DE9DBFD5 
 113      621E
 114 00f7 71C8BCB0 		.ascii	"q\310\274\260\201\206\335\373=j\033?k\330<\235\220g"
 114      8186DDFB 
 114      3D6A1B3F 
 114      6BD83C9D 
 114      9067
 115 0109 CB5D2CDA 		.ascii	"\313],\332\230'C<&\203\037\327\310\207c\321\230\310"
 115      9827433C 
 115      26831FD7 
 115      C88763D1 
 115      98C8
 116 011b D599AB6C 		.ascii	"\325\231\253lt\346m\024\237n\357\244\025Xe5\351zi\355"
 116      74E66D14 
 116      9F6EEFA4 
 116      15586535 
 116      E97A69ED 
 117 012f 8DAFEF65 		.ascii	"\215\257\357eW\350\217g\317\257\264F\250\016\213i\311"
 117      57E88F67 
 117      CFAFB446 
 117      A80E8B69 
 117      C9
 118 0140 8883AAF8 		.ascii	"\210\203\252\370\260 \325\351Y\355Sq\336\017\347l\363"
 118      B020D5E9 
 118      59ED5371 
 118      DE0FE76C 
 118      F3
 119 0151 28814544 		.ascii	"(\201ED\270\341\314\304\022BRt\242\011\366\016D:\204"
 119      B8E1CCC4 
 119      12425274 
 119      A209F60E 
 119      443A84
 120 0164 878EA42F 		.ascii	"\207\216\244/\304\362\277\244\330\201H-x\344HFI\217"
ARM GAS  C:\Users\TUDENT~1\AppData\Local\Temp\cc7clY7V.s 			page 9


 120      C4F2BFA4 
 120      D881482D 
 120      78E44846 
 120      498F
 121 0176 1DE9F2B7 		.ascii	"\035\351\362\2672\232(\255K\200\364\005\345\244\356"
 121      329A28AD 
 121      4B80F405 
 121      E5A4EE
 122 0185 A8BC5EFF 		.ascii	"\250\274^\377\372\326/\374\262A\304\255\323Z\000\236"
 122      FAD62FFC 
 122      B241C4AD 
 122      D35A009E 
 123 0195 A040E28C 		.ascii	"\240@\342\214K\367#n\243\035\024o\257L8\206\3736c\222"
 123      4BF7236E 
 123      A31D146F 
 123      AF4C3886 
 123      FB366392 
 124 01a9 264ECA15 		.ascii	"&N\312\025a\272;<5\220\355\317\366\\\032\312ds\315\370"
 124      61BA3B3C 
 124      3590EDCF 
 124      F65C1ACA 
 124      6473CDF8 
 125 01bd 4CCFF193 		.ascii	"L\317\361\223]a.\037\016\364\015\206\371\213i\235{/"
 125      5D612E1F 
 125      0EF40D86 
 125      F98B699D 
 125      7B2F
 126 01cf F40D1E4B 		.ascii	"\364\015\036K\023\367\017\345\275\363\271\314\271?\223"
 126      13F70FE5 
 126      BDF3B9CC 
 126      B93F93
 127 01de DFCCE7   		.ascii	"\337\314\347"
 128              		.text
 129              		.section	.gnu.lto_.symbol_nodes.8740f68c,"",%progbits
 130 0000 789C6365 		.ascii	"x\234ce`b\010d\000\002\246+\214\365\014\014\023\316"
 130      60620864 
 130      0002A62B 
 130      8CF50C0C 
 130      13CE
 131 0012 313000A9 		.ascii	"10\000\251]\015\216@\221\253\214\365\214\250\"\327\030"
 131      5D0D8E40 
 131      91AB8CF5 
 131      8CA822D7 
 131      18
 132 0023 EB995044 		.ascii	"\353\231PD\030o2\3263\203E\030\030\032\032\034\030\030"
 132      186F32D6 
 132      33834518 
 132      181A1A1C 
 132      1818
 133 0035 98999819 		.ascii	"\230\231\230\031\226<\374\307\310\000\000m\307\024\360"
 133      963CFCC7 
 133      C800006D 
 133      C714F0
 134              		.text
 135              		.section	.gnu.lto_.refs.8740f68c,"",%progbits
 136 0000 789C6365 		.ascii	"x\234ce`b`d\000\002\000\000I\000\011"
 136      60626064 
ARM GAS  C:\Users\TUDENT~1\AppData\Local\Temp\cc7clY7V.s 			page 10


 136      00020000 
 136      490009
 137              		.text
 138              		.section	.gnu.lto_.decls.8740f68c,"",%progbits
 139 0000 789CAD57 		.ascii	"x\234\255WkL\024Y\026\256S\267a\241\351\006\203\356"
 139      6B4C1459 
 139      16AE53B7 
 139      61A1E906 
 139      83EE
 140 0012 C464D80D 		.ascii	"\304d\330\015q1\262\233\214M\303\254\2633\231\037F\215"
 140      7131B29B 
 140      8C4DC3AC 
 140      B333991F 
 140      468D
 141 0024 336675D9 		.ascii	"3fu\331\200\353n2$\035\244\233\261\263@\273t\263q~m"
 141      80EB6E32 
 141      241DA49B 
 141      B1B340BB 
 141      74B3717E 
 142 0039 F150D151 		.ascii	"\361P\321Q\036\276E\2070\370Dt|\354\370`D\355\001\024"
 142      1EBE4587 
 142      30F84474 
 142      7CECF860 
 142      44ED0114 
 143 004d 0744111F 		.ascii	"\007D\021\037\210\274E`Tty)\242\"{\356\275UT\323v;\273"
 143      88BC4560 
 143      54747929 
 143      A2227BEE 
 143      BD5554D3 
 144 0064 C9543855 		.ascii	"\311T8Uu\317=\347|\3379\367\334[\215\217 \012\277\011"
 144      75CF3DE7 
 144      7CDF39F7 
 144      DC5B8D8F 
 144      200ABF09 
 145 0078 12846022 		.ascii	"\022\204`\"\010\253@\020\306\361\322\010\202pDP/:\356"
 145      08AB4010 
 145      C6F1D208 
 145      82704450 
 145      2F3AEE
 146 008b 43194019 		.ascii	"C\031@\031E\031\027\336\274\232\320W\207\317`\224i("
 146      451917DE 
 146      BC9AD057 
 146      87CF6094 
 146      6928
 147 009d 6528BD28 		.ascii	"e(\275(7Pf\241D\243\364\240\334Bi@9\217\322*\307\276"
 147      375066A1 
 147      44A3F4A0 
 147      DC426940 
 147      398FD22A 
 148 00b3 87528DD2 		.ascii	"\207R\215\322\216\322\201\0022\036}\006\302d\234.\034"
 148      8ED28102 
 148      321E7D06 
 148      C2649C2E 
 148      1C
 149 00c4 EBF1B9CC 		.ascii	"\353\361\271\314\005\253W\306\363\204\325\352\202\247"
 149      05AB57C6 
 149      F384D5EA 
ARM GAS  C:\Users\TUDENT~1\AppData\Local\Temp\cc7clY7V.s 			page 11


 149      82A7
 150 00d2 6075C858 		.ascii	"`u\310X\2652\306\200\374\234\352\2065\204\343@\017X"
 150      B532C680 
 150      FC9CEA86 
 150      3584E340 
 150      0F58
 151 00e4 C35EB0CA 		.ascii	"\303^\260\312d\274i\350\367\032\237\304\015Ot\251\037"
 151      64BC69E8 
 151      F71A9FC4 
 151      0D4F74A9 
 151      1F
 152 00f5 850A71C3 		.ascii	"\205\012q\303\333N\340\324\306\252sb\033\264\000\332"
 152      DB4EE0D4 
 152      C6AA7362 
 152      1BB400DA 
 153 0105 C214A605 		.ascii	"\302\024\246\005\340w`\302\206\343\312\005\300\364\250"
 153      E07760C2 
 153      86E3CA05 
 153      C0F4A8
 154 0114 15D99D1B 		.ascii	"\025\331\235\0332\025(\036\362X\224\207\242\034\222"
 154      3215281E 
 154      F2589487 
 154      A21C92
 155 0123 FDC9CEE0 		.ascii	"\375\311\316\340\022\221Os$\345\342|\371\013sS\274A"
 155      12914F73 
 155      24E5E27C 
 155      F90B7353 
 155      BC41
 156 0135 5401005C 		.ascii	"T\001\000\\\035\\\002r\332\362\374\004?AM\016\224\354"
 156      1D5C0272 
 156      DAF2FC04 
 156      3F414D0E 
 156      94EC
 157 0147 07765EE9 		.ascii	"\007v^\351\321\266C+\325\026\315\005\246\353l(\037\363"
 157      D1B6432B 
 157      D516CD05 
 157      A6EB6C28 
 157      1FF3
 158 0159 2322D0F7 		.ascii	"#\"\320\367\366\321\203\013g\037\226\370\345\367+\265"
 158      F6D1830B 
 158      671F96F8 
 158      E5F72BB5 
 159 0169 6CD7B38E 		.ascii	"l\327\263\216\355&9\004\202\265\240\241q\352\012\272"
 159      ED263904 
 159      82B5A0A1 
 159      71EA0ABA 
 160 0179 0271384D 		.ascii	"\002q8M\013\2418,8;\\\343\303g\375p8\276\377\330:?\362"
 160      0BA1382C 
 160      383B5CE3 
 160      C367FD70 
 160      38BEFFD8 
 161 0190 0E8BD87A 		.ascii	"\016\213\330z\271\244\224:\316\322\002%\033\204\252"
 161      B9A4943A 
 161      CED20225 
 161      1B84AA
 162 019f A37D65A3 		.ascii	"\243}e\243z\256\242\026\015\271\203{\177A\336\245\357"
 162      7AAEA216 
ARM GAS  C:\Users\TUDENT~1\AppData\Local\Temp\cc7clY7V.s 			page 12


 162      0DB9837B 
 162      7F41DEA5 
 162      EF
 163 01b0 E2CE9AC6 		.ascii	"\342\316\232\306\012\015\204k\367S|\347\310\360\254"
 163      0A0D846B 
 163      F7537CE7 
 163      C8F0AC
 164 01bf FCB59224 		.ascii	"\374\265\222$\302\277A\013\307\201\300!\230M\263\231"
 164      C2BF410B 
 164      C781C021 
 164      984DB399 
 165 01cf A5C57BB6 		.ascii	"\245\305{\266$eHy\231\222\377\247\002\034\206\020(\205"
 165      24654879 
 165      9992FFA7 
 165      021C8610 
 165      2885
 166 01e1 10014E40 		.ascii	"\020\001N@8\015K\355\340\030*\217\242\022!J\366\346"
 166      380D4BED 
 166      E0182A8F 
 166      A212214A 
 166      F6E6
 167 01f3 17FB928D 		.ascii	"\027\373\222\215\3000.\235o\276\243\001m\270\307\000"
 167      C0302E9D 
 167      6FBEA301 
 167      6DB8C700 
 168 0203 A73C0490 		.ascii	"\247<\004\220\311\034\232qi5%s\022\311|\253\222An\274"
 168      C91C9A71 
 168      69352573 
 168      12C97CAB 
 168      92416EBC 
 169 0217 445955CF 		.ascii	"DYU\317\362\365d\220\203\344\\\254\036\365\231Hd\374"
 169      F2F56490 
 169      83E45CAC 
 169      1EF59948 
 169      64FC
 170 0229 42F8A19B 		.ascii	"B\370\241\233\222\024\012e\350{Z\365=\011^39\3439\223"
 170      92140A65 
 170      E87B5AF5 
 170      3D095E33 
 170      39E33993 
 171 023d 5B0383DB 		.ascii	"[\003\203\333\002\311%\276ZO\262\272;\002x\331\247\323"
 171      02C925BE 
 171      5A4FB2BA 
 171      3B0278D9 
 171      A7D3
 172 024f 42F65FF9 		.ascii	"B\366_\371J\036N\301\341\211\333\007\317\372\221:n\232"
 172      4A1E4EC1 
 172      E189DB07 
 172      CFFA913A 
 172      6E9A
 173 0261 7D38A792 		.ascii	"}8\247\222h\021)\363\177J\031=6n\251\250\320\220\353"
 173      681129F3 
 173      7F4A193D 
 173      366EA9A8 
 173      D090EB
 174 0274 DC3DABF2 		.ascii	"\334=\253\362\326I\035\271\315\007\335\265G3\374\310"
 174      D6491DB9 
ARM GAS  C:\Users\TUDENT~1\AppData\Local\Temp\cc7clY7V.s 			page 13


 174      CD07DDB5 
 174      4733FCC8 
 175 0284 5D3EE829 		.ascii	"]>\350)\335\320\027H\332\370\240t\323\365}\204\334\343"
 175      DDD01748 
 175      DAF8A074 
 175      D3F57D84 
 175      DCE3
 176 0296 8333E71E 		.ascii	"\2033\347\036Gr6!8\372\256u\300\031\300;\246\003p|\344"
 176      47723621 
 176      38FAAE75 
 176      C019C03B 
 176      A603707C 
 177 02ab 79FB291F 		.ascii	"y\373)\037\322\303L\375\33322\367\001\204\205\205ME"
 177      D2C34CFD 
 177      DB3232F7 
 177      01848585 
 177      4D45
 178 02bd 090F2B96 		.ascii	"\011\017+\226\2622%g{\353\307\315\015\367%i\223\016"
 178      B2322567 
 178      7BEBC7CD 
 178      0DF72569 
 178      930E
 179 02cf CE63D9BE 		.ascii	"\316c\331\276\307\262\325\300T\225\367\021\274\011`"
 179      C7B2D5C0 
 179      5495F711 
 179      BC0960
 180 02de C49BC01D 		.ascii	"\304\233\300\035*\342vJ\316,\302\254\235\236\255\017"
 180      2AE2764A 
 180      CE2CC2AC 
 180      9D9EAD0F 
 181 02ee 836ADEE0 		.ascii	"\203j\336\340b~\316\335\274\334\305<\237\256a\236$\315"
 181      627ECEDD 
 181      BCDCC53C 
 181      9FAE619E 
 181      24CD
 182 0300 D5087011 		.ascii	"\325\010p\021\015\252\330\0345\307\232\301U,\337\025"
 182      0DAAD81C 
 182      35C79AC1 
 182      552CDF15 
 183 0310 08836B28 		.ascii	"\010\203k(\325(\227QjQ~@\251\2030\266\2018`\215\013"
 183      D5289751 
 183      6A517E40 
 183      A98330B6 
 183      8138608D 
 184 0325 E005CF80 		.ascii	"\340\005\317\200.\331<\374L\265\256t\2676\270\031\337"
 184      2ED93CFC 
 184      4CB5AE74 
 184      B736B819 
 184      DF
 185 0336 75097DC9 		.ascii	"u\011}\311\335\370\254\032\232\267c[sp\272$\001\265"
 185      DDF8AC1A 
 185      9AB7635B 
 185      7370BA24 
 185      01B5
 186 0348 12E45654 		.ascii	"\022\344VTY>k\016\336\224)]\216`\261*<\002\363\262\340"
 186      593E6B0E 
 186      DE94295D 
ARM GAS  C:\Users\TUDENT~1\AppData\Local\Temp\cc7clY7V.s 			page 14


 186      8E60B12A 
 186      3C02F3B2 
 187 035d 22768DF4 		.ascii	"\"v\215\364\236\016\"'\011k\371\263c\345\353}!|*\307"
 187      9E0E2227 
 187      096BF9B3 
 187      63E5EB7D 
 187      217C2AC7 
 188 0371 E869F1C5 		.ascii	"\350i\361\305\023\004\032\320\271^mx\212\350\271\240"
 188      13041AD0 
 188      B95E6D78 
 188      8AE8B9A0 
 189 0381 701DEBF8 		.ascii	"p\035\353\370\377\324\024\341s\367g\014\371\350\326"
 189      FFD414E1 
 189      73F7670C 
 189      F9E8D6
 190 0390 4F6C1F86 		.ascii	"Ol\037\206\246P\025\340\006\350d\\\264=\275nG\257\236"
 190      A65015E0 
 190      06E8645C 
 190      B43DBD6E 
 190      47AF9E
 191 03a3 5470AAF5 		.ascii	"Tp\252\365\245\003\305\001\240\013\367\342\012\267\021"
 191      A503C501 
 191      A00BF7E2 
 191      0AB711
 192 03b2 5FF556F6 		.ascii	"_\365V\366p\304\341~\272\207o\341\304M5%\264\343\010"
 192      70C4E17E 
 192      BA876FE1 
 192      C44D3525 
 192      B4E308
 193 03c5 2F7FDCD2 		.ascii	"/\177\334\322\004\274\341u8\3148\333\224\037$7<\235"
 193      04BCE175 
 193      38CC38DB 
 193      941F2437 
 193      3C9D
 194 03d7 1EDE7CB7 		.ascii	"\036\336|\267=\220\324\221I\247b\364\233\247b4?\025"
 194      3D90D491 
 194      49A762F4 
 194      9BA76234 
 194      3F15
 195 03e9 FBEAAFDD 		.ascii	"\373\352\257\335\000r\223\363\255*\354:\341\353\355"
 195      007293F3 
 195      AD2AEC3A 
 195      E1EBED
 196 03f8 C86A43B2 		.ascii	"\310jC\262\321\362\376mF\345\335\211#\353\332\253\310"
 196      D1F2FE6D 
 196      46E5DD89 
 196      23EBDAAB 
 196      C8
 197 0409 67ECFC6C 		.ascii	"g\354\374l\305\245lQ)G\363\023\313\247\377e\271\021"
 197      C5A56C51 
 197      2947F313 
 197      CBA7FF65 
 197      B911
 198 041b E8A60B2F 		.ascii	"\350\246\013/\246\201\235\325\271\344\314\276\253\033"
 198      A6819DD5 
 198      B9E4CCBE 
 198      AB1B
ARM GAS  C:\Users\TUDENT~1\AppData\Local\Temp\cc7clY7V.s 			page 15


 199 0429 A4A20A60 		.ascii	"\244\242\012`.M\350\322\351u\313Q\217{\277\343}G\317"
 199      2E4DE8D2 
 199      E975CB51 
 199      8F7BBFE3 
 199      7D47CF
 200 043c B56FDCAD 		.ascii	"\265o\334\255\015\236\267\320\035\234od\201:\345\345"
 200      0D9EB7D0 
 200      1D9C6F64 
 200      813AE5E5 
 201 044c EEC20CEE 		.ascii	"\356\302\014\356\341\322v\240\264Ol\031\032\177\360"
 201      E1D276A0 
 201      B44F6C19 
 201      1A7FF0
 202 045b B73C3EAD 		.ascii	"\267<>\255\371w\036\343\273\264\365\355\022\336\326"
 202      F9771EE3 
 202      BBB4F5ED 
 202      12DED6
 203 046a 9D93DB1A 		.ascii	"\235\223\333\032\2139Z24LH\237\206\025\263\360\312\271"
 203      8B395A32 
 203      344C489F 
 203      8615B3F0 
 203      CAB9
 204 047c 4298E8D3 		.ascii	"B\230\350\323\253\245\254O{0\360}\265B\235o\364\251"
 204      ABA5AC4F 
 204      7B30F07D 
 204      B5429D6F 
 204      F4A9
 205 048e C21ABA91 		.ascii	"\302\032\272\221\354\333\210\323/\352\223W\003\001\256"
 205      ECDB88D3 
 205      2FEA9357 
 205      0301AE
 206 049d 7DD933A9 		.ascii	"}\3313\251/{Y\307P\303\247\235\007j\210F\344:X\256\241"
 206      2F7B59C7 
 206      50C3A79D 
 206      076A8846 
 206      E43A58AE 
 207 04b2 BA8BE323 		.ascii	"\272\213\343#\316 \336F\242\313\241>\215\037\3529?<"
 207      CE20DE46 
 207      A2CBA13E 
 207      8D1FEA39 
 207      3F3C
 208 04c4 6C0F9ABE 		.ascii	"l\017\232\276\215}\2373\245)\"\253\374C\014\375\200"
 208      8D7D9F33 
 208      A52922AB 
 208      FC430CFD 
 208      80
 209 04d5 857E04D3 		.ascii	"\205~\004\323\361\376#hx\374\275\317k3|g\024IE\035\222"
 209      F1FE2368 
 209      78FCBDCF 
 209      6B337C67 
 209      1449451D 
 210 04ea B3B190AC 		.ascii	"\263\261\220\254\253\254\306\305\205\271\324\014J\324"
 210      ABACC6C5 
 210      85B9D40C 
 210      4AD4
 211 04f8 6CF115EF 		.ascii	"l\361\025\357\0071\0058\200\355$@\037\314@\357\003;"
 211      07310538 
ARM GAS  C:\Users\TUDENT~1\AppData\Local\Temp\cc7clY7V.s 			page 16


 211      80ED2440 
 211      1FCC40EF 
 211      033B
 212 050a 326B0348 		.ascii	"2k\003H\261\017\353\307\202\326\226\373ZF\225\"r\252"
 212      B10FEBC7 
 212      82D696FB 
 212      5A469522 
 212      72AA
 213 051c F5AB9B9F 		.ascii	"\365\253\233\237\253\364\237\000S6\036\\\375Dte\270"
 213      ABF49F00 
 213      53361E5C 
 213      FD447465 
 213      B8
 214 052d EC1D1782 		.ascii	"\354\035\027\202\375\214\340\177\024\202O\213\234\217"
 214      FD8CE07F 
 214      14824F8B 
 214      9C8F
 215 053b 036582B7 		.ascii	"\003e\202\267w\351p\2613$\332\260h\006\217U\202\217"
 215      77E970B1 
 215      3324DAB0 
 215      68068F55 
 215      828F
 216 054d DD090E30 		.ascii	"\335\011\0160\202cm]\203\"\371\206\023<TW\362JC\312"
 216      82636D5D 
 216      8322F986 
 216      133C5457 
 216      F24A43CA 
 217 0561 D940DC58 		.ascii	"\331@\334X\261\273O\347m\303<\365\372\215\037\277\360"
 217      B1BB4FE7 
 217      6DC33CF5 
 217      FA8D1FBF 
 217      F0
 218 0572 31FF4E0F 		.ascii	"1\377N\017c\216C\356\337i\372\025\313\335'g<<Q\205\315"
 218      638E43EE 
 218      DF69FA15 
 218      CBDD2767 
 218      3C3C5185 
 219 0587 6B8E8F06 		.ascii	"k\216\217\006LT\341\031\257\302\326\343C;\002\274V\341"
 219      4C54E119 
 219      AFC2D6E3 
 219      433B02BC 
 219      56E1
 220 0599 39ABC288 		.ascii	"9\253\302\210R\205\346\003\325W\365\3522=\250\354\226"
 220      5285E603 
 220      D557F5EA 
 220      323DA8EC 
 220      96
 221 05aa 24AD865A 		.ascii	"$\255\206Z\301\240Jb\320\275\010\243\254\010\217\367"
 221      C1A04A62 
 221      D0BD08A3 
 221      AC088FF7 
 222 05ba 656E0E22 		.ascii	"en\016\"\027y\021<\361{\272\266\373*L\254\334K\316/"
 222      1779113C 
 222      F17BBAB6 
 222      FB2A4CAC 
 222      DC4BCE2F 
 223 05ce 7F6D41B7 		.ascii	"\177mA\267\017S\322\255\365\212++\032j\316\370y%\375"
ARM GAS  C:\Users\TUDENT~1\AppData\Local\Temp\cc7clY7V.s 			page 17


 223      0F53D2AD 
 223      F58A2B2B 
 223      1A6ACEF8 
 223      7925FD
 224 05e1 9A911E53 		.ascii	"\232\221\036SHg\347~[\344\217\244;X\335\336o=v_\312"
 224      4867E77E 
 224      5BE48FA4 
 224      3B58DDDE 
 224      6F3D765F 
 225 05f6 D6322B78 		.ascii	"\3262+x\241\222~AI\323\227qF\366Qn\3156B\2329\331\306"
 225      A1927E41 
 225      49D39771 
 225      46F6516E 
 225      CD36429A 
 226 060d A6AC32F9 		.ascii	"\246\2542\371\300\014\240't\347\326\013\376\274\323"
 226      C00CA027 
 226      74E7D60B 
 226      FEBCD3
 227 061c EFD0E9AF 		.ascii	"\357\320\351\257\353\206\266i\311\003n;\326_?\246\343"
 227      EB86B669 
 227      C9036E3B 
 227      D65F3FA6 
 227      E3
 228 062d B65A9A67 		.ascii	"\266Z\232g\306\261v\037\372sF\222w\030\352\325\015\266"
 228      C6B1761F 
 228      FA734692 
 228      7718EAD5 
 228      0DB6
 229 063f 5AC4E5C2 		.ascii	"Z\304\345\302\343\001\262D\376\243\351\371\271\027:"
 229      E301B244 
 229      FEA3E9F9 
 229      B9173A
 230 064e 32C82269 		.ascii	"2\310\"i:\366\014>\302\317T\010\200\026e\277\362[W\200"
 230      3AF60C3E 
 230      C2CF5408 
 230      801665BF 
 230      F25B5780 
 231 0662 75A216D6 		.ascii	"u\242\026\326\210D\371_\241@\302\360\375\377\242j\376"
 231      8844F95F 
 231      A140C2F0 
 231      FDFFA26A 
 231      FE
 232 0673 0BADBF58 		.ascii	"\013\255\277X\"\323\005\210\012\201\010l\242\265b8\233"
 232      22D30588 
 232      0A81086C 
 232      A2B56238 
 232      9B
 233 0684 1260BD18 		.ascii	"\022`\275\030\002\331\010T\200\307\010\325 `S\316\263"
 233      02D90854 
 233      80C708D5 
 233      206053CE 
 233      B3
 234 0695 164D709E 		.ascii	"\026Mp\236||\204\002\213\235\201v\351\"\345\367\245"
 234      7C7C8402 
 234      8B9D8176 
 234      E922E5F7 
 234      A5
ARM GAS  C:\Users\TUDENT~1\AppData\Local\Temp\cc7clY7V.s 			page 18


 235 06a6 18ACB0A4 		.ascii	"\030\254\260\244\326yu_\357\362\327\312\030\331o\305"
 235      D679755F 
 235      EFF2D7CA 
 235      18D96FC5 
 236 06b6 40EBCAA6 		.ascii	"@\353\312\246\341r\275k\354\015o\213\235{hk\027\231"
 236      E172BD6B 
 236      EC0D6F8B 
 236      9D7B686B 
 236      1799
 237 06c8 B947AA77 		.ascii	"\271G\252w\262\326\372\262+KJ_\203g\344F1\0302EBw\272"
 237      B2D6FAB2 
 237      2B4B4A5F 
 237      8367E446 
 237      31183245 
 238 06df 8BB3849A 		.ascii	"\213\263\204\232\245\370\217N\2168\223\376\002<_\330"
 238      A5F88F4E 
 238      8E3893FE 
 238      023C5FD8 
 239 06ef 154846F8 		.ascii	"\025HF\370\002\344\325\266\377\315k\301\363\224\202"
 239      02E4D5B6 
 239      FFCD6BC1 
 239      F39482
 240 06fe A7738EE9 		.ascii	"\247s\216\351C{\036\351\335\363W\317\375|\3061O\341"
 240      437B1EE9 
 240      DDF357CF 
 240      FD7CC631 
 240      4FE1
 241 0710 D858D45B 		.ascii	"\330X\324[\245s\317\310\253u_\371\310\260\257\234\321"
 241      A573CFC8 
 241      AB755FF9 
 241      C8B0AF9C 
 241      D1
 242 0721 BD77D38B 		.ascii	"\275w\323\213\234\351\241\260I\316\006\217\005\027\307"
 242      9CE9A1B0 
 242      49CE068F 
 242      0517C7
 243 0730 5C399BCD 		.ascii	"\\9\233\315,\233\354\355M%\223\016e\332\251j\012[Dv"
 243      2C9BECED 
 243      4D25930E 
 243      65DAA96A 
 243      0A5B4476 
 244 0744 28D3271A 		.ascii	"(\323'\032K\227\276\177\355KV\373\362\336kI\177-\362"
 244      4B97BE7F 
 244      ED4B56FB 
 244      F2DE6B49 
 244      7F2DF2
 245 0757 DE0BA4FF 		.ascii	"\336\013\244\377\335<h\332#\367i?\235\336\363\260\254"
 245      DD3C68DA 
 245      23F7693F 
 245      9DDEF3B0 
 245      AC
 246 0768 52FEE747 		.ascii	"R\376\347G\217\303\327U\375\215z\257\225\332\251Tj\007"
 246      8FC3D755 
 246      FD8D7AAF 
 246      95DAA954 
 246      6A07
 247 077a AF546E63 		.ascii	"\257Tnck\206\277{\245\266\343\202lc\013R\300r\337\251"
ARM GAS  C:\Users\TUDENT~1\AppData\Local\Temp\cc7clY7V.s 			page 19


 247      6B86BF7B 
 247      A5B6E382 
 247      6C630B52 
 247      C072DFA9 
 248 078e E45E7533 		.ascii	"\344^u3\253\231\270W\312\253uyW\323\256@\271Rw\177\315"
 248      AB99B857 
 248      CAAB7579 
 248      57D3AE40 
 248      B952777F 
 249 07a3 2BB54BAE 		.ascii	"+\265K\256\024\236\035.\216[\345J\355\026g\012\332\225"
 249      149E1D2E 
 249      8E5BE54A 
 249      ED16670A 
 249      DA95
 250 07b5 F1493196 		.ascii	"\361I1\226x\363\2744\273\337'\177\372K\350|\243Q\320"
 250      78F3BC34 
 250      BBDF277F 
 250      FA4BE87C 
 250      A351D0
 251 07c8 24C7DBFF 		.ascii	"$\307\333\377\2565\231\322"
 251      AE3599D2 
 252 07d0 AC298EA8 		.ascii	"\254)\216\250H\223#1\341\243\270\204\025\326\345V\273"
 252      48932331 
 252      E1A3B884 
 252      15D6E556 
 252      BB
 253 07e1 23CD6CB5 		.ascii	"#\315l\265\3059l\266${\334\347)i\241\354-4>59\324\222"
 253      C5396CB6 
 253      247BDCE7 
 253      2969A1EC 
 253      2D343E35 
 254 07f8 BCDC6236 		.ascii	"\274\334b6[\314qsfG\205FF\030?\370\2071\016\365\357"
 254      5BCC7173 
 254      66478546 
 254      46183FF8 
 254      87310EF5 
 255 080d A5D8522C 		.ascii	"\245\330R,\357Y\342\227[\343\254)\011IifK\\r<\306J\261"
 255      EF59E297 
 255      5BE3AC29 
 255      09496966 
 255      4B5C723C 
 256 0824 C499CC96 		.ascii	"\304\231\314\226\304\370\264$\207\311\361\305J\213}"
 256      C4F8B424 
 256      87C9F1C5 
 256      4A8B7D
 257 0833 F60AC14F 		.ascii	"\366\012\301O\301\373\354g\305\263\177a\2173\331\035"
 257      C1FBEC67 
 257      C5B37F61 
 257      8F33D91D 
 258 0843 660C8E20 		.ascii	"f\014\216 :\253m\245-\325A349\026&|d\230O\201b\031\020"
 258      3AAB6DA5 
 258      2DD54133 
 258      34391626 
 258      7C64984F 
 259 085b 7F8F8E35 		.ascii	"\177\217\2165~0\307`\263\033V\304'\031\250\255\335\020"
 259      7E30C760 
 259      B31B56C4 
ARM GAS  C:\Users\TUDENT~1\AppData\Local\Temp\cc7clY7V.s 			page 20


 259      2719A8AD 
 259      DD10
 260 086d BB744954 		.ascii	"\273tIT\244a\361\342\005\206O\376\274(\372\237F:e\302"
 260      A461F1E2 
 260      05864FFE 
 260      BC28FA9F 
 260      463A65C2 
 261 0881 C2999292 		.ascii	"\302\231\222\222\314\030\323\227ZY\315d^L\214f^lL\014"
 261      CC18D397 
 261      5A59CD64 
 261      5E4C8C66 
 261      5E6C4C0C 
 262 0895 895E1043 		.ascii	"\211^\020C\026\241\314\217\371\024e\261f\361\374?\306"
 262      16A1CC8F 
 262      F91465B1 
 262      66F1FC3F 
 262      C6
 263 08a6 2C7A2B56 		.ascii	",z+V\202-9\331\226b\260\254r\030\346/\211]\024\213\220"
 263      822D39D9 
 263      9662B0AC 
 263      7218E62F 
 263      895D148B 
 264 08bb 1C75A171 		.ascii	"\034u\241q\325*\203\335\221\034\025\231h\214\210X\265"
 264      D52A83DD 
 264      911C1599 
 264      688C8858 
 264      B5
 265 08cc 9CA64049 		.ascii	"\234\246@I\230\226b\325\026X\022\265<\037\253\331\344"
 265      989662D5 
 265      165812B5 
 265      3C1FABD9 
 265      E4
 266 08dd F0B52526 		.ascii	"\360\265%&\332-\016\035-\243)1\336\356\370\203\311\261"
 266      DA2D0E1D 
 266      2DA32931 
 266      DEEEF883 
 266      C9B1
 267 08ef ECE72DA5 		.ascii	"\354\347-\245R\305\250\237,\234\354\242T\012}|\026E"
 267      52C5A89F 
 267      2C9CECA2 
 267      540A7D7C 
 267      1645
 268 0901 6393197E 		.ascii	"c\223\031~\322\323\236\2320\341\225 \004\340\343\257"
 268      D2D39E9A 
 268      30E19520 
 268      04E0E3AF 
 269 0911 A9568705 		.ascii	"\251V\207\005}\365\370\036kq\340\333\022\233\331\342"
 269      7DF5F81E 
 269      6B71E0DB 
 269      129BD9E2 
 270 0921 67B525E3 		.ascii	"g\265%\343\303\344\370\245\262\024&\314\376\363T[\332"
 270      C3E4F8A5 
 270      B21426CC 
 270      FEF3545B 
 270      DA
 271 0932 4AAAD79B 		.ascii	"J\252\327\233L\211i)\011&\323\3549\2777~\350\247\214"
 271      4C896929 
ARM GAS  C:\Users\TUDENT~1\AppData\Local\Temp\cc7clY7V.s 			page 21


 271      0926D3EC 
 271      39BF377E 
 271      E8A78C
 272 0945 34092BE2 		.ascii	"4\011+\342S]\347\"\337\2374\372\360\277\000\245i]"
 272      535DE722 
 272      DF9F34FA 
 272      F0BF00A5 
 272      695D
 273              		.text
 274              		.section	.gnu.lto_.symtab.8740f68c,"",%progbits
 275 0000 70616C52 		.ascii	"palReadBus\000"
 275      65616442 
 275      757300
 276 000b 00       		.ascii	"\000"
 277 000c 00       		.ascii	"\000"
 278 000d 00       		.ascii	"\000"
 279 000e 00000000 		.ascii	"\000\000\000\000\000\000\000\000"
 279      00000000 
 280 0016 EC000000 		.ascii	"\354\000\000\000"
 281 001a 70616C57 		.ascii	"palWriteBus\000"
 281      72697465 
 281      42757300 
 282 0026 00       		.ascii	"\000"
 283 0027 00       		.ascii	"\000"
 284 0028 00       		.ascii	"\000"
 285 0029 00000000 		.ascii	"\000\000\000\000\000\000\000\000"
 285      00000000 
 286 0031 F1000000 		.ascii	"\361\000\000\000"
 287 0035 70616C53 		.ascii	"palSetBusMode\000"
 287      65744275 
 287      734D6F64 
 287      6500
 288 0043 00       		.ascii	"\000"
 289 0044 00       		.ascii	"\000"
 290 0045 00       		.ascii	"\000"
 291 0046 00000000 		.ascii	"\000\000\000\000\000\000\000\000"
 291      00000000 
 292 004e F9000000 		.ascii	"\371\000\000\000"
 293 0052 5F70616C 		.ascii	"_pal_lld_setgroupmode\000"
 293      5F6C6C64 
 293      5F736574 
 293      67726F75 
 293      706D6F64 
 294 0068 00       		.ascii	"\000"
 295 0069 02       		.ascii	"\002"
 296 006a 00       		.ascii	"\000"
 297 006b 00000000 		.ascii	"\000\000\000\000\000\000\000\000"
 297      00000000 
 298 0073 FF000000 		.ascii	"\377\000\000\000"
 299              		.text
 300              		.section	.gnu.lto_.opts,"",%progbits
 301 0000 272D666D 		.ascii	"'-fmath-errno' '-fsigned-zeros' '-ftrapping-math' '"
 301      6174682D 
 301      6572726E 
 301      6F272027 
 301      2D667369 
 302 0033 2D666E6F 		.ascii	"-fno-trapv' '-fno-openmp' '-fno-openacc' '-mcpu=cor"
ARM GAS  C:\Users\TUDENT~1\AppData\Local\Temp\cc7clY7V.s 			page 22


 302      2D747261 
 302      70762720 
 302      272D666E 
 302      6F2D6F70 
 303 0066 7465782D 		.ascii	"tex-m3' '-mno-thumb-interwork' '-mthumb' '-ggdb' '-"
 303      6D332720 
 303      272D6D6E 
 303      6F2D7468 
 303      756D622D 
 304 0099 4F322720 		.ascii	"O2' '-fomit-frame-pointer' '-falign-functions=16' '"
 304      272D666F 
 304      6D69742D 
 304      6672616D 
 304      652D706F 
 305 00cc 2D666675 		.ascii	"-ffunction-sections' '-fdata-sections' '-fno-common"
 305      6E637469 
 305      6F6E2D73 
 305      65637469 
 305      6F6E7327 
 306 00ff 2720272D 		.ascii	"' '-flto'\000"
 306      666C746F 
 306      2700
 307              		.text
 308              		.comm	__gnu_lto_v1,1,1
 309              		.comm	__gnu_lto_slim,1,1
 310              		.ident	"GCC: (GNU Tools for ARM Embedded Processors 6-2017-q1-update) 6.3.1 20170215 (release) [AR
ARM GAS  C:\Users\TUDENT~1\AppData\Local\Temp\cc7clY7V.s 			page 23


DEFINED SYMBOLS
                            *ABS*:00000000 hal_pal.c
                            *COM*:00000001 __gnu_lto_v1
                            *COM*:00000001 __gnu_lto_slim

NO UNDEFINED SYMBOLS
