ARM GAS  C:\Users\TUDENT~1\AppData\Local\Temp\ccM5y7iN.s 			page 1


   1              		.cpu cortex-m3
   2              		.eabi_attribute 20, 1
   3              		.eabi_attribute 21, 1
   4              		.eabi_attribute 23, 3
   5              		.eabi_attribute 24, 1
   6              		.eabi_attribute 25, 1
   7              		.eabi_attribute 26, 1
   8              		.eabi_attribute 30, 2
   9              		.eabi_attribute 34, 1
  10              		.eabi_attribute 18, 4
  11              		.file	"hal_pal_lld.c"
  12              		.text
  13              	.Ltext0:
  14              		.section	.gnu.lto_.profile.8740f71c,"",%progbits
  15 0000 789C6365 		.ascii	"x\234ce`b`a```dps\001\000\001P\000\227"
  15      60626061 
  15      60606064 
  15      70730100 
  15      01500097 
  16              		.text
  17              		.section	.gnu.lto_.icf.8740f71c,"",%progbits
  18 0000 789C6365 		.ascii	"x\234ce`b\020a@\000f\206\217\017\327\336\340`\374\374"
  18      60621061 
  18      40006686 
  18      8F0FD7DE 
  18      E060FCFC 
  19 0014 E676371B 		.ascii	"\346v7\033\323\313\345\317/\2630\000\000m\275\012\032"
  19      D3CBE5CF 
  19      2FB33000 
  19      006DBD0A 
  19      1A
  20              		.text
  21              		.section	.gnu.lto_.jmpfuncs.8740f71c,"",%progbits
  22 0000 789C6365 		.ascii	"x\234ce`b\020`@\000&\006FF\306zFf \311^__\317\000\000"
  22      60621060 
  22      40002606 
  22      4646C67A 
  22      466620C9 
  23 001a 0D4C0227 		.ascii	"\015L\002'"
  24              		.text
  25              		.section	.gnu.lto_.inline.8740f71c,"",%progbits
  26 0000 789C3D91 		.ascii	"x\234=\2211j\0031\020EgFr\274\304\205\267J\025\260\300"
  26      316A0331 
  26      10456746 
  26      72BCC485 
  26      B74A15B0 
  27 0015 7B821C20 		.ascii	"{\202\034 \350(\251\223KL\353\306\220\312\030\002Q\227"
  27      E828A993 
  27      4B4CEBC6 
  27      90CA1802 
  27      5197
  28 0027 80BB40FA 		.ascii	"\200\273@\372M\351\316\007H\3412mn`\315|\255U\274?\237"
  28      4DE9CE07 
  28      48E1326D 
  28      6E60CD7C 
  28      AD55BC3F 
  29 003c 81A75D34 		.ascii	"\201\247]4#\241o\246\353\021\242a\315KJL\201\234\331"
ARM GAS  C:\Users\TUDENT~1\AppData\Local\Temp\ccM5y7iN.s 			page 2


  29      23A16FA6 
  29      EB11A261 
  29      CD4B4A4C 
  29      819CD9
  30 004f 999C4FCE 		.ascii	"\231\234O\316\302\036\212\030[\023\2173Zi\0151\"4\240"
  30      C21E8A18 
  30      5B138F33 
  30      5A690D31 
  30      2234A0
  31 0062 214A4843 		.ascii	"!JHC\331\013\335\224\225\020\377\315#h\350|\354\014"
  31      D90BDD94 
  31      9510FFCD 
  31      2368E87C 
  31      EC0C
  32 0074 BD8FBD21 		.ascii	"\275\217\275!\371\230\014\331\307lP\026\204SP\300\330"
  32      F9980CD9 
  32      C76C5016 
  32      845350C0 
  32      D8
  33 0085 C209A7BA 		.ascii	"\302\011\247\272TaU\327*\274\352b\205Y\241\236\334M"
  33      546155D7 
  33      2ABCEA62 
  33      8559A19E 
  33      DC4D
  34 0097 3ED99B7E 		.ascii	">\331\233~\362\327\013\352a\032^\231g\222\236w\2017"
  34      F2D70BEA 
  34      611A5E99 
  34      67929E77 
  34      8137
  35 00a9 6FFBC37C 		.ascii	"o\373\303|\033\336\003q\340\017\276'I/-m\375s\376\372"
  35      1BDE0371 
  35      E00FBE27 
  35      492F2D6D 
  35      FD73FEFA 
  36 00bd 5F601DF9 		.ascii	"_`\035\371\263\255\221\365)\272\207\323oO\267\343\243"
  36      B3AD91F5 
  36      29BA87D3 
  36      6F4FB7E3 
  36      A3
  37 00ce 502CAB4C 		.ascii	"P,\253Lq\274\313\365\263\217\334\333?X\020\357\304."
  37      71BCCBF5 
  37      B38FDCDB 
  37      3F5810EF 
  37      C42E
  38 00e0 AFF447BB 		.ascii	"\257\364G\273\000\360\242P\247"
  38      00F0A250 
  38      A7
  39              		.text
  40              		.section	.gnu.lto_.pureconst.8740f71c,"",%progbits
  41 0000 789C6365 		.ascii	"x\234ce`b`e`\000\222R\214R\000\001\005\000D"
  41      60626065 
  41      60009252 
  41      8C520001 
  41      050044
  42              		.text
  43              		.section	.gnu.lto__pal_lld_init.8740f71c,"",%progbits
  44 0000 789CA597 		.ascii	"x\234\245\227\177L\023g\030\307\337\347\336\366(\245"
ARM GAS  C:\Users\TUDENT~1\AppData\Local\Temp\ccM5y7iN.s 			page 3


  44      7F4C1367 
  44      18C7DFE7 
  44      DEF628A5 
  45 0010 30420821 		.ascii	"0B\010!\214\220\206\231\030\377\331E\227l\311\376\335"
  45      8C908699 
  45      18FFD945 
  45      976CC9FE 
  45      DD
  46 0021 3263E2C2 		.ascii	"2c\342\302\026\366\37721\233$d\230\351\374\327+\026"
  46      16F6FF32 
  46      319B2464 
  46      98E9FCD7 
  46      2B16
  47 0033 104C8464 		.ascii	"\020L\204d\212\314\311Z\263\260\212\014\212\373%T\221"
  47      8ACCC95A 
  47      B3B08A0C 
  47      8AFB2554 
  47      91
  48 0044 5A360115 		.ascii	"Z6\001\025\035\326M\035\376\230\270\241U\230S`:6\313"
  48      1DD64D1D 
  48      FE98B8A1 
  48      55985360 
  48      3A36CB
  49 0057 DEE7DEDE 		.ascii	"\336\347\336\336]\271\204K\336\264\311=\275\227\273"
  49      5DB9844B 
  49      DEB4C93D 
  49      BD97BB
  50 0066 3ECFE7F3 		.ascii	">\317\347\363\366[\322:\211D\032r\011\251 \204<\317"
  50      F65BD23A 
  50      89441A72 
  50      09A92084 
  50      3CCF
  51 0078 0EA004A4 		.ascii	"\016\240\004\244\326\013\204\370\\\022\000\236\250."
  51      D60B84F8 
  51      5C12009E 
  51      A82E
  52 0086 203B25D8 		.ascii	" ;%\330\011-\364\000\205X\343\364\200\264&\244\262G"
  52      092DF400 
  52      8558E3F4 
  52      80B426A4 
  52      B247
  53 0098 F440BFDC 		.ascii	"\364@\277\334\240\326\027\007(!\237\262\003\037\020"
  53      A0D61707 
  53      28219FB2 
  53      031F10
  54 00a7 8235ECAE 		.ascii	"\2025\354\256\011\177\337!\272\227\006(\200\203-\037"
  54      097FDF21 
  54      BA970628 
  54      80832D1F 
  55 00b7 8D1FBC93 		.ascii	"\215\037\274\223\207K\011\274l\231H\206\357:\350\006"
  55      874B09BC 
  55      6C994886 
  55      EF3AE806 
  56 00c7 20ECBCEB 		.ascii	" \354\274\353\346go\257\356T\325:5:\263\217\252\253"
  56      E6676FAF 
  56      EE54D53A 
  56      353AB38F 
ARM GAS  C:\Users\TUDENT~1\AppData\Local\Temp\ccM5y7iN.s 			page 4


  56      AAAB
  57 00d9 0294C251 		.ascii	"\002\224\302Q\240\254\037tA)\034\201R\302\376D\240\033"
  57      A0AC1F74 
  57      41291C81 
  57      52C2FE44 
  57      A01B
  58 00eb 56E3ED53 		.ascii	"V\343\355S\307\222\373se\007\237\007_\201\014\3549|"
  58      C792FB73 
  58      65079F07 
  58      5F810CEC 
  58      397C
  59 00fd 09A26A72 		.ascii	"\011\242jr\251\221\265\350\204\370\372U\022{\211\203"
  59      A991B5E8 
  59      84F8FA55 
  59      127B8983 
  60 010d 627102BE 		.ascii	"bq\002\276P\306S\027\0267\026\017\226<,\371X\012\260"
  60      50C65317 
  60      1637160F 
  60      963C2CF9 
  60      580AB0
  61 0120 146229C2 		.ascii	"\024b)\302R\214\245\004\013Nv\224a\361b)\307BH3\233"
  61      528CA504 
  61      0B4E7694 
  61      61F16229 
  61      C7424833 
  62 0135 8CDBB287 		.ascii	"\214\333\262\207J\370L\023\020\213$\272\252\220\245"
  62      4AF84C13 
  62      108B24BA 
  62      AA90A5
  63 0144 834A0CB1 		.ascii	"\203J\014\261\255>v1\013e\235\232\340dx\374\201\213"
  63      AD3E7631 
  63      0B659D9A 
  63      E06478FC 
  63      818B
  64 0156 2FD5E06E 		.ascii	"/\325\340n\025\267cj\26497\000\035>\266\207\336\000"
  64      15B7636A 
  64      B4393700 
  64      1D3EB687 
  64      DE00
  65 0168 95A19789 		.ascii	"\225\241\227\211\3660Q\274\375\364\336{_\346*=\252\037"
  65      F63051BC 
  65      FDF4DE7B 
  65      5FE62A3D 
  65      AA1F
  66 017a 02340BC2 		.ascii	"\0024\013\302\020\200vmk\241\017\024\222\200]O\033\200"
  66      1080766D 
  66      6BA10F14 
  66      92805D4F 
  66      1B80
  67 018c 8FA27C5A 		.ascii	"\217\242|Z\274w)\252\355\264\003\236\0218\306\2720\240"
  67      BC7729AA 
  67      EDB4039E 
  67      1138C6BA 
  67      30A0
  68 019e B66CBC47 		.ascii	"\266l\274Gh\322\327\346\244o@a\355Y\237\272H\242w\370"
  68      68D2D7E6 
  68      A46F4061 
ARM GAS  C:\Users\TUDENT~1\AppData\Local\Temp\ccM5y7iN.s 			page 5


  68      ED599FBA 
  68      48A277F8 
  69 01b2 393E4E4E 		.ascii	"9>NN7\243\232\331\223\221\263\273=\251\356\301\010\260"
  69      37A39AD9 
  69      9391B3BB 
  69      3DA9EEC1 
  69      08B0
  70 01c4 ED717530 		.ascii	"\355qu0\313oS\375?o\357\237\313c\375[\265\331\331\360"
  70      CB6F53FD 
  70      3F6FEF9F 
  70      CB63FD5B 
  70      B5D9D9F0 
  71 01d8 9D3601DF 		.ascii	"\2356\001\337/vq8t\364\241\233_\014.2\0007|\017J;\333"
  71      2F767138 
  71      74F4A19B 
  71      5F0C2E32 
  71      00377C0F 
  72 01ef 5236FFB8 		.ascii	"R6\377\270f\032k\033+KY\030ss\264\271\323g\25649\371"
  72      661A6B1B 
  72      2B4B5918 
  72      7373B4B9 
  72      D367AE34 
  73 0205 526DF56B 		.ascii	"Rm\365k;:\022\272:\357\320Q61\022\017\0140\325\376\024"
  73      3B3A12BA 
  73      3AEFD051 
  73      3631120F 
  73      0C30D5FE 
  74 021a 4AF2FEE1 		.ascii	"J\362\376\341\026D\361\373\020%\013\"\032\212\026\241"
  74      1644F1FB 
  74      10250B22 
  74      1A8A16A1 
  75 022a 13282B73 		.ascii	"\023(+s\331\260.\353\022\267;io7\210v\016\034x\312j"
  75      D9B02EEB 
  75      12B73B69 
  75      6F378876 
  75      0E1C78CA 
  76 023f 27C83EA4 		.ascii	"'\310>\244\015rb\253(\262\2738{\277\316\356\026g?m\317"
  76      0D7262AB 
  76      28B2BB38 
  76      7BBFCEEE 
  76      16673F6D 
  77 0254 1E437619 		.ascii	"\036Cv\031\007\016g\310\376\2036(\013[\375\210\354n"
  77      070E67C8 
  77      FE833628 
  77      0B5BFD88 
  77      EC6E
  78 0266 CE3EA0B3 		.ascii	"\316>\240\263{\304\331\317h-]+\261\217\030\251\032\265"
  78      7BC4D9CF 
  78      682D5D2B 
  78      B18F18A9 
  78      1AB5
  79 0278 B24F4EDC 		.ascii	"\262ON\334\356\316N\305\250\235\307\250'8\370\302r\233"
  79      EECE4EC5 
  79      A89DC7A8 
  79      2738F8C2 
  79      729B
  80 028a B1349BCB 		.ascii	"\2614\233\313\013-\307]i6g\315\024\235C\033\017\267"
ARM GAS  C:\Users\TUDENT~1\AppData\Local\Temp\ccM5y7iN.s 			page 6


  80      0B2DC75D 
  80      693667CD 
  80      149D431B 
  80      0FB7
  81 029c 89E83679 		.ascii	"\211\3506y\3426\347\355m\306\215\024]\260\332\210\241"
  81      E236E7ED 
  81      6DC68D14 
  81      5DB0DA88 
  81      A1
  82 02ad 5F3443F4 		.ascii	"_4C\364\023\242\347q\364\023:z\2768\372\204=\372%#D"
  82      13A2E771 
  82      F4133A7A 
  82      BE38FA84 
  82      3DFA2523 
  83 02c2 F1CCD02F 		.ascii	"\361\314\320/\233\031\372\031\321\3639\372I\035\275"
  83      9B19FA19 
  83      D1F339FA 
  83      491DBD
  84 02d1 401CFD17 		.ascii	"@\034\375\027\255e\366J\350W\214\014]\265\242/\354\273"
  84      AD65F64A 
  84      E8578C0C 
  84      5DB5A22F 
  84      ECBB
  85 02e3 16875486 		.ascii	"\026\207T\206\202<C\217ou7\271\227\353\\K\323\231\235"
  85      823C438F 
  85      6F7537B9 
  85      97EB5C4B 
  85      D3999D
  86 02f6 3E782327 		.ascii	">x#'M\347W3D\223\250S\300u\006u\235Bq\235\353\366:7"
  86      4DE75733 
  86      4493A853 
  86      C0750675 
  86      9D42719D 
  87 030e 8C10DDB4 		.ascii	"\214\020\335\264\352\010\262\3372S\364\033\262\027r"
  87      EA08B2DF 
  87      3253F41B 
  87      B21772
  88 031d F6533A7B 		.ascii	"\366S:{\2218\373m{\366)#Ew2d\377\335\214\321\037\310"
  88      9138FB6D 
  88      7BF62923 
  88      45773264 
  88      FFDD8CD1 
  89 0333 5EC4D987 		.ascii	"^\304\331\207t\366bq\366i\255\245{%\366\273F\214\356"
  89      74F66271 
  89      F669ADA5 
  89      7B25F6BB 
  89      468CEE
  90 0346 59D93F69 		.ascii	"Y\331?i\232\365\351\377\212\216\360\030\015\315\304"
  90      9AF5E9FF 
  90      8A8EF018 
  90      0DCDC4
  91 0355 5569B94E 		.ascii	"Ui\271N\"Mgn\377\330!g\232\316}3F\017P\247\230\353\214"
  91      224D676E 
  91      FFD82167 
  91      9ACE7D33 
  91      460F50A7 
  92 036c EA3A25E2 		.ascii	"\352:%\342:3\366:\263F\214\376\264\352\010\262?4c\364"
ARM GAS  C:\Users\TUDENT~1\AppData\Local\Temp\ccM5y7iN.s 			page 7


  92      3A33F63A 
  92      B3468CFE 
  92      B4EA08B2 
  92      3F3463F4 
  93 0380 17B29770 		.ascii	"\027\262\227p\3661\235\275T\234\375\221=\373c#Fs\031"
  93      F6319DBD 
  93      549CFD91 
  93      3DFB6323 
  93      467319
  94 0393 B2CF9B31 		.ascii	"\262\317\2331Z@\366R\316~Ng/\023g\377[k\231\263\022"
  94      5A40F652 
  94      CE7E4E67 
  94      2F1367FF 
  94      5B6B99B3 
  95 03a8 FB132346 		.ascii	"\373\023#FO\255\354\363\213_\314\313\251\030\365\361"
  95      4FADECF3 
  95      8B5FCCCB 
  95      A918F5F1 
  96 03b8 185DEF6C 		.ascii	"\030]\357l=l\371T\374\223\246\023\336\3238\224\256\263"
  96      3D6CF954 
  96      FC93A613 
  96      DED33894 
  96      AEB3
  97 03ca 68C6E85F 		.ascii	"h\306\350_\324)\343:\347u\035\257\270\316\177\366:\317"
  97      D429E33A 
  97      E7751DAF 
  97      B8CE7FF6 
  97      3ACF
  98 03dc 8C1825AD 		.ascii	"\214\030%\255:\202\354Kf\214T\211\261{9\373\270\316"
  98      3A82EC4B 
  98      668C5489 
  98      B17B39FB 
  98      B8CE
  99 03ee 5E2ECEEE 		.ascii	"^.\316\356\223l\331\353$=F\273\244\314\330\375\222\021"
  99      936CD9EB 
  99      243D46BB 
  99      A4CCD8FD 
  99      9211
 100 0400 A37A642F 		.ascii	"\243zd/'\263P\027\014\265h\337\365\265\037V\315\354"
 100      27B35017 
 100      0CB568DF 
 100      F5B51F56 
 100      CDEC
 101 0412 FB19FBB9 		.ascii	"\373\031\373\271\301\336\3707\252^U^\333R\275\251\272"
 101      C1DEF837 
 101      AA5E555E 
 101      DB52BDA9 
 101      BA
 102 0423 72FBC79B 		.ascii	"r\373\307\233\253k\371yE\345\332W^Vj\267)[\336\253Q"
 102      AB6BF979 
 102      45E5DA57 
 102      5E566AB7 
 102      295BDEAB 
 103 0438 B6D67EB4 		.ascii	"\266\326~\264}\233R\371\316\233/\255S6n|]Y\377\326\206"
 103      7D9B52F9 
 103      CE9B2FAD 
 103      53366E7C 
ARM GAS  C:\Users\TUDENT~1\AppData\Local\Temp\ccM5y7iN.s 			page 8


 103      5D59FFD6 
 104 044d 8A1D6BF1 		.ascii	"\212\035k\361\322\273[\331QS\263\371\305*\"W\325~\370"
 104      D2BB5BD9 
 104      5153B3F9 
 104      C52A2257 
 104      D57EF8
 105 0460 7EF507FF 		.ascii	"~\365\007\377\003\232\024\206\377"
 105      039A1486 
 105      FF
 106              		.text
 107              		.section	.gnu.lto__pal_lld_setgroupmode.8740f71c,"",%progbits
 108 0000 789CA556 		.ascii	"x\234\245VkLTG\024\236s\347\356\335\273o\203\362\024"
 108      6B4C5447 
 108      149E73E7 
 108      EEDDBB6F 
 108      83F214
 109 0013 048988A6 		.ascii	"\004\211\210\246I7\264\211m\372\267M[\023[\233\320\037"
 109      4937B489 
 109      6DFAB74D 
 109      5B135B9B 
 109      D01F
 110 0025 B63FDA2A 		.ascii	"\266?\332*\324B\204b\3246i\322\204+\010\012\244>*b%"
 110      D4428462 
 110      D43669D2 
 110      842B080A 
 110      A43E2A62 
 111 003a 6E96487D 		.ascii	"n\226H}\025\021\001\005AA\236\002>\360Q+\005\242\265"
 111      15110105 
 111      41419E02 
 111      3EF0512B 
 111      05A2B5
 112 004d AD90D0D4 		.ascii	"\255\220\320\324DPj%\"=sf\027\026JjLor\207;g\276\357"
 112      44506A25 
 112      223D7366 
 112      17164A6A 
 112      4C6F7287 
 113 0065 9CF3CD39 		.ascii	"\234\363\31593\254\211),\334\306\330:\306X\007\2760"
 113      33AC8929 
 113      2CDCC6D8 
 113      3AC65807 
 113      BE30
 114 0077 8781B2B3 		.ascii	"\207\201\262\263\233\261\315\272\242\360\373\301\314"
 114      9BB1CDBA 
 114      A2F0FBC1 
 114      CC
 115 0084 B0AA25AF 		.ascii	"\260\252%\2572\303\316A\223fU1\221Y#\263\311o\326\300"
 115      32C3CE41 
 115      93665531 
 115      915923B3 
 115      C96FD6C0 
 116 0098 293FCC8A 		.ascii	")?\314\212\276-\036\327-b\264\353`\225f\213\377\303"
 116      BE2D1ED7 
 116      2D62B4EB 
 116      6095668B 
 116      FFC3
 117 00aa AAD868DD 		.ascii	"\252\330h\335N\3536pH\263\335\377\341\220\216\232u\247"
 117      4EEB3670 
ARM GAS  C:\Users\TUDENT~1\AppData\Local\Temp\ccM5y7iN.s 			page 9


 117      48B3DDFF 
 117      E1908E9A 
 117      75A7
 118 00bc 62AE6B67 		.ascii	"b\256kg\210t\365\350\210t\001\010\273\241\003\313T\270"
 118      8874F5E8 
 118      88740108 
 118      BBA103CB 
 118      54B8
 119 00ce 6AD2CCBA 		.ascii	"j\322\314\272\305j\263;\234.\310T\234\014\232T\320i"
 119      C56AB33B 
 119      9C2EC854 
 119      9C0C9A54 
 119      D069
 120 00e0 40156C07 		.ascii	"@\025l\007\337\313\241e\353`\235\262\364\260\201O\323"
 120      DFCBA165 
 120      EB609DB2 
 120      F4B0814F 
 120      D3
 121 00f1 DE426BAE 		.ascii	"\336Bk\256\221\023\346\345\214\355\343\214\0368\014"
 121      9113E6E5 
 121      8CEDE38C 
 121      1E380C
 122 0100 4B11756D 		.ascii	"K\021um\313\211\375|;\367r\000\025\247\303\227\213\177"
 122      CB89FD7C 
 122      3BF77200 
 122      15A7C397 
 122      8B7F
 123 0112 778AA902 		.ascii	"w\212\251\00218m\355\2368m\345\313\201\341w\326\201"
 123      31386DED 
 123      9E386DE5 
 123      CB81E177 
 123      D681
 124 0124 7D6D8EF8 		.ascii	"}m\216\370\203\206\221e4=)\344\306\"/\347\360\003pt"
 124      83869165 
 124      343D29E4 
 124      C6222FE7 
 124      F0037074 
 125 0138 08472112 		.ascii	"\010G!\022\216@$C\023\2032\210G\370\304\241\023y:\177"
 125      8E402443 
 125      13833288 
 125      47F8C4A1 
 125      13793A7F 
 126 014c 97A88FF7 		.ascii	"\227\250\217\367tz\300G\275}$hO\266\361\266\227\253"
 126      747AC047 
 126      BD7D2468 
 126      4FB6F1B6 
 126      97AB
 127 015e 706C2659 		.ascii	"pl&YePN\344\007\325\007w\333x\"\221/noX\345\343\016"
 127      65504EE4 
 127      07D50777 
 127      DB782291 
 127      2F6E6F58 
 128 0175 1E892824 		.ascii	"\036\211($\256\011\216\317\344\232\030T@\274 \034\274"
 128      AE098ECF 
 128      E49A1854 
 128      40BC201C 
 128      BC
ARM GAS  C:\Users\TUDENT~1\AppData\Local\Temp\ccM5y7iN.s 			page 10


 129 0186 D8DAE8E4 		.ascii	"\330\332\350\344\253\210|\30389\001q\245\304\276Y\026"
 129      AB887CC3 
 129      38390171 
 129      A5C4BE59 
 129      16
 130 0197 B62BDBE8 		.ascii	"\266+\333\3504T/\327\340\304t\276x\020~{\340\374U\340"
 130      34542FD7 
 130      E0C474BE 
 130      78107E7B 
 130      E0FC55E0 
 131 01ab 1F12F597 		.ascii	"\037\022\365\227\241c;\314>jwY\344n\037\325\014U\263"
 131      A1633BCC 
 131      3E6A7759 
 131      E46E1FD5 
 131      0C55B3
 132 01be 524BDBEB 		.ascii	"RK\333\353\307l\374#\242\226\336\316\356u\372\250\227"
 132      C76CFC23 
 132      A296DECE 
 132      EE75FAA8 
 132      97
 133 01cf 7673E37B 		.ascii	"vs\343{C\021\304\223\263\022\237\346\237\275\317\371"
 133      4311C493 
 133      B3129FE6 
 133      9FBDCFF9 
 134 01df 1A221A79 		.ascii	"\032\"\032y\303\205\026\037\361\356\267\223\304\232"
 134      C385161F 
 134      F1EEB793 
 134      C49A
 135 01ed 598955CD 		.ascii	"Y\211U\315\303\032_K\274\223\007J+l>^\333\024\357\364"
 135      C31A5F4B 
 135      BC93074A 
 135      2B6C3E5E 
 135      DB14EFF4 
 136 0201 ACBC47DB 		.ascii	"\254\274G\333k{\200\247\022\261\250\363F\201\335\037"
 136      6B7B80A7 
 136      12B1A8F3 
 136      4681DD1F 
 137 0211 70D724B1 		.ascii	"p\327$\261~V\342o\225O\36784\265\024W\316@\034\324\341"
 137      7E56E26F 
 137      954FF738 
 137      34B51457 
 137      CE401CD4 
 138 0226 5B8BEF29 		.ascii	"[\213\357)|\253\361\255\2048\331]p\0264`\314\374\037"
 138      7CABF1AD 
 138      8438D95D 
 138      70163460 
 138      CCFC1F
 139 0239 C08AEBD0 		.ascii	"\300\212\353\320d<\235\330\2125]\322\377p4h\011P\351"
 139      643C9DD8 
 139      8A355DD2 
 139      FF703468 
 139      0950E9
 140 024c 1522481A 		.ascii	"\025\"H\0326\003\022M4jL80\323\2503\341\310B\243\225"
 140      3603124D 
 140      346A4C38 
 140      30D3A833 
 140      E1C842A3 
ARM GAS  C:\Users\TUDENT~1\AppData\Local\Temp\ccM5y7iN.s 			page 11


 141 0261 09677610 		.ascii	"\011gv\020\245w\202\350<<'\350'\010\033B\237\313D\264"
 141      A57782E8 
 141      3C3C27E8 
 141      27081B42 
 141      9FCB44B4 
 142 0275 79E42098 		.ascii	"y\344 \230\\\206\020)\224\334\204!\304\022N\213\021"
 142      5C861029 
 142      94DC8421 
 142      C4124E8B 
 142      11
 143 0286 649E2F0C 		.ascii	"d\236/\014\221\204\213\"\304\002J)\232B\304\210\305"
 143      91848B22 
 143      C4024A29 
 143      9A42C488 
 143      C5
 144 0297 85628815 		.ascii	"\205b\210\025\303\"1\304\211a\261\030\030\313G\335x"
 144      C32231C4 
 144      8961B118 
 144      18CB47DD 
 144      78
 145 02a8 4E0BB882 		.ascii	"N\013\270\202\177\370]\330\322\327:Xf\027\033\341\341"
 145      7FF85DD8 
 145      D2D73A58 
 145      66171BE1 
 145      E1
 146 02b9 76DCBABC 		.ascii	"v\334\272\274\375\373\312\314\342\\\231\200C\203oK\013"
 146      FDFBCACC 
 146      E25C9980 
 146      43836F4B 
 146      0B
 147 02ca F0B4D42A 		.ascii	"\360\264\324*|\010Z\212\207\032r\254\002-J\222\323r"
 147      7C085A8A 
 147      871A72AC 
 147      022D4A92 
 147      D372
 148 02dc 85A09C2A 		.ascii	"\205\240\234*\364\250\343\3026\273\027<\233\361\034"
 148      F4A8E3C2 
 148      36BB173C 
 148      9BF11C
 149 02eb 97ACC568 		.ascii	"\227\254\305hV\017wB\243p\201\253=##\255vw\271\261e"
 149      560F7742 
 149      A37081AB 
 149      3D2323AD 
 149      7677B9B1 
 150 0300 B311E3E5 		.ascii	"\263\021\343\34568\007^\370\216N84\201\333\303]\024"
 150      3638075E 
 150      F88E4E38 
 150      3481DBC3 
 150      5D14
 151 0312 4665259A 		.ascii	"Fe%\232L\352\257\262eSI5\337\251\032\266\311\244Th\236"
 151      4CEAAFB2 
 151      65534935 
 151      DFA91AB6 
 151      C9A45468 
 152 0327 4CCAC4EE 		.ascii	"L\312\304\356\200L\352\334\200\331\227\324\363e\321"
 152      804CEADC 
 152      80D997D4 
ARM GAS  C:\Users\TUDENT~1\AppData\Local\Temp\ccM5y7iN.s 			page 12


 152      F365D1
 153 0336 425980C8 		.ascii	"BY\200\310\242u*\013Ml\315\020d5\016uJ\277\036\036\024"
 153      A2752A0B 
 153      4D6CCD10 
 153      64350E75 
 153      4ABF1E1E 
 154 034b A8D74E7A 		.ascii	"\250\327Nz\263\307\316=pf\216\033xY\331K\271l\274\256"
 154      B3C7CE3D 
 154      70668E1B 
 154      7859D94B 
 154      B96CBCAE 
 155 035f E2B27522 		.ascii	"\342\262u\"\370\034/w@;dB\233/\360\257O\232\033\365"
 155      F81C2F77 
 155      403B6442 
 155      9B2FF0AF 
 155      4F9A1BF5 
 156 0373 840A63A7 		.ascii	"\204\012c\247!\002;\341<\006Fm\244\277\003\022\030F"
 156      21023BE1 
 156      3C06466D 
 156      A4BF0312 
 156      1846
 157 0385 1BD9FA95 		.ascii	"\033\331\372\225\2145\027\303\261\001\310\212\241\366"
 157      8C3517C3 
 157      B101C88A 
 157      A1F6
 158 0393 C4CE4093 		.ascii	"\304\316@\223\230\227\034.r\223\011{ 0\0353\266d'\306"
 158      98971C2E 
 158      7293097B 
 158      20301D33 
 158      B66427C6 
 159 03a7 11904340 		.ascii	"\021\220C@\010\321\304~\323\347d\251\013\260D\220\345"
 159      08D1C47E 
 159      D3E764A9 
 159      0BB04490 
 159      E5
 160 03b8 4C80A5AC 		.ascii	"L\200\245\254H\332*\311s\305\237u\217\035\3023\036\016"
 160      48DA2AC9 
 160      73C59F75 
 160      8F1DC233 
 160      1E0E
 161 03ca E8A2ED2E 		.ascii	"\350\242\355.\340f\206\267<\356J\366\375\334\206\336"
 161      E06686B7 
 161      3CEE4AF6 
 161      FDDC86DE 
 162 03da 4F64A6F3 		.ascii	"Od\246\363<\334\024x5\273\260<\027\244\313\030\177T"
 162      3CDC1478 
 162      35BBB03C 
 162      17A4CB18 
 162      7F54
 163 03ec 443162B5 		.ascii	"D1b\265\177 I\301\036l\230i\2503\002\025,Q\267z\223"
 163      7F2049C1 
 163      1E6C9869 
 163      A8330215 
 163      2C51B77A 
 164 0401 252CC4C3 		.ascii	"%,\304\303-\323a\247\004,D\302\006|\316B=(\177\032\252"
 164      2DD361A7 
 164      042C44C2 
ARM GAS  C:\Users\TUDENT~1\AppData\Local\Temp\ccM5y7iN.s 			page 13


 164      067CCE42 
 164      3D287F1A 
 165 0416 56A04205 		.ascii	"V\240B\005\352I\356x\357\327\022\026\346\341\200\211"
 165      EA49EE78 
 165      EFD71216 
 165      E6E18089 
 166 0426 D60C769D 		.ascii	"\326\014v\235\267\212D-`\000\\D\032\365Z\033\370P\201"
 166      B78A442D 
 166      60005C44 
 166      1AF55A1B 
 166      F85081
 167 0439 DA2DA8FD 		.ascii	"\332-\250\375\322d\253\351\354V\254\020\377w\3567\375"
 167      D264ABE9 
 167      EC56AC10 
 167      FF77EE37 
 167      FD
 168 044a 29121D8E 		.ascii	")\022\035\216\312\220p|\344\341qM\022\\p\371_\342\303"
 168      CA90707C 
 168      E4E1714D 
 168      125C70F9 
 168      5FE2C3
 169 045d 896E99A4 		.ascii	"\211n\231\244\227\367\247Iz\004\025:d\206\274\010\202"
 169      97F7A749 
 169      7A04153A 
 169      6486BC08 
 169      82
 170 046e 5B69AF07 		.ascii	"[i\257\007@a\322\2523\372&\207\252\224\326\320\357\223"
 170      4061D2AA 
 170      33FA2687 
 170      AA94D6D0 
 170      EF93
 171 0480 365F4A1B 		.ascii	"6_J\033/\351\0337\371\244\031\012t\317\3246\337/f\024"
 171      2FE91B37 
 171      F9A4190A 
 171      74CFD436 
 171      DF2F6614 
 172 0494 54CC4A2F 		.ascii	"T\314J/\256\271\206\0158\3172V\325\014\243\240c&z}u"
 172      AEB9860D 
 172      38CF3256 
 172      D50CA3A0 
 172      63267A7D 
 173 04a9 179A222C 		.ascii	"\027\232\",}5\275\200I\330&s\276\354\227\034\211e\232"
 173      7D35BD80 
 173      49D82673 
 173      BEEC971C 
 173      89659A
 174 04bc AE914A27 		.ascii	"\256\221J'\033\304>\211\277\347\327\030E\032Cg\024'"
 174      1BC43E89 
 174      BFE7D718 
 174      451A4367 
 174      1427
 175 04ce 8AE08E29 		.ascii	"\212\340\216)\215d\325\244Fr\250\310\"\217\373\343."
 175      8D64D5A4 
 175      4672A8C8 
 175      228FFBE3 
 175      2E
 176 04df 408DF042 		.ascii	"@\215\360B@X\274\356\320*PE\271\345\275g}\032\243=\334"
ARM GAS  C:\Users\TUDENT~1\AppData\Local\Temp\ccM5y7iN.s 			page 14


 176      4058BCEE 
 176      D02A5045 
 176      B9E5BD67 
 176      7D1AA33D 
 177 04f4 2AFEC7B4 		.ascii	"*\376\307\264u\344\352\262}\001\256\004f[)\234G\213"
 177      75E4EAB2 
 177      7D01AE04 
 177      665B299C 
 177      478B
 178 0506 3D50306B 		.ascii	"=P0k[q\255\330\203`{q\265\330\003\321M\266>\332\203"
 178      5B71ADD8 
 178      83607B71 
 178      B5D803D1 
 178      4DB63EDA 
 179 051b 287B5F2D 		.ascii	"({_-\355\201\223\341o\031\231$q\255l\252(\0266\225\274"
 179      ED8193E1 
 179      6F199924 
 179      71AD6CAA 
 179      28163695 
 180 0530 39A040A6 		.ascii	"9\240@\246\000!\\~S\272 \012r\245\365\3461Mf+R}\230"
 180      00215C7E 
 180      53BA200A 
 180      72A5F5E6 
 180      314D662B 
 181 0547 9FF388CB 		.ascii	"\237\363\210\313T\315p\325_ \314\300\2451\024\350\030"
 181      54CD70D5 
 181      5F20CCC0 
 181      A53114E8 
 181      18
 182 0558 C30C47F1 		.ascii	"\303\014G\361\"\306s\252\325W%\340\3168p\335D\363\021"
 182      22C673AA 
 182      D55725E0 
 182      CE3870DD 
 182      44F311
 183 056b F4A18AA9 		.ascii	"\364\241\212\251\231\246Ux\321ibj\221\2536l\0331\265"
 183      99A65578 
 183      D169626A 
 183      91AB366C 
 183      1B31B5
 184 057e 8A13ACF5 		.ascii	"\212\023\254\365U\011\251\321\216\021\033\252r\311\373"
 184      5509A9D1 
 184      8E111BAA 
 184      72C9FB
 185 058d ADA57E68 		.ascii	"\255\245~h(\307&\223\211\231qu\306<\343\342\274F\027"
 185      28C72693 
 185      89997175 
 185      C63CE3E2 
 185      BC4617
 186 05a0 A722AEAF 		.ascii	"\247\"\256\257\353\340\226-y\324wW.D\335\350\221Q/\344"
 186      EBE0962D 
 186      79D47757 
 186      2E44DDE8 
 186      91512FE4 
 187 05b4 59A43116 		.ascii	"Y\2441\0267\011\227\320\330R\324\0255\333e\275\340\031"
 187      370997D0 
 187      D852D415 
 187      35DB65BD 
ARM GAS  C:\Users\TUDENT~1\AppData\Local\Temp\ccM5y7iN.s 			page 15


 187      E019
 188 05c6 217F9C0A 		.ascii	"!\177\234\012yC\334\325\261\214$\374\341\227\260\350"
 188      7943DCD5 
 188      B18C24FC 
 188      E197B0E8 
 189 05d6 3925FC44 		.ascii	"9%\374D\376\350g\300\315\231\022D\031\321\343t\011\213"
 189      FEE867C0 
 189      CD991244 
 189      19D1E374 
 189      098B
 190 05e8 B1E6B8F4 		.ascii	"\261\346\270\364?$\364L\205\374YHX\314\356\341\345["
 190      3F24F44C 
 190      85FC5948 
 190      58CCEEE1 
 190      E55B
 191 05fa B197FA97 		.ascii	"\261\227\372\227n\232|l\223\036\035E\276\231\364\232"
 191      6E9A7C6C 
 191      931E1D45 
 191      BE99F49A 
 192 060a FBF594D4 		.ascii	"\373\365\224\3245\251\211\233\276HN\315\220\337+\023"
 192      35A9899B 
 192      BE484ECD 
 192      90DF2B13 
 193 061a 135E59E6 		.ascii	"\023^Y\346\316\330\350NY\235\346^\237\261a\323Fw\342"
 193      CED8E84E 
 193      599DE65E 
 193      9FB161D3 
 193      4677E2
 194 062d FBEFBCFC 		.ascii	"\373\357\274\374\222{\305\2127\334o\275\267|\345\227"
 194      927BC58A 
 194      37DC6FBD 
 194      B77CE597 
 195 063d 0962E9E3 		.ascii	"\011b\351\343\365\370\246\245%\277\230\304T\201R\323"
 195      F5F8A6A5 
 195      25BF98C4 
 195      548152D3 
 196 064d 576F5CA7 		.ascii	"Wo\\\247\246g$\177\012\251<i\355g<iC\032\276)Jz\232"
 196      A667247F 
 196      0AA93C69 
 196      ED673C69 
 196      431ABE29 
 197 0664 929EF20F 		.ascii	"\222\236\362\017\331\247\214\241"
 197      D9A78CA1 
 198              		.text
 199              		.section	.gnu.lto_cfgtab.6524.8740f71c,"",%progbits
 200 0000 789C4D8F 		.ascii	"x\234M\217\337K\302P\030\206\317\267\323\264rj\335\357"
 200      DF4BC250 
 200      1886CFB7 
 200      D3B4726A 
 200      DDEF
 201 0012 9FA86EFC 		.ascii	"\237\250n\374\363\014\014\244\213\350\"\010\242P\250"
 201      F30C0CA4 
 201      8BE82208 
 201      A250A8
 202 0021 B05CCEF5 		.ascii	"\260\\\316\365k\265Y\021ED\321E\005\021Bt\325ED\027"
 202      6BB55911 
 202      4544D145 
ARM GAS  C:\Users\TUDENT~1\AppData\Local\Temp\ccM5y7iN.s 			page 16


 202      05114274 
 202      D5454417 
 203 0035 2203119B 		.ascii	"\"\003\021\233\365z\276Cl\354\345\345\341\031\337\313"
 203      F57ABE43 
 203      6CECE5E5 
 203      E119DFCB 
 204 0045 4C618821 		.ascii	"La\210!\011\201W=\253\222\334n\344\246\226dE\012\312"
 204      0981573D 
 204      AB92DC6E 
 204      E4A69664 
 204      450ACA
 205 0058 03CBB7EF 		.ascii	"\003\313\267\357/4B\242i\340k\273\024\020\333\014\360"
 205      2F3442A2 
 205      69E06BBB 
 205      1410DB0C 
 205      F0
 206 0069 B9F3B091 		.ascii	"\271\363\260\221a;\005\\kE\367&\333\361\344)R\247\342"
 206      613B055C 
 206      6B45F726 
 206      DBF1E429 
 206      52A7E2
 207 007c B7F9A1C1 		.ascii	"\267\371\241\301\230\003n~\005\327&c\0268\370\\i\353"
 207      98036E7E 
 207      05D72663 
 207      1638F85C 
 207      69EB
 208 008e 212B3944 		.ascii	"!+9Dj(\356<\306\026\343$\320\361\267Cm'\200\321\342"
 208      6A28EE3C 
 208      C616E324 
 208      D0F1B743 
 208      6D2780D1 
 209 00a3 424FF26E 		.ascii	"BO\362n:\211\244\360\252\353\325,\266\022\3701h\204"
 209      3A89A4F0 
 209      AAEBD52C 
 209      B612F831 
 209      6884
 210 00b5 39B62960 		.ascii	"9\266)`\363;\350g\331\216~\377n+\374\321C&\360\251\344"
 210      F33BE867 
 210      D98E7EFF 
 210      6E2BFCD1 
 210      4326F0A9 
 211 00ca ADEB5363 		.ascii	"\255\353Sc\311S\244N\375[\241\354\315o\3572\317\326"
 211      C953A44E 
 211      FD5BA1EC 
 211      CD6FEF32 
 211      CFD6
 212 00dc 48A25058 		.ascii	"H\242PX_\356;\351\202_,W\213U\263\"\015\232\261\251"
 212      5FEE3BE9 
 212      825F2C57 
 212      8B55B322 
 212      0D9AB1A9 
 213 00f0 4536CDDA 		.ascii	"E6\315\332t\216:#\306\020q\220@\367)r\202\370\3101r"
 213      748E3A23 
 213      C6107190 
 213      40F72972 
 213      82F8C831 
 214 0105 841C2273 		.ascii	"\204\034\"s\254\017\364g\373\272=\335M\335\256\356\206"
ARM GAS  C:\Users\TUDENT~1\AppData\Local\Temp\ccM5y7iN.s 			page 17


 214      AC0FF467 
 214      FBBA3DDD 
 214      4DDDAEEE 
 214      86
 215 0116 EE3DDD75 		.ascii	"\356=\335ud\027\331Ajd\013\272\240\202\370\0037\230"
 215      6417D941 
 215      6A640BBA 
 215      A082F803 
 215      3798
 216 0128 982E     		.ascii	"\230."
 217              		.text
 218              		.section	.gnu.lto_.symbol_nodes.8740f71c,"",%progbits
 219 0000 789C6365 		.ascii	"x\234ce`b\320g\000\002\246+\214\365\014\014\023\316"
 219      6062D067 
 219      0002A62B 
 219      8CF50C0C 
 219      13CE
 220 0012 313000A9 		.ascii	"10\000\251]\015\216@\221\253\214\365\214(\"\254\327"
 220      5D0D8E40 
 220      91AB8CF5 
 220      8C2822AC 
 220      D7
 221 0023 18191A94 		.ascii	"\030\031\032\224\030\030\230\031\000'\367\013\026"
 221      18189819 
 221      0027F70B 
 221      16
 222              		.text
 223              		.section	.gnu.lto_.refs.8740f71c,"",%progbits
 224 0000 789C6365 		.ascii	"x\234ce`b`c```dd`be\000\000\000\303\000\027"
 224      60626063 
 224      60606064 
 224      64606265 
 224      000000C3 
 225              		.text
 226              		.section	.gnu.lto_.decls.8740f71c,"",%progbits
 227 0000 789CAD18 		.ascii	"x\234\255\030[PTG\366\366\355\031\204\031\036.\250\345"
 227      5B505447 
 227      F6F6ED19 
 227      84191E2E 
 227      A8E5
 228 0012 075B4B59 		.ascii	"\007[KY\223r~t\000\023\315\246\362\241\016\276jM\244"
 228      93727E74 
 228      0013CDA6 
 228      F2A10EBE 
 228      6A4DA4
 229 0025 06D79F50 		.ascii	"\006\327\237P5\2130\350T\200ae\3302\037\273u\005\024"
 229      358B30E8 
 229      54806165 
 229      D8321FBB 
 229      750514
 230 0038 C4070F35 		.ascii	"\304\007\0175\212JD\024\005\001Q\021P\020E\300GP\014"
 230      8A4A4414 
 230      05015111 
 230      501045C0 
 230      47500C
 231 004b A2A2883C 		.ascii	"\242\242\210<D\301\027\032\020\001A\305=\335}\207{\035"
 231      44C1171A 
ARM GAS  C:\Users\TUDENT~1\AppData\Local\Temp\ccM5y7iN.s 			page 18


 231      100141C5 
 231      3DDD7D87 
 231      7B1D
 232 005d 0793ADCD 		.ascii	"\007\223\255\315-\316\364=\335\347\325\347\234>\247"
 232      2DCEF43D 
 232      DDE7D5E7 
 232      9C3EA7
 233 006c 2F4A8EE7 		.ascii	"/J\216\347\026xq\334+\236\343\376\2018\356=<\012\216"
 233      167871DC 
 233      2B9EE3FE 
 233      8138EE3D 
 233      3C0A8E
 234 007f E30A0100 		.ascii	"\343\012\001\000\345\2129\366\3002\327\001\240@l~\012"
 234      E58A39F6 
 234      C032D701 
 234      A0406C7E 
 234      0A
 235 0090 E23E78CE 		.ascii	"\342>x\316\003\356\006\343\012\000O\200I\000-\000\323"
 235      03EE06E3 
 235      0A004F80 
 235      49002D00 
 235      D3
 236 00a1 0166C3DA 		.ascii	"\001f\303\332\027\000O\340\375.\300\034x\377\022`\024"
 236      17004FE0 
 236      FD2EC01C 
 236      78FF1260 
 236      14
 237 00b2 DEDF01B8 		.ascii	"\336\337\001\270\002h\001o\202\261\006\240\237\310\003"
 237      0268016F 
 237      82B106A0 
 237      9FC803
 238 00c1 1801A806 		.ascii	"\030\001\250\006\030\002\270\011p\003\340:@\203h[\007"
 238      1802B809 
 238      7003E03A 
 238      4083685B 
 238      07
 239 00d2 F7F1E302 		.ascii	"\367\361\343\002\206N\264\263\203\020w\211{Y\006p\014"
 239      864EB4B3 
 239      83107789 
 239      7B590670 
 239      0C
 240 00e3 C05BB48D 		.ascii	"\300[\264\215\350'v\375\025h&\003L\002\010$\373\004"
 240      E82776FD 
 240      15682603 
 240      4C020824 
 240      FB04
 241 00f5 18047825 		.ascii	"\030\004x%\3321$\352\034o\3773@/\026\345\022\235\223"
 241      DA3124EA 
 241      1C6FFF33 
 241      402F16E5 
 241      129D93
 242 0108 EDD6E5CF 		.ascii	"\355\326\345\317N\214Z/\347\345\343\255\030MW!\342q"
 242      4E8C5A2F 
 242      E7E5E3AD 
 242      184D5721 
 242      E271
 243 011a 0F982AEA 		.ascii	"\017\230*\3529=\354\306\246\010E\373p\356\302\231\005"
ARM GAS  C:\Users\TUDENT~1\AppData\Local\Temp\ccM5y7iN.s 			page 19


 243      393DECC6 
 243      A60845FB 
 243      70EEC299 
 243      05
 244 012b 027B9C79 		.ascii	"\002{\234y\211\2651\345\345\301\011XM\211\256'\034\333"
 244      89B531E5 
 244      E5C10958 
 244      4D89AE27 
 244      1CDB
 245 013d 4BC478AA 		.ascii	"K\304x\252\220\002\320\276\372\335\017\334\001\235\244"
 245      9002D0BE 
 245      FADD0FDC 
 245      019DA4
 246 014c 423E3B31 		.ascii	"B>;1\237Qw\273Z\201\264\252CDD\325\320\313\351i\211"
 246      9F5177BB 
 246      5A81B4AA 
 246      434444D5 
 246      D0CBE969 
 247 0161 82C0A3A3 		.ascii	"\202\300\243\243H\205\216 \214\362\320L\262\251\351"
 247      48858E20 
 247      8CF2D04C 
 247      B2A9E9
 248 0170 2AF84D12 		.ascii	"*\370M\022\2048!5^pY\314\241\002\344\215\362\2217\207"
 248      84382135 
 248      5E7059CC 
 248      A102E48D 
 248      F2913787 
 249 0184 0A919658 		.ascii	"\012\221\226XC\350P.L\036\206I\320\222w0-\333\011\377"
 249      43E8502E 
 249      4C1E8649 
 249      D0927730 
 249      2DDB09FF 
 250 0198 9B18C05F 		.ascii	"\233\030\300_<\333rG\201TZ\207\374\307\035\360\213\266"
 250      3CDB7247 
 250      81545A87 
 250      FCC71DF0 
 250      8BB6
 251 01aa E44EBBB8 		.ascii	"\344N\273\270\236\330r\014l)\222l\001\323\330&\217\324"
 251      9ED8720C 
 251      6C29926C 
 251      01D3D826 
 251      8FD4
 252 01bc E7BD55E0 		.ascii	"\347\275U\340ND\225l\251\336\333\343:\236\222\223\343"
 252      4E44956C 
 252      A9DEDBE3 
 252      3A9E9293 
 252      E3
 253 01cd 2A69AFFC 		.ascii	"*i\257\374\372\310MA\360A\305\240\344\204\244\344\030"
 253      FAC84D41 
 253      F041C5A0 
 253      E484A4E4 
 253      18
 254 01de 55426641 		.ascii	"UBfAQ\351\226\332J\276\015\335C\340a4\221\372\030!\366"
 254      51E996DA 
 254      4ABE0DDD 
 254      43E06134 
 254      91FA1821 
ARM GAS  C:\Users\TUDENT~1\AppData\Local\Temp\ccM5y7iN.s 			page 20


 255 01f3 8B2850F4 		.ascii	"\213(P\364\275\355A\210\316\303,\317\211\231`\233B6"
 255      BDED4188 
 255      CEC32CCF 
 255      8999609B 
 255      4236
 256 0205 0E11E745 		.ascii	"\016\021\347E\224\027E\322?\221\031\311$\262e\246\311"
 256      941745D2 
 256      3F9119C9 
 256      24B265A6 
 256      C9
 257 0216 F6B06463 		.ascii	"\366\260dc/\224\315\306\215xI\001Br\006\231@f\266\270"
 257      2F94CDC6 
 257      8D784901 
 257      42720699 
 257      4066B6B8 
 258 022a 3E661F27 		.ascii	">f\037'm\016\331r\251/\343j\267\252\035\265\222\331"
 258      6D0ED972 
 258      A92FE36A 
 258      B7AA1DB5 
 258      92D9
 259 023c ACB988B9 		.ascii	"\254\271\210\271\276 \243\313\005\237\340i\202U\224"
 259      BE20A3CB 
 259      059FE069 
 259      825594
 260 024b 9DB9A864 		.ascii	"\235\271\250d\011\346\013\350\233\307\333\233\021C]"
 260      09E60BE8 
 260      9BC7DB9B 
 260      11435D
 261 025a 018DAB68 		.ascii	"\001\215\253hN\363`\371\326\301\311\362\317\223\346"
 261      4EF360F9 
 261      D6C1C9F2 
 261      CF93E6
 262 0269 1FDA9A52 		.ascii	"\037\332\232R|\\\205\253\230\244\335\025\257\352DI\316"
 262      7C5C85AB 
 262      98A4DD15 
 262      AFEA4449 
 262      CE
 263 027a 801EB850 		.ascii	"\200\036\270P>\242\306\227\330Zg\371\275u<\276\302\220"
 263      3EA2C697 
 263      D85A67F9 
 263      BD753CBE 
 263      C290
 264 028c D1E433BD 		.ascii	"\321\3443\275\030\377B\021\345\343\355Y\361*\244\321"
 264      18FF4211 
 264      E5E3ED59 
 264      F12AA4D1 
 265 029c 68BCB4D9 		.ascii	"h\274\264\331$\372U\203\231\236\351\361\302e_\2329U"
 265      24FA5583 
 265      999EE9F1 
 265      C2655F9A 
 265      3955
 266 02ae 10D45AE4 		.ascii	"\020\324Z\344%%C%\374p\310\217\034BF\336\371\347\014"
 266      25254325 
 266      FC70C88F 
 266      1C4246DE 
 266      F9E70C
 267 02c1 A12A0153 		.ascii	"\241*\001S\352\263\366\324:B\\\200$\352F\031\3659\207"
ARM GAS  C:\Users\TUDENT~1\AppData\Local\Temp\ccM5y7iN.s 			page 21


 267      EAB3F6D4 
 267      3A425C80 
 267      24EA4619 
 267      F53987
 268 02d4 D454741A 		.ascii	"\324Tt\032I\257TA\230\253\340P9,\237\246Z\0111d\030"
 268      49AF5441 
 268      98ABE050 
 268      392C9FA6 
 268      5A093164 
 269 02e9 BA000959 		.ascii	"\272\000\011Y\2034\250\032\340<\322PW\263\204\274\230"
 269      8334A81A 
 269      E03CD250 
 269      57B384BC 
 269      98
 270 02fa E9B94E10 		.ascii	"\351\271N\020\020\241\344\304d\024\343pn4\241\301\011"
 270      10A1E4C4 
 270      6414E370 
 270      6E34A1C1 
 270      09
 271 030b DFA07BE6 		.ascii	"\337\240{\3467\245\017\257S\"\255\027c\032\315t\202"
 271      37A50FAF 
 271      5322AD17 
 271      631ACD74 
 271      82
 272 031c F38F2E83 		.ascii	"\363\217.\203\364\213R\016\023\021\216\015A\227@\377"
 272      F48B520E 
 272      13118E0D 
 272      419740FF 
 273 032c A76C0175 		.ascii	"\247l\001u/\022\272:\324,\026S\001-\251?\325\246\304"
 273      2F12BA3A 
 273      D42C1653 
 273      012DA93F 
 273      D5A6C4
 274 033f DDCCFDF7 		.ascii	"\335\314\375\367^6%\252\361s\206\024\275\335~\330\011"
 274      5E3625AA 
 274      F1738614 
 274      BDDD7ED8 
 274      09
 275 0350 BF62484A 		.ascii	"\277bHJ|\333\177\030\323\327\200m\336u8\325I\214=\006"
 275      7CDB7F18 
 275      D3D7806D 
 275      DE7538D5 
 275      498C3D06 
 276 0364 3CB964DB 		.ascii	"<\271d\333\001\017\374\206\222NH\275\323\235\350\016"
 276      010FFC86 
 276      924E48BD 
 276      D39DE80E 
 277 0374 61F3D268 		.ascii	"a\363\322h\264\232l\272\217\266\\\317m\002\011\034\331"
 277      B49A6CBA 
 277      8FB65CCF 
 277      6D02091C 
 277      D9
 278 0385 C92FB093 		.ascii	"\311/\260\223F\030\307\214>\365A\340\200\274Z\273\216"
 278      4618C78C 
 278      3EF541E0 
 278      80BC5ABB 
 278      8E
ARM GAS  C:\Users\TUDENT~1\AppData\Local\Temp\ccM5y7iN.s 			page 22


 279 0396 8682509F 		.ascii	"\206\202P\237\261\247\256@R\344\344>\270\006\004\365"
 279      B1A7AE40 
 279      52E4E43E 
 279      B80604F5 
 280 03a6 74AD5174 		.ascii	"t\255Qt\300-p@\023l\376&\300\015\200\353\000\015\242"
 280      C02D7040 
 280      136CFE26 
 280      C00D80EB 
 280      000DA2
 281 03b9 2398A297 		.ascii	"#\230\242\227\177\221\024\325\331+\372\331\336\254N"
 281      7F9114D5 
 281      D92BFAD9 
 281      DEAC4E
 282 03c8 19F5157B 		.ascii	"\031\365\025{\352J\231Yb\304\367\261\2107~\030q&\253"
 282      EA4A9959 
 282      62C4F7B1 
 282      88377E18 
 282      7126AB
 283 03db 699FCC23 		.ascii	"i\237\314#W\355\205I\351\006\316=?\334\263\336\003\307"
 283      57ED8549 
 283      E906CE3D 
 283      3FDCB3DE 
 283      03C7
 284 03ed 619A1F37 		.ascii	"a\232\0377.\344\254s\036\313\217\027y4?\232\201\367"
 284      2EE4AC73 
 284      1ECB8F17 
 284      79343F9A 
 284      81F7
 285 03ff B6941F8D 		.ascii	"\266\224\037\215\037\345\207\3157\350\016\270\344\367"
 285      1FE587CD 
 285      37E80EB8 
 285      E4F7
 286 040d B807D4EE 		.ascii	"\270\007\324\356\275V<\313K\024\2224\236\020\356S\022"
 286      BD563CCB 
 286      4B149234 
 286      9E10EE53 
 286      12
 287 041e 36669665 		.ascii	"6f\226e\271\272&\217\025ntWv\2448\324\202\\E\302\342"
 287      B9BA268F 
 287      156E7457 
 287      76A438D4 
 287      825C45C2 
 288 0433 EE8A6667 		.ascii	"\356\212fg\005\317\346\320J\005\231\273\360~\250\312"
 288      05CFE6D0 
 288      4A0599BB 
 288      F07EA8CA 
 289 0443 83651C4F 		.ascii	"\203e\034O\032_\357\325L5\313\270\211\200\376\264\261"
 289      1A5FEFD5 
 289      4C35CBB8 
 289      8980FEB4 
 289      B1
 290 0454 62C384A9 		.ascii	"b\303\204\251?\322\376\030/L\344\321\212)\250\015$\267"
 290      3FD2FE18 
 290      2F4CE4D1 
 290      8A29A80D 
 290      24B7
 291 0466 52C9ED68 		.ascii	"R\311\355h*\374\336C\012&>\267\252|\267\333\264,!\253"
ARM GAS  C:\Users\TUDENT~1\AppData\Local\Temp\ccM5y7iN.s 			page 23


 291      2AFCDE43 
 291      0A263EB7 
 291      AA7CB7DB 
 291      B42C21AB 
 292 047a 43A87AF4 		.ascii	"C\250z\364\3047\243`\203\320\000|s)!*\223\034\007\257"
 292      C437A360 
 292      83D0007C 
 292      7329212A 
 292      931C07AF 
 293 048e F05B0AD3 		.ascii	"\360[\012\323\250\004\304q\250\003M\003\376\3479\361"
 293      A804C471 
 293      A8034D03 
 293      FEE739F1 
 294 049e DB3CF00D 		.ascii	"\333<\360\015\032\000T\236\222\363\032S[Iga\266&\324"
 294      1A00549E 
 294      92F31A53 
 294      5B496761 
 294      B626D4
 295 04b1 0EA6B9E1 		.ascii	"\016\246\271\341',B[/\\\032V\2165\336\366J-\353C]@\375"
 295      272C425B 
 295      2F5C1A56 
 295      8E35DEF6 
 295      4A2DEB43 
 296 04c8 C0BE0F39 		.ascii	"\300\276\0179lj\017\035w\336\201\304\256k\210*&\242"
 296      6C6A0F1D 
 296      77DE81C4 
 296      AE6B882A 
 296      26A2
 297 04da 3A11D56C 		.ascii	":\021\325ls\213's\313\211\246\334\012g<\310,M*\330Z"
 297      738B2773 
 297      CB89A6DC 
 297      0A673CC8 
 297      2C4D2AD8 
 298 04ef 835549C4 		.ascii	"\203UI\304A\277\2479\003\307\226\355\325\325\012<\302"
 298      41BFA739 
 298      03C796ED 
 298      D5D50A3C 
 298      C2
 299 0500 D8136A6E 		.ascii	"\330\023jn\225\270\342\367\014\351\272R\024\347\214"
 299      95B8E2F7 
 299      0CE9BA52 
 299      14E78C
 300 050f E31514E9 		.ascii	"\343\025\024\351\316\337\334\343\216\023\031\222\237"
 300      CEDFDCE3 
 300      8E131992 
 300      9F
 301 051c 7E3D07E3 		.ascii	"~=\007\343M\0149U\371\334\237Y\343M\\\325\332W%\306"
 301      4D0C3955 
 301      F9DC9F59 
 301      E34D5CD5 
 301      DA5725C6 
 302 0530 AC03015E 		.ascii	"\254\003\001^\370\272\275T\211S(\251K[\\|\016\242\305"
 302      F8BABD54 
 302      895328A9 
 302      4B5B5C7C 
 302      0EA2C5
 303 0543 5DC3EA44 		.ascii	"]\303\352DB<D'\031\237\313\257\333,dU#\364\004v\331"
ARM GAS  C:\Users\TUDENT~1\AppData\Local\Temp\ccM5y7iN.s 			page 24


 303      423C4427 
 303      199FCBAF 
 303      DB2C6455 
 303      23F40476 
 304 0558 030E1B18 		.ascii	"\003\016\033\030\267\306\023\216\352`V\265\011\3653"
 304      B7C6138E 
 304      EA6056B5 
 304      09F533
 305 0567 C7D4B622 		.ascii	"\307\324\266\"O\310\033e\344\217\355\311\037\215SYz"
 305      4FC81B65 
 305      E48FEDC9 
 305      1F8D5359 
 305      7A
 306 0578 81E057BA 		.ascii	"\201\340W\2726 \036\235a\360\337\020$\373\010\300K\200"
 306      36201E9D 
 306      61F0DF10 
 306      24FB08C0 
 306      4B80
 307 058a 7E804180 		.ascii	"~\200A\200W\000\257\307*\014QX'S\370\324\261B\331n\236"
 307      5700AFC7 
 307      2A0C5158 
 307      2753F8D4 
 307      B142D96E 
 308 059f 7E2751BF 		.ascii	"~'Q\277\260\247\326\331\021\337\225\211\356\263'\226"
 308      B0A7D6D9 
 308      11DF9589 
 308      EEB32796 
 309 05af 152F9688 		.ascii	"\025/\226\210m-\254\032\015\330W#\"j\260El\254D\326"
 309      6D2DAC1A 
 309      0DD85723 
 309      226AB045 
 309      6CAC44D6 
 310 05c3 73878A99 		.ascii	"s\207\212\231[ \212\017\206\036\225y\3406\032E\276\342"
 310      5B208A0F 
 310      861E9579 
 310      E0361A45 
 310      BEE2
 311 05d5 DD9964A7 		.ascii	"\335\231d\247\261r\324}\217\226\243w\300\374FJ\365\201"
 311      B172D47D 
 311      8F96A377 
 311      C0FC464A 
 311      F581
 312 05e7 8FCA91CD 		.ascii	"\217\312\221\315\241\350-\370\361\177\361)iD\207\342"
 312      A1E82DF8 
 312      F17FF129 
 312      694487E2 
 313 05f7 FA95F2A2 		.ascii	"\372\225\362\242\362\356\203\2422\012\005\204\351\005"
 313      F2EE83A2 
 313      320A0584 
 313      E905
 314 0605 DAB28DBB 		.ascii	"\332\262\215\273\036\271\341g\314\324\206\374\276l5"
 314      1EB9E167 
 314      CCD486FC 
 314      BE6C35
 315 0614 72D58EC3 		.ascii	"r\325\216\303\212\326\361Z\031\267\355\364\372\026\364"
 315      8AD6F15A 
 315      19B7EDF4 
ARM GAS  C:\Users\TUDENT~1\AppData\Local\Temp\ccM5y7iN.s 			page 25


 315      FA16F4
 316 0623 92D32BF0 		.ascii	"\222\323+\360\256\350\275\264\245QZ\272@CZ\342\356."
 316      AEE8BDB4 
 316      A5515ABA 
 316      40435AE2 
 316      EE2E
 317 0635 253D9484 		.ascii	"%=\224\204\242\233\035\312\352\306\272S\316\343\026"
 317      A29B1DCA 
 317      EAC6BA53 
 317      CEE316
 318 0644 A7789E14 		.ascii	"\247x\236\024\2478^,N\003\315\205\015Nc\305I\233+\025"
 318      A7385E2C 
 318      4E03CD85 
 318      0D4E63C5 
 318      499B2B15 
 319 0658 272044F7 		.ascii	"' D\367%\235\367\355\213S\002O\212\323\243\224\314Z"
 319      259DF7ED 
 319      8B53024F 
 319      8AD3A394 
 319      CC5A
 320 066a 773CC8CE 		.ascii	"w<\310\316\337\361\216\267g\024\354\000z\002\332_\233"
 320      DFF18EB7 
 320      6714EC00 
 320      7A02DA5F 
 320      9B
 321 067b DB2F5ED1 		.ascii	"\333/^\321R\311\001\214\253\177U\256\306qJV\036.\265"
 321      52C9018C 
 321      AB7F55AE 
 321      C6714A56 
 321      1E2EB5
 322 068e DD12AF73 		.ascii	"\335\022\257s\177\002\364\320\331\272!\025\251\026\202"
 322      7F02F4D0 
 322      D9BA2115 
 322      A91682
 323 069d E81C9897 		.ascii	"\350\034\230\227\334\232\314C\271\202D@\033yZ)\212\326"
 323      DC9ACC43 
 323      B9824440 
 323      1B795A29 
 323      8AD6
 324 06af 3FCC7306 		.ascii	"?\314s\006fo\370\204A\262\357\027o\366\375r\262\252"
 324      666FF884 
 324      41B2EF17 
 324      6FF6FD72 
 324      B2AA
 325 06c1 BF508137 		.ascii	"\277P\2017RE|\351\311\207\273U\262/\221)\247\004a\""
 325      52457CE9 
 325      C987BB55 
 325      B22F9129 
 325      A7046122 
 326 06d5 4AE15568 		.ascii	"J\341Uh\013?\266;\357\261r\330\233-\340\251\034\232"
 326      0B3FB63B 
 326      EFB172D8 
 326      9B2DE0A9 
 326      1C9A
 327 06e7 E58D7C21 		.ascii	"\345\215|!*[!*\336b\245\332\314{\243ML\177\336\276\334"
 327      2A5B212A 
 327      DE62A5DA 
ARM GAS  C:\Users\TUDENT~1\AppData\Local\Temp\ccM5y7iN.s 			page 26


 327      CC7BA34D 
 327      4C7FDEBE 
 328 06fc 5A37BC8D 		.ascii	"Z7\274\215)\310\330q\376\244\273\244 wZ1\375\274H\007"
 328      29C8D871 
 328      FEA4BBA4 
 328      20775A31 
 328      FDBC4807 
 329 0710 0DA99286 		.ascii	"\015\251\222\206\024~\034\025i\216U\274m\256\330\354"
 329      147E1C15 
 329      698E55BC 
 329      6DAED8EC 
 330 0720 EC992AA6 		.ascii	"\354\231*\246\255\017\242\362\022a}\003O<\262\215\367"
 330      AD0FA2F2 
 330      12617D03 
 330      4F3CB28D 
 330      F7
 331 0731 B4F985DE 		.ascii	"\264\371\205\336\225\373\372_\"\225(=\351\267\245\027"
 331      95FBFA5F 
 331      2295283D 
 331      E9B7A517 
 332 0741 1574E4F1 		.ascii	"\025t\344\361r\351\333?%\375\331\336\244\275.\237\035"
 332      72E9DB3F 
 332      25FDD9DE 
 332      A4BD2E9F 
 332      1D
 333 0752 101AAA48 		.ascii	"\020\032\252H\222|\236\333\233 \010\351p\230w\360\236"
 333      927C9EDB 
 333      9B2008E9 
 333      709877F0 
 333      9E
 334 0763 2809B608 		.ascii	"(\011\266\010\251 c^\0173\313\341\023\345G\3763\340"
 334      A920635E 
 334      0F33CBE1 
 334      13E547FE 
 334      33E0
 335 0775 DDD3DFFA 		.ascii	"\335\323\337\372\304\205\305Y\013\350\375\326G\311\356"
 335      C485C559 
 335      0BE8FDD6 
 335      47C9EE
 336 0784 780FCB81 		.ascii	"x\017\313\201\235\247;{\335q\016C\322j\006\372\3258"
 336      9DA73B7B 
 336      DD710E43 
 336      D26A06FA 
 336      D538
 337 0796 8F21F51B 		.ascii	"\217!\365\033\323w\360\370(C\372\032j\222]p)C\222\317"
 337      D377F0F8 
 337      2843FA1A 
 337      6A925D70 
 337      294392CF 
 338 07aa 376F70C1 		.ascii	"7op\301g\031\262\377\361ih\215\027\030r\246\245D\207"
 338      6719B2FF 
 338      F169688D 
 338      171872A6 
 338      A54487
 339 07bd AFB1F7BC 		.ascii	"\257\261\367\274\323[\356+\361m\206<(K\030T\340\026"
 339      D35BEE2B 
 339      F16D863C 
ARM GAS  C:\Users\TUDENT~1\AppData\Local\Temp\ccM5y7iN.s 			page 27


 339      284B1854 
 339      E016
 340 07cf 86       		.ascii	"\206"
 341 07d0 34947774 		.ascii	"4\224wt\271\343\016\206\234\254\354\313qa\031*\220\213"
 341      B9E30E86 
 341      9CACECCB 
 341      7161192A 
 341      908B
 342 07e2 E495A6FD 		.ascii	"\344\225\246\375G\225\370\001]t\377\365]\374}5i\021"
 342      4795F801 
 342      5D74FFF5 
 342      5DFC7D35 
 342      6911
 343 07f4 1A8D789B 		.ascii	"\032\215x\233\324H}\342J\241\254O\374\004;.\340\307"
 343      D4487DE2 
 343      4AA1AC4F 
 343      FC043B2E 
 343      E0C7
 344 0806 ABACE476 		.ascii	"\253\254\344v\337\366|j\332\330\247\303.{\362\235\274"
 344      DFF67C6A 
 344      DAD8A7C3 
 344      2E7BF29D 
 344      BC
 345 0817 5D6DBDD8 		.ascii	"]m\275\330#+\210\373\355\311u\366m\345i\204T\212\367"
 345      232B88FB 
 345      EDC975F6 
 345      6DE56984 
 345      548AF7
 346 082a DA53FF6C 		.ascii	"\332S\377l_\345;e\324\231\216-\227\013\357\214\224\310"
 346      5FE53B65 
 346      D4998E2D 
 346      970BEF8C 
 346      94C8
 347 083c 0F3AB6FC 		.ascii	"\017:\266\374\203\026'\223\276\317\236\274r\234\026"
 347      83162793 
 347      BECF9EBC 
 347      729C16
 348 084b 77009287 		.ascii	"w\000\222\207]\303\0119)\307E\220\267\307y\015:\014"
 348      5DC30939 
 348      29C74590 
 348      B7C7790D 
 348      3A0C
 349 085d 7014201F 		.ascii	"p\024 \037 \007 \017 \027\340\030\300\011\200B\200C"
 349      2007200F 
 349      2017E018 
 349      C0098042 
 349      8043
 350 086f 00477879 		.ascii	"\000Gxy\333\253\226\331\234aoD\305G[\254\223\331\234"
 350      DBAB96D9 
 350      9C616F44 
 350      C5475BAC 
 350      93D99C
 351 0882 E5D86659 		.ascii	"\345\330fY+{\361\214\2652\240r\320\312\344\221\333\343"
 351      2B7BF18C 
 351      B532A072 
 351      D0CAE491 
 351      DBE3
ARM GAS  C:\Users\TUDENT~1\AppData\Local\Temp\ccM5y7iN.s 			page 28


 352 0894 381672D5 		.ascii	"8\026r\325#\337K\252\263\035\006Z\026\271\021\231\235"
 352      23DF4BAA 
 352      B31D065A 
 352      16B91199 
 352      9D
 353 08a5 BB1D6FCB 		.ascii	"\273\035o\313vk\037((hU\343'\254B\025\237\355\311\234"
 353      766B1F28 
 353      286855E3 
 353      27AC4215 
 353      9FEDC99C 
 354 08b9 20DDDA9F 		.ascii	" \335\332\237\3236Y\002\314\305R}\"\273q\034\024t\022"
 354      D3365902 
 354      CCC5527D 
 354      22BB711C 
 354      147412
 355 08cc 62F1FFC6 		.ascii	"b\361\377\306\005L\212/M\334\211\345\255\263\204\227"
 355      054C8A2F 
 355      4DDC89E5 
 355      ADB38497 
 356 08dc B7CE529E 		.ascii	"\267\316R\236\336\307\311\010\3045\311\345\253?\270"
 356      DEC7C908 
 356      C435C9E5 
 356      AB3FB8
 357 08eb FE3BFAC6 		.ascii	"\376;\372\306\344>\372\300De\274\027p?\356\353\316P"
 357      E43EFAC0 
 357      4465BC17 
 357      703FEEEB 
 357      CE50
 358 08fd ABC4EB6D 		.ascii	"\253\304\353m\322o\336=\321)\236\374?&\347\300\256\031"
 358      D26FDE3D 
 358      D1299EFC 
 358      3F26E7C0 
 358      AE19
 359 090f 72FB4879 		.ascii	"r\373Hy\223\354;-\332GF\347E\337\376\335G\357\347\307"
 359      93EC3B2D 
 359      DA4746E7 
 359      45DFFEDD 
 359      47EFE7C7 
 360 0923 A98CC658 		.ascii	"\251\214\306Xs\224u\226\277\321\032\036\372Up\350j\363"
 360      73947596 
 360      BFD11A1E 
 360      FA5570E8 
 360      6AF3
 361 0935 4A738C35 		.ascii	"Js\21456\314l\011\266Z,\0211\301\253\242b}\350\233O"
 361      36CC6C09 
 361      B65A2C11 
 361      31C1ABA2 
 361      627DE89B 
 362 094a C89A481F 		.ascii	"\310\232H\037S\344JSX\230),x\366\314Y>\376\276~s\376"
 362      53E44A53 
 362      5898292C 
 362      78F6CC59 
 362      3EFEBE7E 
 363 0960 E9170CF3 		.ascii	"\351\027\014\3633\242,Q\246\031\246\220\225\346`sTh"
 363      33A22C51 
 363      A619A690 
 363      95E66073 
ARM GAS  C:\Users\TUDENT~1\AppData\Local\Temp\ccM5y7iN.s 			page 29


 363      5468
 364 0972 446C9829 		.ascii	"Dl\230)82\004dE\231\202\215a\246\360\220\330\010\253"
 364      38320464 
 364      4599828D 
 364      61A6F090 
 364      D808AB
 365 0985 D1FA43B4 		.ascii	"\321\372C\264)f\346j\316\331\246\357\273?T_\314\017"
 365      2966E66A 
 365      CED9A6EF 
 365      BB3F545F 
 365      CC0F
 366 0997 31C1C618 		.ascii	"1\301\306\030k\030\010'J\314\226HK\230\311h]\030\372"
 366      6B180827 
 366      4ACC9648 
 366      4B98C968 
 366      5D18FA
 367 09aa 954E4F94 		.ascii	"\225NO\224\004Q%\354}Y\220\337\234\331:K\214nuH\204"
 367      045125EC 
 367      7D5990DF 
 367      9CD93A4B 
 367      8C6E7548 
 368 09bf 2EDAB2C6 		.ascii	".\332\262\306\032\243\013Z\376\315,\177\335\322\245"
 368      1AA30B5A 
 368      FECD2C7F 
 368      DDD2A5
 369 09ce 01BA4581 		.ascii	"\001\272E\201K\226\375\313\217,\031\243\001\"\"\302"
 369      4B96FDCB 
 369      8F2C19A3 
 369      012222C2 
 370 09de 409E9BED 		.ascii	"@\236\233\355\335h\2162[\235\002\003\002B\254!8tM\004"
 370      DD688E32 
 370      5B9D0203 
 370      0242AC21 
 370      38744D04 
 371 09f2 B684AD81 		.ascii	"\266\204\255\201q\265g\2145\0226\265*\332l1\306\230"
 371      71B5678C 
 371      351236B5 
 371      2ADA6C31 
 371      C698
 372 0a04 ACB1D146 		.ascii	"\254\261\321F\240\322\023*\247\300\371l\230\307\206"
 372      A0D2132A 
 372      A7C0F96C 
 372      98C786
 373 0a13 05647009 		.ascii	"\005dp\011\234\267To\211\0127\257\372C\014\014\345&"
 373      9CB7546F 
 373      890A37AF 
 373      FA430C0C 
 373      E526
 374 0a25 8F1908DA 		.ascii	"\217\031\010\332W\255\261\304F\223\375\273\232-\204"
 374      57ADB1C4 
 374      4693FDBB 
 374      9A2D84
 375 0a34 3B3224E6 		.ascii	";2$\346{\243\025\3177\030\024\363\203\014\006\274,\300"
 375      7BA315CF 
 375      371814F3 
 375      830C06BC 
 375      2CC0
ARM GAS  C:\Users\TUDENT~1\AppData\Local\Temp\ccM5y7iN.s 			page 30


 376 0a46 809700E8 		.ascii	"\200\227\000\350\015\213\001\226*\226\352\377fX\362"
 376      0D8B0196 
 376      2A96EAFF 
 376      6658F2
 377 0a55 493B422D 		.ascii	"I;B-\221\221\226(\235i\255U\247\377&hI\020\230\303,"
 377      91919628 
 377      9D69AD55 
 377      A7FF2668 
 377      491098C3 
 378 0a6a 5AE8B776 		.ascii	"Z\350\267v\255\216\356=\334\317\327w\355J\360\225+1"
 378      AD8EEE3D 
 378      DCCFD777 
 378      ED4AF095 
 378      2B31
 379 0a7c D0B81CC2 		.ascii	"\320\270\034\302\035`\012W1\013\314aF\253:4|\2255d\345"
 379      1D600A57 
 379      310BCC61 
 379      46AB3A34 
 379      7C953564 
 380 0a91 CCD95FF8 		.ascii	"\314\331_\370\177\356\304\336]X\366}i\264N\020G\027"
 380      7FEEC4DE 
 380      5D58F67D 
 380      69B44E10 
 380      4717
 381 0aa3 C382A005 		.ascii	"\303\202\240\005\206\025\013\002|\261>\010\314\015\320"
 381      86150B02 
 381      7CB13E08 
 381      CC0DD0
 382 0ab2 1B26CC0B 		.ascii	"\033&\314\013\234\357\267\340[:\372\303\3504o\361|\030"
 382      9CEFB7E0 
 382      5B3AFAC3 
 382      E8346FF1 
 382      7C18
 383 0ac4 9CC9B421 		.ascii	"\234\311\264!h9}\361'/X\277\304\240\320/\\d\340\365"
 383      68397DF1 
 383      272F58BF 
 383      C4A0D02F 
 383      5C64E0F5 
 384 0ad8 062519FD 		.ascii	"\006%\031\375\325\006\275\336f\311\177\001\250\374Y"
 384      D506BDDE 
 384      66C97F01 
 384      A8FC59
 385 0ae7 0D       		.ascii	"\015"
 386              		.text
 387              		.section	.gnu.lto_.symtab.8740f71c,"",%progbits
 388 0000 5F70616C 		.ascii	"_pal_lld_init\000"
 388      5F6C6C64 
 388      5F696E69 
 388      7400
 389 000e 00       		.ascii	"\000"
 390 000f 00       		.ascii	"\000"
 391 0010 00       		.ascii	"\000"
 392 0011 00000000 		.ascii	"\000\000\000\000\000\000\000\000"
 392      00000000 
 393 0019 E0000000 		.ascii	"\340\000\000\000"
 394 001d 5F70616C 		.ascii	"_pal_lld_setgroupmode\000"
 394      5F6C6C64 
ARM GAS  C:\Users\TUDENT~1\AppData\Local\Temp\ccM5y7iN.s 			page 31


 394      5F736574 
 394      67726F75 
 394      706D6F64 
 395 0033 00       		.ascii	"\000"
 396 0034 00       		.ascii	"\000"
 397 0035 00       		.ascii	"\000"
 398 0036 00000000 		.ascii	"\000\000\000\000\000\000\000\000"
 398      00000000 
 399 003e 04010000 		.ascii	"\004\001\000\000"
 400              		.text
 401              		.section	.gnu.lto_.opts,"",%progbits
 402 0000 272D666D 		.ascii	"'-fmath-errno' '-fsigned-zeros' '-ftrapping-math' '"
 402      6174682D 
 402      6572726E 
 402      6F272027 
 402      2D667369 
 403 0033 2D666E6F 		.ascii	"-fno-trapv' '-fno-openmp' '-fno-openacc' '-mcpu=cor"
 403      2D747261 
 403      70762720 
 403      272D666E 
 403      6F2D6F70 
 404 0066 7465782D 		.ascii	"tex-m3' '-mno-thumb-interwork' '-mthumb' '-ggdb' '-"
 404      6D332720 
 404      272D6D6E 
 404      6F2D7468 
 404      756D622D 
 405 0099 4F322720 		.ascii	"O2' '-fomit-frame-pointer' '-falign-functions=16' '"
 405      272D666F 
 405      6D69742D 
 405      6672616D 
 405      652D706F 
 406 00cc 2D666675 		.ascii	"-ffunction-sections' '-fdata-sections' '-fno-common"
 406      6E637469 
 406      6F6E2D73 
 406      65637469 
 406      6F6E7327 
 407 00ff 2720272D 		.ascii	"' '-flto'\000"
 407      666C746F 
 407      2700
 408              		.text
 409              		.comm	__gnu_lto_v1,1,1
 410              		.comm	__gnu_lto_slim,1,1
 411              		.ident	"GCC: (GNU Tools for ARM Embedded Processors 6-2017-q1-update) 6.3.1 20170215 (release) [AR
ARM GAS  C:\Users\TUDENT~1\AppData\Local\Temp\ccM5y7iN.s 			page 32


DEFINED SYMBOLS
                            *ABS*:00000000 hal_pal_lld.c
                            *COM*:00000001 __gnu_lto_v1
                            *COM*:00000001 __gnu_lto_slim

NO UNDEFINED SYMBOLS
