ARM GAS  C:\Users\TUDENT~1\AppData\Local\Temp\ccSrdzL4.s 			page 1


   1              		.cpu cortex-m3
   2              		.eabi_attribute 20, 1
   3              		.eabi_attribute 21, 1
   4              		.eabi_attribute 23, 3
   5              		.eabi_attribute 24, 1
   6              		.eabi_attribute 25, 1
   7              		.eabi_attribute 26, 1
   8              		.eabi_attribute 30, 2
   9              		.eabi_attribute 34, 1
  10              		.eabi_attribute 18, 4
  11              		.file	"hal_st.c"
  12              		.text
  13              	.Ltext0:
  14              		.section	.gnu.lto_.profile.8740f535,"",%progbits
  15 0000 789C6365 		.ascii	"x\234ce`b`a```d\220\342\001\000\000\300\0003"
  15      60626061 
  15      60606064 
  15      90E20100 
  15      00C00033 
  16              		.text
  17              		.section	.gnu.lto_.icf.8740f535,"",%progbits
  18 0000 789C6365 		.ascii	"x\234ce`bP`@\000V\206\205??\354\345a|\177c\371J\026"
  18      60625060 
  18      40005686 
  18      853F3FEC 
  18      E5617C7F 
  19 0018 A67D171E 		.ascii	"\246}\027\036\254ga~\177\256\367/;\313\211\217\213\026"
  19      AC67617E 
  19      7FAEF72F 
  19      3BCB898F 
  19      8B16
  20 002a F0320000 		.ascii	"\3602\000\000\0217\020\034"
  20      1137101C 
  21              		.text
  22              		.section	.gnu.lto_.jmpfuncs.8740f535,"",%progbits
  23 0000 789C6365 		.ascii	"x\234ce`b\020c@\000V\020\301\010\004\365L\014\014\314"
  23      60621063 
  23      40005610 
  23      C10804F5 
  23      4C0C0CCC 
  24 0014 209A0528 		.ascii	" \232\005(\000\000\016\012\0011"
  24      00000E0A 
  24      0131
  25              		.text
  26              		.section	.gnu.lto_.inline.8740f535,"",%progbits
  27 0000 789C6365 		.ascii	"x\234ce`b\310g@\000V\006\006\026\036F\240 \003\003\333"
  27      6062C867 
  27      40005606 
  27      06161E46 
  27      A0200303 
  28 0015 027910C5 		.ascii	"\002y\020\305\300\310\005\"\030\330X\031\031\031\004"
  28      C0C80522 
  28      18D85819 
  28      191904
  29 0024 18191898 		.ascii	"\030\031\030\230\330>\350\301%\231\030X\230\201\312"
  29      D83EE8C1 
  29      25991858 
ARM GAS  C:\Users\TUDENT~1\AppData\Local\Temp\ccSrdzL4.s 			page 2


  29      9881CA
  30 0033 992EF0C3 		.ascii	"\231.\360\303\205\230ABP\245\310\342,\230J\031\000\312"
  30      85984142 
  30      50A5C8E2 
  30      2C984A19 
  30      00CA
  31 0045 39089E   		.ascii	"9\010\236"
  32              		.text
  33              		.section	.gnu.lto_.pureconst.8740f535,"",%progbits
  34 0000 789C6365 		.ascii	"x\234ce`b\340f```e\220`\224b\222b\226b\221\002\000\004"
  34      6062E066 
  34      60606065 
  34      90609462 
  34      92629662 
  35 0018 1000A2   		.ascii	"\020\000\242"
  36              		.text
  37              		.section	.gnu.lto_stInit.8740f535,"",%progbits
  38 0000 789C6365 		.ascii	"x\234ce`bX\314\300\300`\000\304\322@\314\310\314\300"
  38      606258CC 
  38      C0C06000 
  38      C4D240CC 
  38      C8CCC0
  39 0013 C834E11C 		.ascii	"\3104\341\034\003C#\007\023##\210\321\300\301\310P\317"
  39      03432307 
  39      13232388 
  39      D1C0C1C8 
  39      50CF
  40 0025 C458CFD8 		.ascii	"\304X\317\330\317<\235\231\361P\373\263\235L\232\313"
  40      CF3C9D99 
  40      F150FBB3 
  40      9D4C9ACB 
  41 0035 1B80E0C0 		.ascii	"\033\200\340\300\364\037\222\015+\0160\316gf`\230\011"
  41      F41F920D 
  41      2B0E30CE 
  41      67666098 
  41      09
  42 0046 C420C0B8 		.ascii	"\304 \300\270\234Q\223\001\250\354\321\306\177Sy\331"
  42      9C519301 
  42      A8ECD1C6 
  42      7F5379D9 
  43 0056 5820E28C 		.ascii	"X \342\214+\030\331\030\201\364\372K\214\007\032\376"
  43      2B18D918 
  43      81F4FA4B 
  43      8C071AFE 
  44 0066 FD6F6F38 		.ascii	"\375oo8pg\021\343\177V\240T\027\020\203\354\350ff\002"
  44      706711E3 
  44      7F56A054 
  44      171083EC 
  44      E8666602 
  45 007a D1CCAF19 		.ascii	"\321\314\257\031\233\027\374\226\006\251\007\031\262"
  45      9B17FC96 
  45      06A90719 
  45      B2
  46 0087 73E79BDB 		.ascii	"s\347\233\333\354\365\177\0338\34633\316d\006\232\300"
  46      ECF57F1B 
  46      38E63333 
  46      CE64069A 
ARM GAS  C:\Users\TUDENT~1\AppData\Local\Temp\ccSrdzL4.s 			page 3


  46      C0
  47 0098 B892B19E 		.ascii	"\270\222\261\236a>P\355[\306\246\005\377\271\301\352"
  47      613E50ED 
  47      5BC6A605 
  47      FFB9C1EA 
  48 00a8 40A00B28 		.ascii	"@\240\013(\011\324\316\304\300\240\227l\245\357\234"
  48      09D4CEC4 
  48      C0A0976C 
  48      A5EF9C
  49 00b7 91999419 		.ascii	"\221\231\224\031\\R\232\222\231\017a\373\007\033\232"
  49      5C529A92 
  49      990F61FB 
  49      071B9A
  50 00c6 9BE9E717 		.ascii	"\233\351\347\027\353g$\346\350\027\027%\203\350\370"
  50      EB6724E6 
  50      E8171725 
  50      83E8F8
  51 00d5 E212BD64 		.ascii	"\342\022\275d\006\000\027=Gf"
  51      0600173D 
  51      4766
  52              		.text
  53              		.section	.gnu.lto_stStartAlarm.8740f535,"",%progbits
  54 0000 789C9D52 		.ascii	"x\234\235RMh\023A\024\236o'\335\015\361\247\036<\010"
  54      4D681341 
  54      149E6F27 
  54      DD0DF1A7 
  54      1E3C08
  55 0013 E6204229 		.ascii	"\346 B)\365\220%\012\376]-\202\320\342!\275\2276\025"
  55      F590250A 
  55      FE5D2D82 
  55      D0E221BD 
  55      973615
  56 0026 1288449A 		.ascii	"\022\210D\232\350\321ncc0\365\357\322\2449\304-FI\033"
  56      E8D16E63 
  56      6330F5EF 
  56      D2A439C4 
  56      2D46491B 
  57 003a 4DD3D4BF 		.ascii	"M\323\324\277V+,A\361\242\251\264\007\017Z\020\241E"
  57      562B2C41 
  57      F1A2A9B4 
  57      070F5A10 
  57      A145
  58 004c A162A9C1 		.ascii	"\241b\251\301\"B\342\233I\224zR\034\230}\363\336~\357"
  58      2242E29B 
  58      49947A52 
  58      1C987DF3 
  58      DE7EEF
  59 005f 7BDF9B79 		.ascii	"{\337\233yMLae\205\261\010cl7mp\006\345z\231\261A\273"
  59      4D4C6165 
  59      85B10863 
  59      6C376D70 
  59      06E57A99 
  60 0076 02888361 		.ascii	"\002\210\203a\007\033P0\200k<\311Q\212\255\314*mY\203"
  60      071B5030 
  60      806B3CC9 
  60      518AADCC 
  60      2A6D5983 
ARM GAS  C:\Users\TUDENT~1\AppData\Local\Temp\ccSrdzL4.s 			page 4


  61 008a 96959C51 		.ascii	"\226\225\234Q/\032\321]&g,E[,d\321F\250\347\265\015"
  61      2F1AD15D 
  61      26672C45 
  61      5B2C64D1 
  61      46A8E7B5 
  62 009f ABF92A37 		.ascii	"\253\371*79\240\220\273\260\3662\275E\270\012v\220\373"
  62      39A090BB 
  62      B0F632BD 
  62      45B80A76 
  62      90FB
  63 00b1 2337F5AE 		.ascii	"#7\365\256\231\273\301\350\274~\303\332\333z\3330\""
  63      99BBC1E8 
  63      BC7EC3DA 
  63      DB7ADB30 
  63      22
  64 00c2 86B57A81 		.ascii	"\206\265z\201\033;M\316\221\003'>L\300\211q8\031\205"
  64      1B3B4DCE 
  64      9103273E 
  64      4CC08971 
  64      381985
  65 00d5 18EEA055 		.ascii	"\030\356\240U\300?\024\253#\333T[\346WI\334\205\012"
  65      C03F14AB 
  65      23DB545B 
  65      E65749DC 
  65      850A
  66 00e7 B2850558 		.ascii	"\262\205\005XF\265\0263\254\312-,\036\327H;ep\312\265"
  66      46B51633 
  66      ACCA2D2C 
  66      1ED7483B 
  66      6570CAB5 
  67 00fb 311627A4 		.ascii	"1\026'\244\350d\230+\302\362e(\202\353\222\025\177\346"
  67      E864982B 
  67      C2F26528 
  67      82EB9215 
  67      7FE6
  68 010d E047A48C 		.ascii	"\340G\244\2147o\323IGKF\352XIm\0355\254\310\036!%\377"
  68      376FD349 
  68      474B46EA 
  68      58496D1D 
  68      35ACC81E 
  69 0124 A714D9E2 		.ascii	"\247\024\331\342$Z\322\304\364\011\221\365\330\227\371"
  69      245AD2C4 
  69      F40991F5 
  69      D897F9
  70 0133 A59BDA6F 		.ascii	"\245\233\332o]C\365ky\255r\001\222\342R\034\233t3\024"
  70      5D43F56B 
  70      79AD7201 
  70      92E2521C 
  70      9B743314 
  71 0147 A012C514 		.ascii	"\240\022\305\024\3244\347u\226R\342{uu\344\260\210\021"
  71      D434E775 
  71      9652E27B 
  71      7575E4B0 
  71      8811
  72 0159 30112DCD 		.ascii	"0\021-\315k\342\252\232d^9\277\261\346\250\273\202\333"
  72      6BE2AA9A 
  72      645E39BF 
ARM GAS  C:\Users\TUDENT~1\AppData\Local\Temp\ccSrdzL4.s 			page 5


  72      B1E6A8BB 
  72      82DB
  73 016b 46A1CCE4 		.ascii	"F\241\314\344\267\027v\023i\230\\\3054\011+\012a\364"
  73      B7177613 
  73      69985CC5 
  73      34092B0A 
  73      61F4
  74 017d 23F7AAF2 		.ascii	"#\367\252\362U\323\363\306\320\2401v\336\344\032\356"
  74      55D3F3C6 
  74      D0A03176 
  74      DEE41AEE 
  75 018d C1C428F5 		.ascii	"\301\304(\365.\213\022\240\226(.\251\356\202\004LS\272"
  75      2E8B12A0 
  75      96282EA9 
  75      EE82044C 
  75      53BA
  76 019f 1DF7A163 		.ascii	"\035\367\241c\237\263\201\300\003\270I\225\220T\371"
  76      9FB381C0 
  76      03B84995 
  76      9054F9
  77 01ae 3817DDDE 		.ascii	"8\027\335\336P\364\257\365\354x(\353\241\301\366\010"
  77      50F4AFF5 
  77      EC7828EB 
  77      A1C1F608 
  78 01be FAE67E68 		.ascii	"\372\346~h\2120C\231\222\375\351\177\260\317Jv\245\301"
  78      8A304399 
  78      92FDE97F 
  78      B0CF4A76 
  78      A5C1
  79 01d0 FE58B2CF 		.ascii	"\376X\262\317\231\227'\034uv\005O(s\031\221\367\303"
  79      9997271C 
  79      7576054F 
  79      28731991 
  79      F7C3
  80 01e2 E35E3916 		.ascii	"\343^9\026\342\011\330gD\306\262W \002\362\365\342\244"
  80      E209D867 
  80      44C6B257 
  80      2002F2F5 
  80      E2A4
  81 01f4 8F668026 		.ascii	"\217f\200&\336\345=\252\037\363\371{\375\236\360\331"
  81      DEE53DAA 
  81      1FF3F97B 
  81      FD9EF0D9 
  82 0204 3E7FB07E 		.ascii	">\177\260~>\351q\037:\250\007C\272\257'\240\207\372"
  82      3EE9711F 
  82      3AA80743 
  82      BAAF27A0 
  82      87FA
  83 0216 BDC27687 		.ascii	"\275\302v\207\302./\323zzCa\377\351S6\361i\377k\356"
  83      C22E2FD3 
  83      7A7A4361 
  83      FFE95336 
  83      F169FF6B 
  84 022b 99607F38 		.ascii	"\231`\1778\244{\272:\017\354\327;:\332\365\256\023\235"
  84      A47BBA3A 
  84      0FECD73B 
  84      3ADAF5AE 
ARM GAS  C:\Users\TUDENT~1\AppData\Local\Temp\ccSrdzL4.s 			page 6


  84      139D
  85 023d E7DC0DB6 		.ascii	"\347\334\015\266\356@\240\317\345c?\001\022\035\023"
  85      EE40A0CF 
  85      E5633F01 
  85      121D13
  86 024c 9D       		.ascii	"\235"
  87              		.text
  88              		.section	.gnu.lto_stStopAlarm.8740f535,"",%progbits
  89 0000 789C8550 		.ascii	"x\234\205P\277KBQ\024>\337\273\366\224\240\275\310\255"
  89      BF4B4251 
  89      143EDFBB 
  89      F694A0BD 
  89      C8AD
  90 0012 C9E55D2C 		.ascii	"\311\345],(hM\202@i\320]J\007\005\301\360i\253\317\320"
  90      28684D82 
  90      4069D05D 
  90      4A0705C1 
  90      F069ABCF 
  91 0027 04856A49 		.ascii	"\004\205jIs\21078X\226JcP \0224e\320_ \015\201C\020"
  91      73883738 
  91      58964A63 
  91      50201234 
  91      65D05F20 
  92 003f 292504D6 		.ascii	")%\004\326}\357E\270u\340p~}\347\373\316\275S$\221\002"
  92      7DEF45B8 
  92      75E0707E 
  92      7DE7FBCE 
  92      BD532491 
  93 0054 A21411CD 		.ascii	"\242\024\021\315\013\007#HG]\242\214C\002\214Ds\200"
  93      0B072348 
  93      475DA28C 
  93      43028C44 
  93      7380
  94 0066 D212D238 		.ascii	"\322\022\3228de\206N\376\345Zr\3254a\355\362P\336\327"
  94      6465864E 
  94      FEE55A72 
  94      D53461ED 
  94      F250DED7 
  95 007a 72B33A23 		.ascii	"r\263:#\252\0107\0145\270H\300\236\257\306\3073\262"
  95      AA08370C 
  95      35B848C0 
  95      9EAFC6C7 
  95      33B2
  96 008c CDEAE30C 		.ascii	"\315\352\343\014\262\220\240\326\023\332\332\370;\257"
  96      B290A0D6 
  96      13DADAF8 
  96      3BAF
  97 009a B5EFAAF8 		.ascii	"\265\357\252\370Z\027\243\202pC\243\310$#\262>:\303"
  97      5A17A382 
  97      7043A3C8 
  97      2423B23E 
  97      3AC3
  98 00ac 51FFA6A4 		.ascii	"Q\377\246\244\374Qd-\245\221\314L\232\012\303$=\316"
  98      FC51642D 
  98      A591CC4C 
  98      9A0AC324 
  98      3DCE
ARM GAS  C:\Users\TUDENT~1\AppData\Local\Temp\ccSrdzL4.s 			page 7


  99 00be 210BFE3A 		.ascii	"!\013\376:d\321,\345:\217\366\003\2463\230\230n\343"
  99      64D12CE5 
  99      3A8FF603 
  99      A6339898 
  99      6EE3
 100 00d0 F36DDA2A 		.ascii	"\363m\332*\015\016\233hU\233\037\367\016\035\247\320"
 100      0D0E9B68 
 100      559B1FF7 
 100      0E1DA7D0 
 101 00e0 99844B38 		.ascii	"\231\204K8q\001'\031\330\372\303p`\347\015-\233\321"
 101      71012719 
 101      D8FAC370 
 101      60E70D2D 
 101      9BD1
 102 00f2 7AB5C1DC 		.ascii	"z\265\301\334\273\330bh@\307\2118\320\024A\023|RC\334"
 102      BBD86268 
 102      40C78938 
 102      D0144113 
 102      7C5243DC 
 103 0106 8196D87E 		.ascii	"\201\226\330~\305^\257x\273`\334f~@A\014\304K$\"%\264"
 103      C55EAF78 
 103      BB60DC66 
 103      7E40410C 
 103      C44B2422 
 104 011c CAD722D1 		.ascii	"\312\327\"\321\355\250?\231\012G\343V\276\351w\257,"
 104      EDA83F99 
 104      0A47E356 
 104      BEE977AF 
 104      2C
 105 012d F3B8CA23 		.ascii	"\363\270\312#[1\256&BF\014\252I%D\236\177\341;\361D"
 105      5B31AE26 
 105      42460CAA 
 105      4925449E 
 105      7FE13BF1 
 106 0142 52E5FE80 		.ascii	"R\345\376\200oi\221{\275\036\036\330\360\355\272\177"
 106      6F69917B 
 106      BD1E1ED8 
 106      F0EDBA7F 
 107 0152 0982B158 		.ascii	"\011\202\261XX\211\320\017*#\215\232"
 107      5889D00F 
 107      2A238D9A 
 108              		.text
 109              		.section	.gnu.lto_stSetAlarm.8740f535,"",%progbits
 110 0000 789C8552 		.ascii	"x\234\205RMh\023A\024~\337N\262\033\242R\021\017\202"
 110      4D681341 
 110      147EDF4E 
 110      B21BA252 
 110      110F82
 111 0013 3988504A 		.ascii	"9\210PJ=d\211\202\177W\013\"\264xH\357\245M\205\004"
 111      3D648982 
 111      7F570B22 
 111      B47848EF 
 111      A54D8504 
 112 0027 2A91267A 		.ascii	"*\221&z\264\323\2655\230B\365b\322\036\326-F\251\306"
 112      B4D3B535 
 112      9842F562 
 112      D21ED62D 
ARM GAS  C:\Users\TUDENT~1\AppData\Local\Temp\ccSrdzL4.s 			page 8


 112      46A9C6
 113 003a A649AA82 		.ascii	"\246I\252\202\342e\011\376\\\264\205^<\030A\304\026"
 113      E26509FE 
 113      5CB4855E 
 113      3C1841C4 
 113      16
 114 004b 3C88A5FE 		.ascii	"<\210\245\376\004\021\022\337l\252\350\311\201\231\367"
 114      041112DF 
 114      6CAAE8C9 
 114      8199F7
 115 005a 33DFFBE6 		.ascii	"3\337\373\346{\217\361\223F\2734\"\213\210\366\362\206"
 115      7B8FF193 
 115      46BB3422 
 115      8B88F6F2 
 115      86
 116 006b 2068D796 		.ascii	" h\327\226\211\306\003\032\240\034\031\000\215i\030"
 116      89C6031A 
 116      A01C1900 
 116      8D6918
 117 007a C3559117 		.ascii	"\303U\221\027\250e\326\037k\335\363\222\227\233\257"
 117      A865D61F 
 117      6BDDF392 
 117      979BAF
 118 0089 1897E5E4 		.ascii	"\030\227\345\344\036G\020\315\362V\013\363\350f\324"
 118      1E4710CD 
 118      F2560BF3 
 118      E866D4
 119 0098 B356C3ED 		.ascii	"\263V\303\355\230\026\216\0004\016W7^\332\333T\250a"
 119      98168E00 
 119      340E5737 
 119      5EDADB54 
 119      A861
 120 00aa 27873F8B 		.ascii	"'\207?\213\225z\207\210\200\330\337\274\341\356\357"
 120      957A8788 
 120      80D8DFBC 
 120      E1EEEF
 121 00b9 BA2DA525 		.ascii	"\272-\245%\335\372%!w;B\240\010\301|\270\213\020\356"
 121      DDFA2521 
 121      773B42A0 
 121      08C17CB8 
 121      8B10EE
 122 00cc 20449C22 		.ascii	" D\234\"\334C\227\202\277\2576\257\357\320}\205\337"
 122      DC439782 
 122      BFAF36AF 
 122      EFD07D85 
 122      DF
 123 00dd 4F62013A 		.ascii	"Ob\001:\330\226W\341\312f+#\335\017\267\360\344\244"
 123      D89657E1 
 123      CA662B23 
 123      DD0FB7F0 
 123      E4A4
 124 00ef 9FB57385 		.ascii	"\237\265s\205\340Z\037Q\226\221\252\223)\241)+\326\240"
 124      E05A1F51 
 124      9691AA93 
 124      29A1292B 
 124      D6A0
 125 0101 29AE2B6E 		.ascii	")\256+n\366iP\034\363d\274~c\347\203\235\005O\307s{"
ARM GAS  C:\Users\TUDENT~1\AppData\Local\Temp\ccSrdzL4.s 			page 9


 125      F669501C 
 125      F364BC7E 
 125      63E7839D 
 125      054FC773 
 126 0116 FB8C74AD 		.ascii	"\373\214t\255}JJ\351_)^\213\213\350\264\231\351#\254"
 126      7D4A4AE9 
 126      5F295E8B 
 126      8BE8B499 
 126      E923AC
 127 0129 CDCCE795 		.ascii	"\315\314\347\225o7\215?\272&\332cyd\010\005\362\304"
 127      6F378D3F 
 127      BA26DA63 
 127      79640805 
 127      F2C4
 128 013b CD0AFCA5 		.ascii	"\315\012\374\245\233P\206\316\024\025\350\266\020m\226"
 128      9B5086CE 
 128      1415E8B6 
 128      106D96
 129 014a 5AEE4773 		.ascii	"Z\356Gs!\177T\345\030\230\233\254\255\030jT~\257n\271"
 129      217F54E5 
 129      18989BAC 
 129      AD186A54 
 129      7EAF6EB9 
 130 015e D4D808B6 		.ascii	"\324\330\010\266C\305\355\343Ta\361\373\213\200\003"
 130      43C5EDE3 
 130      5461F1FB 
 130      8B8003
 131 016d 1B8ED0B1 		.ascii	"\033\216\320\261\304\302\252J\030_\024_}\375b\230%9"
 131      C4C2AA4A 
 131      185F145F 
 131      7DFD6298 
 131      2539
 132 017f 312EE72E 		.ascii	"1.\347.:\302\300}8\230\341\336\275G\031\320\312U\337"
 132      3AC2C07D 
 132      3898E1DE 
 132      BD4719D0 
 132      CA55DF
 133 0192 EA91B207 		.ascii	"\352\221\262\007X\342\362\000\036\300\304\201\320\026"
 133      58E2F200 
 133      1EC0C481 
 133      D016
 134 01a0 020F1161 		.ascii	"\002\017\021aU\264\006\353\335T=\346\215V\265A\237`"
 134      55B406EB 
 134      DD543DE6 
 134      8D56B541 
 134      9F60
 135 01b2 CD35A6A1 		.ascii	"\3155\246\241\022\336\004\262\334\023\317\221\177M8"
 135      12DE04B2 
 135      DC13CF91 
 135      7F4D38
 136 01c1 76DC3C11 		.ascii	"v\334<\021O\014%\242\351\363\303\211d\333?\035\215\034"
 136      4F0C25A2 
 136      E9F3C389 
 136      64DB3F1D 
 136      8D1C
 137 01d3 396C2653 		.ascii	"9l&Sf|p\304L\215\306\224\035H\245\30312\006\207R\351"
 137      667C70C4 
ARM GAS  C:\Users\TUDENT~1\AppData\Local\Temp\ccSrdzL4.s 			page 10


 137      4C8DC694 
 137      1D48A5C3 
 137      31320687 
 138 01e9 C4D9333E 		.ascii	"\304\3313>u\364\374\267\366\\r4\2352\243\375}\207\016"
 138      75F4FCB7 
 138      F65C7234 
 138      9D32A3FD 
 138      7D870E
 139 01fc 9ABDBD3D 		.ascii	"\232\275\275=f\377\251\276\013\221-\266\201\221\221"
 139      66FFA9BE 
 139      0B912DB6 
 139      819191
 140 020b E1709C7E 		.ascii	"\341p\234~\001\347#\326\010"
 140      01E723D6 
 140      08
 141              		.text
 142              		.section	.gnu.lto_stGetAlarm.8740f535,"",%progbits
 143 0000 789C8590 		.ascii	"x\234\205\220?H[Q\024\306\317\367N\362\336kK\321\271"
 143      3F485B51 
 143      14C6CFF7 
 143      4EF2DE6B 
 143      4BD1B9
 144 0013 0D38EB90 		.ascii	"\0158\353\220KZ\250\340ZA\004\255C\334\305\306!\201"
 144      4B5AA8E0 
 144      5A4104AD 
 144      43DCC5C6 
 144      2181
 145 0025 40C4C4AE 		.ascii	"@\304\304\256^\203\177PA\213\240\251\224\360\204\010"
 145      5E837F50 
 145      418BA0A9 
 145      94F08408 
 146 0035 516B8C59 		.ascii	"Qk\214Y;\224\207P\272\264Z\334\013R\272d(\004-\376A"
 146      3B948750 
 146      BAB45ADC 
 146      0B52BA64 
 146      28042DFE 
 147 004a 319E9B48 		.ascii	"1\236\233Hq\363\302\375s\016?\276\363}7H\026\315\200"
 147      71F3C2FD 
 147      730E3FBE 
 147      F37D3748 
 147      16CD80
 148 005d 689C889E 		.ascii	"h\234\210\236\313\006\023\254\367\007D\223\256\005\230"
 148      CB0613AC 
 148      F7074493 
 148      AE0598
 149 006c 87764113 		.ascii	"\207vA\023\026&\260\3049\306\327\372\271\337\262\310"
 149      1626B0C4 
 149      39C6D7FA 
 149      B9DFB2C8 
 150 007c 9EC1A43C 		.ascii	"\236\301\244<\252}\317?1%\320*\345\366F\371\304m/j\235"
 150      AA7DCF3F 
 150      3125D02A 
 150      E5F646F9 
 150      C46D2F6A 
 151 0091 D57EAEE6 		.ascii	"\325~\256\346|\334\373\251\203\036[\264&\370&B(\"df"
 151      7CDCFBA9 
 151      831E5BB4 
ARM GAS  C:\Users\TUDENT~1\AppData\Local\Temp\ccSrdzL4.s 			page 11


 151      26F82642 
 151      28226466 
 152 00a5 6CA19D84 		.ascii	"l\241\235\204\376]\271Yyj\007\012L\006\220\3766l\261"
 152      FE5DB959 
 152      796A070A 
 152      4C0690FE 
 152      366CB1
 153 00b8 42E523F8 		.ascii	"B\345#\370\372\246>\253\375?\005\\\365\004,\362\230"
 153      FAA63EAB 
 153      FD3F055C 
 153      F5042CF2 
 153      98
 154 00c9 598E00D1 		.ascii	"Y\216\000\321\274\200\306\325\202\250\312\315U\354\177"
 154      BC80C6D5 
 154      82A8CACD 
 154      55EC7F
 155 00d8 B9AC5EE7 		.ascii	"\271\254^\347\336\374\327\233\322\262\374\334\205\363"
 155      DEFCD79B 
 155      D2B2FCDC 
 155      85F3
 156 00e6 AC21B8C6 		.ascii	"\254!\270\306\2707\213\360\011\266L\332\201\235g\023"
 156      B8378BF0 
 156      09B64CDA 
 156      819D6713 
 157 00f6 60757AFF 		.ascii	"`uz\377\3201\001\202\015\354\240t^{\334,\215L@Z\205"
 157      D0310182 
 157      0DECA074 
 157      5E7BDC2C 
 157      8D4C405A 
 158 010b DDB36FAE 		.ascii	"\335\263o\256\207<<\266\261+!J&\204\011\373\343\337"
 158      873C3CB6 
 158      B12B214A 
 158      268409FB 
 158      E3DF
 159 011d A9A34A7A 		.ascii	"\251\243JzjR\037\027O\333\226\037y\354\240\014\017\037"
 159      6A521F17 
 159      4FDB961F 
 159      79ECA00C 
 159      0F1F
 160 012f C463638E 		.ascii	"\304cc\216@\365\325\312/;R6\320\372g\313c\027{P\350"
 160      40F5D5CA 
 160      2F3B5236 
 160      D0FA67CB 
 160      63177B50 
 161 0144 08DD11A8 		.ascii	"\010\335\021\250 BUdOf\267\270i\212\305\027\375E\366"
 161      20425564 
 161      4F66B7B8 
 161      698AC517 
 161      FD45F6
 162 0157 78EE9A8D 		.ascii	"x\356\232\215\177\351\310\227Hn\230\274\026Q8\326\245"
 162      7FE9C897 
 162      486E98BC 
 162      165138D6 
 162      A5
 163 0168 5EC7136F 		.ascii	"^\307\023o\023\321\314\370H\"\325|\017D#\235\257T*\255"
 163      13D1CCF8 
 163      4822D57C 
ARM GAS  C:\Users\TUDENT~1\AppData\Local\Temp\ccSrdzL4.s 			page 12


 163      0F44239D 
 163      AF542AAD 
 164 017c E2C34995 		.ascii	"\342\303I\225\036\213\231{(\235\011\307\250\373A|45"
 164      1E8B997B 
 164      289D09C7 
 164      A8FB417C 
 164      3435
 165 018e 9649ABE8 		.ascii	"\226I\253\350`\377\313\027\252\257\257[\015\366\366"
 165      60FFCB17 
 165      AAAFAF5B 
 165      0DF6F6
 166 019d BF8BDC09 		.ascii	"\277\213\334\011\014%\223#\3418\335\002\351~\251N"
 166      0C259323 
 166      E138DD02 
 166      E97EA94E 
 167              		.text
 168              		.section	.gnu.lto_.symbol_nodes.8740f535,"",%progbits
 169 0000 789C55C8 		.ascii	"x\234U\310\271\015\200@\014\005\321\371^\266/(\212\330"
 169      B90D8040 
 169      0C05D1F9 
 169      5EB62F28 
 169      8AD8
 170 0012 5B024550 		.ascii	"[\002EP\005E\020qfT\202\260\310<\311H\257b\214D\266"
 170      05451071 
 170      665482B0 
 170      C83CC948 
 170      AF628C44 
 171 0027 C9615A21 		.ascii	"\311aZ!\266\264!d\227+\313!\267,\247\274d\271\344]\022"
 171      B6B42164 
 171      972BCB21 
 171      B72CA7BC 
 171      64B9E45D 
 172 003c DDF2FA0B 		.ascii	"\335\362\372\013\264\326C\2412?\257\370\000/\226\036"
 172      B4D643A1 
 172      323FAFF8 
 172      002F961E 
 173 004c 7F       		.ascii	"\177"
 174              		.text
 175              		.section	.gnu.lto_.refs.8740f535,"",%progbits
 176 0000 789C6365 		.ascii	"x\234ce`b`d\000\002\000\000I\000\011"
 176      60626064 
 176      00020000 
 176      490009
 177              		.text
 178              		.section	.gnu.lto_.decls.8740f535,"",%progbits
 179 0000 789CB557 		.ascii	"x\234\265W{PT\327\031\277\347\236]\204\345eVk\355\324"
 179      7B5054D7 
 179      19BFE79E 
 179      5D84E565 
 179      566BEDD4 
 180 0014 4E190785 		.ascii	"N\031\007\205\3514 `\3144\1778\232\325\332\314D\223"
 180      E9342060 
 180      CC347F38 
 180      9AD5DACC 
 180      4493
 181 0026 596CA633 		.ascii	"Yl\2463\245\263\203\200\221\031\036\226]:\223\351\037"
 181      A5B38380 
ARM GAS  C:\Users\TUDENT~1\AppData\Local\Temp\ccSrdzL4.s 			page 13


 181      91191E96 
 181      5D3A93E9 
 181      1F
 182 0037 B9B24409 		.ascii	"\271\262D\011\032\021\025\024\320\010\"/\001\001Q\024"
 182      1A111514 
 182      D008222F 
 182      01015114 
 183 0047 155D4009 		.ascii	"\025]@\011\"\030\202QDP\360\031\337\"\276\020\037\364"
 183      22188251 
 183      4450F019 
 183      DF22BE10 
 183      1FF4
 184 0059 3B8FBBF7 		.ascii	";\217\273\367r]L\333i\357\360-\347;\347\367\375\276"
 184      725D4CDB 
 184      69EFF02D 
 184      E73BE7F7 
 184      FDBE
 185 006b EF7CDF39 		.ascii	"\357|\3379\367\234\253\027D\241\310(\010\223\261 T#"
 185      F79CAB17 
 185      44A1C828 
 185      0893B120 
 185      5423
 186 007d 411885C7 		.ascii	"A\030\205\307M\020\204JAy\210\276\007\244\001\344\030"
 186      4D10844A 
 186      417988BE 
 186      07A401E4 
 186      18
 187 008e 4823C871 		.ascii	"H#\310q\220\026\341\315\347o\300\001T\302g 'U<\"\347"
 187      9016E1CD 
 187      E76FC001 
 187      54C26720 
 187      27553C22 
 188 00a3 7065F34F 		.ascii	"pe\363O\260\361\3406\020\2120\031\344\020H\000\310/"
 188      B0F1E036 
 188      108A3019 
 188      E4104800 
 188      C82F
 189 00b5 606C32C8 		.ascii	"`l2\310uhw\013\214\373\035\320E\020=b\274$\256_B\033"
 189      7568770B 
 189      8CFB1DD0 
 189      45103D62 
 189      BC24AE5F 
 190 00cb FE849968 		.ascii	"\376\204\231h,\367\227\240\3538\267\314Ex\010L\266'"
 190      2CF797A0 
 190      EB38B7CC 
 190      4578084C 
 190      B627
 191 00dd 730AD4D8 		.ascii	"s\012\324\330\221\307\376\037\304\205\344\270x~~\307"
 191      91C7FE1F 
 191      C485E4B8 
 191      787E7EC7 
 192 00ed E309D5F0 		.ascii	"\343\011\325\360~\3159\265|3\177\206\223\344{6\347\234"
 192      7ECD39B5 
 192      7C337F86 
 192      93E47B36 
 192      E79C
 193 00ff A3E1DC82 		.ascii	"\243\341\334\202Q\3357\307\033\304K\250\017\001\026"
ARM GAS  C:\Users\TUDENT~1\AppData\Local\Temp\ccSrdzL4.s 			page 14


 193      51DD37C7 
 193      1BC44BA8 
 193      0F0116
 194 010e 4DA4BD08 		.ascii	"M\244\275\010\261_D\205\252\243\362\203\020\355\207"
 194      B15F4485 
 194      AAA3F283 
 194      10ED87
 195 011d 5E51E0A4 		.ascii	"^Q\340\244r\027\222-\270.rU\344\224\364\217\033#\025"
 195      7217922D 
 195      B82E7255 
 195      E494F48F 
 195      1B2315
 196 0130 231B669E 		.ascii	"#\033f\236\344\207\315\2015\250\231l\215D\305\001Bj"
 196      E487CD81 
 196      35A8996C 
 196      8D44C501 
 196      426A
 197 0142 0315210B 		.ascii	"\003\025!\013\233\217;\343\023\224\311!y\366\017s\332"
 197      9B8F3BE3 
 197      1394C921 
 197      79F60F73 
 197      DA
 198 0153 6F18FAD1 		.ascii	"o\030\372\321E\322\233?\017\321\2765{\357\367\3531,"
 198      45D29B3F 
 198      0FD1BE35 
 198      7BEFF7EB 
 198      312C
 199 0165 1368F73F 		.ascii	"\023h\367?/\375cP\205\304\036\367_)i;1\372\314\341\273"
 199      2FFD6350 
 199      85C41EF7 
 199      5F29693B 
 199      31FACCE1 
 200 017a 1E23A301 		.ascii	"\036#\243\001\211\240v\015\266o\367\004u\262\001M\004"
 200      89A0760D 
 200      B66FF704 
 200      75B2014D 
 200      04
 201 018b 7578D5D9 		.ascii	"ux\325\331F\303\324lje\227&\212\350\263)\250\002MC\345"
 201      46C3D46C 
 201      6A659726 
 201      8AE8B329 
 201      A8024D43 
 202 01a0 681A38AF 		.ascii	"h\0328\257DS\341w\231\21619R6UN\230\236/\345\017H\216"
 202      4453E177 
 202      998E3139 
 202      5236554E 
 202      989E2FE5 
 203 01b7 EE94DF66 		.ascii	"\356\224\337f\333\245R\260\362#(T\2060\332\215\202H"
 203      DBA552B0 
 203      F2232854 
 203      8630DA8D 
 203      8248
 204 01c9 C4D084DF 		.ascii	"\304\320\204\337R\324\217P\011\272\004\363\331\203\246"
 204      52D48F50 
 204      09BA04F3 
 204      D983A6
 205 01d8 83B5BDE2 		.ascii	"\203\265\275\342B\272\036\317\247\301\026\215\274\030"
ARM GAS  C:\Users\TUDENT~1\AppData\Local\Temp\ccSrdzL4.s 			page 15


 205      42BA1ECF 
 205      A7C1168D 
 205      BC18
 206 01e6 C410C44C 		.ascii	"\304\020\304L\003\032\035\305\320Qu\267\376\2717\353"
 206      031A1DC5 
 206      D05175B7 
 206      FEB937EB 
 207 01f6 20E3C74E 		.ascii	" \343\307N\235,\366\302KH[\334PP\276\326\003\031\002"
 207      9D2CF6C2 
 207      4B485BDC 
 207      5050BED6 
 207      031902
 208 0209 D3242985 		.ascii	"\323$)\205\304\250\017\024\234\021\242}(\220\330\020"
 208      C4A80F14 
 208      9C11A27D 
 208      2890D810 
 209 0219 CFA8063A 		.ascii	"\317\250\006:\253\241\263\230\314\305\361}\336\314-"
 209      ABA1B398 
 209      CCC5F17D 
 209      DECC2D
 210 0228 6B244944 		.ascii	"k$ID\265\310\200\366*\321\3154\260\311\034\315\354\275"
 210      B5C880F6 
 210      2AD1CD34 
 210      B0C91CCD 
 210      ECBD
 211 023a 61C00E44 		.ascii	"a\300\016D}\274\264g?\320\241@\0037\255\017=\376\025"
 211      7DBCB467 
 211      3FD0A140 
 211      0337AD0F 
 211      3DFE15
 212 024d 313D00A6 		.ascii	"1=\000\246\373\025S`\202\177.\343\250s\021\0078\311"
 212      FB155360 
 212      827F2EE3 
 212      A8731107 
 212      38C9
 213 025f D8DFFBD2 		.ascii	"\330\337\373\322\027\027\321\012\211\245\333\363\356"
 213      1717D10A 
 213      89A5DBF3 
 213      EE
 214 026c B9399D8C 		.ascii	"\2719\235\214v\314.\246N\016\201\223\203\212\223\003"
 214      76CC2EA6 
 214      4E0E8193 
 214      838A9303 
 215 027c E33BA977 		.ascii	"\343;\251w\355\244\262\321\321\356\255#\233\202PA\261"
 215      EDA4B2D1 
 215      D1EEAD23 
 215      9B825041 
 215      B1
 216 028d 489F7D34 		.ascii	"H\237}4\315g\334\262\036\241e=\214x]\355=\2315J]\003"
 216      CD67DCB2 
 216      1EA1653D 
 216      8C785DED 
 216      3D99354A 
 217 02a3 2EEF9524 		.ascii	".\357\225$\210L\322\021\034\252RB\253\322\026\266\201"
 217      884CD211 
 217      1CAA5242 
 217      ABD216B6 
ARM GAS  C:\Users\TUDENT~1\AppData\Local\Temp\ccSrdzL4.s 			page 16


 217      81
 218 02b4 16F6E48B 		.ascii	"\026\366\344\213\275>\370:[\205\267\206K[\2748U\327"
 218      BD3EF83A 
 218      5B85B786 
 218      4B5BBC38 
 218      55D7
 219 02c6 AF732407 		.ascii	"\257s$\007\314\002\346HV\310Q\205\350\250\226\350\030"
 219      CC02E648 
 219      56C85185 
 219      E8A896E8 
 219      18
 220 02d7 25DA58FB 		.ascii	"%\332X\373l\207\036?dL#?\235jr\343LM\277q2\221\220\034"
 220      6C871E3F 
 220      644C233F 
 220      9D6A72E3 
 220      4C4DBF71 
 221 02ef 0A9343CB 		.ascii	"\012\223C\313\324H\231*\036w\356\365\306/\031Siy\221"
 221      D448992A 
 221      1E77EEF5 
 221      C62F1953 
 221      697991
 222 0302 E4A9CE05 		.ascii	"\344\251\316\005I\223\222\214\3461k\274\267\250\260"
 222      4993928C 
 222      E6316BBC 
 222      B7A8B0
 223 0311 5C76DBB2 		.ascii	"\\v\333\262cJ\246\274\306\001\205\232\024\277MZ\277"
 223      634AA6BC 
 223      C601859A 
 223      14BF4D5A 
 223      BF
 224 0322 C7A9DF87 		.ascii	"\307\251\337\207\353\036\344\373\3425\230\372\335Q\273"
 224      EB1EE4FB 
 224      E23598FA 
 224      DD51BB
 225 0331 3EC31BA8 		.ascii	">\303\033\250\006\240\332\375\267\177\277\243\372\232"
 225      06A0DAFD 
 225      B77FBFA3 
 225      FA9A
 226 033f 9466A07B 		.ascii	"\224f\240{\012\235P\230N\020&\322h\241\014?\244Vo\303"
 226      0A9D5098 
 226      4E1026D2 
 226      68A10C3F 
 226      A4566FC3 
 227 0353 6CB7EA08 		.ascii	"l\267\352\010aG\356U\037\266[\375\310&\037\356\276\344"
 227      6147EE55 
 227      1FB65BFD 
 227      C8261FEE 
 227      BEE4
 228 0365 E5954E16 		.ascii	"\345\225N\026\307\006\273\344\361'J\326\012S\371\216"
 228      C706BBE4 
 228      F1274AD6 
 228      0A53F98E 
 229 0375 4EE524F2 		.ascii	"N\345$\362\222i\241\011\370\003\227\263\216y0\266\363"
 229      9269A109 
 229      F80397B3 
 229      8E7930B6 
 229      F3
ARM GAS  C:\Users\TUDENT~1\AppData\Local\Temp\ccSrdzL4.s 			page 17


 230 0386 24A4DCC3 		.ascii	"$\244\334\303\217\333\364Lw'\303\367\313\017x3v\007"
 230      8FDBF44C 
 230      7727C3F7 
 230      CB0F7833 
 230      7607
 231 0398 193E73A3 		.ascii	"\031>s\243 \325\213\015w\022\275\371\334w\203:|\236"
 231      20D58B0D 
 231      7712BDF9 
 231      DC77833A 
 231      7C9E
 232 03aa 4DE7626B 		.ascii	"M\347bkY9\211,\200\354\331\321Q_\325\256\015`\273\266"
 232      5939892C 
 232      80ECD9D1 
 232      515FD5AE 
 232      0D60BBB6 
 233 03be 2B6368D7 		.ascii	"+ch\327\004|\211\302\305\234\266\356&\325\226\312\233"
 233      047C89C2 
 233      C59CB6EE 
 233      26D596CA 
 233      9B
 234 03cf 9B3344F2 		.ascii	"\2333D\362x\006r\377\2032\373\000\347b\247\363\021\234"
 234      780672FF 
 234      8332FB00 
 234      E762A7F3 
 234      119C
 235 03e1 93415DB0 		.ascii	"\223A]\260\330\003\370b\357\204\316\357\331b/\333\225"
 235      D803F862 
 235      EF84CEEF 
 235      D9622FDB 
 235      95
 236 03f2 B9D30DDF 		.ascii	"\271\323\015\337b>Z\216\366\236\327\311\257\006-\301"
 236      623E5A8E 
 236      F69ED7C9 
 236      AF062DC1 
 237 0402 391704F2 		.ascii	"9\027\004\362\376\236\336B\267\336Y\010\346G%\2303\210"
 237      FE9EDE42 
 237      B7DE5908 
 237      E6472598 
 237      3388
 238 0414 BF1BD22A 		.ascii	"\277\033\322*\3267cC\032Y.\377\016+X\264\267\277\350"
 238      D6376343 
 238      1A592EFF 
 238      0E2B58B4 
 238      B7BFE8
 239 0427 D0E32196 		.ascii	"\320\343!\226\251\265'\366\267\360\032\266\022}\363"
 239      A9B527F6 
 239      B7F01AB6 
 239      127DF3
 240 0436 A1E6C39E 		.ascii	"\241\346\303\236\370\011\033\274\232~\245\331\015\217"
 240      F8091BBC 
 240      9A7EA5D9 
 240      0D8F
 241 0444 30452E80 		.ascii	"0E.\200\221\027`G\357\2236\204_\263\301\303\007\216"
 241      91176047 
 241      EF933684 
 241      5FB3C1C3 
 241      078E
ARM GAS  C:\Users\TUDENT~1\AppData\Local\Temp\ccSrdzL4.s 			page 18


 242 0456 B4F062CD 		.ascii	"\264\360b\315R\275\270\215\354\305]w\343d\213\201\325"
 242      52BDB88D 
 242      ECC55D77 
 242      E3648B81 
 242      D5
 243 0467 4E42A037 		.ascii	"NB\2407t\365\315\303v\035\265l\032\252.\341u$/\327\264"
 243      74F5CDC3 
 243      761DB56C 
 243      1AAA2EE1 
 243      75242FD7 
 244 047c 9CA14E5F 		.ascii	"\234\241N_2\035\211\257\032\022\230s\321\\%\263F\301"
 244      321D89AF 
 244      1A129873 
 244      D15C25B3 
 244      46C1
 245 048e D3D01536 		.ascii	"\323\320\0256\225\236\341\023\027\364\306\015\024\015"
 245      959EE113 
 245      17F4C60D 
 245      140D
 246 049c 15D3D12C 		.ascii	"\025\323\321,\015\000\274\237\302\257!\243lDO\227\254"
 246      0D00BC9F 
 246      C2AF21A3 
 246      6C444F97 
 246      AC
 247 04ad FB3E6A70 		.ascii	"\373>jp\367\333\300{\012\213\266\030\360\032\026d\336"
 247      F7DBC07B 
 247      0A8BB618 
 247      F01A1664 
 247      DE
 248 04be A38BB7F8 		.ascii	"\243\213\267\370\332\014\004\265\370\351a\273;^\313"
 248      DA0C04B5 
 248      F8E961BB 
 248      3B5ECB
 249 04cd C6361DDD 		.ascii	"\3066\035\335\3361\001g0E\336\003F\266\007R\272?\304"
 249      DE310167 
 249      3045DE03 
 249      46B60752 
 249      BA3FC4
 250 04e0 9BD8C8B1 		.ascii	"\233\330\310\261\314\215\027a\206L\271\237z}\200\347"
 250      CC8D1761 
 250      864CB99F 
 250      7A7D80E7 
 251 04f0 672AA859 		.ascii	"g*\250Y\247\356\004\340ml\350uks\000\336\311\332-u\245"
 251      A7EE04E0 
 251      6D6CE875 
 251      6B7300DE 
 251      C9DA2D75 
 252 0505 25089732 		.ascii	"%\010\2272e(\267\345\216\001W0%\277k\333Aw\\\305\224"
 252      6528B7E5 
 252      8E015730 
 252      25BF6BDB 
 252      41775CC5 
 253 051a E2E16C38 		.ascii	"\342\341l8\201\3661\345\307\372\263i\236\270\236)i5"
 253      81F631E5 
 253      C7FAB369 
 253      9EB89E29 
 253      6935
ARM GAS  C:\Users\TUDENT~1\AppData\Local\Temp\ccSrdzL4.s 			page 19


 254 052c 355B3D71 		.ascii	"5[=q\003SR\016\367d\362\303u\200\350\327\212\256\345"
 254      0353520E 
 254      F764F2C3 
 254      7580E8D7 
 254      8AAEE5
 255 053f 7BF0AAB8 		.ascii	"{\360\252\270\201\236\336\325\376\014\341F\006N\257"
 255      819EDED5 
 255      FE0CE146 
 255      064EAF
 256 054e 3B734937 		.ascii	";sI7n\035\236\313u\230E\313\220\325\220\265\337G[\206"
 256      6E1D9ECB 
 256      759845CB 
 256      90D590B5 
 256      DF475B86 
 257 0562 76409FA2 		.ascii	"v@\237\242\350\021\232\331\347rf;\257\027\026\351\264"
 257      E8119AD9 
 257      E772663B 
 257      AF1716E9 
 257      B4
 258 0573 75180F3D 		.ascii	"u\030\017=\345Az\343\023o\344\357\357?\311_\365\004"
 258      E5417AE3 
 258      136FE4EF 
 258      EF3FC95F 
 258      F504
 259 0585 D2DF9D52 		.ascii	"\322\337\235R\252]r<\333\212oV\236^'\3457!J\005iF\243"
 259      AA5D723C 
 259      DB8A6F56 
 259      9E5E27E5 
 259      37214A05 
 260 059c 6892B20F 		.ascii	"h\222\262\017\372(o+\371\025\230\311\225\004xI\247b"
 260      FA286F2B 
 260      F91598C9 
 260      95047849 
 260      A762
 261 05ae 0A3FAD85 		.ascii	"\012?\255\205w\274\001oS\301{\265\360\036\012\017!\350"
 261      77BC016F 
 261      53C17BB5 
 261      F01E0A0F 
 261      21E8
 262 05c0 4C3EA779 		.ascii	"L>\247y:\001=\203\361\247t\210\240a\017\242ub Z%\372"
 262      3A013D83 
 262      F1A77488 
 262      A0610FA2 
 262      7562205A 
 263 05d6 2309240D 		.ascii	"#\011$\015\344+\220\024\220\015 \251 kAV\203|\015\362"
 263      E42B9014 
 263      900D20A9 
 263      206B4156 
 263      837C0DF2 
 264 05ea 0DC87A90 		.ascii	"\015\310z\2205 \231 /\221?z\015\222\016m;\310+hg\210"
 264      35209920 
 264      2F913F7A 
 264      0D920E6D 
 264      3BC82B68 
 265 0600 FEF46DCC 		.ascii	"\376\364m\314b\274\020\247\304\370X\033c\260vF]*\364"
 265      62BC10A7 
 265      C4F8581B 
ARM GAS  C:\Users\TUDENT~1\AppData\Local\Temp\ccSrdzL4.s 			page 20


 265      63B07646 
 265      5D2AF4
 266 0613 1397E810 		.ascii	"\023\227\350\020\005<\244\002?\324\202\373\221\006}"
 266      053CA402 
 266      3FD482FB 
 266      91067D
 267 0622 4195ACF3 		.ascii	"A\225\254\363\256s\253B7\305+\350\007Z\364=-\372\266"
 267      AE73AB42 
 267      37C52BE8 
 267      075AF43D 
 267      2DFAB6
 268 0635 2A92212D 		.ascii	"*\222!-\372\324\033u\353R\221\337\325\302ok\311\207"
 268      FAD41B75 
 268      EB5291DF 
 268      D5C26F6B 
 268      C987
 269 0647 54E81B5A 		.ascii	"T\350\033Z\364%-\372\212*\224G\256CQ'E\305}\307u$c\002"
 269      F4252DFA 
 269      8A2A9447 
 269      AE435127 
 269      45C57DC7 
 270 065f 57E5F082 		.ascii	"W\345\360\202\353\0057f}\252\330\357\273N\"\203\263"
 270      EB053766 
 270      7DAAD8EF 
 270      BB4E2283 
 270      B3
 271 0670 33E5F45D 		.ascii	"3\345\364]\343*IB\004&\360\363DYG7\356\0317\331\245"
 271      E32A4942 
 271      0426F0F3 
 271      44594737 
 271      EE1937D9 
 272 0685 D65994EC 		.ascii	"\326Y\224\354\226\226\354\2477*\242r}\3235\332\031\351"
 272      9696ECA7 
 272      372AA272 
 272      7DD335DA 
 272      19E9
 273 0697 2A8027AC 		.ascii	"*\200'\254\242\360\027\310\210\2069\\\336\372\250MK"
 273      A2F017C8 
 273      8886395C 
 273      DEFAA84D 
 273      4B
 274 06a8 3EA2CAF1 		.ascii	">\242\312\361\240\353\205\247&\037\211g\344\327\201"
 274      A0EB85A7 
 274      261F8967 
 274      E4D781
 275 06b7 FC3287CB 		.ascii	"\3742\207\313\357w^@\006'7\204\366s\245>8]O\317\346"
 275      EF775E40 
 275      06273784 
 275      F673A53E 
 275      385D4FCF 
 276 06cc A66F8FE4 		.ascii	"\246o\217\344\300\371?\211\245\347\351}7\370*A\233\305"
 276      C0F93F89 
 276      A5E7E97D 
 276      37F82A41 
 276      9BC5
 277 06de 4968A3E8 		.ascii	"Ih\243\350<pI\262\\\357p\264\0116\366\377{\223\223\223"
 277      3C7049B2 
ARM GAS  C:\Users\TUDENT~1\AppData\Local\Temp\ccSrdzL4.s 			page 21


 277      5CEF70B4 
 277      0936F6FF 
 277      7B939393 
 278 06f2 E156C665 		.ascii	"\341V\306eQ}\241\"\021*\357\344,\321\213\336\315\340"
 278      517DA122 
 278      112AEFE4 
 278      2CD18BDE 
 278      CDE0
 279 0704 3F800B6A 		.ascii	"?\200\013j\037\347z\343l=;\307\317\265\365\"\270\335"
 279      1FE77AE3 
 279      6C3D3BC7 
 279      CFB5F522 
 279      B8DD
 280 0716 3906C8ED 		.ascii	"9\006\310\355\316\277\374\3745I\002\236T\304\256\315"
 280      CEBFFCFC 
 280      3549029E 
 280      54C4AECD 
 281 0726 D9CA2CA1 		.ascii	"\331\312,\2419\366\256\270E$7\275\256\273\255}>\270"
 281      39F6AEB8 
 281      452437BD 
 281      AEBBAD7D 
 281      3EB8
 282 0738 8CB115DE 		.ascii	"\214\261\025\336\256o\346g\2757\250};7\027\351\3301"
 282      AE6FE667 
 282      BD37A87D 
 282      3B3717E9 
 282      D831
 283 074a 72930C17 		.ascii	"r\223\014\027t<\3126\340\003\014\373\342\346\346\036"
 283      743CCA36 
 283      E0030CFB 
 283      E2E6E61E 
 284 075a C4B024AA 		.ascii	"\304\260$\252\346\273\373\236\215\177\272o\027\371\251"
 284      E6BBFB9E 
 284      8D7FBA6F 
 284      17F9A9
 285 0769 B24DA4C7 		.ascii	"\262M\244\307\312\331\341\206\021/\354\240L\272\201"
 285      CAD9E186 
 285      112FECA0 
 285      4CBA81
 286 0778 C2A13BF0 		.ascii	"\302\241;\360E2\015!\003H\261\374\361(\240\002\321\200"
 286      45320D21 
 286      0348B1FC 
 286      F128A002 
 286      D180
 287 078a BE15B1FC 		.ascii	"\276\025\261\374\361\235+\001\375\340\227\244\233]\326"
 287      F19D2B01 
 287      FDE097A4 
 287      9B5DD6
 288 0799 06774A78 		.ascii	"\006wJx\252\200\302\350a\205v@}\012\250\237\235\342"
 288      AA80C2E8 
 288      61857640 
 288      7D0AA89F 
 288      9DE2
 289 07ab 34940F8E 		.ascii	"4\224\017\216r\241\326\244\007\034\036\354\254\317\363"
 289      72A1D6A4 
 289      071C1EEC 
 289      ACCFF3
ARM GAS  C:\Users\TUDENT~1\AppData\Local\Temp\ccSrdzL4.s 			page 22


 290 07ba 544E2644 		.ascii	"TN&D\271s\001\227#\222\370\012E\243\034%Ao\350(\310"
 290      B9730197 
 290      2392F80A 
 290      45A31C25 
 290      416FE828 
 291 07cf F3       		.ascii	"\363"
 292 07d0 30701F69 		.ascii	"0p\037io\365\001\350\332\236\325[=\324\334\273\336\306"
 292      6FF501E8 
 292      DA9ED55B 
 292      3DD4DCBB 
 292      DEC6
 293 07e2 3DDAB9A1 		.ascii	"=\332\271\241\311wF\241\324\351\200\317\234\246\200"
 293      C97746A1 
 293      D4E980CF 
 293      9CA680
 294 07f1 9A148764 		.ascii	"\232\024\207d\237\207\212D#\312\203b\301\267\214\312"
 294      9F878A44 
 294      23CA8362 
 294      C1B78CCA 
 295 0801 742BF42C 		.ascii	"t+\364,\025\005T,\316 \037\005\243\365\371\336\370\004"
 295      1505542C 
 295      CE201F05 
 295      A3F5F9DE 
 295      F804
 296 0813 4BFFEAF4 		.ascii	"K\377\352\364\224\0327g\341gW\250\012On\343%J\341K\264"
 296      941A3767 
 296      E16757A8 
 296      0A4F6EE3 
 296      254AE14B 
 297 0828 852FA585 		.ascii	"\205/\245\205?vkW\256\016ws\266\335\235U\0238[[\020"
 297      3F766B57 
 297      AE0E7773 
 297      B6DD9D55 
 297      13385B5B 
 298 083d FBCC2960 		.ascii	"\373\314)`\2379e\012S\231\226i7e\222Z\032_\273\341\233"
 298      9F39650A 
 298      53999669 
 298      3765925A 
 298      1A5FBBE1 
 299 0852 8CA9BB27 		.ascii	"\214\251\273'\265\236/\013O\325\325\1772\277\372\277"
 299      B59E2F0B 
 299      4FD5D57F 
 299      32BFFABF 
 300 0862 1AEC7CC5 		.ascii	"\032\354|\305\357\204\006P\017\245T\367\353\307]5U\362"
 300      EF840650 
 300      0FA554F7 
 300      EBC75D35 
 300      55F2
 301 0874 AAD9C312 		.ascii	"\252\331\303\022\335\263\376i\237N[\304J\310V\005\315"
 301      DDB3FE69 
 301      9F4E5BC4 
 301      4AC85605 
 301      CD
 302 0885 56354D74 		.ascii	"V5Mt\225\234\350\346\236\307G\274\265e\031\027}\245"
 302      959CE8E6 
 302      9EC747BC 
 302      B5651917 
ARM GAS  C:\Users\TUDENT~1\AppData\Local\Temp\ccSrdzL4.s 			page 23


 302      7DA5
 303 0897 2FA3DEDD 		.ascii	"/\243\336\335Y\2269\274,5\274,\360=\2472-\347e\331K"
 303      599639BC 
 303      2C35BC2C 
 303      F03DA732 
 303      2DE765D9 
 304 08ac CB52B725 		.ascii	"\313R\267%k.~\312f\337\274\265\266IT\252R5\244T\205"
 304      6B2E7ECA 
 304      66DFBCB5 
 304      B64954AA 
 304      5235A454 
 305 08c1 7CBAD52A 		.ascii	"|\272\325*\271\254\325\346r\037\315\345\306k\217.\272"
 305      B9ACD5E6 
 305      721FCDE5 
 305      C66B8F2E 
 305      BA
 306 08d2 E1356E94 		.ascii	"\3415n\224-+\243\244\002;c\232\253\211\351\370\230\230"
 306      2D2BA3A4 
 306      023B639A 
 306      AB89E9F8 
 306      9898
 307 08e4 F6F398EA 		.ascii	"\366\363\230\352\304\031\202\233\325\366QB\254\315}"
 307      C419829B 
 307      D5F65142 
 307      ACCD7D
 308 08f3 D1923FFB 		.ascii	"\321\222?\373\231BB\204\240\250\017\202M+b\227\305\206"
 308      99424284 
 308      A0A80F82 
 308      4D2B6297 
 308      C586
 309 0905 DB92A363 		.ascii	"\333\222\243c\023Y\373\223\360\220\367\347\004'Z\203"
 309      1359FB93 
 309      F090F7E7 
 309      04275A83 
 310 0915 5744C605 		.ascii	"WD\306\005[\223\242\310\177\213\325\026\024%xYm\341"
 310      5B93A2C8 
 310      7F8BD516 
 310      14257859 
 310      6DE1
 311 0927 B6C824DB 		.ascii	"\266\310$\333\374\270\310\244x\203\305\222\034\233`"
 311      FCB8C8A4 
 311      7883C592 
 311      1C9B60
 312 0936 0B9963B1 		.ascii	"\013\231c\261-\217\372 \"\212\230Z)M\204-11\316\032"
 312      2D8FFA20 
 312      228A985A 
 312      294D842D 
 312      3131CE1A 
 313 094a F17942B2 		.ascii	"\361yB\262\037m\371\001\332/&~YLttLt\304\234\2400\277"
 313      1F6DF901 
 313      DA2F267E 
 313      594C7474 
 313      4C74C49C 
 314 0961 D05921EF 		.ascii	"\320Y!\357\377=$\002\372\337MHL\210y7&rYlDlBT\\rtLD"
 314      FF3D2402 
 314      FADF4D48 
 314      4C887937 
ARM GAS  C:\Users\TUDENT~1\AppData\Local\Temp\ccSrdzL4.s 			page 24


 314      2672596C 
 315 097e 7C247025 		.ascii	"|$p%\304DX\242c\226G&\307\331,\266/V\306X\203V\010\356"
 315      C44458A2 
 315      63964726 
 315      C7D92CB6 
 315      2F56C658 
 316 0996 B2BFBFFE 		.ascii	"\262\277\277\376O\375Y\277\260F\300\374\242\201\034"
 316      4FFD59BF 
 316      B046C0FC 
 316      A2811C
 317 09a5 9C78806A 		.ascii	"\234x\200j\213\215\217\261\330\336{kr\222l\301\234 "
 317      8B8D8FB1 
 317      D8DE7B6B 
 317      72926CC1 
 317      9C20
 318 09b7 386A05B1 		.ascii	"8j\005\261\341Az\222\034%\256d)\202v\214Mn.\342M@X\342"
 318      E1417A92 
 318      1C25AE64 
 318      2982768C 
 318      4D6E2EE2 
 319 09cf E2A22DB1 		.ascii	"\342\242-\261P\211\005?[\200\225\211I6kp\370\322\305"
 319      5089053F 
 319      5B809589 
 319      49366B70 
 319      F8D2C5
 320 09e2 61A1C11F 		.ascii	"a\241\301\037\177\274 x\351G\213\377\021\302KBh\300"
 320      7FBC2078 
 320      E9478BFF 
 320      11C24B42 
 320      68C0
 321 09f4 A5DE645A 		.ascii	"\245\336dZl\016\343\365\010\013\265\330\334\345\206"
 321      6C0EE3F5 
 321      080BB5D8 
 321      DCE586
 322 0a03 F88959B7 		.ascii	"\370\211Y\267`\361|3^`2\353>\\\260\324\214M&36\203\314"
 322      60F17C33 
 322      5E6032EB 
 322      3E5CB0D4 
 322      8C4D2633 
 323 0a1a 379BF1A7 		.ascii	"7\233\361\247\341&lZ\262Tg2-4S\216P\372\033\202\027"
 323      E1266C5A 
 323      B2546732 
 323      2D34538E 
 323      50FA1B82 
 324 0a2f 2E328BE1 		.ascii	".2\213\341`\371\321B\263.|1\240M\346P\220\020@\376\305"
 324      60F9D142 
 324      B32E7C31 
 324      A04DE650 
 324      901040FE 
 325 0a44 6CFA2F43 		.ascii	"l\372/C\266\332\342IH\261\361,I\\\261\330\214<\035V"
 325      B6DAE249 
 325      48B1F12C 
 325      495CB1D8 
 325      8C3C1D56 
 326 0a58 B2B22C91 		.ascii	"\262\262,\221$C\336\026\313\362\344\204(\213%h\316{"
 326      2443DE16 
 326      CBF2E484 
ARM GAS  C:\Users\TUDENT~1\AppData\Local\Temp\ccSrdzL4.s 			page 25


 326      288B2568 
 326      CE7B
 327 0a6a A1A1EEB2 		.ascii	"\241\241\356\262\246\213Z\021\231\364\216\023\236\270"
 327      A68B5A11 
 327      99F48E13 
 327      9EB8
 328 0a78 92A127CA 		.ascii	"\222\241'\312=1\256\314\377 \017\177\356j8,\354_\035"
 328      3D31AECC 
 328      FF200F7F 
 328      EE6A382C 
 328      EC5F1D
 329 0a8b 3269E0   		.ascii	"2i\340"
 330              		.text
 331              		.section	.gnu.lto_.symtab.8740f535,"",%progbits
 332 0000 7374496E 		.ascii	"stInit\000"
 332      697400
 333 0007 00       		.ascii	"\000"
 334 0008 00       		.ascii	"\000"
 335 0009 00       		.ascii	"\000"
 336 000a 00000000 		.ascii	"\000\000\000\000\000\000\000\000"
 336      00000000 
 337 0012 AE000000 		.ascii	"\256\000\000\000"
 338 0016 73745374 		.ascii	"stStartAlarm\000"
 338      61727441 
 338      6C61726D 
 338      00
 339 0023 00       		.ascii	"\000"
 340 0024 00       		.ascii	"\000"
 341 0025 00       		.ascii	"\000"
 342 0026 00000000 		.ascii	"\000\000\000\000\000\000\000\000"
 342      00000000 
 343 002e BD000000 		.ascii	"\275\000\000\000"
 344 0032 73745374 		.ascii	"stStopAlarm\000"
 344      6F70416C 
 344      61726D00 
 345 003e 00       		.ascii	"\000"
 346 003f 00       		.ascii	"\000"
 347 0040 00       		.ascii	"\000"
 348 0041 00000000 		.ascii	"\000\000\000\000\000\000\000\000"
 348      00000000 
 349 0049 BF000000 		.ascii	"\277\000\000\000"
 350 004d 73745365 		.ascii	"stSetAlarm\000"
 350      74416C61 
 350      726D00
 351 0058 00       		.ascii	"\000"
 352 0059 00       		.ascii	"\000"
 353 005a 00       		.ascii	"\000"
 354 005b 00000000 		.ascii	"\000\000\000\000\000\000\000\000"
 354      00000000 
 355 0063 C1000000 		.ascii	"\301\000\000\000"
 356 0067 73744765 		.ascii	"stGetAlarm\000"
 356      74416C61 
 356      726D00
 357 0072 00       		.ascii	"\000"
 358 0073 00       		.ascii	"\000"
 359 0074 00       		.ascii	"\000"
 360 0075 00000000 		.ascii	"\000\000\000\000\000\000\000\000"
ARM GAS  C:\Users\TUDENT~1\AppData\Local\Temp\ccSrdzL4.s 			page 26


 360      00000000 
 361 007d C4000000 		.ascii	"\304\000\000\000"
 362 0081 73745F6C 		.ascii	"st_lld_init\000"
 362      6C645F69 
 362      6E697400 
 363 008d 00       		.ascii	"\000"
 364 008e 02       		.ascii	"\002"
 365 008f 00       		.ascii	"\000"
 366 0090 00000000 		.ascii	"\000\000\000\000\000\000\000\000"
 366      00000000 
 367 0098 C6000000 		.ascii	"\306\000\000\000"
 368              		.text
 369              		.section	.gnu.lto_.opts,"",%progbits
 370 0000 272D666D 		.ascii	"'-fmath-errno' '-fsigned-zeros' '-ftrapping-math' '"
 370      6174682D 
 370      6572726E 
 370      6F272027 
 370      2D667369 
 371 0033 2D666E6F 		.ascii	"-fno-trapv' '-fno-openmp' '-fno-openacc' '-mcpu=cor"
 371      2D747261 
 371      70762720 
 371      272D666E 
 371      6F2D6F70 
 372 0066 7465782D 		.ascii	"tex-m3' '-mno-thumb-interwork' '-mthumb' '-ggdb' '-"
 372      6D332720 
 372      272D6D6E 
 372      6F2D7468 
 372      756D622D 
 373 0099 4F322720 		.ascii	"O2' '-fomit-frame-pointer' '-falign-functions=16' '"
 373      272D666F 
 373      6D69742D 
 373      6672616D 
 373      652D706F 
 374 00cc 2D666675 		.ascii	"-ffunction-sections' '-fdata-sections' '-fno-common"
 374      6E637469 
 374      6F6E2D73 
 374      65637469 
 374      6F6E7327 
 375 00ff 2720272D 		.ascii	"' '-flto'\000"
 375      666C746F 
 375      2700
 376              		.text
 377              		.comm	__gnu_lto_v1,1,1
 378              		.comm	__gnu_lto_slim,1,1
 379              		.ident	"GCC: (GNU Tools for ARM Embedded Processors 6-2017-q1-update) 6.3.1 20170215 (release) [AR
ARM GAS  C:\Users\TUDENT~1\AppData\Local\Temp\ccSrdzL4.s 			page 27


DEFINED SYMBOLS
                            *ABS*:00000000 hal_st.c
                            *COM*:00000001 __gnu_lto_v1
                            *COM*:00000001 __gnu_lto_slim

NO UNDEFINED SYMBOLS
