ARM GAS  C:\Users\TUDENT~1\AppData\Local\Temp\ccfZXHNk.s 			page 1


   1              		.cpu cortex-m3
   2              		.eabi_attribute 20, 1
   3              		.eabi_attribute 21, 1
   4              		.eabi_attribute 23, 3
   5              		.eabi_attribute 24, 1
   6              		.eabi_attribute 25, 1
   7              		.eabi_attribute 26, 1
   8              		.eabi_attribute 30, 2
   9              		.eabi_attribute 34, 1
  10              		.eabi_attribute 18, 4
  11              		.file	"nvic.c"
  12              		.text
  13              	.Ltext0:
  14              		.section	.gnu.lto_.profile.8740ff54,"",%progbits
  15 0000 789C6365 		.ascii	"x\234ce`b`a```d\220\022\003\000\000\312\000="
  15      60626061 
  15      60606064 
  15      90120300 
  15      00CA003D 
  16              		.text
  17              		.section	.gnu.lto_.icf.8740ff54,"",%progbits
  18 0000 789C6365 		.ascii	"x\234ce`b\220b@\000\026\206\027\337\372'q3~\336ur'\033"
  18      60629062 
  18      40001686 
  18      17DFFA27 
  18      71337EDE 
  19 0018 D385E635 		.ascii	"\323\205\3465\217\270\231;\356\375hab\000\000\253P\014"
  19      8FB8993B 
  19      EEFD6861 
  19      620000AB 
  19      500C
  20 002a 3B       		.ascii	";"
  21              		.text
  22              		.section	.gnu.lto_.jmpfuncs.8740ff54,"",%progbits
  23 0000 789C6365 		.ascii	"x\234ce`b\220b@\000\026\006&FF\346\372zF \250g\202\260"
  23      60629062 
  23      40001606 
  23      264646E6 
  23      FA7A4620 
  24 0018 99416C06 		.ascii	"\231Al\006\000)\250\003:"
  24      0029A803 
  24      3A
  25              		.text
  26              		.section	.gnu.lto_.inline.8740ff54,"",%progbits
  27 0000 789C4D8C 		.ascii	"x\234M\214\321\021\2000\014B!M\323\350\217#\324\011"
  27      D1118030 
  27      0C42214D 
  27      D3E88F23 
  27      D409
  28 0012 5CD2453A 		.ascii	"\\\322E:\222\2438\202\261\236U>\270\343\036\220!\330"
  28      92A33882 
  28      B19E553E 
  28      B8E31E90 
  28      21D8
  29 0024 F1498179 		.ascii	"\361I\201y\242pe\204\333\324\316\015\326\252@\216E\021"
  29      A2706584 
  29      DBD4CE0D 
ARM GAS  C:\Users\TUDENT~1\AppData\Local\Temp\ccfZXHNk.s 			page 2


  29      D6AA408E 
  29      4511
  30 0036 C9833808 		.ascii	"\311\2038\010/d\257$m\365\251\004\325~\"\310J\366\227"
  30      2F64AF24 
  30      6DF5A904 
  30      D57E22C8 
  30      4AF697
  31 0049 14BBDF41 		.ascii	"\024\273\337A(\241\330;\035pLq\001\226\277\015\245"
  31      28A1D83B 
  31      1D704C71 
  31      0196BF0D 
  31      A5
  32              		.text
  33              		.section	.gnu.lto_.pureconst.8740ff54,"",%progbits
  34 0000 789C6365 		.ascii	"x\234ce`b\340d```a\220b\224b\222b\226\002\000\002\321"
  34      6062E064 
  34      60606061 
  34      90629462 
  34      92629602 
  35 0017 0083     		.ascii	"\000\203"
  36              		.text
  37              		.section	.gnu.lto_nvicEnableVector.8740ff54,"",%progbits
  38 0000 789C9D53 		.ascii	"x\234\235S\317k\023A\024\236o_6\233\264i<\213\305\366"
  38      CF6B1341 
  38      149E6F5F 
  38      369BB469 
  38      3C8BC5F6 
  39 0014 20945E5C 		.ascii	" \224^\\zQ\020Aj\321[\021\354_\240\361\320\200MJ[\213"
  39      7A511041 
  39      6AD15B11 
  39      EC5FA0F1 
  39      D0804D4A 
  40 002a B74E939A 		.ascii	"\267N\223\232`\024-\332$V\014\033\241\332_\266ik\325"
  40      60142DDA 
  40      24560C1B 
  40      A1DA5FB6 
  40      696BD5
  41 003d B62A8450 		.ascii	"\266*\204P\220\034\252(\336\004\017\215(9Dj\360\340"
  41      901CAA28 
  41      DE040F8D 
  41      2839446A 
  41      F0E0
  42 004f A1ADBED9 		.ascii	"\241\255\276\331\015(\250\007\035\230\231\367\346}\337"
  42      0D28A807 
  42      1D9899F7 
  42      E67DDF
  43 005e 7BEF9BD9 		.ascii	"{\357\233\331\325\205&\216\223\020'\204\020\373x\202"
  43      D585268E 
  43      93102784 
  43      10FB7882 
  44 006e 04B4D197 		.ascii	"\004\264\321\227B\014{4@\031\322\0031\244a\010\327)"
  44      420C7B34 
  44      4019D203 
  44      31A46108 
  44      D729
  45 0080 4D28C43F 		.ascii	"M(\304?\256j\255\223\222G>]\335+\247\362\260\230>\316"
  45      AE6AAD93 
ARM GAS  C:\Users\TUDENT~1\AppData\Local\Temp\ccfZXHNk.s 			page 3


  45      92473E5D 
  45      DD2BA7F2 
  45      B0983ECE 
  46 0094 530D4CA2 		.ascii	"S\015L\242\225Q\257G\026\356\3205\262\010p\261\373e"
  46      9551AF47 
  46      16EED035 
  46      B20870B1 
  46      FB65
  47 00a6 E376C9AF 		.ascii	"\343v\311\257\\\015\315\354\356\310\261\224\237\216"
  47      5C0DCDEC 
  47      EEC8B194 
  47      9F8E
  48 00b4 41B03D5E 		.ascii	"A\260=^H\276kh\271'eD\346\327\307H\036\260\2100\003"
  48      48BE6B68 
  48      B9276544 
  48      E6D7C748 
  48      1EB08830 
  49 00c9 E2849846 		.ascii	"\342\204\230F#\246\320(\370H`\026-\014\237\215|\252"
  49      23A6D028 
  49      F8486016 
  49      2D0C9F8D 
  49      7CAA
  50 00db 10B5DBD4 		.ascii	"\020\265\333\324\313\305\235\222Q\243~H\326\250\017"
  50      CBC59D92 
  50      51A37E48 
  50      D6A80F
  51 00ea FE409D43 		.ascii	"\376@\235C\213\302o.\356&\033\334.\247W\314\303\015"
  51      8BC26F2E 
  51      EE261BDC 
  51      2EA757CC 
  51      C30D
  52 00fc DE736F90 		.ascii	"\336so\220\227\273\337\3432\377\366>\322'}\200\202k"
  52      97BBDFE3 
  52      32FFF63E 
  52      D2277D80 
  52      826B
  53 010e 4C74915A 		.ascii	"Lt\221Zt\250\312\006\233\272G-^^\334B$8\207\272\234"
  53      74A8CA06 
  53      9BBA472D 
  53      5E5EDC42 
  53      243887BA 
  54 0123 2BA4A99D 		.ascii	"+\244\251\235\312\210T\343;\271:\2256CZ\206 \312\210"
  54      CA8854E3 
  54      3BB93A95 
  54      36435A86 
  54      20CA88
  55 0136 6EC5E01C 		.ascii	"n\305\340\034\020\237\375z-n\270\220\343\366\312(\244"
  55      109FFD7A 
  55      2D6EB890 
  55      E3F6CA28 
  55      A4
  56 0147 8A4D0AC3 		.ascii	"\212M\012\303\321\324\245\302+CE\015[\336\362\335\317"
  56      D1D4A5C2 
  56      2B43450D 
  56      5BDEF2DD 
  56      CF
  57 0158 DF7C8E2B 		.ascii	"\337|\216+\013Q\351\347\243\033\225\352\212\337Bf\230"
ARM GAS  C:\Users\TUDENT~1\AppData\Local\Temp\ccfZXHNk.s 			page 4


  57      0B51E9E7 
  57      A31B95EA 
  57      8ADF4266 
  57      98
  58 0169 6F3FBBDF 		.ascii	"o?\273\337\"\017\026Y\347\002'R\204\215\367K\243{\314"
  58      220F1659 
  58      E7022752 
  58      848DF74B 
  58      A37BCC
  59 017c 3939322C 		.ascii	"992,\233-\362b\011\026n\331\357\242\262\315|\235\242"
  59      9B2DF262 
  59      09166ED9 
  59      EFA2B2CD 
  59      7C9DA2
  60 018f B69C0A66 		.ascii	"\266\234\012fC\026\325\341!\314\014\351\366\233-\243"
  60      4316D5E1 
  60      21CC0CE9 
  60      F69B2DA3 
  61 019f 8D5B540D 		.ascii	"\215[T\015Wc\231\305l\255g\203\303L,N\254m\373\234\236"
  61      576399C5 
  61      6CAD6783 
  61      C34C2C4E 
  61      AC6DFB9C 
  62 01b4 753CB27B 		.ascii	"u<\262{\216n\307\246\275\016\310\343\200nN\314\2576"
  62      8E6EC7A6 
  62      BD0EC8E3 
  62      806E4ECC 
  62      AF36
  63 01c6 28908E26 		.ascii	"(\220\216&<v@[\261\242\341\200\274\252\376\372\213\230"
  63      3C76405B 
  63      B1A2E180 
  63      BCAAFEFA 
  63      8B98
  64 01d8 C749033C 		.ascii	"\307I\003<A#S\035\365fM\375\277h\253\307\212\255\015"
  64      4123531D 
  64      F5664DFD 
  64      BF68ABC7 
  64      8AAD0D
  65 01eb BF6B1BB4 		.ascii	"\277k\033\264\310\207U\245\315\260\265\255)m^\273T9"
  65      C88755A5 
  65      CDB0B5AD 
  65      296D5EBB 
  65      5439
  66 01fd 51AAFFAF 		.ascii	"Q\252\377\257bO\355b\332_\212=\373Y\354\271S\254\202"
  66      624FED62 
  66      DA5F8A3D 
  66      FB59ECB9 
  66      53AC82
  67 0210 483677D5 		.ascii	"H6w\325\276F\373\247Hp\243\374\221p\202\243\201#fGw"
  67      BE46FBA7 
  67      4870A3FC 
  67      917082A3 
  67      81236647 
  68 0225 F06CB06B 		.ascii	"\360l\260k\340\302\271`\330\261Ou\265\035>d\206\373"
  68      E0C2B960 
  68      D8B14F75 
  68      B51D3E64 
ARM GAS  C:\Users\TUDENT~1\AppData\Local\Temp\ccfZXHNk.s 			page 5


  68      86FB
  69 0237 CDEE33E7 		.ascii	"\315\3563\347\315\336p\337@\277\031\010\367\364\204"
  69      CDDE70DF 
  69      40BF1908 
  69      F7F484
  70 0246 4366FBE9 		.ascii	"Cf\373\351\316\216\316\213fh0\0308\030\020\010\271z"
  70      CE8ECE8B 
  70      66683018 
  70      38181008 
  70      B97A
  71 0258 FB82E11F 		.ascii	"\373\202\341\037\353\007\035?"
  71      EB071D3F 
  72              		.text
  73              		.section	.gnu.lto_nvicDisableVector.8740ff54,"",%progbits
  74 0000 789C9592 		.ascii	"x\234\225\222\317KTQ\024\307\357\367\2367?Lg\332\006"
  74      CF4B5451 
  74      14C7EFF7 
  74      9E373F4C 
  74      67DA06
  75 0013 0DE52210 		.ascii	"\015\345\"\0207]fS\020A\205\320N\202\374\013j\012\034"
  75      375D6653 
  75      104185D0 
  75      4E82FC0B 
  75      6A0A1C
  76 0026 C8799126 		.ascii	"\310y\221&\355\274\343\217'\030\225\224\216\031\015"
  76      EDBCE38F 
  76      27189594 
  76      8E190D
  77 0035 6F820947 		.ascii	"o\202\011GM\307\037Si\253\341\021\304@S\024\264\012"
  77      4DC71F53 
  77      69ABE111 
  77      C4405314 
  77      B40A
  78 0047 5A64842D 		.ascii	"Zd\204-\214\022\027.\324:\367\275\026A\253.\334\037"
  78      8C12172E 
  78      D43AF7BD 
  78      1641AB2E 
  78      DC1F
  79 0059 E7BECF39 		.ascii	"\347\276\3179\337s\316}!!\305e)\304i!\304A\236 \001"
  79      DF73CE7D 
  79      2121C565 
  79      29C46921 
  79      C4419E20 
  80 006e 39FA4688 		.ascii	"9\372F\210lT\002\346\240\243\020}\022}\270C\023\004"
  80      6C5402E6 
  80      A0A3107D 
  80      127DB843 
  80      1304
  81 0080 6FF8EBAA 		.ascii	"o\370\353\252l\235\322<\252\023\225\260\243\207\016"
  81      6C9DD23C 
  81      AA1395B0 
  81      A3870E
  82 008f B824C424 		.ascii	"\270$\304$O30\205V\246\336\015.<\244\333\344\022`\261"
  82      4F333085 
  82      56A6DE0D 
  82      2E3CA4DB 
  82      E41260B1 
ARM GAS  C:\Users\TUDENT~1\AppData\Local\Temp\ccfZXHNk.s 			page 6


  83 00a3 F9B3FE60 		.ascii	"\371\263\376`-nL\211f6w\365X.N\247 \370<\351\215\177"
  83      2D6E4C89 
  83      663677F5 
  83      582E4EA7 
  83      20F83CE9 
  84 00b9 8CB53CD6 		.ascii	"\214\265<\326\272_W_\217\221>\342\022a\006\304\0011"
  84      BA5F575F 
  84      8F913EE2 
  84      126106C4 
  84      0131
  85 00cb 8D044A48 		.ascii	"\215\004JH\010\276\022\230E\213\341?/\356\215\307\302"
  85      08BE1298 
  85      458BE13F 
  85      2FEE8DC7 
  85      C2
  86 00dc 56208827 		.ascii	"V \210'\010\203\367\362{T\365\336\257a]\375R\304\207"
  86      0883F7F2 
  86      7B54F5DE 
  86      AF615DFD 
  86      52C487
  87 00ef B351C0E0 		.ascii	"\263Q\300\340\222\035-2\213\305KH\210\021\3661\025\335"
  87      921D2D32 
  87      8BC54B48 
  87      8811F631 
  87      15DD
  88 0101 246976FA 		.ascii	"$iv\372\206\201M\247\276\\\200\211\223'\231'\260B\255"
  88      86814DA7 
  88      BE5C8089 
  88      93279927 
  88      B042AD
  89 0114 F862A7C9 		.ascii	"\370b\247\311$\033B\010s,\317\330\2163\335\020@\024"
  89      241B4208 
  89      732CCFD8 
  89      8E33DD10 
  89      4014
  90 0126 40F78AF3 		.ascii	"@\367\212\363\2531\003Y8\214\371\000\372\341\324\"\001"
  90      AB310359 
  90      388CF900 
  90      FAE1D422 
  90      01
  91 0137 646AAEBC 		.ascii	"dj\256\274|\345D\2030@\031\011ve\310\313\325\224a\030"
  91      7CE54483 
  91      30401909 
  91      7665C8CB 
  91      D5946118 
  92 014b C80D796F 		.ascii	"\310\015yo#\006\010\373\215\250<\372\276\335\024\230"
  92      230608FB 
  92      8DA83CFA 
  92      BEDD1498 
  93 015b DA1BD071 		.ascii	"\332\033\320q\276\272\273\261\271\022w\221\317r\263"
  93      BEBABBB1 
  93      B9127791 
  93      CF72B3
  94 016a 0B875C8A 		.ascii	"\013\207\\\212`\221;\262\300j\306\241\376iit\277\232"
  94      60913BB2 
  94      C06AC6A1 
  94      FE696974 
ARM GAS  C:\Users\TUDENT~1\AppData\Local\Temp\ccfZXHNk.s 			page 7


  94      BF9A
  95 017c D38359DD 		.ascii	"\323\203Y\335\354R\024Kpq\337\177\006\023mf\253D\311"
  95      EC52144B 
  95      7071DF7F 
  95      06136D66 
  95      AB44C9
  96 018f B2F958E8 		.ascii	"\262\371X\350u\251\001\313P\\\241\377D\025$9E\223\314"
  96      75A901CB 
  96      505CA1FF 
  96      44152439 
  96      4593CC
  97 01a2 D67A692D 		.ascii	"\326zi-\362'\235\377\021\333\207\247\276\030\376\025"
  97      F2279DFF 
  97      11DB87A7 
  97      BE18FE15 
  98 01b2 CBB8D488 		.ascii	"\313\270\324\210gF\014\276\330s$\377\256\265\021\002"
  98      67460CBE 
  98      D87324FF 
  98      AEB51102 
  99 01c2 2B1C7303 		.ascii	"+\034s\003\375\205\331[~\343\375\377f\204q~\022N\360"
  99      FD85D95B 
  99      7EE3FDFF 
  99      6684717E 
  99      124EF0
 100 01d5 64EA846A 		.ascii	"d\352\204j\353L_Lw\364\\\277\224\266\203\363\271\216"
 100      EB4C5F4C 
 100      77F45CBF 
 100      94B683F3 
 100      B98E
 101 01e7 E4F163CA 		.ascii	"\344\361c\312\356V\235\027\256\250\253\366\265\236n"
 101      EE569D17 
 101      AEA8ABF6 
 101      B59E6E
 102 01f6 95B2BBBA 		.ascii	"\225\262\273\272\354\214:s\276\275\255\375\206\312\364"
 102      EC8C3A73 
 102      BEBDADFD 
 102      86CAF4
 103 0205 A6534753 		.ascii	"\246SGS\002\231\337\301*\330L"
 103      0299DFC1 
 103      2AD84C
 104              		.text
 105              		.section	.gnu.lto_nvicSetSystemHandlerPriority.8740ff54,"",%progbits
 106 0000 789C6D51 		.ascii	"x\234mQMk\023Q\024\275\347\335L2\012v]\264\213.\204"
 106      4D6B1351 
 106      14BDE7DD 
 106      4C320A76 
 106      5DB48B2E 
 107 0015 D0850ED9 		.ascii	"\320\205\016\331(\210 \222\205\213R\004\373\013j*d\240"
 107      28882092 
 107      858B5204 
 107      FB0B6A2A 
 107      64A0
 108 0027 CD94B48A 		.ascii	"\315\224\264\212\273\276I\332\006+TQ\323T1L\240H\265"
 108      BBBE49DA 
 108      062B5451 
 108      D354314C 
 108      A048B5
ARM GAS  C:\Users\TUDENT~1\AppData\Local\Temp\ccfZXHNk.s 			page 8


 109 003a B5A65537 		.ascii	"\265\246U7\301 !+\263\250\242\313\356\264\242\004\014"
 109      C120212B 
 109      B3A8A2CB 
 109      EEB4A204 
 109      0C
 110 004b F8D1ADD5 		.ascii	"\370\321\255\325\373\246\021\272\360\301\233w\277\316"
 110      FBA611BA 
 110      F0C19B77 
 110      BFCE
 111 0059 9D73EEB5 		.ascii	"\235s\356\265HQ\007D\203DtL.\230\240n\277%\362m\005"
 111      48510744 
 111      8344744C 
 111      2E98A06E 
 111      BF25F26D 
 112 006e 1843DBA0 		.ascii	"\030C\333\240i\205i\334\342\022\243Y\370RS\003+ZN\243"
 112      698569DC 
 112      E212A359 
 112      F8525303 
 112      2B5A4EA3 
 113 0082 B41B9DD3 		.ascii	"\264\033\235\323\263\275\001\023\335\227k\016V0 U\357"
 113      B3BD0113 
 113      DD976B0E 
 113      56302055 
 113      EF
 114 0093 67361EF2 		.ascii	"g6\036\362\002\007\014D\304\375\261\365`\247\307\270"
 114      02070C44 
 114      C4FDB1F5 
 114      60A7C7B8 
 115 00a3 0AFDE2E6 		.ascii	"\012\375\342\346\357\276\256\333|\016$vG\267\374h\374"
 115      EFBEAEDB 
 115      7C0E2476 
 115      47B7FC68 
 115      FC
 116 00b4 91D639DD 		.ascii	"\221\3269\335\370\\d}<`\306*X\032\342\011\372\360\030"
 116      F85C647D 
 116      3C60C62A 
 116      581AE209 
 116      FAF018
 117 00c7 7D2421C2 		.ascii	"}$!\302\032\342R\276\226\373\332a\276\020Bo\264~\357"
 117      1AE252BE 
 117      96FBDA61 
 117      BE10426F 
 117      B47EEF
 118 00da C4BAD0DD 		.ascii	"\304\272\320\335R\027\372\364?\320u\304M\375\247\315"
 118      5217FAF4 
 118      3FD075C4 
 118      4DFDA7CD 
 119 00ea BDE29168 		.ascii	"\275\342\221hd\371\037]<CT\224S\365\003\032z\357OA\010"
 119      64F91F5D 
 119      3C435494 
 119      53F5031A 
 119      7AEF4F41 
 120 00ff F46EFFB2 		.ascii	"\364n\377\262c\200A(\301F\330|,\230\237\023\315\013"
 120      63804128 
 120      C146D87C 
 120      2C989F13 
 120      CD0B
ARM GAS  C:\Users\TUDENT~1\AppData\Local\Temp\ccfZXHNk.s 			page 9


 121 0111 C80CE426 		.ascii	"\310\014\344&+\363r\033\271\237\205\255Z\035\246Q\231"
 121      2BF3721B 
 121      B99F85AD 
 121      5A1DA651 
 121      99
 122 0122 5599416D 		.ascii	"U\231Am\344\277\317u\003,\261\203\263\260\020AU8\265"
 122      E4BFCF75 
 122      032CB183 
 122      B3B01041 
 122      5538B5
 123 0135 D15C6C9D 		.ascii	"\321\\l\23505\222]\234m\276\213\231l4\324\344\327\352"
 123      3035925D 
 123      9C6DBE8B 
 123      996C34D4 
 123      E4D7EA
 124 0148 F7AC7D57 		.ascii	"\367\254}Wo\347u\217\301/\345>\332\001\312\276\214\274"
 124      6FE7758F 
 124      C12FE53E 
 124      DA01CABE 
 124      8CBC
 125 015a 7234E018 		.ascii	"r4\340\0306E\334\20642\200o\3057\253\207\235u=\343\353"
 125      3645DC86 
 125      3432806F 
 125      C537AB87 
 125      9D753DE3 
 126 016f FE806D3C 		.ascii	"\376\200m<G\200\245p\031\222\\\276SN&\252&W\311\004"
 126      4780A570 
 126      19925CBE 
 126      534E26AA 
 126      2657C904 
 127 0183 7C082FE0 		.ascii	"|\010/\340\224\331\012\367\364\022\011a(\253\317U^-"
 127      94D90AF7 
 127      F4120961 
 127      28ABCF55 
 127      5E2D
 128 0195 8484C3FD 		.ascii	"\204\204\303\375\315\213\006\321\246\210\316\246\316"
 128      CD8B06D1 
 128      A688CEA6 
 128      CE
 129 01a2 38C9B47B 		.ascii	"8\311\264{\331\035\236\272:\352z\373\366\305\341\304"
 129      D91D9EBA 
 129      3AEA7AFB 
 129      F6C5E1C4 
 130 01b2 E9538E37 		.ascii	"\351S\2167\351\244G\306\234\011/;5\351\244\274\361q"
 130      E9A447C6 
 130      9C092F3B 
 130      35E9A4BC 
 130      F171
 131 01c4 2FE39CBF 		.ascii	"/\343\234\2774\224\034\272\356d\256\271\251\223)\212"
 131      34941CBA 
 131      EE64AEB9 
 131      A993298A 
 132 01d4 A54732A3 		.ascii	"\245G2\243cW\262\221\211\254\353\375\005W>\264\003"
 132      6357B291 
 132      89ACEBFD 
 132      05573EB4 
 132      03
ARM GAS  C:\Users\TUDENT~1\AppData\Local\Temp\ccfZXHNk.s 			page 10


 133              		.text
 134              		.section	.gnu.lto_nvicClearPending.8740ff54,"",%progbits
 135 0000 789C2D51 		.ascii	"x\234-Q\317kSA\020\236o\347\275$\205&^\005\203\366 "
 135      CF6B5341 
 135      109E6FE7 
 135      BD248526 
 135      5E0583F6 
 136 0015 942274C9 		.ascii	"\224\"t\311EA\004\225\036<\025\301\376\005\032\017\015"
 136      45410495 
 136      1E3C15C1 
 136      FE051A0F 
 136      0D
 137 0026 D83CB1B5 		.ascii	"\330<\261\265x\353&m\023\254`\213\266\251\025\303\213"
 137      78EB266D 
 137      13AC608B 
 137      B6A915C3 
 137      8B
 138 0037 18E90F6D 		.ascii	"\030\351\017m\323V\017\266^\302\303K\017U\352U\361\240"
 138      D3560FB6 
 138      5EC2C34B 
 138      0F55EA55 
 138      F1A0
 139 0049 207868D1 		.ascii	" xh\321\340\301C[\235}\317\205\335\235\371\366\233o"
 139      E0C1435B 
 139      9D7DCF85 
 139      DD9DF9F6 
 139      9B6F
 140 005b 66675C52 		.ascii	"fg\\R\264\007\242\013DtL6\230\240\246\336\023\025\022"
 140      B407A20B 
 140      44744C36 
 140      98A0A6DE 
 140      131512
 141 006e 0AB08649 		.ascii	"\012\260\206I\200F\024F0\311\263\214\240\374}Cu\315"
 141      80461446 
 141      30C9B38C 
 141      A0FC7D43 
 141      75CD
 142 0080 1B59CDD9 		.ascii	"\033Y\315\331\315x\311\214\037\365\231hN\266]\230G\227"
 142      CD78C98C 
 142      1FF59968 
 142      4EB65D98 
 142      4797
 143 0092 B076C656 		.ascii	"\260v\306V\237\360}\366\031p\304\375\265\375\370[\312"
 143      9FF07DF6 
 143      1970C4FD 
 143      B5FDF85B 
 143      CA
 144 00a3 BA0A1DE2 		.ascii	"\272\012\035\342\036\230\351J\212\317\203\304\236\013"
 144      1E98E94A 
 144      8ACF83C4 
 144      9E0B
 145 00b1 663E253B 		.ascii	"f>%;\237\033S4\315w\323lN\372\314X\002\213 \026\221"
 145      9F1B5334 
 145      CD77D36C 
 145      4EFACC58 
 145      028B2016 
 146 00c6 C602D224 		.ascii	"\306\002\322$\020\341\005:-\377\353\332\341L2\346D\011"
ARM GAS  C:\Users\TUDENT~1\AppData\Local\Temp\ccfZXHNk.s 			page 11


 146      10E1053A 
 146      2DFFEBDA 
 146      E14C32E6 
 146      4409
 147 00d8 F11231A9 		.ascii	"\361\0221\251\235\032\037\3214\207\177\313\246\371\271"
 147      9D1A1FD1 
 147      34877FCB 
 147      A6F9B9
 148 00e7 8E9D4B09 		.ascii	"\216\235K\011\300\322\225\004:l\017G\016\327\265\026"
 148      C0D29504 
 148      3A6C0F47 
 148      0ED7B516 
 149 00f7 D18404DA 		.ascii	"\321\204\004\332o\335ceo\376\201\321V\351\340m\015V"
 149      6FDD6365 
 149      6FFE81D1 
 149      56E9E06D 
 149      0D56
 150 0109 ACCAAACA 		.ascii	"\254\312\252\312\2204[\365\315\375v[\261\013\027\313"
 150      90345BF5 
 150      CDFD765B 
 150      B10B17CB 
 151 0119 5283D0F6 		.ascii	"R\203\320\366Kw\333\"\022G\244\207\365\225\215\244%"
 151      4B77DB22 
 151      1247A487 
 151      F5958DA4 
 151      25
 152 012a 39388195 		.ascii	"98\201\225\210\364\263\264\030\217H\016N\245\205*`\261"
 152      88F4B3B4 
 152      188F480E 
 152      4EA5852A 
 152      60B1
 153 013c 55FEAFEE 		.ascii	"U\376\257\356\012,@P\331\352\266\200hT\306\203\017q"
 153      0A2C4050 
 153      D9EAB680 
 153      6854C683 
 153      0F71
 154 014e AB110BDB 		.ascii	"\253\021\013\333\361\372\351\336\237\366\3105\301\250"
 154      F1FAE9DE 
 154      9FF6C835 
 154      C1A8
 155 015c 4909F460 		.ascii	"I\011\364`\267\365&\345\243Z\220\226\327\216\373\034"
 155      B7F526E5 
 155      A35A9096 
 155      D78EFB1C 
 156 016c C7AAF4A5 		.ascii	"\307\252\364\245!\351l\300\366\227\365\251#z\331\214"
 156      21E96CC0 
 156      F697F5A9 
 156      237AD98C 
 157 017c 154C87CF 		.ascii	"\025L\207\317\011\254\301\307\243p\030Vm\351\367\002"
 157      09ACC1C7 
 157      A3701856 
 157      6DE9F702 
 158 018c 671AF6B1 		.ascii	"g\032\366\2616\354s\033\326\241\345\213\341\240^!#\365"
 158      36EC731B 
 158      D6A1E58B 
 158      E1A05E21 
 158      23F5
ARM GAS  C:\Users\TUDENT~1\AppData\Local\Temp\ccfZXHNk.s 			page 12


 159 019e D02E8AB5 		.ascii	"\320.\212\265g\223ay\341\000'\030\266-\3029\227=\253"
 159      67936179 
 159      E1002718 
 159      B62DC239 
 159      973DAB
 160 01b1 7BFA73D7 		.ascii	"{\372s\327r}C\267\257\347\274\310\276\334\2279sZ{\203"
 160      727D43B7 
 160      AFE7BCC8 
 160      BEDC9739 
 160      735A7B83 
 161 01c5 BAFFEA0D 		.ascii	"\272\377\352\015}\323\27354\250\263\336\300\200\227"
 161      7DD3BB35 
 161      34A8B3DE 
 161      C08097
 162 01d4 D717AFF4 		.ascii	"\327\027\257\364\366\364\336\321\371\341\\\266;K\310"
 162      F6F4DED1 
 162      F9E15CB6 
 162      3B4BC8
 163 01e3 FF0334C8 		.ascii	"\377\0034\310\257\366"
 163      AFF6
 164              		.text
 165              		.section	.gnu.lto_.symbol_nodes.8740ff54,"",%progbits
 166 0000 789C6365 		.ascii	"x\234ce`b\360b\000\002\246+\214\365\014\014\023\316"
 166      6062F062 
 166      0002A62B 
 166      8CF50C0C 
 166      13CE
 167 0012 313000A9 		.ascii	"10\000\251]\015\216@\221\253\214\365\214\250\"\327\030"
 167      5D0D8E40 
 167      91AB8CF5 
 167      8CA822D7 
 167      18
 168 0023 EB995045 		.ascii	"\353\231PE\2563\3263\243\2100\000\000\345l\023\026"
 168      AE33D633 
 168      A3883000 
 168      00E56C13 
 168      16
 169              		.text
 170              		.section	.gnu.lto_.refs.8740ff54,"",%progbits
 171 0000 789C6365 		.ascii	"x\234ce`b`d\000\002\000\000I\000\011"
 171      60626064 
 171      00020000 
 171      490009
 172              		.text
 173              		.section	.gnu.lto_.decls.8740ff54,"",%progbits
 174 0000 789CBD59 		.ascii	"x\234\275Y{L\224W\026\237\373\335\001\206\341\241\213"
 174      7B4C9457 
 174      169FFBDD 
 174      0186E1A1 
 174      8B
 175 0011 A4B5BB74 		.ascii	"\244\265\273tc\214\215$\333\012\352\2666\315fW\212\272"
 175      638C8D24 
 175      DB0AEAB6 
 175      36CD6657 
 175      8ABA
 176 0023 928D2D19 		.ascii	"\222\215-\031\254\331dI\010\302\264\262\341\321\005"
 176      ACD96449 
ARM GAS  C:\Users\TUDENT~1\AppData\Local\Temp\ccfZXHNk.s 			page 13


 176      08C2B4B2 
 176      E1D105
 177 0032 DCD43F36 		.ascii	"\334\324?6\373!P\021+\005\005\025\360\201 \276\020\001"
 177      FB215011 
 177      2B050515 
 177      F08120BE 
 177      1001
 178 0044 4140111D 		.ascii	"A@\021\035P\020P(\202\210<\007\021\020\020\225\207\212"
 178      50105028 
 178      82883C07 
 178      11101095 
 178      878A
 179 0056 20C29EFB 		.ascii	" \302\236\373\370\230\217\257\203\351\037\315~\361\314"
 179      F8988FAF 
 179      83E91FCD 
 179      7EF1CC
 180 0065 CCB9F777 		.ascii	"\314\271\367w\317\371\335s\356=\367~h\241\022T\177~"
 180      CFF9DD73 
 180      EE3DF77E 
 180      68A11254 
 180      7F7E
 181 0077 4FA5CA13 		.ascii	"O\245\312\023T\252CH\245\232\201\307B\245Re\253L\217"
 181      54AA4348 
 181      A59A81C7 
 181      42A55265 
 181      AB4C8F
 182 008a 1AE432C8 		.ascii	"\032\3442\310U\020\003H\271\352\347\317v\030k\007\337"
 182      55100348 
 182      B9EAE7CF 
 182      76186B07 
 182      DF
 183 009b 5B401C40 		.ascii	"[@\034@\034A\362A\234@\226\203|I\332\000\263\010\244"
 183      1C41F241 
 183      9C409683 
 183      7C49DA00 
 183      B308A4
 184 00ae 0D7EB782 		.ascii	"\015~\267\202<\006\031\004\301 \002\264[\203X\201 \356"
 184      3C061904 
 184      C12002B4 
 184      5B835881 
 184      20EE
 185 00c0 4FF9FC07 		.ascii	"O\371\374\007:l\315\370P\332\227\354J~`j*\015b>\020"
 185      3A6CCDF8 
 185      50DA97EC 
 185      4A7E606A 
 185      2A0D623E 
 186 00d5 9F87F289 		.ascii	"\237\207\362\211\200\016\355<\374\211m=\364\373\201"
 186      800EED3C 
 186      FC896D3D 
 186      F4FB81
 187 00e4 B8216693 		.ascii	"\270!f\223\330\371\033\267g\340z8\232k3z\036\233\204"
 187      D8F91BB7 
 187      67E07A38 
 187      9A6B337A 
 187      1E9B84
 188 00f7 AFA719BE 		.ascii	"\257\247\031\276d\2705\267i.\306\0071*\334{\243T\350"
 188      64B835B7 
ARM GAS  C:\Users\TUDENT~1\AppData\Local\Temp\ccfZXHNk.s 			page 14


 188      692EC607 
 188      312ADC7B 
 188      A354E8
 189 010a 44ED08E6 		.ascii	"D\355\010\346\204\026\322V\204\330'\242B\325\031\351"
 189      8416D256 
 189      84D827A2 
 189      42D519E9 
 190 011a 4188B643 		.ascii	"A\210\266C\253\240\342\206\245&$\215\340\272\300U\201"
 190      ABA0E286 
 190      A526248D 
 190      E0BAC055 
 190      81
 191 012b 9BA4FFF8 		.ascii	"\233\244\377\370`$\263\310\272\231'\351a\334\331\017"
 191      6024B3C8 
 191      BA9927E9 
 191      61DCD90F 
 192 013b 3A4C1A8D 		.ascii	":L\032\215\004\223\003\204\344\003d\006\031m\336?\313"
 192      04930384 
 192      E4036406 
 192      196DDE3F 
 192      CB
 193 014c 4F659A1C 		.ascii	"Oe\232\034\222f?\222|\273OkD\035\2445m-\242m\251w\273"
 193      92663F92 
 193      7CBB4F6B 
 193      441DA435 
 193      6D2DA26D 
 194 0163 33040CA9 		.ascii	"3\004\014\251\205\337\306\211\323\033V\234\023\331\243"
 194      85DFC689 
 194      D31B569C 
 194      13D9A3
 195 0172 F983296C 		.ascii	"\371\203)l\035Ug\262p\034F\313\265\210\370\\\000M9C"
 195      1D5567B2 
 195      701C46CB 
 195      B588F85C 
 195      004D3943 
 196 0186 9726EC58 		.ascii	"\227&\354X\023A4\3748z\302\012;\321\337w\242r\017\023"
 196      134134FC 
 196      387AC20A 
 196      3BD1DF77 
 196      A2720F13 
 197 019a B48316A9 		.ascii	"\264\203\026\251\211\327\332\224\207\366\240:j\321\222"
 197      89D7DA94 
 197      87F6A03A 
 197      6AD192
 198 01a9 835848AE 		.ascii	"\203XH\256i.W#g\355I\342\3040\363|y\302.Q\024P\036\322"
 198      692E5723 
 198      67ED49E2 
 198      C430F37C 
 198      79C22E51 
 199 01c1 A26C84D1 		.ascii	"\242l\204\321Y\264\202P^N\022\037#\212;\305\370H\321"
 199      59B48250 
 199      5E4E121F 
 199      238A3BC5 
 199      F848D1
 200 01d4 7AA30AE5 		.ascii	"z\243\012\345 't\0369\251P.r&N\011\016\235\203\306,"
 200      2027741E 
 200      39A9502E 
ARM GAS  C:\Users\TUDENT~1\AppData\Local\Temp\ccfZXHNk.s 			page 15


 200      72264E09 
 200      0E9D83C6 
 201 01e9 68042F67 		.ascii	"h\004/gN$\244[\3428D\030\010\225W\333\356\253\221\326"
 201      4E24A45B 
 201      E2384418 
 201      089557DB 
 201      EEAB91D6 
 202 01fd D9AC8102 		.ascii	"\331\254\201\0023\0068\231\263K+\243\011\231| s\301"
 202      33063899 
 202      B34B2BA3 
 202      09997C20 
 202      73C1
 203 020f 4406B8B1 		.ascii	"D\006\270\2618\224O\030\027\252\311\322!\200\255j\322"
 203      38944F18 
 203      17AAC9D2 
 203      2180AD6A 
 203      D2
 204 0220 149B593D 		.ascii	"\024\233Y=\211g\333.\"\332X13nX\300\" \220\340\014\337"
 204      8967DB2E 
 204      22DA5831 
 204      336E58C0 
 204      222090E0 
 205 0236 3E62C322 		.ascii	">b\303\"\260\020\324[wF\233m\027\037\240Q\216\024\027"
 205      B010D45B 
 205      77469B6D 
 205      171FA051 
 205      8E1417
 206 0249 0A68CB3B 		.ascii	"\012h\313;\250\030\210\024\001\021\025\272\204\026\303"
 206      A8188814 
 206      011115BA 
 206      8416C3
 207 0258 67215233 		.ascii	"g!R3\227S\367#\206,\227\246\211i]\242\301xu\331\243"
 207      9753F723 
 207      862C97A6 
 207      89695DA2 
 207      C17875D9 
 208 026d 0BA20814 		.ascii	"\013\242\010\024E5\301\2413&\216\360\023>O##B\247P'"
 208      4535C1A1 
 208      33268EF0 
 208      133E4F23 
 208      2342A750 
 209 0282 AC80CB68 		.ascii	"\254\200\313h)\014o\352,\035\3068\227\345\327\014\375"
 209      290C6FEA 
 209      2C1DC638 
 209      97E5D70C 
 209      FD
 210 0293 1BB9596F 		.ascii	"\033\271Yo\354\347\345RJ\271\\\221\270\034\270\2203"
 210      ECE7E552 
 210      4AB95C91 
 210      B81CB890 
 210      33
 211 02a4 2D702E0D 		.ascii	"-p.\015\357%\213\206\235\"\211\026\240P\211\211I\211"
 211      EF258B86 
 211      9D228916 
 211      A0508989 
 211      4989
 212 02b6 92C955CA 		.ascii	"\222\311U\312$\357\325\343H\214\313\031\223\223\217"
ARM GAS  C:\Users\TUDENT~1\AppData\Local\Temp\ccfZXHNk.s 			page 16


 212      24EFD5E3 
 212      488CCB19 
 212      93938F
 213 02c5 272FD94A 		.ascii	"'/\331J\226~7k\211\314\351\232\311\3225\245%\003\265"
 213      967E376B 
 213      89CCE99A 
 213      C9D235A5 
 213      2503B5
 214 02d8 547AEAA0 		.ascii	"Tz\352\240\00762C%\305\255\343\032nh\360\3759\224\312"
 214      07363243 
 214      25C5ADE3 
 214      1A6E68F0 
 214      FD3994CA 
 215 02ec 4C86CA94 		.ascii	"L\206\312\224\206\312\251\241sM\307JlY\232D'\262R\313"
 215      86CAA9A1 
 215      734DC74A 
 215      6C599A44 
 215      27B252CB 
 216 0300 7615707D 		.ascii	"v\025p}\330\012\364\304\354\207E\210\351\361\216\240"
 216      D80AF4C4 
 216      EC874588 
 216      E9F18EA0 
 217 0310 F7379D4A 		.ascii	"\3677\235J\261cy\024\217#h825\025\245\306\303\214\312"
 217      B1637914 
 217      8F236838 
 217      323515A5 
 217      C6C38CCA 
 218 0324 837BD3B7 		.ascii	"\203{\323\267\370\262\217\264 \333\240p`\237\2156\206"
 218      F8B28FB4 
 218      20DBA070 
 218      609F8D36 
 218      86
 219 0335 44962E41 		.ascii	"D\226.A\322!-B\025\252&k\012\2718\241*\266~\307\332"
 219      D2212D42 
 219      15AA266B 
 219      0AB938A1 
 219      2AB67EC7 
 220 034a CAD2B40E 		.ascii	"\312\322\264\016\361\024-\212K\3244G\225\000\257\240"
 220      F1142D8A 
 220      4BD43447 
 220      9500AFA0 
 221 035a F01AE420 		.ascii	"\360\032\344 \015\"\350\236\314\2364k\316\334\022\364"
 221      0D22E89E 
 221      CC9E346B 
 221      CEDC12F4 
 222 036a EF13BA33 		.ascii	"\357\023\2723\3549sB\254>\341\207\375j\316\224\354\326"
 222      EC397342 
 222      AC3EE187 
 222      FD6ACE94 
 222      ECD6
 223 037c B8E684BF 		.ascii	"\270\346\204\277\340I\306\363~\336\376\\\013\206}F\260"
 223      E049C6F3 
 223      7EDEFE5C 
 223      0B867D46 
 223      B0
 224 038d 23D39949 		.ascii	"#\323\231I\226\363\362\254\227x\376\304x\346D\367\234"
 224      96F3F2AC 
ARM GAS  C:\Users\TUDENT~1\AppData\Local\Temp\ccfZXHNk.s 			page 17


 224      9778FEC4 
 224      78E644F7 
 224      9C
 225 039e D1C06827 		.ascii	"\321\300h'(\005HV\007\234X\035(0\214e\253\361\033\352"
 225      28054856 
 225      079C581D 
 225      28308C65 
 225      ABF11BEA 
 226 03b2 49282CE8 		.ascii	"I(,\350I\321\312\266\372;\305\242\270\0205\301\304\032"
 226      49D1CAB6 
 226      FA3BC5A2 
 226      B81035C1 
 226      C41A
 227 03c4 4DB9719A 		.ascii	"M\271q\232\335\351\303\351\"^\254B\253\235\220+l\323"
 227      DDE9C3E9 
 227      225EAC42 
 227      AB9D902B 
 227      6CD3
 228 03d6 BBB04D9D 		.ascii	"\273\260M\235\3706m\000:w\370>?v\372\206\035\336\205"
 228      F8366D00 
 228      3A77F83E 
 228      3F76FA86 
 228      1DDE85
 229 03e9 A983E4A4 		.ascii	"\251\203\344\244\262\002{\223\203\263K\363\351\366\275"
 229      B2027B93 
 229      83B34BF3 
 229      E9F6BD
 230 03f8 0F1EEE99 		.ascii	"\017\036\356\231<4\241y\\4\233w1\326{\245\310\322\224"
 230      3C34A179 
 230      5C349B77 
 230      31D67BA5 
 230      C8D294
 231 040b 0A44EDD5 		.ascii	"\012D\355\325B\377m\032\221\026\232\212z)\025i\347\222"
 231      42FF6D1A 
 231      91169A8A 
 231      7A291569 
 231      E792
 232 041d 87AC48F8 		.ascii	"\207\254H\370\"\177\231u\243\030=h%\267\336\3726\353"
 232      227F9975 
 232      A3183D68 
 232      25B7DEFA 
 232      36EB
 233 042f 85C6C4DD 		.ascii	"\205\306\304\335|I\246\221bz\271c\304`\303\364.\022"
 233      7C49A691 
 233      627AB963 
 233      C460C3F4 
 233      2E12
 234 0441 FE89A143 		.ascii	"\376\211\241CM\032\236h{\320\257\217\035\036\261\305"
 234      4D1A9E68 
 234      7BD0AF8F 
 234      1D1EB1C5 
 235 0451 3F62B6DF 		.ascii	"?b\266\337\333Jcx\246\327\200\272s0/\325z\336D?\220"
 235      DB4A6378 
 235      A6D780BA 
 235      73302FD5 
 235      7ADE443F 
 236 0466 12DDC578 		.ascii	"\022\335\305xF\367\035i\027\224\013\262\023\340\035"
ARM GAS  C:\Users\TUDENT~1\AppData\Local\Temp\ccfZXHNk.s 			page 18


 236      46F71D69 
 236      17940BB2 
 236      13E01D
 237 0475 14DE4D79 		.ascii	"\024\336My>\220x\036|2\361[\276\036\3455\337\201\326"
 237      3E90781E 
 237      7C32F15B 
 237      BE1EE535 
 237      DF81D6
 238 0488 7C74BEFF 		.ascii	"|t\276\377\332a-gI\012\342\365\306\324,+\234\314X>\217"
 238      DA612D67 
 238      490AE2F5 
 238      C6D42C2B 
 238      9CCC583E 
 239 049d 8D1EE7FB 		.ascii	"\215\036\347\373\206l\272\346\343\275\257\264\363\262"
 239      866CBAE6 
 239      E3BDAFB4 
 239      F3B2
 240 04ab EC97583E 		.ascii	"\354\227X>b,c\017\247\037\261T\262\354\005x\017\205"
 240      622C630F 
 240      A71FB154 
 240      B2EC0578 
 240      0F85
 241 04bd 0F5096FD 		.ascii	"\017P\226\375\022\313\230sq\3271\313\325/9\025`DuZa"
 241      12CB9873 
 241      71D731CB 
 241      D52F3915 
 241      6044755A 
 242 04d2 F29C6D39 		.ascii	"\362\234m9\3706\373\343\205\257\333\370\264\3230\211"
 242      F836FBE3 
 242      85AFDBF8 
 242      B4D33089 
 243 04e2 78494B02 		.ascii	"xIK\002?\007\272\344\333\326\221o\333\210\376\334]\030"
 243      3F07BAE4 
 243      DBD6916F 
 243      DB88FEDC 
 243      5D18
 244 04f4 1F657118 		.ascii	"\037eq\030;\030\275[\303\300\357\202Z\225z\370\367\363"
 244      3B18BD5B 
 244      C3C0EF82 
 244      5A957AF8 
 244      F7F3
 245 0506 8661440A 		.ascii	"\206aD\012\3030\243y\265\256\255\330Z\031\206\247\000"
 245      C330A379 
 245      B5AEADD8 
 245      5A1986A7 
 245      00
 246 0517 7F42E1A3 		.ascii	"\177B\341\243\224\346\210D\263\240t$S\252\036\204fo"
 246      94E68844 
 246      B3A07424 
 246      53AA1E84 
 246      666F
 247 0529 56778616 		.ascii	"Vw\206\026\237f4\316\032\366T\361t\244\221\\\315\244"
 247      9F6634CE 
 247      1AF654F1 
 247      74A4915C 
 247      CDA4
 248 053b 0E1FB1C5 		.ascii	"\016\037\261\305\331\254SJ\244\003O\344O\003\205y\002"
ARM GAS  C:\Users\TUDENT~1\AppData\Local\Temp\ccfZXHNk.s 			page 19


 248      D9AC534A 
 248      A4034FE4 
 248      4F038579 
 248      02
 249 054c 2E629D6F 		.ascii	".b\235o\214\361\361V|$Y\233\306\226\246<[|\205u\026"
 249      8CF1F156 
 249      7C24599B 
 249      C696A63C 
 249      5B7C8575 
 250 0561 F655574A 		.ascii	"\366UWJ#I\347\356\234\356=\026\270\202u>\350x\024k\217"
 250      2349E7EE 
 250      9CEE3D16 
 250      B882753E 
 250      E878146B 
 251 0576 6B9872B3 		.ascii	"k\230r\263r\347?\361]\366\373\326\303\250\017\331\240"
 251      72E73FF1 
 251      5DF6FBD6 
 251      C3A80FD9 
 251      A0
 252 0587 2852A02B 		.ascii	"(R\240+N\344\035\303,~it\371\347\227\305F.\300-\024"
 252      4EE41DC3 
 252      2C7E6974 
 252      F9E797C5 
 252      462EC02D 
 253 059c BCE0FA83 		.ascii	"\274\340\372\203S\251\032\264\214?\213\310\207\363\262"
 253      53A91AB4 
 253      8C3F8BC8 
 253      87F3B2
 254 05ab 74312A42 		.ascii	"t1*B4\214\277\376p\340n\224(~o\213\332\220\003\252\203"
 254      348CBFFE 
 254      70E06E94 
 254      287E6F8B 
 254      DA9003AA 
 255 05c0 E2102B2C 		.ascii	"\342\020+,\232\335v\350\026\015\323Jr[e\003\006\267"
 255      9ADD76E8 
 255      160DD34A 
 255      725B6503 
 255      06B7
 256 05d2 C1471446 		.ascii	"\301G\024F\217\001\375\212\243\245\264\243\3619\350"
 256      8F01FD8A 
 256      A3A5B4A3 
 256      F139E8
 257 05e1 48400724 		.ascii	"H@\007$S4Y\034\021\002C\317\256\254\353r4\251S\015\334"
 257      5334591C 
 257      110243CF 
 257      AEACEB72 
 257      34A9530D 
 258 05f6 366405BD 		.ascii	"6d\005\275\341\266\245\\\361u%C\217\312\320/\225\350"
 258      E1B6A55C 
 258      F1752543 
 258      8FCAD02F 
 258      95E8
 259 0608 174ADE35 		.ascii	"\027J\33652\336\323J\336.\012p\253\014<\245\004\277"
 259      32DED34A 
 259      DE2E0A70 
 259      AB0C3CA5 
 259      04BF
ARM GAS  C:\Users\TUDENT~1\AppData\Local\Temp\ccfZXHNk.s 			page 20


 260 061a 569A9E94 		.ascii	"V\232\236\224\241\237+\321c&t\002_\205k\325*X$NpL\220"
 260      A19F2BD1 
 260      63267402 
 260      5F856BD5 
 260      2A58244E 
 261 0631 2E8286CD 		.ascii	".\202\206\315\205~\024\234\321.a\031\212\006\211\001"
 261      857E149C 
 261      D12E6119 
 261      8A068901 
 262 0641 89038904 		.ascii	"\211\003\211\004\371\036d7\310\036\220\275 \361 ;A~"
 262      F91E6437 
 262      C81E90BD 
 262      20F1203B 
 262      417E
 263 0653 00891296 		.ascii	"\000\211\022\226\321\233(\013Hy\200) \317\224\001\031"
 263      D19B280B 
 263      48798029 
 263      20CF9401 
 263      19
 264 0664 5286AF9B 		.ascii	"R\206\257\233\243\341\000E79Z:V\321\215\237\205/\300"
 264      A3E10045 
 264      37395A3A 
 264      56D18D9F 
 264      852FC0
 265 0677 34C73EE5 		.ascii	"4\307>\345\034\037\376\314\266,5\223J&\023&4;\236\246"
 265      1C1FFECC 
 265      B62C3593 
 265      4A261326 
 265      343B9EA6 
 266 068b 8D0E11A2 		.ascii	"\215\016\021\242\210\010J\305\217&\323\244\356\0158"
 266      88084AC5 
 266      8F26D3A4 
 266      EE0D38
 267 069a EE13C52A 		.ascii	"\356\023\305*WRW\341\232\302lI\325\026\336Wfm\301\242"
 267      575257E1 
 267      9AC26C49 
 267      D516DE57 
 267      666DC1A2 
 268 06ae 9FBE67BC 		.ascii	"\237\276g\274\201p\232\232\036\201\021W\216\325\331"
 268      81709A9A 
 268      1E811157 
 268      8ED5D9
 269 06bd 20E745CC 		.ascii	" \347E\314\307\313\001\015\334\334\321~\030\234 \314"
 269      C7CB010D 
 269      DCDCD17E 
 269      189C20CC 
 270 06cd 1E80C4A3 		.ascii	"\036\200\304\243\371\274\240}\220\216_#5d\257\306\345"
 270      F9BCA07D 
 270      908E5F23 
 270      3564AFC6 
 270      E5
 271 06de 8DDADBC6 		.ascii	"\215\332\333\306\316^\271)\013S\311J\024l\351\033\011"
 271      CE5EB929 
 271      0B53C94A 
 271      146CE91B 
 271      09
 272 06ef 7C93AB57 		.ascii	"|\223\253W\355\315v^eb\310F\236\031h\311\340%i\230\276"
ARM GAS  C:\Users\TUDENT~1\AppData\Local\Temp\ccfZXHNk.s 			page 21


 272      EDCD765E 
 272      6562C846 
 272      9E1968C9 
 272      E0256998 
 273 0704 AA4C1D29 		.ascii	"\252L\035)\342\272\243\254\2648\362\3222\265\2474y\376"
 273      E2BAA3AC 
 273      B438F2D2 
 273      32B5A734 
 273      79FE
 274 0716 3B4BB2C0 		.ascii	";K\262\300\253\343yV\035'\242\212\272\220\262:\036\202"
 274      ABE37956 
 274      1D27A28A 
 274      BA90B23A 
 274      1E82
 275 0728 101C1408 		.ascii	"\020\034\024\010<Ep\220\006\021\364\305\206\346\227"
 275      3C457090 
 275      0611F4C5 
 275      86E697
 276 0737 D6F82C0D 		.ascii	"\326\370,\015/J\233NH\267\221N\214\230_rb\354nj\277"
 276      2F4A9B4E 
 276      48B7914E 
 276      8C985F72 
 276      62EC6E6A 
 277 074c 30C7D961 		.ascii	"0\307\331a\341-\316\032\373\216G\361\363\275^%{Up`\257"
 277      E12DCE1A 
 277      FB8E47F1 
 277      F3BD5E25 
 277      7B557060 
 278 0761 0A52D574 		.ascii	"\012R\325t\344U\263\244\262\241\032\341\034\306\255"
 278      E455B3A4 
 278      B2A11AE1 
 278      1CC6AD
 279 0770 7C34F714 		.ascii	"|4\367\024\037K\252xL\362h\375\202yc\222!\305$]\240"
 279      1F4BAA78 
 279      4CF268FD 
 279      82796392 
 279      21C5245D 
 280 0785 345B5E55 		.ascii	"4[^U\264Z(c\222\0064\217Q\232'(\315\014\211fg~r\237"
 280      B45A2863 
 280      9206348F 
 280      519A2728 
 280      CD0C8966 
 281 079d 957252F3 		.ascii	"\225rR\363\242\367T\\\254\344\311\255\"z\337t~\215\025"
 281      A2F7545C 
 281      ACE4C9AD 
 281      227ADF74 
 281      7E8D15
 282 07b0 2E60ACF7 		.ascii	".`\254\367\357{U\243\301\305L)z\232Ud\307\220\006\242"
 282      EF7B55A3 
 282      C1C54C29 
 282      7A9A5564 
 282      C79006A2 
 283 07c4 A7943CAF 		.ascii	"\247\224<\257\3417\026\215\254\333\221w"
 283      E137168D 
 283      ACDB9177 
 284 07d0 8F650D67 		.ascii	"\217e\015gZ\342+lllac\247z\336\371fK\363u\245\323M*"
 284      5AE22B6C 
ARM GAS  C:\Users\TUDENT~1\AppData\Local\Temp\ccfZXHNk.s 			page 22


 284      6C6C6163 
 284      A77ADEF9 
 284      664BF375 
 285 07e8 4DBA68AF 		.ascii	"M\272h\257\234n\026L\340,\235\300y:\201li\002\347_\214"
 285      9C6E164C 
 285      E02C9DC0 
 285      793A816C 
 285      6902E75F 
 286 07fd 5DD62AA7 		.ascii	"]\326*\247;/\372t\337\3418\236\207OA=4q|\320\016\033"
 286      3B2FFA74 
 286      DFE1389E 
 286      874F413D 
 286      34717CD0 
 287 0813 18C9274F 		.ascii	"\030\311'O\247r\354q\005SJ\212\256T\362\331\271\202"
 287      A772EC71 
 287      05534A8A 
 287      AE54F2D9 
 287      B982
 288 0825 9A75AEAC 		.ascii	"\232u\256\254\316\006\327\260\276\251\370c\371\326\270"
 288      CE06D7B0 
 288      BEA9F863 
 288      F9D6B8
 289 0834 9E29A963 		.ascii	"\236)\251c\035\003|\365;\223Dg\034\335g\215\233X\337"
 289      1D037CF5 
 289      3B934467 
 289      1CDD678D 
 289      9B58DF
 290 0847 4C7C4CB2 		.ascii	"L|L\262\025neJb]b\206\01562\345iTo\027_;\213A}\335\237"
 290      156E654A 
 290      625D6286 
 290      0D3632E5 
 290      69546F17 
 291 0862 D8C2DF5E 		.ascii	"\330\302\337^lew\021G~\0279\3772\356\240\015\356eC\233"
 291      6C657711 
 291      477E1739 
 291      FF32EEA0 
 291      0DEE6543 
 292 0877 5BA22E71 		.ascii	"[\242.q\254\015\250\361\267\214\177\2377\262\327\244"
 292      AC0DA8F1 
 292      B78C7F9F 
 292      37B2D7A4 
 293 0887 C85E652B 		.ascii	"\310^e+\251\246\352\366^\265\362\272|\005\202UB\203"
 293      A9A6EAF6 
 293      5EB5F2BA 
 293      7C058255 
 293      4283
 294 0899 65A0C1BA 		.ascii	"e\240\301\272&\005+#9r\322By\375\235\027]\332\320\276"
 294      26052B23 
 294      3972D242 
 294      79FD9D17 
 294      5DDAD0BE 
 295 08ad 160F308E 		.ascii	"\026\0170\216/\352\332\037 \374\204)Q\267\252OY\341"
 295      2FEADA1F 
 295      20FC8429 
 295      51B7AA4F 
 295      59E1
 296 08bf 11A60C9D 		.ascii	"\021\246\014\235\251\255\262\304\343L\351\351\233,\306"
ARM GAS  C:\Users\TUDENT~1\AppData\Local\Temp\ccfZXHNk.s 			page 23


 296      A9ADB2C4 
 296      E34CE9E9 
 296      9B2CC6
 297 08ce 788A2927 		.ascii	"x\212)'\207\322\367Z\343\010\0136\246\347i\035\217\317"
 297      87D2F75A 
 297      E3080B36 
 297      A6E7691D 
 297      8FCF
 298 08e0 0F6433BD 		.ascii	"\017d3\275\036.\274+E\204\254\266\301\027\2753\032\274"
 298      1E2EBC2B 
 298      4584ACB6 
 298      C117BD33 
 298      1ABC
 299 08f2 8B82DF1D 		.ascii	"\213\202\337\035*H\310\264\235{\231`\2173\010;,\352"
 299      2A48C8B4 
 299      9D7B9960 
 299      8F33083B 
 299      2CEA
 300 0904 9E909A7D 		.ascii	"\236\220\232}\310\025\225\011\016\250\024\312m#\024"
 300      C8159509 
 300      0EA814CA 
 300      6D2314
 301 0913 3C692AE8 		.ascii	"<i*\350\262\240\270$t\007\232.\011\225\034=[L\350\321"
 301      B2A0B824 
 301      74079A2E 
 301      09951C3D 
 301      5B4CE8D1 
 302 0927 9C83183A 		.ascii	"\234\203\030:\021\214w\007\263\263%\023l\037\347hi\303"
 302      118C7707 
 302      B3B32513 
 302      6C1FE768 
 302      69C3
 303 0939 A1A34ADB 		.ascii	"\241\243J\333\015A&\333\227\224\266\331\225B2N\357+"
 303      0D4126DB 
 303      9794B6D9 
 303      9542324E 
 303      EF2B
 304 094b 32F84525 		.ascii	"2\370E%<_n<\221\030\017fh\262\011N+\321'\225TZe\266"
 304      3C5F6E3C 
 304      91180F66 
 304      68B2094E 
 304      2BD12795 
 305 0963 8B95E842 		.ascii	"\213\225\350B%zP\026\224\012%\372\254\011-?\274\252"
 305      257A5016 
 305      940A25FA 
 305      AC092D3F 
 305      BCAA
 306 0975 210C55B4 		.ascii	"!\014U\264\253\221\237\\\235pr\335\205\323\3506H\003"
 306      AB919F5C 
 306      9D7072DD 
 306      85D3E836 
 306      4803
 307 0987 481BC83D 		.ascii	"H\033\310=\220\016\220[ u w@ZA~\002i\007i\002y\000b"
 307      900E905B 
 307      20752077 
 307      405A417E 
 307      02690769 
ARM GAS  C:\Users\TUDENT~1\AppData\Local\Temp\ccfZXHNk.s 			page 24


 308 099f 04A907E9 		.ascii	"\004\251\007\351\002\251\005\271\017\322\002\322<{\351"
 308      02A905B9 
 308      0FD202D2 
 308      3C7BE9
 309 09ae 2031680D 		.ascii	" 1h\0154\305\340\246\331\344\311&5)\013\301\005%8W\031"
 309      34C5E0A6 
 309      D9E4C926 
 309      35290BC1 
 309      05253857 
 310 09c3 82495908 		.ascii	"\202IY\010\256+\321\307~\206\0166\241k\224\350\2449"
 310      AE2BD1C7 
 310      7E860E36 
 310      A16B94E8 
 310      A439
 311 09d5 A923D758 		.ascii	"\251#\327X\276\212\216\300*J\345h\351,\342\357\006\362"
 311      BE8A8EC0 
 311      2A4AE568 
 311      E92CE2EF 
 311      06F2
 312 09e7 AB2647C3 		.ascii	"\253&G\303\031E/\246s\320\007\004\345*\352\226M\263"
 312      19452FA6 
 312      73D00704 
 312      E52AEA96 
 312      4DB3
 313 09f9 C87CA6E5 		.ascii	"\310|\246\345\360Q\331<o\230O\365\034\270\314z\201\371"
 313      F051D93C 
 313      6F984FF5 
 313      1CB8CC7A 
 313      81F9
 314 0a0b 352A8797 		.ascii	"5*\207\227\313\340\345\346\243\310\340\354\242T7\304"
 314      CBE0E5E6 
 314      A3C8E0EC 
 314      A25437C4 
 315 0a1b 2E638DCA 		.ascii	".c\215\312\313\030\211Z\335S~\031\313\201@\234\343\306"
 315      CB18895A 
 315      DD537E19 
 315      CB81409C 
 315      E3C6
 316 0a2d A4F28FCE 		.ascii	"\244\362\217\316(\367G\253l\177\2342\277?\3460\225e"
 316      28F747AB 
 316      6C7F9C32 
 316      BF3FE630 
 316      9565
 317 0a3f 30CFFCEA 		.ascii	"0\317\374\352`p(Iu\306\244:5\336KK\222P\324\234\237"
 317      60702849 
 317      75C6A43A 
 317      35DE4B4B 
 317      9250D49C 
 318 0a54 648F1639 		.ascii	"d\217\0269\233\333\013\250\007\266\300\377c;\260\360"
 318      9BDB0BA8 
 318      07B6C0FF 
 318      633BB0F0 
 319 0a64 553EB324 		.ascii	"U>\263$\367\314\207\340\260\333t\317l\244\367L\362\207"
 319      F7CC87E0 
 319      B0DB74CF 
 319      6CA4F74C 
 319      F287
ARM GAS  C:\Users\TUDENT~1\AppData\Local\Temp\ccfZXHNk.s 			page 25


 320 0a76 C2DBED91 		.ascii	"\302\333\355\221V\362\253\340\3039W\301^~\025\354\245"
 320      56F2ABE0 
 320      C33957C1 
 320      5E7E15EC 
 320      A5
 321 0a87 57C1A4BB 		.ascii	"W\301\244\273\343\225v\370\000\253\321\351\375\265\325"
 321      E39576F8 
 321      00ABD1E9 
 321      FDB5D5
 322 0a96 FC887C9F 		.ascii	"\374\210|\237\374\371r\377P\034b%\272\237\224\354\343"
 322      FCF972FF 
 322      501C6225 
 322      BA9F94EC 
 322      E3
 323 0aa7 B56307B4 		.ascii	"\265c\007\264\370\004\303\026\227>Y\305\240\344\335"
 323      F804C316 
 323      973E59C5 
 323      A0E4DD
 324 0ab6 F0CED194 		.ascii	"\360\316\321\224n4\357\241\365X:\264\006\331\241\325"
 324      6E34EFA1 
 324      F5583AB4 
 324      06D9A1D5 
 325 0ac6 F4AA7412 		.ascii	"\364\252t\022\336j\251!uW\306\350cK\344\354\204\220"
 325      DE6AA921 
 325      7557C6E8 
 325      634BE4EC 
 325      8490
 326 0ad8 16E4A4F4 		.ascii	"\026\344\244\364\007p\025z\006\031\035\022\260\364\037"
 326      0770157A 
 326      06191D12 
 326      B0F41F
 327 0ae7 08292298 		.ascii	"\010)\"\230\037\376/i6\367\347\244'\020\366g\324\317"
 327      1FFE2F69 
 327      36F7E7A4 
 327      2710F667 
 327      D4CF
 328 0af9 3064E529 		.ascii	"0d\345)8J\201\030\221\026\362Z=~2S#?\367\210\355~\300"
 328      384A8118 
 328      9116F25A 
 328      3D7E3253 
 328      233FF788 
 329 0b10 3DA2191F 		.ascii	"=\242\031\037\241\347\336c\351\334\213\257=\316\376"
 329      A1E7DE63 
 329      E9DC8BAF 
 329      3DCEFE
 330 0b1f 54437CC4 		.ascii	"TC|\304\274\325\007\011\2671\245C+\267=\3726\3337\263"
 330      BCD50709 
 330      B731A543 
 330      2BB73DFA 
 330      36DB37B3 
 331 0b33 3B5FA20F 		.ascii	";_\242\0172\304z\203hh\273\352\232\272\323 F\256Ec\260"
 331      32C47A83 
 331      6868BBEA 
 331      9ABAD320 
 331      46AE4563 
 332 0b48 D4072095 		.ascii	"\324\007 \225\006\264T6\264\017Z6\013*\364\\\370@\265"
 332      06B45436 
ARM GAS  C:\Users\TUDENT~1\AppData\Local\Temp\ccfZXHNk.s 			page 26


 332      B40F5A36 
 332      0B2AF45C 
 332      F840B5
 333 0b5b 30F8DF01 		.ascii	"0\370\337\001~\353\203}\267\006\352\267\350\375\302"
 333      7EEB837D 
 333      B706EAB7 
 333      E8FDC2
 334 0b6a 4342357F 		.ascii	"CB5\177\375\342\253%\356+W\252\264>>\333\003\202\303"
 334      FDE2AB25 
 334      EE2B57AA 
 334      B43E3EDB 
 334      0382C3
 335 0b7d 57AFF209 		.ascii	"W\257\362\011\377\332\3573o\277m\001[\003\302\302\267"
 335      FFDAEF33 
 335      6FBF6D01 
 335      5B03C2C2 
 335      B7
 336 0b8e FB078478 		.ascii	"\373\007\204x\207\207\204\004\206y\177\023\274}\011"
 336      87878404 
 336      86797F13 
 336      BC7D09
 337 0b9d FDB5C437 		.ascii	"\375\265\30474h\211>h\253\336\337_\357\357\375\311\212"
 337      3468893E 
 337      68ABDEDF 
 337      5FEFEFFD 
 337      C98A
 338 0baf D54B56B9 		.ascii	"\325KV\271\256\\\363\257\225\336\320\376QpH\260\376"
 338      AE5CF3AF 
 338      95DED0FE 
 338      517048B0 
 338      FE
 339 0bc0 23BDEFD6 		.ascii	"#\275\357\326\000\357\200`\277\300\355\376z\357 _\260"
 339      00EF8060 
 339      BFC0EDFE 
 339      7AEF205F 
 339      B0
 340 0bd1 15ACF7F6 		.ascii	"\025\254\367\366\361\327\177\355\273=0\334'|\307\267"
 340      F1D77FED 
 340      BB3D30DC 
 340      277CC7B7 
 341 0be1 FAB015DB 		.ascii	"\372\260\025\333T\032\311\337?~U\177a;\302\274}\302"
 341      541AC9DF 
 341      3F7E557F 
 341      613BC2BC 
 341      7DC2
 342 0bf3 C2FDC138 		.ascii	"\302\375\30188\371\223\337g.\356\304\266\027\265\315"
 342      38F993DF 
 342      672EEEC4 
 342      B617B5CD 
 343 0c03 7E7FE9B5 		.ascii	"~\177\351\265r\315'.!a.\333|\003]\276\015\011\015\017"
 343      72CD272E 
 343      21612EDB 
 343      7C035DBE 
 343      0D090D0F 
 344 0c17 73F10B09 		.ascii	"s\361\013\011\012\012\011vq\323mr\337\364\235\013\211"
 344      0A0A0976 
 344      71D36D72 
ARM GAS  C:\Users\TUDENT~1\AppData\Local\Temp\ccfZXHNk.s 			page 27


 344      DFF49D0B 
 344      89
 345 0c28 D20A3FD5 		.ascii	"\322\012?\325o\310\367\272\2000S\270\234H\213\227>\334"
 345      6FC8F7BA 
 345      803053B8 
 345      9C488B97 
 345      3EDC
 346 0c3a 6B4758B8 		.ascii	"kGX\270>h\243o\260\177\240>\32434 $4 |\007\015\256{"
 346      3E68A36F 
 346      B07FA03E 
 346      D4333420 
 346      2434207C 
 347 0c52 A0DE37D4 		.ascii	"\240\3367\324S\037\014\376\277\261\326\255\367Z\257"
 347      531F0CFE 
 347      BFB1D6AD 
 347      F75AAF
 348 0c61 DBB27EDD 		.ascii	"\333\262~\335\307\202\207\2475\013\360\247>\341V\374"
 348      C78287A7 
 348      350BF0A7 
 348      3EE156FC 
 349 0c71 7BB6FB8F 		.ascii	"{\266\373\217j\017\267\317u\263\352j\265\207\273\247"
 349      6A0FB7CF 
 349      75B3EA6A 
 349      B587BBA7 
 350 0c81 495DA5F6 		.ascii	"I]\245\366\360\362\324itL[\011\235\353M\235\256\320"
 350      F0F2D469 
 350      744C5B09 
 350      9DEB4D9D 
 350      AED0
 351 0c93 B95EA7F6 		.ascii	"\271^\247\366\332\354\241s{\353T\371\004\365\337\205"
 351      DAECA173 
 351      7BEB54F9 
 351      04F5DF85 
 352 0ca3 BBB86FF2 		.ascii	"\273\270o\362\362\360r\341\361\202\216P\275\217_\320"
 352      F2F072E1 
 352      F1828E50 
 352      BD8F5FD0 
 353 0cb3 6A0896F5 		.ascii	"j\010\226\365\027[<\334}6C~\300\252\233N\275i\323\006"
 353      175B3CDC 
 353      7D36437E 
 353      C0AA9B4E 
 353      BD69D306 
 354 0cc7 1D765BA7 		.ascii	"\035v[\247\303\353\340\333s\203N\355\266\301K\247\376"
 354      C3EBE0DB 
 354      73834EED 
 354      B6C14BA7 
 354      FE
 355 0cd8 7C839BCE 		.ascii	"|\203\233\316\002\272\000\260\216\350\033\311\207;|"
 355      02BA00B0 
 355      8EE81BC9 
 355      873B7C
 356 0ce7 58786D74 		.ascii	"Xxmt\367\322a\257\215\236\330\335\035\276\335u\026n"
 356      F7D261AF 
 356      8D9ED8DD 
 356      1DBEDD75 
 356      166E
 357 0cf9 1E3A779D 		.ascii	"\036:w\235z\313\346/u@\033\020\356\236_y\254\203O7w"
ARM GAS  C:\Users\TUDENT~1\AppData\Local\Temp\ccfZXHNk.s 			page 28


 357      7ACBE62F 
 357      75401B10 
 357      EE9E5F79 
 357      AC834F37 
 358 0d0e 9DC6CBFD 		.ascii	"\235\306\313\375s\352\313\316\307\347\353\355\301~>"
 358      73EACBCE 
 358      C7E7EBED 
 358      C17E3E
 359 0d1d 3E2B3EF9 		.ascii	">+>\371x\325\032\215\244\251\375\266\371\206\376\017"
 359      78D51A8D 
 359      A4A9FDB6 
 359      F986FE0F 
 360 0d2d 31ECF6CF 		.ascii	"1\354\366\317"
 361              		.text
 362              		.section	.gnu.lto_.symtab.8740ff54,"",%progbits
 363 0000 6E766963 		.ascii	"nvicEnableVector\000"
 363      456E6162 
 363      6C655665 
 363      63746F72 
 363      00
 364 0011 00       		.ascii	"\000"
 365 0012 00       		.ascii	"\000"
 366 0013 00       		.ascii	"\000"
 367 0014 00000000 		.ascii	"\000\000\000\000\000\000\000\000"
 367      00000000 
 368 001c BA000000 		.ascii	"\272\000\000\000"
 369 0020 6E766963 		.ascii	"nvicDisableVector\000"
 369      44697361 
 369      626C6556 
 369      6563746F 
 369      7200
 370 0032 00       		.ascii	"\000"
 371 0033 00       		.ascii	"\000"
 372 0034 00       		.ascii	"\000"
 373 0035 00000000 		.ascii	"\000\000\000\000\000\000\000\000"
 373      00000000 
 374 003d BE000000 		.ascii	"\276\000\000\000"
 375 0041 6E766963 		.ascii	"nvicSetSystemHandlerPriority\000"
 375      53657453 
 375      79737465 
 375      6D48616E 
 375      646C6572 
 376 005e 00       		.ascii	"\000"
 377 005f 00       		.ascii	"\000"
 378 0060 00       		.ascii	"\000"
 379 0061 00000000 		.ascii	"\000\000\000\000\000\000\000\000"
 379      00000000 
 380 0069 C0000000 		.ascii	"\300\000\000\000"
 381 006d 6E766963 		.ascii	"nvicClearPending\000"
 381      436C6561 
 381      7250656E 
 381      64696E67 
 381      00
 382 007e 00       		.ascii	"\000"
 383 007f 00       		.ascii	"\000"
 384 0080 00       		.ascii	"\000"
 385 0081 00000000 		.ascii	"\000\000\000\000\000\000\000\000"
ARM GAS  C:\Users\TUDENT~1\AppData\Local\Temp\ccfZXHNk.s 			page 29


 385      00000000 
 386 0089 C2000000 		.ascii	"\302\000\000\000"
 387              		.text
 388              		.section	.gnu.lto_.opts,"",%progbits
 389 0000 272D666D 		.ascii	"'-fmath-errno' '-fsigned-zeros' '-ftrapping-math' '"
 389      6174682D 
 389      6572726E 
 389      6F272027 
 389      2D667369 
 390 0033 2D666E6F 		.ascii	"-fno-trapv' '-fno-openmp' '-fno-openacc' '-mcpu=cor"
 390      2D747261 
 390      70762720 
 390      272D666E 
 390      6F2D6F70 
 391 0066 7465782D 		.ascii	"tex-m3' '-mno-thumb-interwork' '-mthumb' '-ggdb' '-"
 391      6D332720 
 391      272D6D6E 
 391      6F2D7468 
 391      756D622D 
 392 0099 4F322720 		.ascii	"O2' '-fomit-frame-pointer' '-falign-functions=16' '"
 392      272D666F 
 392      6D69742D 
 392      6672616D 
 392      652D706F 
 393 00cc 2D666675 		.ascii	"-ffunction-sections' '-fdata-sections' '-fno-common"
 393      6E637469 
 393      6F6E2D73 
 393      65637469 
 393      6F6E7327 
 394 00ff 2720272D 		.ascii	"' '-flto'\000"
 394      666C746F 
 394      2700
 395              		.text
 396              		.comm	__gnu_lto_v1,1,1
 397              		.comm	__gnu_lto_slim,1,1
 398              		.ident	"GCC: (GNU Tools for ARM Embedded Processors 6-2017-q1-update) 6.3.1 20170215 (release) [AR
ARM GAS  C:\Users\TUDENT~1\AppData\Local\Temp\ccfZXHNk.s 			page 30


DEFINED SYMBOLS
                            *ABS*:00000000 nvic.c
                            *COM*:00000001 __gnu_lto_v1
                            *COM*:00000001 __gnu_lto_slim

NO UNDEFINED SYMBOLS
