ARM GAS  C:\Users\TUDENT~1\AppData\Local\Temp\ccqrWDwC.s 			page 1


   1              		.cpu cortex-m3
   2              		.eabi_attribute 20, 1
   3              		.eabi_attribute 21, 1
   4              		.eabi_attribute 23, 3
   5              		.eabi_attribute 24, 1
   6              		.eabi_attribute 25, 1
   7              		.eabi_attribute 26, 1
   8              		.eabi_attribute 30, 2
   9              		.eabi_attribute 34, 1
  10              		.eabi_attribute 18, 4
  11              		.file	"parser.c"
  12              		.text
  13              	.Ltext0:
  14              		.section	.gnu.lto_.profile.87410c1a,"",%progbits
  15 0000 789C6365 		.ascii	"x\234ce`b`c```d\270\316\330\302\010\000\005\026\001"
  15      60626063 
  15      60606064 
  15      B8CED8C2 
  15      08000516 
  16 0015 6C       		.ascii	"l"
  17              		.text
  18              		.section	.gnu.lto_.icf.87410c1a,"",%progbits
  19 0000 789C6365 		.ascii	"x\234ce`b\340c@\000&\206O\315\363\036\2621\236\357\374"
  19      6062E063 
  19      40002686 
  19      4FCDF31E 
  19      B2319EEF 
  20 0015 73819901 		.ascii	"s\201\231\001\000/\246\006:"
  20      002FA606 
  20      3A
  21              		.text
  22              		.section	.gnu.lto_.jmpfuncs.87410c1a,"",%progbits
  23 0000 789C6365 		.ascii	"x\234ce`b\010ed`Pd\200\000&\006&FFf\326z6\246J\006\240"
  23      60620865 
  23      64605064 
  23      80002606 
  23      26464666 
  24 001b 30E37466 		.ascii	"0\343tf\306/\247\267\332*2\316o\230\2410\237\231\201"
  24      C62FA7B7 
  24      DA2A32CE 
  24      6F98A130 
  24      9F9981
  25 002e 0128B063 		.ascii	"\001(\260c\343\267\011\\\365\177\033$\346332.g\004j"
  25      E3B7095C 
  25      F57F1B24 
  25      E6333332 
  25      2E67046A 
  26 0042 655CC158 		.ascii	"e\\\301X\317\300\310\0022\000I\343\332i?\367\262*r "
  26      CFC0C802 
  26      320049E3 
  26      DA693FF7 
  26      B22A7220 
  27 0056 E97C3DF7 		.ascii	"\351|=\367\360,6\230\316\225`\235\253\260\351\374\360"
  27      F02C3698 
  27      CE95609D 
  27      ABB0E9FC 
  27      F0
ARM GAS  C:\Users\TUDENT~1\AppData\Local\Temp\ccqrWDwC.s 			page 2


  28 0067 61CB745E 		.ascii	"a\313t^E~\210N&\260\316\323\027\027A\355df\\\015\326"
  28      457E884E 
  28      26B0CED3 
  28      171741ED 
  28      64665C0D 
  29 007c B9069BCE 		.ascii	"\271\006\233\316C\227Z\3671)\212\"\351|\336\325\377"
  29      43975AF7 
  29      31298A22 
  29      E97CDED5 
  29      FF
  30 008d 9C0FA673 		.ascii	"\234\017\246s-X\347:l:\227m\336\375\213UQ\032\311\265"
  30      2D58E73A 
  30      6C3A976D 
  30      DEFD8B55 
  30      511AC9B5 
  31 00a1 A7A6F45E 		.ascii	"\247\246\364^g\202\271v=X\347\006\270NF\240\030#{}}"
  31      6782B976 
  31      3D58E706 
  31      B84E46A0 
  31      18237B7D 
  32 00b6 3D0B24E0 		.ascii	"=\013$\340X\200&\241\263\230\230*\231\030A\266\224\024"
  32      588026A1 
  32      B398982A 
  32      991841B6 
  32      9414
  33 00c8 2526A732 		.ascii	"%&\2472\260\025\024e\346\2250\260\346\244\246\030\201"
  33      B0151465 
  33      E69530B0 
  33      E6A4A618 
  33      81
  34 00d9 494306B6 		.ascii	"IC\006\266\224\324\244\322t\006\000\305)Xj"
  34      94D4A4D2 
  34      740600C5 
  34      29586A
  35              		.text
  36              		.section	.gnu.lto_.inline.87410c1a,"",%progbits
  37 0000 789C6365 		.ascii	"x\234ce`b8\307\200\000L\014\014Z*\214\254\214\012\031"
  37      606238C7 
  37      80004C0C 
  37      0C5A2A8C 
  37      AC8C0A19 
  38 0014 D399194F 		.ascii	"\323\231\031O.\331\365\207\247\217y>3\013Pd9\243\014"
  38      2ED9F587 
  38      A78F793E 
  38      330B5064 
  38      39A30C
  39 0027 03A3423A 		.ascii	"\003\243B:\224\006I_l\3310\207\031\"\315\302\270\002"
  39      9406495F 
  39      6CD93087 
  39      1922CDC2 
  39      B802
  40 0039 2A0DA119 		.ascii	"*\015\241\031\031\030\230EVX3\260-\220gb\340Xa\344\000"
  40      19189845 
  40      565833B0 
  40      2D906762 
  40      E05861E4 
  41 004e 329B950F 		.ascii	"2\233\225\017(:\301\217a\202\037\261,F\216{\014\277"
ARM GAS  C:\Users\TUDENT~1\AppData\Local\Temp\ccqrWDwC.s 			page 3


  41      283AC18F 
  41      61821FB1 
  41      2C468E7B 
  41      0CBF
  42 0060 99181919 		.ascii	"\231\030\031\0319\200\0062Mb\274\366K\213\201\357\201"
  42      39800632 
  42      4D62BCF6 
  42      4B8B81EF 
  42      81
  43 0071 2E13030B 		.ascii	".\023\003\013\3208\026^\240\330\004\277\011~\230\014"
  43      D038165E 
  43      A0D804BF 
  43      097E980C 
  44 0081 266E0606 		.ascii	"&n\006\006F\240\011\000\006U'\376"
  44      46A00900 
  44      065527FE 
  45              		.text
  46              		.section	.gnu.lto_.pureconst.87410c1a,"",%progbits
  47 0000 789C6365 		.ascii	"x\234ce`b`e`\000\222,\214R\000\000\303\000."
  47      60626065 
  47      6000922C 
  47      8C520000 
  47      C3002E
  48              		.text
  49              		.section	.gnu.lto_parseCommand.87410c1a,"",%progbits
  50 0000 789C9D94 		.ascii	"x\234\235\224[L\034U\030\307\3177gn;3\213M|\360\266"
  50      5B4C1C55 
  50      18C7CF37 
  50      676E3B33 
  50      8B4D7CF0 
  51 0015 69D844B2 		.ascii	"i\330D\262A\243x\341\311\304\3047_\254\317\276R\330"
  51      41A378E1 
  51      C9C4C437 
  51      5FACCFBE 
  51      52D8
  52 0027 D45BB141 		.ascii	"\324[\261A\372\240/\214HK\335\2024M\005\266\262\331"
  52      FAA02F8C 
  52      484BDD82 
  52      344D05B6 
  52      B2D9
  53 0039 A65EE805 		.ascii	"\246^\350\005J\201\322rk\273@/[\240\024(FCm\202\226"
  53      4A81D272 
  53      6BBB402F 
  53      5BA01428 
  53      46436D82 
  54 004e 8AED5668 		.ascii	"\212\355Vh\033/\251V\364\373\316\314\216\273dMt7\331"
  54      1B2FA956 
  54      F4FBCECC 
  54      8EBB644D 
  54      7437D9
  55 0061 73E6FBE6 		.ascii	"s\346\373\346\234\377\367\235\337?g\024&\261\327t\306"
  55      9CFFF79D 
  55      DF3F6714 
  55      26B1D774 
  55      C6
  56 0072 3630C6F6 		.ascii	"60\306\366\343\037\374\014\244]S\214}\240K\222\274#"
  56      E31FFC0C 
ARM GAS  C:\Users\TUDENT~1\AppData\Local\Temp\ccqrWDwC.s 			page 4


  56      A45D538C 
  56      7DA04B92 
  56      BC23
  57 0084 C46C83D3 		.ascii	"\304l\203\323hq\220\235\264,Y\303\3531\255\314\225`"
  57      6871909D 
  57      B42C59C3 
  57      EB31ADCC 
  57      9560
  58 0096 5A9134B1 		.ascii	"Z\2214\261H\025\213T\320\234E\232du\224bZ_|\004\323"
  58      48158B54 
  58      D09C459A 
  58      64759462 
  58      5A5F7C04 
  59 00ab BA1BF944 		.ascii	"\272\033\371D\344s#CD\206\033\231\"2\301r\004,\000z"
  59      E4732343 
  59      44861B99 
  59      2232C172 
  59      042C007A 
  60 00bf B0756035 		.ascii	"\260u`5\022\227\025U\323}\206iA\0154\361\026\016\023"
  60      12971555 
  60      D37D8669 
  60      410D34F1 
  60      160E13
  61 00d2 BF251B8C 		.ascii	"\277%\033\214\342v\333\256\265\023-\375\352\201#\323"
  61      E276DBAE 
  61      B5132DFD 
  61      EA8123D3 
  62 00e2 368F73C6 		.ascii	"6\217s\306\242\234\301\363\001x&@Gi\207b\\:Sw\264\215"
  62      A29CC1F3 
  62      01782640 
  62      47698762 
  62      5C3A5377 
  63 00f8 7F8C6F01 		.ascii	"\177\214o\001d\014\357\\\334{\255\200B\011\0121\034"
  63      640CEF5C 
  63      DC7BAD80 
  63      42090A31 
  63      1C
  64 0109 9E1B6C02 		.ascii	"\236\033l\002\376 0|\256\337=9\305C_\010\321\373{\270"
  64      FE20307C 
  64      AEDF3D39 
  64      C5435F08 
  64      D1FB7BB8 
  65 011d FD789C73 		.ascii	"\375x\234s8\004\234D\017B\000\016@\200a\212\301a\010"
  65      38049C44 
  65      0F42000E 
  65      4080618A 
  65      C16108
  66 0130 E1F2BB1D 		.ascii	"\341\362\273\035W\027e\376\230\330\372\307\2753\223"
  66      571765FE 
  66      98D8FAC7 
  66      BD3393
  67 013f 066DB5ED 		.ascii	"\006m\265\355\304b\263\330*C\307\332\2552\203N\010\321"
  67      C462B3D8 
  67      2A43C7DA 
  67      AD32834E 
  67      08D1
  68 0151 FAEFBB57 		.ascii	"\372\357\273W?\361\2532\365\213\215\036\001\025p\356"
ARM GAS  C:\Users\TUDENT~1\AppData\Local\Temp\ccqrWDwC.s 			page 5


  68      3FF1AB32 
  68      F58B8D1E 
  68      011570EE 
  69 0161 9A8584BD 		.ascii	"\232\205\204\275\372W\275\235\370\366\341\371e\275\000"
  69      FA57BD9D 
  69      F8F6E1F9 
  69      65BD00
  70 0170 700BC3B6 		.ascii	"p\013\303\266q\217\214\217\212\002TY%!\215b\235\236"
  70      718F8C8F 
  70      8A025459 
  70      25218D62 
  70      9D9E
  71 0182 7C341834 		.ascii	"|4\0304\2304X4\370E-\026Aq\202\270\223K4\363\353 Q\355"
  71      98345834 
  71      F8452D16 
  71      417182B8 
  71      934B34F3 
  72 019a 8586E39D 		.ascii	"\205\206\343\235~^,\372^\275\2742k\026}&\372\376!\272"
  72      7E5E2CFA 
  72      5EBDBC32 
  72      6B167D26 
  72      FAFE21BA 
  73 01ae 6EF78776 		.ascii	"n\367\207v\322\226\251\367\256\354\336\351\007G\241"
  73      D296A9F7 
  73      AEECDEE9 
  73      0747A1
  74 01bd 2886C777 		.ascii	"(\206\307we\332\266\037\272\316\371\223B\346\332\315"
  74      65DAB61F 
  74      BACEF993 
  74      42E6DACD 
  75 01cd 85767065 		.ascii	"\205vpe\222\340Jt\347\220\350\201\"\\~\341\363\301\373"
  75      92E04A74 
  75      E790E881 
  75      225C7EE1 
  75      F3C1FB
  76 01e0 16792083 		.ascii	"\026y \203\002\275\370n\021\352\276\031[\376\324\362"
  76      02BDF86E 
  76      11EABE19 
  76      5BFED4F2 
  77 01f0 C8D409A9 		.ascii	"\310\324\011\251\345\350zN[\250\262\240\024\345\220"
  77      E5E87A4E 
  77      5BA8B2A0 
  77      14E590
  78 01ff 490F8E81 		.ascii	"I\017\216\201\212\242}\240b_B\210~\021\354qG\210\357"
  78      8AA27DA0 
  78      625F4288 
  78      7E11EC71 
  78      4788EF
  79 0212 4404CEA9 		.ascii	"D\004\316\251k\013\005a\022a^\324C\321\015\250\275["
  79      6B0B0561 
  79      12615ED4 
  79      43D10DA8 
  79      BD5B
  80 0224 FF1EC531 		.ascii	"\377\036\3051.\307\270\305R\260\275\320\011U\25430p"
  80      2EC7B8C5 
  80      52B0BDD0 
  80      0955AC33 
ARM GAS  C:\Users\TUDENT~1\AppData\Local\Temp\ccqrWDwC.s 			page 6


  80      3070
  81 0236 EB8A56F3 		.ascii	"\353\212V\363\247\255\3079\226\226\260\324q\250a1\256"
  81      A7ADC739 
  81      9696B0D4 
  81      71A86131 
  81      AE
  82 0247 E0BB2F7B 		.ascii	"\340\273/{\207~W\202O\305\355\326\3028\327\250\253\361"
  82      877E5782 
  82      4FC5EDD6 
  82      C238D7A8 
  82      ABF1
  83 0259 3D8D5F4B 		.ascii	"=\215_K\270\272\325\2661\245\303\011\010\222\024\203"
  83      B8BAD5B6 
  83      31A5C309 
  83      08921483 
  84 0269 7EA841F9 		.ascii	"~\250A\3718\367\3219\347\307J\335\002\360\204\350\367"
  84      38F7D139 
  84      E7C74ADD 
  84      02F084E8 
  84      F7
  85 027a 17B0A875 		.ascii	"\027\260\250uip\345G\011\217\301\347W\246\001-S\330"
  85      6970E547 
  85      098FC1E7 
  85      57A6012D 
  85      53D8
  86 028c 5C49DAB1 		.ascii	"\\I\332\261\377\345\322@\226K\377\331\231A\341\214w"
  86      FFE5D240 
  86      964BFFD9 
  86      9941E18C 
  86      77
  87 029d 59649061 		.ascii	"Yd\220a\350\337\235Y\215>*\323\026\252\226\323\231a"
  87      E8DF9D59 
  87      8D3E2AD3 
  87      16AA96D3 
  87      9961
  88 02af E1CC49C7 		.ascii	"\341\314I\307\231!\317\031\225\335|\010\235\321\234"
  88      9921CF19 
  88      95DD7C08 
  88      9DD19C
  89 02be C3B9560C 		.ascii	"\303\271V\014d\0313\350\031s\203;\244\264\03072\234"
  89      641933E8 
  89      1973833B 
  89      A4B41837 
  89      329C
  90 02d0 D1733A73 		.ascii	"\321s:s\312sftv\333))X\3528cPWK\221\246\245\002\317"
  90      CA736674 
  90      76DB2929 
  90      58EA3863 
  90      50574B91 
  91 02e8 19134EA7 		.ascii	"\031\023N\247\235I\2203\232\347\314-p+x\326\030\324"
  91      9D499033 
  91      9AE7CC2D 
  91      702B78D6 
  91      18D4
  92 02fa BBE25AA3 		.ascii	"\273\342Z\243\272\326\350\354\352\003yY3\222\2375\243"
  92      BAD6E8EC 
  92      EA037959 
ARM GAS  C:\Users\TUDENT~1\AppData\Local\Temp\ccqrWDwC.s 			page 7


  92      33929F35 
  92      A3
  93 030b C8991022 		.ascii	"\310\231\020\"\242}\355\215\033\004\245\221,f\243\024"
  93      A27DED8D 
  93      1B04A591 
  93      2C66A314 
  94 031b 21A17DEF 		.ascii	"!\241}\357;\007\360\345D4\346!\272}\373X\213?\370B\006"
  94      3B07F0E5 
  94      4434E621 
  94      BA7DFB58 
  94      8B3FF842 
  95 0330 A2D4C4CC 		.ascii	"\242\324\304\314~#\003\321\2314\242\263\271\021\371"
  95      7E2303D1 
  95      9934A2B3 
  95      B911F9
  96 033f 5C4488C3 		.ascii	"\\D\210\303\307Z\225\274p\234\313\017\307y\304\321\353"
  96      C75A95BC 
  96      709CCB0F 
  96      C779C4D1 
  96      EB
  97 0350 E2E86A7C 		.ascii	"\342\350j|U\0008\227\205\343\374\032\034fN\034I\017"
  97      55003897 
  97      85E3FC1A 
  97      1C664E1C 
  97      490F
  98 0362 4767F3BD 		.ascii	"Gg\363\275\223J\360\245\214\273\234\212\215\355U3\356"
  98      934AF0A5 
  98      8CBB9C8A 
  98      8DED5533 
  98      EE
  99 0373 F285348E 		.ascii	"\362\2054\216\361\354\273\234\306a\376\203\303`W /\034"
  99      F1ECBB9C 
  99      C661FE83 
  99      C3605720 
  99      2F1C
 100 0385 13F9E198 		.ascii	"\023\371\341\230\314\300q\302\3051\221\205cr\015\016"
 100      CCC071C2 
 100      C5319185 
 100      63720D0E 
 101 0395 7F4E1C17 		.ascii	"\177N\034\027=\034?O\364\275\030|9\203F\177\367\257"
 101      3D1C3F4F 
 101      F4BD187C 
 101      3983467F 
 101      F7AF
 102 03a7 BB8C0C1A 		.ascii	"\273\214\014\032Si\032\227r\323\360\247iD\270\311\222"
 102      53691A97 
 102      72D3F0A7 
 102      6944B8C9 
 102      92
 103 03b8 0C2FBC25 		.ascii	"\014/\274%>\305?\341\321b\034\304\315\002\324\355\253"
 103      3EC53FE1 
 103      D1621CC4 
 103      CD02D4ED 
 103      AB
 104 03c9 9FEC36E8 		.ascii	"\237\3546\350k\303\000`\032\002\362\374\322\002\345"
 104      6BC30060 
 104      1A02F2FC 
ARM GAS  C:\Users\TUDENT~1\AppData\Local\Temp\ccqrWDwC.s 			page 8


 104      D202E5
 105 03d8 87E30D07 		.ascii	"\207\343\015\007\335\274\0043\020\320\"ob\366\243\266"
 105      DDBC0433 
 105      10D0226F 
 105      62F6A3B6 
 106 03e8 E861CDC9 		.ascii	"\350a\315\311r\230\205\200>N\331\221\205\236;\246\223"
 106      72988580 
 106      3E4ED991 
 106      859E3BA6 
 106      93
 107 03f9 95E13204 		.ascii	"\225\3412\004|\221\267\010|\352\273\224\337\311*0\007"
 107      7C91B708 
 107      7CEABB94 
 107      DFC92A30 
 107      07
 108 040a 01639CB2 		.ascii	"\001c\234\262\315\333F/\271\012\014\276\202\200\031"
 108      CDDB462F 
 108      B90A0CBE 
 108      828019
 109 0419 A9C41681 		.ascii	"\251\304\026\201zC\002\353\266\224U\275\033\256*q\246"
 109      7A4302EB 
 109      B69455BD 
 109      1BAE2A71 
 109      A6
 110 042a A7CB9956 		.ascii	"\247\313\231V\376\316\346\315e\225\025~w~%\\\271\251"
 110      FECEE6CD 
 110      6595157E 
 110      777E255C 
 110      B9A9
 111 043c FA752883 		.ascii	"\372u(\203\215jEx\343\326MLy;\\\361\254\030\237c\352"
 111      8D6A4578 
 111      E3D64D4C 
 111      793B5CF1 
 111      AC189F63 
 112 0451 96AA372A 		.ascii	"\226\2527*\253\231Z]UV\036f\177\003\360\374\256`"
 112      AB995A5D 
 112      55561E66 
 112      7F03F0FC 
 112      AE60
 113              		.text
 114              		.section	.gnu.lto_parseText.87410c1a,"",%progbits
 115 0000 789C9D58 		.ascii	"x\234\235X{P\224G\022\237\376f\277\375\026Xv\225\345"
 115      7B509447 
 115      129FFE66 
 115      BFFD1658 
 115      7695E5
 116 0013 CD0A0B51 		.ascii	"\315\012\013Q)\037\034Z\346\201\232\370\252<\214\271"
 116      291F1C5A 
 116      E6819AF8 
 116      AA3C8CB9 
 117 0023 182BF12E 		.ascii	"\030+\361.zu\377\220H\356\274\312\241Qsu\377\271Q\304"
 117      7A75FF90 
 117      48EEBCCA 
 117      A1517375 
 117      FFB951C4 
 118 0037 07E6D43C 		.ascii	"\007\346\324<\004\254lA\356\222J\324\030c^\006\203d"
 118      04AC6C41 
ARM GAS  C:\Users\TUDENT~1\AppData\Local\Temp\ccqrWDwC.s 			page 9


 118      EE924AD4 
 118      18635E06 
 118      8364
 119 0049 015F9808 		.ascii	"\001_\230\010j\274DIL8\361\0214>\222\210\036$\300u\367"
 119      6ABC4449 
 119      4C38F111 
 119      343E9288 
 119      1E24C075 
 120 005e 0CCB8284 		.ascii	"\014\313\202\204+\335?\206\235\337t\367t\377\272g\246"
 120      2BDD3F86 
 120      9DDF74F7 
 120      74FFBA67 
 120      A6
 121 006f 175318E2 		.ascii	"\027S\030\342\2318!\346\011!.\201\020p\233\000c}\275"
 121      993821E6 
 121      09212E81 
 121      10709B00 
 121      637DBD
 122 0082 10CF390C 		.ascii	"\020\3179\014\260\253/\322\260]\211\023\376H\263<G\370"
 122      B0AB2FD2 
 122      B05D8913 
 122      FE48B33C 
 122      47F8
 123 0094 9D363015 		.ascii	"\23560\025l\252\365j\207\335\260\352\017\012\024p\324"
 123      6CAAF56A 
 123      87DDB0EA 
 123      0F0A1470 
 123      D4
 124 00a5 4814B00C 		.ascii	"H\024\260\014\031>u\030\021\2532q\026I\2433\002\"\225"
 124      193E7518 
 124      11AB3271 
 124      1649A333 
 124      022295
 125 00b8 76A411C5 		.ascii	"v\244\021\305F\335l4\312p\026\214\307Y\364Z\304\234"
 125      46DD6C34 
 125      CA70168C 
 125      C759F45A 
 125      C49C
 126 00ca 4E885642 		.ascii	"N\210VB\321\206\213u\335\254\353\002\267\202\335\306"
 126      D1868B75 
 126      DDACEB02 
 126      B782DDC6 
 127 00da A07D4310 		.ascii	"\240}C\020\31688\006\341A\220@0\0146bX\330\303\3021"
 127      CE383806 
 127      E1419040 
 127      300C3662 
 127      58D8C3C2 
 128 00ef E051C21E 		.ascii	"\340Q\302\036\210S_b\325\227jG\234\021\273v?9\030_`"
 128      88535F62 
 128      D5976A47 
 128      9C11BB76 
 128      3F39185F 
 129 0104 A164BCD2 		.ascii	"\241d\274\322\257v$\030\203\025\236\310x\"$\263\335"
 129      AF762418 
 129      83159EC8 
 129      782224B3 
 129      DD
ARM GAS  C:\Users\TUDENT~1\AppData\Local\Temp\ccqrWDwC.s 			page 10


 130 0115 24F5B7DA 		.ascii	"$\365\267\332\221l$U\354\245\365\224/\035\270\236bx"
 130      916C2455 
 130      ECA5F594 
 130      2F1DB89E 
 130      6278
 131 0127 79BF54DE 		.ascii	"y\277T\336\317k\014\341\010R9\202!\220\2526M5\322\030"
 131      CF6B0CE1 
 131      08523982 
 131      2190AA36 
 131      4D35D218 
 132 013b F6319C06 		.ascii	"\3661\234\006>\005\373\214\364c\331\024Ae*\302\351\220"
 132      3E05FB8C 
 132      F463D914 
 132      41652AC2 
 132      E990
 133 014d A1E00C00 		.ascii	"\241\340\014\000\372\342w\200XjH\233i\267\034\021\221"
 133      FAE27780 
 133      586A489B 
 133      69B71C11 
 133      91
 134 015e 51CE6897 		.ascii	"Q\316h\227{\320\340\030Ol\\|BbRr\212wHj\232/=\003\226"
 134      7BD0E018 
 134      4F6C5C7C 
 134      42625272 
 134      8A77486A 
 135 0177 9A760141 		.ascii	"\232v\001A\033t\341\307\022\364I\3503\217\3533O\356"
 135      1B74E1C7 
 135      12F449E8 
 135      338FEB33 
 135      4FEE
 136 0189 335F278B 		.ascii	"3_'\213%\324\254<[a\214x\303\217\237`\361\273\211\376"
 136      25D4AC3C 
 136      5B618C78 
 136      C38F9F60 
 136      F1BB89FE 
 137 019d 37835026 		.ascii	"7\203P&\205(\225,\"\340\015\030\201RG\012\336yE\376"
 137      8528952C 
 137      22E00D18 
 137      8152470A 
 137      DE7945FE 
 138 01b1 43964900 		.ascii	"C\226I\000\033N\1778\264\251\331ES\003|8\335zm\177%"
 138      1B4E7F38 
 138      B4A9D945 
 138      53037C38 
 138      DD7A6D7F 
 139 01c6 480F08FC 		.ascii	"H\017\010\374\336^\324\271\334\236\371\272\337\277\314"
 139      DE5ED4B9 
 139      DC9EF9BA 
 139      DFBFCC
 140 01d5 1F3CF6A2 		.ascii	"\037<\366\242\364\017-\223\022\266\200D\203\260\031"
 140      F40F2D93 
 140      12B68044 
 140      83B019
 141 01e4 BCF02678 		.ascii	"\274\360&x\005B\002\266B&\212\027\276v\245\310\222\211"
 141      054202B6 
 141      42268A17 
 141      BE76A5C8 
ARM GAS  C:\Users\TUDENT~1\AppData\Local\Temp\ccqrWDwC.s 			page 11


 141      9289
 142 01f6 ACFA52DB 		.ascii	"\254\372R\333\345c\016\255\272\247\325\360;\313\244"
 142      E5630EAD 
 142      BAA7D5F0 
 142      3BCBA4
 143 0205 0DDE52AA 		.ascii	"\015\336R\252\343\2740\206\024m\002\266\261b\365\346"
 143      E3BC3086 
 143      146D02B6 
 143      B162F5E6 
 144 0215 F61F0C79 		.ascii	"\366\037\014y\033+\0368\276\372CS+^-\346=Mx\273\357"
 144      1B2B1E38 
 144      BEFA4353 
 144      2B5E2DE6 
 144      3D4D78BB 
 145 022a 9EA680ED 		.ascii	"\236\246\200\355\220I\362\233>\276z\320T\3218p\272\363"
 145      9049F29B 
 145      3EBE7AD0 
 145      54D13870 
 145      BAF3
 146 023c D2D69DD1 		.ascii	"\322\326\235\321*\232 -o\331\334p\305\220#\330\364\305"
 146      2A9A202D 
 146      6FD9DC70 
 146      C59023D8 
 146      F4C5
 147 024e 772E3C1F 		.ascii	"w.<\0371\354_L\3177\317<\347\017\026\370\312\244\035"
 147      31EC5F4C 
 147      CF37CF3C 
 147      E70F16F8 
 147      CAA41D
 148 0261 DE55C677 		.ascii	"\336U\306w\240\361w\3208}PxYg\341\021C\216c\305\017"
 148      A0F177D0 
 148      387D5078 
 148      5967E111 
 148      438E63C5 
 149 0276 CA5E4DD7 		.ascii	"\312^M\327zG7H\377k~\243LZ\360~o\247\264\336\251\035"
 149      7A473748 
 149      FF6B7EA3 
 149      4C5AF07E 
 149      6FA7B4DE 
 150 028c 9D2F47DB 		.ascii	"\235/G\333m\360\001\014\203\367`\230\"\037>\004;\036"
 150      6DF0010C 
 150      83F76098 
 150      221F3E04 
 150      3B1E
 151 029e C9C86E14 		.ascii	"\311\310n\024\345^\377\264\266\312%\307\263\375\363"
 151      E55EFFB4 
 151      B6CA25C7 
 151      B3FDF3
 152 02ad F53BBE72 		.ascii	"\365;\276r\350\015:\253e\251\362\314\202\2357\356\000"
 152      E80D3AAB 
 152      65A9F2CC 
 152      829D37EE 
 152      00
 153 02be 1FB1F64B 		.ascii	"\037\261\366K\357m[\021!'\262\366\345]\015\373]Z\373"
 153      EF6D5B11 
 153      2127B2F6 
 153      E55D0DFB 
ARM GAS  C:\Users\TUDENT~1\AppData\Local\Temp\ccqrWDwC.s 			page 12


 153      5D5AFB
 154 02d1 8B977BB4 		.ascii	"\213\227{\264+\372\321\336\305\332\237t55\271\344\024"
 154      2BFAD1DE 
 154      C5DA9F74 
 154      3535B9E4 
 154      14
 155 02e2 D62EAF29 		.ascii	"\326.\257)j\000\255\335\370r(\270\217\373Q\256d\345"
 155      6A00ADDD 
 155      F87228B8 
 155      8FFB51AE 
 155      64E5
 156 02f4 7067CF9E 		.ascii	"pg\317\236\031\330\331\3357h\\+I\334\260\334\177\300"
 156      19D8D9DD 
 156      37685C2B 
 156      49DCB0DC 
 156      7FC0
 157 0306 6FFB3595 		.ascii	"o\3735\225*V9W\271\362\030\310\351\354a]\323\325\313"
 157      2A563957 
 157      B9F218C8 
 157      E9EC615D 
 157      D3D5CB
 158 0319 4EAD7EA9 		.ascii	"N\255~\251\304\025\332\360\223~\264\2037\277a5\253\334"
 158      C415DAF0 
 158      937EB483 
 158      37BF6135 
 158      ABDC
 159 032b CC263530 		.ascii	"\314&50l\373Q\010\372;\273V\372\203\365G\240\344\375"
 159      6CFB5108 
 159      FA3BBB56 
 159      FA83F547 
 159      A0E4FD
 160 033e BD83FF00 		.ascii	"\275\203\377\000\202\222k\360(9M6\246\333d\336\354<"
 160      82926BF0 
 160      28394D36 
 160      A6DB64DE 
 160      EC3C
 161 0350 5ACC480C 		.ascii	"Z\314H\014P\355\306\002\025\177\034\326\262\025\217"
 161      50EDC602 
 161      157F1CD6 
 161      B2158F
 162 035f 0324009D 		.ascii	"\003$\000\235\242D:OI88\222y\237\024\366/\225\255\246"
 162      A2443A4F 
 162      49383892 
 162      799F14F6 
 162      2F95ADA6 
 163 0373 B1551F5B 		.ascii	"\261U\037[M\347\325\014\022\034J&\206\261\375\341L_"
 163      4DE7D50C 
 163      121C4A26 
 163      86B1FDE1 
 163      4C5F
 164 0385 26A12378 		.ascii	"&\241#x\253\221\2646\212\346\243i\310\242!\233v\033"
 164      AB91B436 
 164      8AE6A369 
 164      C8A2219B 
 164      761B
 165 0397 43C358DA 		.ascii	"C\303X\332l\034\211\334N\323;hz'\211\334EC\016\233\034"
 165      6C1C89DC 
ARM GAS  C:\Users\TUDENT~1\AppData\Local\Temp\ccqrWDwC.s 			page 13


 165      4ED33B68 
 165      7A2789DC 
 165      45430E9B 
 166 03ac 4FCB1368 		.ascii	"O\313\023h\230\310\306\357\246\257\367\3200\211\206"
 166      98C8C6EF 
 166      A6AFF7D0 
 166      308986
 167 03bb C9ECCD14 		.ascii	"\311\354\315\024\336l*\323?\215t\357\245\265\373h\270"
 167      DE6C2AD3 
 167      3F8D74EF 
 167      A5B5FB68 
 167      B8
 168 03cc 9F2C3F40 		.ascii	"\237,?@\303t2\377 a3X\360!\022|\230\3463\351\333#4\314"
 168      C37432FF 
 168      20613358 
 168      F021127C 
 168      98E633E9 
 169 03e4 A2E15192 		.ascii	"\242\341Q\222~\214\206\331\244\3628\207:\207\211\230"
 169      7E8C86D9 
 169      A4F23887 
 169      3A878998 
 170 03f4 CBA3106B 		.ascii	"\313\243\020k\360P]\000Q$\015\374#\317\300\262\362\013"
 170      F0505D00 
 170      51240DFC 
 170      23CFC0B2 
 170      F20B
 171 0406 397CC6E8 		.ascii	"9|\306\350|\215\364\"XP~=\221\020*\240\212\212\357\277"
 171      7C8DF422 
 171      58507E3D 
 171      91102AA0 
 171      8A8AEFBF 
 172 041a B29676F8 		.ascii	"\262\226v\370\035e2\242T\322\323X\013KE@\306\224\311"
 172      1D6532A2 
 172      54D2D358 
 172      0B4B4540 
 172      C694C9
 173 042d 4841CA5D 		.ascii	"HA\312]M\020vr\221d>\260(\267\007M~\244L\012\334M\212"
 173      4D107672 
 173      91643EB0 
 173      28B7074D 
 173      7EA44C0A 
 174 0444 551ED902 		.ascii	"U\036\331\002\313~\\\371\374\353\026-\006d|\000\321"
 174      CB7E5CF9 
 174      FCEB162D 
 174      06647C00 
 174      D1
 175 0455 1658FE4A 		.ascii	"\026X\376J!( 1 \023\020FlY\373\032\215%\241\365\215"
 175      21282031 
 175      20131046 
 175      6C59FB1A 
 175      8D25A1F5 
 176 046a 2B6A1A2C 		.ascii	"+j\032,\272\230$\027\365\365\375\007W9\313 \360\034"
 176      BA982417 
 176      F5F5FD07 
 176      5739CB20 
 176      F01C
 177 047c 161C169A 		.ascii	"\026\034\026\232\015\025a/\025\030\354\2032\020\247"
ARM GAS  C:\Users\TUDENT~1\AppData\Local\Temp\ccqrWDwC.s 			page 14


 177      0D15612F 
 177      1518EC83 
 177      3210A7
 178 048b A1A0B176 		.ascii	"\241\240\261vO\230z\347\271oO\361\245m\203\011\260_"
 178      4F987AE7 
 178      B96F4FF1 
 178      A56D8309 
 178      B05F
 179 049d 5762115E 		.ascii	"Wb\021^\241[M\362\350\352w\233'\221p\037\313\345\371"
 179      A15B4DF2 
 179      E8EA779B 
 179      2791701F 
 179      CBE5F9
 180 04b0 A297ED03 		.ascii	"\242\227\355\003h;\334\027\033Vm\035\256\240\205\215"
 180      683BDC17 
 180      1B566D1D 
 180      AEA0858D 
 181 04c0 2D5B166A 		.ascii	"-[\026j\013_VVv\300\330\355t\026\312\377\011t\012\360"
 181      0B5F5656 
 181      76C0D8ED 
 181      7416CAFF 
 181      09740AF0 
 182 04d4 CA0A20D7 		.ascii	"\312\012 \327T\374\007a\254\016yc\341\356\025\232\205"
 182      54FC0761 
 182      AC0E7963 
 182      E1EE159A 
 182      85
 183 04e5 545C8551 		.ascii	"T\\\205Q^\"\323\307\244}@\012\251\354\242I\244\235\001"
 183      5E22D3C7 
 183      A47D400A 
 183      A9ECA249 
 183      A49D01
 184 04f8 75320218 		.ascii	"u2\002\030=\253v\324>\241T\323\320Z/\325\217H*M\210"
 184      3DAB76D4 
 184      3EA154D3 
 184      D05A2FD5 
 184      8F482A4D 
 185 050d 5600B42A 		.ascii	"V\000\264*1O\251\266\3665.\264d\027?\305*K,#E\217UC"
 185      314FA9B6 
 185      F6352EB4 
 185      64173FC5 
 185      2A4B2C23 
 186 0525 705A3A6A 		.ascii	"pZ:j\243\224\325\270\200\214%\022\353k\275\012\220\210"
 186      A394D5B8 
 186      808C2512 
 186      EB6BBD0A 
 186      9088
 187 0537 91FFAD60 		.ascii	"\221\377\255``6\215\306}\010\200\211SI\323\366\225."
 187      60368DC6 
 187      7D088089 
 187      5349D3F6 
 187      952E
 188 0549 DCD33CFA 		.ascii	"\334\323<\372\004\356b\211\237=\022U\033jO\333\224."
 188      04EE6289 
 188      9F3D1255 
 188      1B6A4FDB 
 188      942E
ARM GAS  C:\Users\TUDENT~1\AppData\Local\Temp\ccqrWDwC.s 			page 15


 189 055b 87A6F876 		.ascii	"\207\246\370vP\275qr:\237\240\032\241\305\221\335\213"
 189      50BD7172 
 189      3A9FA01A 
 189      A1C591DD 
 189      8B
 190 056c 11E29A90 		.ascii	"\021\342\232\220\027`E\371\271:\251\0263zW_T)\221\010"
 190      176045F9 
 190      B93AA916 
 190      337A575F 
 190      54299108 
 191 0580 9F72F561 		.ascii	"\237r\365a\225\304\225I's_\227M\362\341\2311o\250\222"
 191      95C49549 
 191      27735F97 
 191      4DF2E199 
 191      316FA892 
 192 0594 F2BF602E 		.ascii	"\362\277`.\243\261j\3413\312%=!\247\227\275meo\363\253"
 192      A3B16AE1 
 192      33CA253D 
 192      21A797BD 
 192      6D656FF3 
 193 05a9 1272C121 		.ascii	"\022r\301!\314n\211\324\357\320\347\353\375%\240\026"
 193      CC6E89D4 
 193      EFD0E7EB 
 193      FD25A016 
 194 05b9 CBB700A5 		.ascii	"\313\267\000\245\272\036\262K\250\372\0054@6\372\306"
 194      BA1EB24B 
 194      A8FA0534 
 194      4036FAC6 
 195 05c9 3E478602 		.ascii	">G\206\002:\373dw@\241h\243D\215\240\352\252j\251\232"
 195      3AFB6477 
 195      40A168A3 
 195      448DA0EA 
 195      AA6AA99A 
 196 05dd AD1687A2 		.ascii	"\255\026\207\242\345mou\376\342V\345\341\323\305\241"
 196      E56D6F75 
 196      FEE256E5 
 196      E1D3C5A1 
 197 05ed 3980C378 		.ascii	"9\200\303x\247\240\261\343T\272J\276\207\035\247\030"
 197      A7A0B1E3 
 197      54BA4ABE 
 197      871DA718 
 198 05fd C3E4749D 		.ascii	"\303\344t\235\320\344d\366K\316\221nr\206\206\310\031"
 198      D0E464F6 
 198      4BCE916E 
 198      728686C8 
 198      19
 199 060e AFC9E9C5 		.ascii	"\257\311\351\305\306\242\377\307\306\321_c\343]f\343"
 199      C6A2FFC7 
 199      C6D15F63 
 199      E35D66E3 
 200 061e F3101BC7 		.ascii	"\363\020\033\307\210\215L\3661Z\005\214\365\271\255"
 200      888D4CF6 
 200      315A058C 
 200      F5B9AD
 201 062d 254A7939 		.ascii	"%Jy9\222\202@Fz\205\205\3455R\207\345\022\351\352J\330"
 201      92824046 
 201      7A8585E5 
ARM GAS  C:\Users\TUDENT~1\AppData\Local\Temp\ccqrWDwC.s 			page 16


 201      355287E5 
 201      12E9EA4A 
 202 0642 BD39412D 		.ascii	"\2759A-\216B\015*\362\222B-=\032\213\021aU\370\032\313"
 202      8E420D2A 
 202      F292422D 
 202      3D1A8B11 
 202      6155F81A 
 203 0657 4298FC5A 		.ascii	"B\230\374Z\276\247A\037\353.\200\177\353\243X7\375\226"
 203      BEA7411F 
 203      EB2E807F 
 203      EBA35837 
 203      FD96
 204 0669 22FE62E0 		.ascii	"\"\376b\340\210\277\244\210\351\020\303q\2128K\035\231"
 204      88BFA488 
 204      E910C371 
 204      8A384B1D 
 204      99
 205 067a 43AB3DCA 		.ascii	"C\253=\312\243l\355\366\306\302\315\226B\306 H\235\032"
 205      A36CEDF6 
 205      C6C2CD96 
 205      42C62048 
 205      9D1A
 206 068c 5F6F274C 		.ascii	"_o'L\005\216\345\344\214Q~\216\272\005?%\234`?\271/"
 206      058EE5E4 
 206      8C517E8E 
 206      BA053F25 
 206      9C603FB9 
 207 06a1 6A244FC6 		.ascii	"j$O\3062\221\356P%\356\313\323\225\210\272{\273\256"
 207      3291EE50 
 207      25EECBD3 
 207      9588BA7B 
 207      BBAE
 208 06b3 07DD4490 		.ascii	"\007\335D\220\205\007\367\253\320\2757H\234\020\022"
 208      8507F7AB 
 208      D0BD3748 
 208      9C1012
 209 06c2 4FAF0FEB 		.ascii	"O\257\017\353\313\335\370\205\263\225k\320}>\276\025"
 209      CBDDF885 
 209      B3956BD0 
 209      7D3EBE15 
 210 06d2 46D0974D 		.ascii	"F\320\227M\305n\224\032,\012,\225\234\213\027,4v\365"
 210      C56E941A 
 210      2C0A2C95 
 210      9C8B172C 
 210      3476F5
 211 06e5 C5C66F5D 		.ascii	"\305\306o]r&\037\255\317\016\266\255\017\2651\033{\332"
 211      72261FAD 
 211      CF0EB6AD 
 211      0FB5311B 
 211      7BDA
 212 06f7 98AF07EC 		.ascii	"\230\257\007\354\352\360\261\243W\021N\206\336\210\260"
 212      EAF0B1A3 
 212      57114E86 
 212      DE88B0
 213 0706 C5DD047E 		.ascii	"\305\335\004~\303\017\307\267\344\377\355\001\274L\230"
 213      C30FC7B7 
 213      E4FFED01 
ARM GAS  C:\Users\TUDENT~1\AppData\Local\Temp\ccqrWDwC.s 			page 17


 213      BC4C98
 214 0715 3CDC5E41 		.ascii	"<\334^Aw0{\267w\277\016\214\335\331\357sp\207\276\262"
 214      77307BB7 
 214      77BF0E8C 
 214      DDD9EF73 
 214      7087BEB2 
 215 0729 9BE839E0 		.ascii	"\233\3509\340\264\224j\033w)\225\363\225\315\237\351"
 215      B4946A1B 
 215      772995F3 
 215      95CD9FE9 
 216 0739 D2390CF0 		.ascii	"\3229\014\360\037\320%zL[\275\213n\223C\033v\331\225"
 216      1FD0257A 
 216      4C5BBD8B 
 216      6E93431B 
 216      76D995
 217 074c 48049C0A 		.ascii	"H\004\234\012\221\027#j\244\252\362\216\242H%\235\023"
 217      9117236A 
 217      A4AAF28E 
 217      A248259D 
 217      13
 218 075d C046384B 		.ascii	"\300F8K\337\302\210P\220\210\262\270\207X\344\253\226"
 218      DFC28850 
 218      9088B2B8 
 218      8758E4AB 
 218      96
 219 076e 41537913 		.ascii	"ASy\023\270\350Q\252\343\003\330%gyU\305\2576\0258\201"
 219      B8E851AA 
 219      E303D825 
 219      677955C5 
 219      AF361538 
 220 0783 712B640F 		.ascii	"q+d\017\235i\373\251\270\"Z\376\216\311_\363\302\352"
 220      9D69FBA9 
 220      B8225AFE 
 220      8EC95FF3 
 220      C2EA
 221 0795 CFDD9AFC 		.ascii	"\317\335\232\374\372\334\020\367\315\3754[\247\271="
 221      FADC10F7 
 221      CDFD345B 
 221      A7B93D
 222 07a4 EBB872B8 		.ascii	"\353\270r\270\303\251\312 \022\316\000;Z\376F\255\241"
 222      C3A9CA20 
 222      12CE003B 
 222      5AFE46AD 
 222      A1
 223 07b5 6D17AFAB 		.ascii	"m\027\257\253:\353\226\177d\333\2476\264]s\336h\373"
 223      3AEB967F 
 223      64DBA736 
 223      B45D73DE 
 223      68FB
 224 07c7 6C3FB6CF 		.ascii	"l?\266\317Q<\023\330\326"
 224      513C13D8 
 224      D6
 225 07d0 CEB55628 		.ascii	"\316\265V(\223\005J\267\320$\001r\200\363Y\212\025\033"
 225      93054AB7 
 225      D0240172 
 225      80F3598A 
 225      151B
ARM GAS  C:\Users\TUDENT~1\AppData\Local\Temp\ccqrWDwC.s 			page 18


 226 07e2 96EC20C1 		.ascii	"\226\354 \301\337q\262[\220/\234\352W\254\374\343\265"
 226      DF71B25B 
 226      902F9CEA 
 226      57ACFCE3 
 226      B5
 227 07f3 DE30B92A 		.ascii	"\3360\271*\222ka\271\363(W\245/\313V0\221\362\301x\325"
 227      926B61B9 
 227      F32857A5 
 227      2FCB5630 
 227      91F2C178 
 228 0808 E5C4B417 		.ascii	"\345\304\264\027\307\"\315\261\002\177\262RZ6\025v\354"
 228      C722CDB1 
 228      027FB252 
 228      5A361576 
 228      EC
 229 0819 789A8403 		.ascii	"x\232\204\003rj@\316\350\016\327\307\372Ary\252J\301"
 229      726A40CE 
 229      E80ED7C7 
 229      FA417279 
 229      AA4AC1
 230 082c C51D6F1A 		.ascii	"\305\035o\032Jnx\000\177\013\214\012\023\253\"\261\341"
 230      4A6E7800 
 230      7F0B8C0A 
 230      13AB22B1 
 230      E1
 231 083d 9CBE3881 		.ascii	"\234\2768\201?DU\376\030\235\250\236M64C\325\214WY\231"
 231      3F4455FE 
 231      189DA89E 
 231      4D363443 
 231      D58C5759 
 232 0852 408BFC46 		.ascii	"@\213\374F\316@c\236]\315X\025Sc\333\233\217C+LD\257"
 232      CE40639E 
 232      5DCD5815 
 232      5363DB9B 
 232      8F432B4C 
 233 0868 3D8DCD4D 		.ascii	"=\215\315M\370&\017\217=\032\203v\343UY\204\322\300"
 233      F8260F8F 
 233      3D1A8376 
 233      E3555984 
 233      D2C0
 234 087a 44F514D0 		.ascii	"D\365\024\320\271^\263\252^3\342N\335>\253\335\252^"
 234      B95EB3AA 
 234      5E33E24E 
 234      DD3EABDD 
 234      AA5E
 235 088c EEC69A56 		.ascii	"\356\306\232VA\325i\344\036\004\371\347\350\372\223"
 235      41D569E4 
 235      1E04F9E7 
 235      E8FA93
 236 089b 2E95F859 		.ascii	".\225\370Yp\201\357G$\2504Z\011Mb\271\031ZS*pr\200\316"
 236      7081EF47 
 236      24A8345A 
 236      094D62B9 
 236      195A532A 
 237 08b3 CFA49EED 		.ascii	"\317\244\236\355vQ\250\223\225\320\241\242x%5\005\313"
 237      7651A893 
 237      95D0A1A2 
ARM GAS  C:\Users\TUDENT~1\AppData\Local\Temp\ccqrWDwC.s 			page 19


 237      78253505 
 237      CB
 238 08c4 33441949 		.ascii	"3D\031I\355&\251)LY\2028i\001\263\304\240%z\252\337"
 238      ED26A929 
 238      4C598238 
 238      6901B3C4 
 238      A0257AAA 
 239 08d9 AEBEB349 		.ascii	"\256\276\263I\033\305PU7C\031\0347\360\323\370\275z"
 239      1BC55055 
 239      3743191C 
 239      37F0D3F8 
 239      BD7A
 240 08eb 1AEB6B47 		.ascii	"\032\353kG+q\0135\024\331\350\254o\020\026\302\344\370"
 240      2B710B35 
 240      14D9E8AC 
 240      6F1016C2 
 240      E4F8
 241 08fd 5D9B5CAD 		.ascii	"]\233\\\255\2646\214\246f<\256\241\324\010\232L\211"
 241      B4368CA6 
 241      663CAEA1 
 241      D4089A4C 
 241      89
 242 090e DF543C1A 		.ascii	"\337T<\032=K\324\367^2\272\236\200\011j\205\024\334"
 242      3D4BD4F7 
 242      5E32BA9E 
 242      80096A85 
 242      14DC
 243 0920 20811283 		.ascii	" \201\022\203\253I\342\200\031\252\240\233:f}\316\315"
 243      AB49E280 
 243      19AAA09B 
 243      3A667DCE 
 243      CD
 244 0931 01D03F98 		.ascii	"\001\320?\230\37295}\216\011\336\235p\011\303\274\250"
 244      FA39357D 
 244      8E09DE9D 
 244      7009C3BC 
 244      A8
 245 0942 2FBF3EC7 		.ascii	"/\277>\307\244\206\340\313}.J\352\341\341\012\237\211"
 245      A486E0CB 
 245      7D2E4AEA 
 245      E1E10A9F 
 245      89
 246 0953 1F28DEC7 		.ascii	"\037(\336\307\0032\235/w*\247O\326\246\020J\232\270"
 246      03329D2F 
 246      772AA74F 
 246      D6A6104A 
 246      9AB8
 247 0965 1256E92C 		.ascii	"\022V\351,:7 \347\204\322Fb\325$6\227\323\226,^\265"
 247      3A3720E7 
 247      84D24662 
 247      D5243697 
 247      D3962C5E 
 248 097a ABB43138 		.ascii	"\253\26418G\245\212\355\244\013\356\350\274\312\310"
 248      47A58AED 
 248      A40BEEE8 
 248      BCCAC8
 249 0989 1C7A0BD6 		.ascii	"\034z\013\326\254\270.UaY\360\243\212\255\025\322\003"
ARM GAS  C:\Users\TUDENT~1\AppData\Local\Temp\ccqrWDwC.s 			page 20


 249      ACB82E55 
 249      6159F0A3 
 249      8AAD15D2 
 249      03
 250 099a 323911F9 		.ascii	"29\021\371~<I\225\375\234\200L\241\371\334\244\306\346"
 250      7E3C4995 
 250      FD9C804C 
 250      A1F9DCA4 
 250      C6E6
 251 09ac C336DC23 		.ascii	"\3036\334#\205\022@n\276\367)P\270\034\267\362\206f"
 251      8512406E 
 251      BEF72950 
 251      B81CB7F2 
 251      8666
 252 09be 977ACDAA 		.ascii	"\227z\315\252{\315jz\315\350\005Q\005q\251P\022\302"
 252      7BCD6A7A 
 252      CDE80551 
 252      0571A950 
 252      12C2
 253 09d0 559BAEAF 		.ascii	"U\233\256\257h\257\310\242\267\360D\355/\206Z\263\367"
 253      68AFC8A2 
 253      B7F044ED 
 253      2F865AB3 
 253      F7
 254 09e1 34524384 		.ascii	"4RC\204O?j\207\\jq\232\256\305\215\0214\277\351\276"
 254      4F3F6A87 
 254      5C6A719A 
 254      AEC58D11 
 254      34BFE9BE 
 255 09f5 E1A781FB 		.ascii	"\341\247\201\373\206\253\3247\330\250\206[\351\265\236"
 255      86ABD437 
 255      D8A8865B 
 255      E9B59E
 256 0a04 C64EA412 		.ascii	"\306N\244\022\017\334\032\266\375^9q\357\257\324\277"
 256      0FDC1AB6 
 256      FD5E3971 
 256      EFAFD4BF 
 257 0a14 EA26E11A 		.ascii	"\352&\341\032\326??\021m\246\222\277\017U\350\014t7"
 257      D63F3F11 
 257      6DA692BF 
 257      0F55E80C 
 257      7437
 258 0a26 560AEC69 		.ascii	"V\012\354i>\323D\265Pqn[\227\252V\357'\371\356[\202"
 258      3ED344B5 
 258      50716E5B 
 258      97AA56EF 
 258      27F9EE5B 
 259 0a3b 9107100C 		.ascii	"\221\007\020\014\265(\025\226\002\247\363#\373@w\277"
 259      B5281596 
 259      02A7F323 
 259      FB4077BF 
 260 0a4b C5D88364 		.ascii	"\305\330\203d;\213~\031\256\360)\344\241~\333\317\353"
 260      3B8B7E19 
 260      AEF029E4 
 260      A17EDBCF 
 260      EB
 261 0a5c DC7EA285 		.ascii	"\334~\242\205\007\303\332\317[!\365\277\003\223\332"
ARM GAS  C:\Users\TUDENT~1\AppData\Local\Temp\ccqrWDwC.s 			page 21


 261      07C3DACF 
 261      5B21F5BF 
 261      0393DA
 262 0a6b 166A3FDB 		.ascii	"\026j?\333\211\324\2078d\237\"\025\275>y9Jy\3710\262"
 262      89D48738 
 262      649F2215 
 262      BD3E7939 
 262      4A79F930 
 263 0a80 14DE7E7E 		.ascii	"\024\336~~\243\333\317\2075K\351\342N]\014\333\023\324"
 263      A3DBCF87 
 263      354BE9E2 
 263      4E5D0CDB 
 263      13D4
 264 0a92 E24CD4E8 		.ascii	"\342L\324\350n?\031x\204\333\317\231\275\350\230\205"
 264      6E3F1978 
 264      84DBCF99 
 264      BDE89885 
 265 0aa2 7078BB79 		.ascii	"px\273y+\021\376<p\204\277\204\332\315\016\212p\226"
 265      2B11FE3C 
 265      7084BF84 
 265      DACD0E8A 
 265      7096
 266 0ab4 FE85B6CE 		.ascii	"\376\205\266\316\243<xT\273\311\355&#\217!\030\336n"
 266      A33C7854 
 266      BBC9ED26 
 266      238F2118 
 266      DE6E
 267 0ac6 32389B73 		.ascii	"28\233s\371Xw\273y\363~\342O\347\236v\263\213<\231\315"
 267      F95877BB 
 267      79F37EE2 
 267      4FE79E76 
 267      B38B3C99 
 268 0adb C46550BB 		.ascii	"\304eP\273\331\0025_sC\256\377)W\332\024|\301\314\371"
 268      D902355F 
 268      7343AEFF 
 268      2957DA14 
 268      7CC1CCF9 
 269 0aef D0BF0A23 		.ascii	"\320\277\012#\260\013\360\0339\342\"\236\365\255kA5"
 269      B00BF01B 
 269      39E2229E 
 269      F5AD6B41 
 269      35
 270 0b00 7B82FEF5 		.ascii	"{\202\376\365\000\250\211q\015Z\230\273hq\336\242l\365"
 270      00A88971 
 270      0D5A98BB 
 270      6871DEA2 
 270      6CF5
 271 0b12 E7374F0A 		.ascii	"\3477O\012\333\274\334%\271\2214\3746/\377OK\376l>\265"
 271      DBBCDC25 
 271      B99134FC 
 271      362FFF4F 
 271      4BFE6C3E 
 272 0b27 28F7AF79 		.ascii	"(\367\257y\021\013\027,\236\277d\376\202\374\305\346"
 272      110B172C 
 272      9EBF64FE 
 272      82FCC5E6 
 273 0b37 930B9ECD 		.ascii	"\223\013\236\315_\002\363m\271\363\346-\262\346\347"
ARM GAS  C:\Users\TUDENT~1\AppData\Local\Temp\ccqrWDwC.s 			page 22


 273      5F02F36D 
 273      B9F3E62D 
 273      B2E6E7
 274 0b46 FF2DF7E9 		.ascii	"\377-\367\351\371\363L\034\237\315\263/x\352\251\305"
 274      F9F34C1C 
 274      9FCDB32F 
 274      78EAA9C5 
 275 0b56 794BEC8B 		.ascii	"yK\354\213r\347\243-G\336\337\027.\310\317\313_\362"
 275      72E7A32D 
 275      47DEDF17 
 275      2EC8CFCB 
 275      5FF2
 276 0b68 3F9594E1 		.ascii	"?\225\224\341:"
 276      3A
 277              		.text
 278              		.section	.gnu.lto_.symbol_nodes.87410c1a,"",%progbits
 279 0000 789C6365 		.ascii	"x\234ce`b\350e\000\002&\346z\006\206\011\347\030\030"
 279      6062E865 
 279      000226E6 
 279      7A068609 
 279      E71818
 280 0013 80D4CE86 		.ascii	"\200\324\316\206\203\015l@!\306zF\230\320\256\006G\006"
 280      830D6C40 
 280      21C67A46 
 280      98D0AE06 
 280      4706
 281 0025 0646B67A 		.ascii	"\006F\266z&\260\000\003CC\203\003\220\317Z\317\214\314"
 281      26B00003 
 281      43438303 
 281      90CF5ACF 
 281      8CCC
 282 0037 67061AD6 		.ascii	"g\006\032\326\322\366F\036D/\351z*\011\242\237\234>"
 282      D2F6461E 
 282      442FE97A 
 282      2A09A29F 
 282      9C3E
 283 0049 C30CE6F7 		.ascii	"\303\014\346\367\037e\004\363/\2111\003\031G\036\374"
 283      1F6504F3 
 283      2F893103 
 283      19471EFC 
 284 0059 63646664 		.ascii	"cdfd`h\352\373\316\016\242\027\365\237c\006\321\217"
 284      6068EAFB 
 284      CE0EA217 
 284      F59F6306 
 284      D18F
 285 006b 7E3DF062 		.ascii	"~=\360b\000\000l^$\006"
 285      00006C5E 
 285      2406
 286              		.text
 287              		.section	.gnu.lto_.refs.87410c1a,"",%progbits
 288 0000 789C6365 		.ascii	"x\234ce`b`d\000\002\000\000I\000\011"
 288      60626064 
 288      00020000 
 288      490009
 289              		.text
 290              		.section	.gnu.lto_.decls.87410c1a,"",%progbits
 291 0000 789CAD56 		.ascii	"x\234\255VkL\034\327\025\2363wXv\227\247p\024Q\211J"
ARM GAS  C:\Users\TUDENT~1\AppData\Local\Temp\ccqrWDwC.s 			page 23


 291      6B4C1CD7 
 291      159E3377 
 291      587697A7 
 291      70145189 
 292 0015 08F1831F 		.ascii	"\010\361\203\037\011\206\270j\252\376\250*EJ+\265*\376"
 292      0986B86A 
 292      AAFEA82A 
 292      454A2BB5 
 292      2AFE
 293 0027 915AAABA 		.ascii	"\221Z\252\272\022]\330\305\254\004\013\335]\324\244"
 293      125DD8C5 
 293      AC040BDD 
 293      5DD4A4
 294 0036 7F3ABC6C 		.ascii	"\177:\274l\214\015u\020\011Yll\342\272\2611\306`\300"
 294      8C0D7510 
 294      09596C6C 
 294      E2BAB131 
 294      C660C0
 295 0049 3C6CE32C 		.ascii	"<l\343,\004;\200\315\303`B\342\362~\325\274\301`\034"
 295      043B80CD 
 295      C36042E2 
 295      F27ED5BC 
 295      C1601C
 296 005c 3F627AEE 		.ascii	"?bz\356\275\263\273\003\201V\2522\3323;\347\314\271"
 296      BDB3BB03 
 296      8156AA32 
 296      DA333BE7 
 296      CCB9
 297 006e E77CE7BB 		.ascii	"\347|\347\273\347\336;>\202(\374$@\020\336\023\005!"
 297      E7DE3B3E 
 297      8228FC24 
 297      4010DE13 
 297      0521
 298 0080 1204610B 		.ascii	"\022\004a\013/\"\010B\025\212\017J-J\035J\003J#\312"
 298      2F220842 
 298      158A0F4A 
 298      2D4A1D4A 
 298      034A23CA 
 299 0094 41815F12 		.ascii	"A\201_\022J\027\312<\312\026\012\001\341{\327Gh\363"
 299      4A17CA3C 
 299      CA160A01 
 299      E17BD747 
 299      68F3
 300 00a6 C7FF7694 		.ascii	"\307\377v\224\020\224\327Pn+1\342h\014\360\306\177\245"
 300      1094D750 
 300      6E2B31E2 
 300      680CF0C6 
 300      7FA5
 301 00b8 CA412FA2 		.ascii	"\312A/\242\304\327\001\217\277\363\032D{\020\376\037"
 301      C4D7018F 
 301      BFF31A44 
 301      7B10FE1F 
 302 00c8 DA119BE6 		.ascii	"\332\021\233\346\232A\361\003\236'\014\305\037\237E"
 302      9A41F103 
 302      9E270CC5 
 302      1F9F45
 303 00d7 9400944E 		.ascii	"\224\000\224N\324\247P\276Q\352\233@\351G\031@\031\243"
ARM GAS  C:\Users\TUDENT~1\AppData\Local\Temp\ccqrWDwC.s 			page 24


 303      D4A750BE 
 303      51EA9B40 
 303      E9471940 
 303      19A3
 304 00e9 7195DAE6 		.ascii	"q\225\332\346\225\232(\206\240]j+!\320y\376\372K\377"
 304      959A2886 
 304      A05D6A2B 
 304      21D079FE 
 304      FA4BFF
 305 00fc 4202217A 		.ascii	"B\002!z\360A\365~N\315i\302U\011\325\265\356\322\251"
 305      F041F57E 
 305      4ECD69C2 
 305      5509D5B5 
 305      EED2A9
 306 010f 40545FD3 		.ascii	"@T_\323C8\252KEy\363\001\372<\031\257\223\331\262\356"
 306      4338AA4B 
 306      4579F301 
 306      FA3C19AF 
 306      93D9B2EE 
 307 0123 D7D4AD02 		.ascii	"\327\324\255\002\302\340\" B\270\004z\274\357\017\203"
 307      C2E02220 
 307      42B8047A 
 307      BCEF0F83 
 308 0133 0BA8A2F7 		.ascii	"\013\250\242\367\364\213\252\353\201<\226\006\325\033"
 308      F48BAAEB 
 308      813C9606 
 308      D51B
 309 0141 8D37EFF8 		.ascii	"\2157\357\370\360X1\250\016~\333\362\334\237`E%D\032"
 309      F05831A8 
 309      0E7EDBF2 
 309      DC9F6045 
 309      25441A
 310 0154 FFC7E305 		.ascii	"\377\307\343\005\015D\205\001\350Q>\223\371\245\025"
 310      0D448501 
 310      E8513E93 
 310      F9A515
 311 0163 A006F450 		.ascii	"\240\006\364P\005\304\215\267T\306\334\253\177\243f"
 311      05C48DB7 
 311      54C6DCAB 
 311      7FA366
 312 0172 019FB2E4 		.ascii	"\001\237\262\344\325s2\011\025\340@\030\304\204\011"
 312      D5733209 
 312      15E04018 
 312      C48409
 313 0181 7005A2D8 		.ascii	"p\005\242\330+\001\256\"\250jDQ*k\231\205\242\371\372"
 313      2B01AE22 
 313      A86A4451 
 313      2A6B9985 
 313      A2F9FA
 314 0194 C8430839 		.ascii	"\310C\0109\311\260\313r8\260\330\227\321\257\222\201"
 314      C9B0CB72 
 314      38B0D897 
 314      D1AF9281 
 315 01a4 AF851077 		.ascii	"\257\205\020w\011L\301\021\365\243YO\374\374\363i\036"
 315      094CC111 
 315      F5A3594F 
 315      FCFCF369 
ARM GAS  C:\Users\TUDENT~1\AppData\Local\Temp\ccqrWDwC.s 			page 25


 315      1E
 316 01b5 5E2D9A55 		.ascii	"^-\232U\345\326\001m\013\366\217\316/\217\26785{RS\357"
 316      E5D6016D 
 316      0BF68FCE 
 316      2F8FB738 
 316      357B5253 
 317 01ca A6E622A7 		.ascii	"\246\346\"\247\346\324\372\310\234\216s\021\205jsoY"
 317      E6D4FAC8 
 317      9C8E7311 
 317      856A736F 
 317      59
 318 01db B36627B6 		.ascii	"\263f'\266k\300\231\024\240\201a\253\347\330\032\030"
 318      6BC09914 
 318      A08161AB 
 318      E7D81A18 
 319 01eb B6DC8EB2 		.ascii	"\266\334\216\262\361 5\266\206m\330\032\025l\215\014"
 319      F12035B6 
 319      866DD81A 
 319      156C8D0C 
 320 01fb 5B43417B 		.ascii	"[CA{\2138\012\303\200\313\003\202\031\223\000\374\016"
 320      8B380AC3 
 320      80CB0382 
 320      199300FC 
 320      0E
 321 020c 4C98BAE5 		.ascii	"L\230\272\345\276\000\230\035\255\"\273sGf\002\367\010"
 321      BE00981D 
 321      AD22BB73 
 321      476602F7 
 321      08
 322 021d 45171555 		.ascii	"E\027\025UTB\262\2372\030T\021\371k\236\311}\011\334"
 322      5442B29F 
 322      32185411 
 322      F96B9EC9 
 322      7D09DC
 323 0230 9D231158 		.ascii	"\235#\021Xt>\032Do\002\000\365\000U@\016[y\357\301'"
 323      743E1A44 
 323      6F0200F5 
 323      0055400E 
 323      5B79EFC1 
 324 0245 788B0377 		.ascii	"x\213\003w\207\2579\357\315\352\307`\204Z\313\177\011"
 324      87AF39EF 
 324      CDEAC760 
 324      845ACB7F 
 324      09
 325 0256 CC563259 		.ascii	"\314V2Y\360\007\342K{\017\306\236]|7\372\262\273\345"
 325      F007E24B 
 325      7B0FC69E 
 325      5D7C37FA 
 325      B2BBE5
 326 0269 DEF0AE8C 		.ascii	"\336\360\256\214+\227_\324\350%J\331A=$H\324T\235;]"
 326      2B975FD4 
 326      E8254AD9 
 326      413D2448 
 326      D4549D3B 
 327 027e A1C5690B 		.ascii	"\241\305i\013\323\303\026P}\261\371Y\000\327\351\353"
 327      D3C31650 
 327      7DB1F959 
ARM GAS  C:\Users\TUDENT~1\AppData\Local\Temp\ccqrWDwC.s 			page 26


 327      00D7E9EB 
 328 028e 7AD77A95 		.ascii	"z\327z\225D~L\237\305\206\372\351R\234\\=kf\327\326"
 328      447E4C9F 
 328      C586FAE9 
 328      529C5C3D 
 328      6B66D7D6 
 329 02a2 C6EB4DB2 		.ascii	"\306\353M\262\034\014\2558\257\237\003\256\005\210\246"
 329      1C0CAD38 
 329      AF9F03AE 
 329      0588A6
 330 02b1 10C3E88C 		.ascii	"\020\303\350\214\356\322\310.ld\214I\275\340\026Nj\013"
 330      EED2C82E 
 330      6C648C49 
 330      BDE0164E 
 330      6A0B
 331 02c3 EF9A8AB3 		.ascii	"\357\232\212\263\027\333\003H!\260\004\316\217Z\353"
 331      17DB0348 
 331      21B004CE 
 331      8F5AEB
 332 02d2 033D099E 		.ascii	"\003=\011\236^\212\250\313\225e\021\3321C\2337C+\354"
 332      5E8AA8CB 
 332      956511DA 
 332      31439B37 
 332      432BEC
 333 02e5 91E28BDD 		.ascii	"\221\342\213\335S\014\274(Z\023\325}E\343y\373\3526"
 333      530CBC28 
 333      5A13D57D 
 333      45E379FB 
 333      EA36
 334 02f7 EF2B746C 		.ascii	"\357+tl\037\313\256\3262v\320\0067\201\361s{\353\251"
 334      1FCBAED6 
 334      3276D006 
 334      3781F173 
 334      7BEBA9
 335 030a 2B88AF78 		.ascii	"+\210\257x\021\325\376\325{e~\274\313\203Q=?\344Z\325"
 335      11D5FED5 
 335      7B657EBC 
 335      CB83513D 
 335      3FE45AD5 
 336 031e 857ECC88 		.ascii	"\205~\314\210\316\226\2039\326\016\214\375%\213\335"
 336      CE968339 
 336      D60E8CFD 
 336      258BDD
 337 032d 09A178BF 		.ascii	"\011\241x\277\003\022Op\267\277\371\2346\242\\v\215"
 337      03124F70 
 337      B7BFF99C 
 337      36A25C76 
 337      8D
 338 033e CBAEA15B 		.ascii	"\313\256\241[1\316\276iY\326GR/\270\356\255\357:\335"
 338      31CEBE69 
 338      59D64752 
 338      2FB8EEAD 
 338      EF3ADD
 339 0351 1CA019C6 		.ascii	"\034\240\031\306\000\232`\024[\240\013\"p\360\247\316"
 339      009A6014 
 339      5BA00B22 
 339      70F0A7CE 
ARM GAS  C:\Users\TUDENT~1\AppData\Local\Temp\ccqrWDwC.s 			page 27


 340 0361 85531A92 		.ascii	"\205S\032\222\315v\027h^\227\353\003H\001W\226sf\306"
 340      CD761768 
 340      5E97EB03 
 340      48015796 
 340      7366C6
 341 0374 154CA1A8 		.ascii	"\025L\241\250\236\256[\372\247/)\346\357\212\353\252"
 341      9EAE5BFA 
 341      A72F29E6 
 341      EF8AEBAA 
 342 0384 7275E413 		.ascii	"ru\344\023\256<oj\375BO\312\270r\344\374\352q_r\216"
 342      AE3C6F6A 
 342      FD424FCA 
 342      B872E4FC 
 342      EA715F72 
 343 0399 299AA2AE 		.ascii	")\232\242\256\236i\037\210\214\214\212\214\334w\216"
 343      9E691F88 
 343      8C8C8A8C 
 343      DC778E
 344 03a8 32E55AE9 		.ascii	"2\345Z\351\216\272:\225+\327\374\211\225\324\203\360"
 344      8EBA3A95 
 344      2BD7FC89 
 344      95D483F0 
 345 03b8 86609F9B 		.ascii	"\206`\237\233\351\375\264\270\016Z\242\300\275\037\256"
 345      E9FDB4B8 
 345      0E5AA2C0 
 345      BD1FAE
 346 03c7 89F28950 		.ascii	"\211\362\211P\346z\177\027\327n\346\312\247\365\326"
 346      E67A7F17 
 346      D76EE6CA 
 346      A7F5D6
 347 03d6 8FB027A9 		.ascii	"\217\260'\251\207\240\024,x\242\364\\%%\262+\223\260"
 347      87A0142C 
 347      78A2F45C 
 347      2525B22B 
 347      93B0
 348 03e8 38BDBBC4 		.ascii	"8\275\273\3049\340\315\330\346\315\330\267\213g,\365"
 348      39E0CDD8 
 348      E6CDD8B7 
 348      8B672CF5 
 349 03f8 FC50D97D 		.ascii	"\374P\331}p\205\250&\234\272bfx\200\355\362\025D\302"
 349      7085A826 
 349      9CBA6266 
 349      7880EDF2 
 349      1544C2
 350 040b 204A3FCA 		.ascii	" J?\312\000D\272\327\311\253\202k\371zr\207q#\016\035"
 350      0044BAD7 
 350      C9AB826B 
 350      F97A7287 
 350      71230E1D 
 351 041f DD782CC2 		.ascii	"\335x,\302\276\250\335\242\301C\014\362\277\002\362"
 351      BEA8DDA2 
 351      C1430CF2 
 351      BF02F2
 352 042e BA676369 		.ascii	"\272gci\335\337\240\357\327\336\271\2464\260\214\245"
 352      DDDFA0EF 
 352      D7DEB9A6 
 352      34B08CA5 
ARM GAS  C:\Users\TUDENT~1\AppData\Local\Temp\ccqrWDwC.s 			page 28


 353 043e 3736BA7C 		.ascii	"76\272|x\233iQm\\\256l\014\340S\352\242\257+7\277\274"
 353      789B6951 
 353      6D5CAE6C 
 353      0CE053EA 
 353      A2AF2B37 
 354 0454 09A4971F 		.ascii	"\011\244\227\037-OGK\3724\260\017'\313\003I\022p+\014"
 354      2D4F474B 
 354      FA34B00F 
 354      27CB0349 
 354      12702B0C 
 355 0468 837FB102 		.ascii	"\203\177\261\002G\025<\343\210g\002q\214)88qw\372\211"
 355      47153CE3 
 355      88670271 
 355      8C293838 
 355      7177FA89 
 356 047c 5376E510 		.ascii	"Sv\345\020\326\344#\010\205\272{\352a\344U\250\246k"
 356      D6E42308 
 356      85BA7BEA 
 356      61E455A8 
 356      A66B
 357 048e F3434271 		.ascii	"\363CBq\217~o\276\360\335\253V\222\311\346\213Vuo\327"
 357      8F7E6FBE 
 357      F0DDAB56 
 357      92C9E68B 
 357      56756FD7 
 358 04a2 506C1EB0 		.ascii	"Pl\036\260\000\347\346\362\014!\0178\243\275\255g\226"
 358      00E7E6F2 
 358      0C210F38 
 358      A3BDAD67 
 358      96
 359 04b3 2535A32A 		.ascii	"%5\243*\3700\215\250\367\252\200C\352y\213\"\232B\237"
 359      F8308DA8 
 359      F7AA8043 
 359      EA798B22 
 359      9A429F
 360 04c6 492F93A3 		.ascii	"I/\223\243n&\033\232\256\272\210z\271O\251@\0110\343"
 360      6E261B9A 
 360      AEBA887A 
 360      B94FA940 
 360      0930E3
 361 04d9 59EEF27C 		.ascii	"Y\356\362|\243+\200-w\264)\273\241\263v\260#\220\331"
 361      A32B802D 
 361      77B429BB 
 361      A1B376B0 
 361      2390D9
 362 04ec 6863CDF2 		.ascii	"hc\315\362- \253\243\3533\360\354\013\377\346\306\362"
 362      2D20ABA3 
 362      EB33F0EC 
 362      0BFFE6C6 
 362      F2
 363 04fd D92B1BA0 		.ascii	"\331+\033\240^\371\207^W-\3749\266\360\037\271\027~"
 363      5EF9875E 
 363      572DFC39 
 363      B6F01FB9 
 363      177E
 364 050f D9D9EC55 		.ascii	"\331\331\354U\202\013\277\234-\374\310\211ZY\306\235"
 364      820BBF9C 
ARM GAS  C:\Users\TUDENT~1\AppData\Local\Temp\ccqrWDwC.s 			page 29


 364      2DFCC889 
 364      5A59C69D 
 365 051f 4D96A81F 		.ascii	"M\226\250\037\334\365\026qw\347\322\237gK\277ee\253"
 365      DCF51671 
 365      77E7D29F 
 365      674BBF65 
 365      65AB
 366 0531 5C4786F9 		.ascii	"\\G\206\371\272\315-\311\277G\3104W.}|y\315\037\241"
 366      BACD2DC9 
 366      BF47C834 
 366      572E7D7C 
 366      79CD1FA1 
 367 0545 C122FBA2 		.ascii	"\301\"\373\242@Kw\365\334q\015\231\343\257'\307\013"
 367      404B77F5 
 367      DC710D99 
 367      E3AF27C7 
 367      0B
 368 0556 197258C6 		.ascii	"\031rX\306\327\260\304\221\327d\272.\004\220e\3561u"
 368      D7B0C491 
 368      D764BA2E 
 368      049065EE 
 368      3175
 369 0568 64F0961F 		.ascii	"d\360\226\037\365X\245\036+\334c\244\243\242\222~1\305"
 369      F558A51E 
 369      2BDC63A4 
 369      A3A2927E 
 369      31C5
 370 057a E1998057 		.ascii	"\341\231\200W\220\352X\210\343\307\302\371g+\215\376"
 370      90EA5888 
 370      E3C7C2F9 
 370      672B8DFE 
 371 058a 64934FE7 		.ascii	"d\223O\347\375\226\245\011\255g\333^\031\213\2701JO"
 371      FD96A509 
 371      AD67DB5E 
 371      198BB831 
 371      4A4F
 372 059c FC4D6470 		.ascii	"\374Mdp\303[[\234g\327f\323\242ZCOp\226\343\224}{\035"
 372      C35B5B9C 
 372      67D766D3 
 372      A25A434F 
 372      7096E394 
 373 05b3 8D8FF9BE 		.ascii	"\215\217\371\276}\246m%\323\237\321N#\361\3719\331\375"
 373      7DA66D25 
 373      D39FD14E 
 373      23F1F939 
 373      D9FD
 374 05c5 E9299D5E 		.ascii	"\351)\235^\331\373\363\376\353w\022z\257\256\017?\330"
 374      D9FBF3FE 
 374      EB77127A 
 374      AFAE0F3F 
 374      D8
 375 05d6 B6F37FBB 		.ascii	"\266\363\177\273m\347\177\346i\205\271\016g\205\037"
 375      6DE77FE6 
 375      6985B90E 
 375      67851F
 376 05e5 4B853678 		.ascii	"K\2056x\312Y8Vs\3661x\214\317\271qc\330y\323\207L\022"
 376      CA593856 
ARM GAS  C:\Users\TUDENT~1\AppData\Local\Temp\ccqrWDwC.s 			page 30


 376      73F63178 
 376      8CCFB971 
 376      63D879D3 
 377 05fc C642CB93 		.ascii	"\306B\313\223\221N\221\222\367\322\315~e\367\310s\255"
 377      914E9192 
 377      F7D2CD7E 
 377      65F7C873 
 377      AD
 378 060d BA2B0E7A 		.ascii	"\272+\016z\216\003\370\016#\300+\326\030/\334\215\261"
 378      8E03F80E 
 378      23C02BD6 
 378      182FDC8D 
 378      B1
 379 061e B8B4F048 		.ascii	"\270\264\360H\203\2151\216\207\302\320w\277\230\256"
 379      838D318E 
 379      87C2D077 
 379      BF98AE
 380 062d 957372E5 		.ascii	"\225sr\345O\344\360%\221z\302\202\233>X\003\211j\374"
 380      4FE4F025 
 380      917AC282 
 380      9B3E5803 
 380      896AFC
 381 0640 5B608B75 		.ascii	"[`\213u\305\300\\[M\020i\225`\257f\27669X\254\333\263"
 381      C5C05C5B 
 381      4D106995 
 381      60AF66BE 
 381      363958AC 
 382 0656 45B3448A 		.ascii	"E\263D\212$ST\220\3246\236Y\222(\022\234\302\205\356"
 382      24535490 
 382      D4369E59 
 382      9228129C 
 382      C285EE
 383 0669 378AB2CB 		.ascii	"7\212\262\313\243\250\013\310\242g\006\361\221\347\317"
 383      A3A80BC8 
 383      A26706F1 
 383      91E7CF
 384 0678 1669FEBC 		.ascii	"\026i\376\274\243\023\277Q\223K\001{\311\315\021\371"
 384      A313BF51 
 384      934B017B 
 384      C9CD11F9 
 385 0688 E71AFEA3 		.ascii	"\347\032\376\243o\357\360b\261D\356r\254\273|\205L\\"
 385      6FEFF062 
 385      B144EE72 
 385      ACBB7C85 
 385      4C5C
 386 069a 98C9705B 		.ascii	"\230\311p[\216\210\314\224\177l\366L\340\356T\242_\036"
 386      8E88CC94 
 386      7F6CF64C 
 386      E0EE54A2 
 386      5F1E
 387 06ac 437FD48D 		.ascii	"C\177\324\215\376\332\311\257V\351\311\332\307O\326"
 387      FEDAC9AF 
 387      56E9C9DA 
 387      C74FD6
 388 06bb 534D78B2 		.ascii	"SMx\262\"4I\242\216\220\353\255!W\334\261\302\216\261"
 388      223449A2 
 388      8E90EBAD 
ARM GAS  C:\Users\TUDENT~1\AppData\Local\Temp\ccqrWDwC.s 			page 31


 388      2157DCB1 
 388      C28EB1
 389 06ce 5AF21B06 		.ascii	"Z\362\033\006F\245=?u\363E\345S7\206\265\325\243\317"
 389      46A53D3F 
 389      75F345E5 
 389      533786B5 
 389      D5A3CF
 390 06e1 5BAB549F 		.ascii	"[\253T\237\335\022E\346\335}\217\213!\356!L\301\001"
 390      DD1245E6 
 390      DD7D8F8B 
 390      21EE214C 
 390      C101
 391 06f3 452537FA 		.ascii	"E%7\372\266}uSb\275\341O(T\235`T\235]\034\351\325\250"
 391      B67D7553 
 391      62BDE14F 
 391      28549D60 
 391      549D5D1C 
 392 070a 9D3BB7F1 		.ascii	"\235;\267\361Z\2408\0270\347\266\323\223\325\201\244"
 392      5AA03817 
 392      30E7B6D3 
 392      93D581A4 
 393 071a 97F35ADC 		.ascii	"\227\363Z\334\333\003\012\007\223\241\270\307g\311r"
 393      DB030A07 
 393      93A1B8C7 
 393      67C972
 394 0729 A6C80828 		.ascii	"\246\310\010(\364\022P\270\223\200\277\213\021\202\224"
 394      F41250B8 
 394      9380BF8B 
 394      118294
 395 0738 986CB4F9 		.ascii	"\230l\264\371\247\033mv\363;i\251\251F\253I\373\253"
 395      A71B6D76 
 395      F33B69A9 
 395      A946AB49 
 395      FBAB
 396 074a DFFD3EFC 		.ascii	"\337\375>\374\235\330XA\027\037\237a\261:~\026\357H"
 396      9DD85841 
 396      171F9F61 
 396      B13A7E16 
 396      EF48
 397 075c 4AFCB921 		.ascii	"J\374\271!1\331\222`\261;2L\2264\203#--\305n8l\315\010"
 397      31D99260 
 397      B13B324C 
 397      96348323 
 397      2D2DC56E 
 398 0774 674FE146 		.ascii	"gO\341F[j\27095\301l2\231M\206\237F\037\010\177+&\366"
 398      5B6AB839 
 398      35C16C32 
 398      994D869F 
 398      461F087F 
 399 078b ED3FC71A 		.ascii	"\355?\307\032\320\376\2465\315j~\323lL\260\030,\326"
 399      D0FEA635 
 399      CD6A7ED3 
 399      6C4CB018 
 399      2CD6
 400 079d C4940C93 		.ascii	"\304\224\014\223\331\220j\304XV\263!\336dN2f\2448\342"
 400      D9906AC4 
 400      5856B321 
ARM GAS  C:\Users\TUDENT~1\AppData\Local\Temp\ccqrWDwC.s 			page 32


 400      DE644E32 
 400      66A438E2 
 401 07b1 1D1FA49B 		.ascii	"\035\037\244\233\355\321\311\202\257\222\356\217?h:"
 401      EDD1C982 
 401      AF92EE8F 
 401      3F683A
 402 07c0 FB077643 		.ascii	"\373\007vC\274\335a\302\330\230#\230\225j\333\317"
 402      BCDD61C2 
 402      D8982398 
 402      956ADBCF 
 403 07d0 FFA21305 		.ascii	"\377\242\023\005\035{z\317\374\276C\223l6\232\3146\222"
 403      1D7B7ACF 
 403      FCBE4393 
 403      6C369ACC 
 403      3692
 404 07e2 986A928C 		.ascii	"\230j\222\214&\223MJNK\267\353MF\207\361\267f\353aG"
 404      26934D4A 
 404      4E4BB7EB 
 404      4D4687F1 
 404      B766EB61 
 405 07f7 72A83234 		.ascii	"r\25024:z\177\222\315\230j\346w\214\251\345\003\343"
 405      3A7A7F92 
 405      CD986AE6 
 405      778CA9E5 
 405      03E3
 406 0809 1D1275F6 		.ascii	"\035\022u\366e\346x\207\257\335a\263&\246\246K\351\031"
 406      65E67887 
 406      AFDD61B3 
 406      26A6A64B 
 406      E919
 407 081b 36B39462 		.ascii	"6\263\224b6&\371Z\323\034\311\266\264\277h\354\226\277"
 407      3626F95A 
 407      D31CC9B6 
 407      B4BF68EC 
 407      96BF
 408 082d A283E9FF 		.ascii	"\242\203\351\377,3\305\222`8\234\230\270\243\\t\210"
 408      2C33C592 
 408      60389C98 
 408      B8A35C74 
 408      88
 409 083e 8EF516ED 		.ascii	"\216\365\026\355\300QI\224S\364\260f\244\244\034\372"
 409      C0514994 
 409      53F4B066 
 409      A4A41CFA 
 410 084e 613975D8 		.ascii	"a9u\330,\326\303\030^g\261Z\034\357\322\202I\252\305"
 410      2CD6C318 
 410      5E67B15A 
 410      1CEFD282 
 410      49AAC5
 411 0861 EA63335A 		.ascii	"\352c3Z\354\346\377\000\341\331\205["
 411      ECE6FF00 
 411      E1D9855B 
 412              		.text
 413              		.section	.gnu.lto_.symtab.87410c1a,"",%progbits
 414 0000 70617273 		.ascii	"parseText\000"
 414      65546578 
 414      7400
ARM GAS  C:\Users\TUDENT~1\AppData\Local\Temp\ccqrWDwC.s 			page 33


 415 000a 00       		.ascii	"\000"
 416 000b 00       		.ascii	"\000"
 417 000c 00       		.ascii	"\000"
 418 000d 00000000 		.ascii	"\000\000\000\000\000\000\000\000"
 418      00000000 
 419 0015 EA000000 		.ascii	"\352\000\000\000"
 420 0019 696E6974 		.ascii	"initFrame\000"
 420      4672616D 
 420      6500
 421 0023 00       		.ascii	"\000"
 422 0024 02       		.ascii	"\002"
 423 0025 00       		.ascii	"\000"
 424 0026 00000000 		.ascii	"\000\000\000\000\000\000\000\000"
 424      00000000 
 425 002e 03010000 		.ascii	"\003\001\000\000"
 426              		.text
 427              		.section	.gnu.lto_.opts,"",%progbits
 428 0000 272D666D 		.ascii	"'-fmath-errno' '-fsigned-zeros' '-ftrapping-math' '"
 428      6174682D 
 428      6572726E 
 428      6F272027 
 428      2D667369 
 429 0033 2D666E6F 		.ascii	"-fno-trapv' '-fno-openmp' '-fno-openacc' '-mcpu=cor"
 429      2D747261 
 429      70762720 
 429      272D666E 
 429      6F2D6F70 
 430 0066 7465782D 		.ascii	"tex-m3' '-mno-thumb-interwork' '-mthumb' '-ggdb' '-"
 430      6D332720 
 430      272D6D6E 
 430      6F2D7468 
 430      756D622D 
 431 0099 4F322720 		.ascii	"O2' '-fomit-frame-pointer' '-falign-functions=16' '"
 431      272D666F 
 431      6D69742D 
 431      6672616D 
 431      652D706F 
 432 00cc 2D666675 		.ascii	"-ffunction-sections' '-fdata-sections' '-fno-common"
 432      6E637469 
 432      6F6E2D73 
 432      65637469 
 432      6F6E7327 
 433 00ff 2720272D 		.ascii	"' '-flto'\000"
 433      666C746F 
 433      2700
 434              		.text
 435              		.comm	__gnu_lto_v1,1,1
 436              		.comm	__gnu_lto_slim,1,1
 437              		.ident	"GCC: (GNU Tools for ARM Embedded Processors 6-2017-q1-update) 6.3.1 20170215 (release) [AR
ARM GAS  C:\Users\TUDENT~1\AppData\Local\Temp\ccqrWDwC.s 			page 34


DEFINED SYMBOLS
                            *ABS*:00000000 parser.c
                            *COM*:00000001 __gnu_lto_v1
                            *COM*:00000001 __gnu_lto_slim

NO UNDEFINED SYMBOLS
