ARM GAS  C:\Users\TUDENT~1\AppData\Local\Temp\cc3RwAUE.s 			page 1


   1              		.cpu cortex-m3
   2              		.eabi_attribute 20, 1
   3              		.eabi_attribute 21, 1
   4              		.eabi_attribute 23, 3
   5              		.eabi_attribute 24, 1
   6              		.eabi_attribute 25, 1
   7              		.eabi_attribute 26, 1
   8              		.eabi_attribute 30, 2
   9              		.eabi_attribute 34, 1
  10              		.eabi_attribute 18, 4
  11              		.file	"rt.c"
  12              		.text
  13              	.Ltext0:
  14              		.section	.gnu.lto_.profile.87401d6f,"",%progbits
  15 0000 789C6365 		.ascii	"x\234ce`b`a```d\220\020\005\000\000\305\000:"
  15      60626061 
  15      60606064 
  15      90100500 
  15      00C5003A 
  16              		.text
  17              		.section	.gnu.lto_.icf.87401d6f,"",%progbits
  18 0000 789C6365 		.ascii	"x\234ce`b\220b@\000\026\206\023\237\347,fe\234\276\352"
  18      60629062 
  18      40001686 
  18      139FE72C 
  18      66659CBE 
  19 0015 E04116A6 		.ascii	"\340A\026\246k\033\256\\\347d>\366\360\376yF\006\000"
  19      6B1BAE5C 
  19      E7643EF6 
  19      F0FE7946 
  19      0600
  20 0027 A7BC0C82 		.ascii	"\247\274\014\202"
  21              		.text
  22              		.section	.gnu.lto_.jmpfuncs.87401d6f,"",%progbits
  23 0000 789C6365 		.ascii	"x\234ce`b\340g@\000f fbdd\254g\006\021\014\000\007|"
  23      6062E067 
  23      40006620 
  23      66626464 
  23      AC670611 
  24 0018 0123     		.ascii	"\001#"
  25              		.text
  26              		.section	.gnu.lto_.inline.87401d6f,"",%progbits
  27 0000 789C6365 		.ascii	"x\234ce`b\260c@\000f\006\006v\035F\006&\216\025\023"
  27      6062B063 
  27      40006606 
  27      06761D46 
  27      06268E15 
  28 0015 5819D816 		.ascii	"X\031\330\026\3103\201\004\231\030\270t\201b|S\346 "
  28      C8338104 
  28      9918B874 
  28      81627C53 
  28      E620
  29 0027 C498B188 		.ascii	"\304\230\261\2101\000\000\353\033\007\030"
  29      310000EB 
  29      1B0718
  30              		.text
  31              		.section	.gnu.lto_.pureconst.87401d6f,"",%progbits
ARM GAS  C:\Users\TUDENT~1\AppData\Local\Temp\cc3RwAUE.s 			page 2


  32 0000 789C6365 		.ascii	"x\234ce`b`g```f\220`\222`\226\000\000\001\274\000_"
  32      60626067 
  32      60606066 
  32      90609260 
  32      96000001 
  33              		.text
  34              		.section	.gnu.lto_rtInit.87401d6f,"",%progbits
  35 0000 789C4D52 		.ascii	"x\234MR\317K\025Q\030\375\316\375\356\2747\275\354-"
  35      CF4B1551 
  35      18FDCEFD 
  35      EEBC37BD 
  35      EC2D
  36 0012 5C0FF436 		.ascii	"\\\017\3646.L(\374'\332\006\375\013\255\332\212\264"
  36      2E4C28FC 
  36      27DA06FD 
  36      0BADDA8A 
  36      B4
  37 0023 7D377D25 		.ascii	"}7}%(Z\010i\2062\202\210\226\326\363\031\010/P&\015"
  37      285A0869 
  37      86328288 
  37      96D6F319 
  37      082F5026 
  38 0038 5AE40F12 		.ascii	"Z\344\017\022\332\344\252\322\310~,\202Zj\236o\206\250"
  38      DAE4AAD2 
  38      C87E2C82 
  38      5A6A9E6F 
  38      86A8
  39 004a 0B73E7DE 		.ascii	"\013s\347\336s\277{\276s\316L$N\274\023\351\020\221"
  39      73BF7BBE 
  39      73CE4C24 
  39      4EBC13E9 
  39      1091
  40 005c 6B7C5012 		.ascii	"k|P\022\270\373\273\"\267c\007_,\264X\274\214\275\323"
  40      B8FBBB22 
  40      B763075F 
  40      2CB458BC 
  40      8CBDD3
  41 006f C1D722A1 		.ascii	"\301\327\"\241\022\215\226%tD\200\341!\206\324\235\372"
  41      128D9625 
  41      744480E1 
  41      2186D49D 
  41      FA
  42 0080 0875E705 		.ascii	"\010u\347\005\231G%\237\310&\367tR\2619\364\271\355"
  42      9947259F 
  42      C826F774 
  42      52B139F4 
  42      B9ED
  43 0092 BA170247 		.ascii	"\272\027\002G6\271\215\260\230!U\221)\225|`\001\335"
  43      36B98DB0 
  43      98215591 
  43      29957C60 
  43      01DD
  44 00a4 C2B28FAD 		.ascii	"\302\262\217\255\323\007\027J\276\300\261\210\022\370"
  44      D307174A 
  44      BEC0B188 
  44      12F8
  45 00b2 22FEB6B1 		.ascii	"\"\376\266\2612\255c\232*\340\271\375\271\363\350S\325"
ARM GAS  C:\Users\TUDENT~1\AppData\Local\Temp\cc3RwAUE.s 			page 3


  45      32AD639A 
  45      2AE0B9FD 
  45      B9F3E853 
  45      D5
  46 00c3 B60E356E 		.ascii	"\266\0165n\347\337lmT\365<\214\341\353n\353 \356\232"
  46      E7DF6C6D 
  46      54F53C8C 
  46      E1EB6EEB 
  46      20EE9A
  47 00d6 CB1B6D24 		.ascii	"\313\033m$S!k\324RU,A\311\211'H\360\030I\321s\031]\315"
  47      53216BD4 
  47      52552C41 
  47      C9892748 
  47      F01849D1 
  48 00ee 7D64E1F4 		.ascii	"}d\341\364\317P\310\326.\276\277\312n\006F\371,2L\021"
  48      CF50C8D6 
  48      2EBEBFCA 
  48      6E0646F9 
  48      2C324C11 
  49 0102 3439A28E 		.ascii	"49\242\216/=\302\300lZ\375\2471\2571\211dzJ\241\334"
  49      2F3DC2C0 
  49      6C5AFDA7 
  49      31AF3189 
  49      647A4AA1 
  50 0117 E292318F 		.ascii	"\342\2221\217\250\012#\322c\014\374\372\362\360\272"
  50      A80A23D2 
  50      630CFCFA 
  50      F2F0BA
  51 0126 1DF2D6C4 		.ascii	"\035\362\326\304\235\315\275\262I\366\271\314v\373\373"
  51      9DCDBDB2 
  51      49F6B9CC 
  51      76FBFB
  52 0135 41B97E12 		.ascii	"A\271~\022b\002sf\326\244o\277{UI1\303d\"4Q\3073Sj\007"
  52      62027366 
  52      D6A46FBF 
  52      7B554931 
  52      C3642234 
  53 014f EBEB1FB4 		.ascii	"\353\353\037\264\267i\236fo\245Z\302\012X\246\310]\264"
  53      B7699E66 
  53      6FA55AC2 
  53      0A58A6C8 
  53      5DB4
  54 0161 D0FB3FBD 		.ascii	"\320\373?\275yX\345\275c\014N\334=\031\207\265\237\321"
  54      7958E5BD 
  54      630C4EDC 
  54      3D1987B5 
  54      9FD1
  55 0173 88D5E849 		.ascii	"\210\325\350I\204&j\177\325\022\315\325z\341\027\244"
  55      84266A7F 
  55      D512CDD5 
  55      7AE117A4 
  56 0183 3D27050A 		.ascii	"='\005\0129Dco+)nZ\372Kk\363/`\344\212sx^\304\367\033"
  56      3944636F 
  56      2B296E5A 
  56      FA4B6BF3 
  56      2F60E48A 
  57 019d A05D375E 		.ascii	"\240]7^&\215\256v\222'\262\224~0\245oq\021\213X\204"
ARM GAS  C:\Users\TUDENT~1\AppData\Local\Temp\cc3RwAUE.s 			page 4


  57      268DAE76 
  57      9227B294 
  57      7E30A56F 
  57      71118B58 
  58 01b2 20CA7F2B 		.ascii	" \312\177+\356\353\277\322\327\177\371\206\340\346\031"
  58      EEEBBFD2 
  58      D77FF986 
  58      E0E619
  59 01c1 DE7FA285 		.ascii	"\336\177\242\205"
  60              		.text
  61              		.section	.gnu.lto_rtAdd.87401d6f,"",%progbits
  62 0000 789C8D52 		.ascii	"x\234\215RKk\023a\024\275\347\373\346\2251\255Z\\\316"
  62      4B6B1361 
  62      14BDE7FB 
  62      E69531AD 
  62      5A5CCE
  63 0013 229B52AA 		.ascii	"\"\233R\252\370\010\376\023\027\356\305n\272\015]\233"
  63      F808FE13 
  63      17EEC56E 
  63      BA0D5D9B 
  64 0023 B14D1512 		.ascii	"\261M\025\022|R[R\214)\204\364al\3236Z[\241e\332T\004"
  64      7C525B52 
  64      8C2984F4 
  64      616CD336 
  64      5A5BA165 
  65 003a 1F2D0ADD 		.ascii	"\037-\012\335\030\005\337\222\242B\005\021\004\253\367"
  65      1805DF92 
  65      A2420511 
  65      04ABF7
  66 0049 CE2875D1 		.ascii	"\316(u\321\205a23\367~\347;\367\234\363\215I\212\232"
  66      85613233 
  66      F77EE73B 
  66      F79CF38D 
  66      498A9A
  67 005c 8A683F11 		.ascii	"\212h?\021u\363\037\016A]^#:\353(X\321\213V\306\212"
  67      75F31F0E 
  67      415D5E23 
  67      3AEB2858 
  67      D18B56C6 
  68 0071 26DF35D7 		.ascii	"&\3375\327\036\022\371q\003v\3247#\300\262c)\335\367"
  68      1E12F971 
  68      0376D437 
  68      23C0B263 
  68      29DDF7
  69 0084 80975CFB 		.ascii	"\200\227\\\373\202\315\000\033\220\276\357\200\322J"
  69      82CD001B 
  69      90BEEF80 
  69      D24A
  70 0092 1BA66523 		.ascii	"\033\246e#\255,B`\300\015o<\207.\351!\215\247\231\351"
  70      AD2C4260 
  70      C00D6F3C 
  70      872EE921 
  70      8DA799E9 
  71 00a6 EBFAA22E 		.ascii	"\353\372\242.j\202\301\345\326\223\341\267\255R\002"
  71      6A82C1E5 
  71      D693E1B7 
  71      AD5202
ARM GAS  C:\Users\TUDENT~1\AppData\Local\Temp\cc3RwAUE.s 			page 5


  72 00b5 092E3706 		.ascii	"\011.7\006\246*\361\3161\237\177\301\320\374\201\374"
  72      A62AF1CE 
  72      319F7FC1 
  72      D0FC81FC 
  73 00c5 786014B5 		.ascii	"x`\024\265\242<\243\307\341a\014\236\010\236@'c\007"
  73      A23CA3C7 
  73      E1610C9E 
  73      089E4027 
  73      6307
  74 00d7 6A93FD31 		.ascii	"j\223\3751\275\007\304\357\215\211\217\367\355\216\262"
  74      BD07C4EF 
  74      8D898FF7 
  74      ED8EB2
  75 00e6 EFF7FAC1 		.ascii	"\357\367\372\301\213\257\312\217\027\265\306Mh\331x"
  75      8BAFCA8F 
  75      17B5C64D 
  75      68D978
  76 00f5 DCC3318F 		.ascii	"\334\3031\217\270A\250\240C\320of\266\257\265X\206\320"
  76      B841A8A0 
  76      43D06F66 
  76      B6AFB558 
  76      86D0
  77 0107 32DB2D58 		.ascii	"2\333-X\340\007\367\313\217\352K\255z_\310\270\2716"
  77      E007F7CB 
  77      8FEA4BAD 
  77      7A5FC8B8 
  77      B936
  78 0119 D370DA4B 		.ascii	"\323p\332K\241\222/\313:\357\007\231\004K\301dD\272"
  78      A1922FCB 
  78      3AEF0799 
  78      044BC164 
  78      44BA
  79 012b A386B74E 		.ascii	"\243\206\267N\241\275\372\014\201\277\375\353\274\037"
  79      A1BDFA0C 
  79      81BFFDEB 
  79      BC1F
  80 0139 7CB88252 		.ascii	"|\270\202R-\026C\330V<W\231|3\254\260\346\234D\003e"
  80      2D1643D8 
  80      563C5799 
  80      7C33ACB0 
  80      E69C4403 
  81 014e 79F2A84B 		.ascii	"y\362\250K9\3666\352\352\367\350\035\371\376\012;\312"
  81      39F636EA 
  81      EAF7E81D 
  81      F9FE0A3B 
  81      CA
  82 015f 041A0A63 		.ascii	"\004\032\012c\362*\313\343\022\007eX\216]p\356\272\211"
  82      F22ACBE3 
  82      12076558 
  82      8E5D70EE 
  82      BA89
  83 0171 DEA5E68D 		.ascii	"\336\245\346\215\023\262X\320&o\034\354_Y\267%G3T\277"
  83      13B258D0 
  83      266F1CEC 
  83      5F59B725 
  83      473354BF 
  84 0185 B0F0A961 		.ascii	"\260\360\251a\247\177\372\0167J\342R\034=\336Xu\213"
ARM GAS  C:\Users\TUDENT~1\AppData\Local\Temp\cc3RwAUE.s 			page 6


  84      A77FFA0E 
  84      374AE252 
  84      1C3DDE58 
  84      758B
  85 0197 28A0A82D 		.ascii	"(\240\250-\314 \215i\321/\013\213\213\257u\262*V\023"
  85      CC208D69 
  85      D12F0B8B 
  85      8BAF75B2 
  85      2A5613
  86 01aa 92DB2C18 		.ascii	"\222\333,\030\245\021Z\253!I\357\220y^_\305.\303\030"
  86      A5115AAB 
  86      2149EF90 
  86      795E5FC5 
  86      2EC318
  87 01bd 84DB7F52 		.ascii	"\204\333\177R\310i\011T\224\0157\213'\005\374?:\356"
  87      C8690954 
  87      940D378B 
  87      2705FC3F 
  87      3AEE
  88 01cf ECAE63E4 		.ascii	"\354\256c\344\214\220\317\375#\344.\222\005m\207sL\332"
  88      8C90CFFD 
  88      23E42E92 
  88      056D8773 
  88      4CDA
  89 01e1 AC4B047D 		.ascii	"\254K\004}\203\347^\226\332\"Y|\001\207<\342(\023\177"
  89      83E75E96 
  89      DA22597C 
  89      01873CE2 
  89      28137F
  90 01f4 23E36E88 		.ascii	"#\343n\210\267\210\277M\016YQ\324\2058Z\257{\321N\211"
  90      B788BF4D 
  90      0E5951D4 
  90      85385AAF 
  90      7BD14E89 
  91 0208 BD3257BE 		.ascii	"\2752W\276\0071\244\020\303|d\350\033\300\231\253\253"
  91      0731A410 
  91      C37C64E8 
  91      1BC099AB 
  91      AB
  92 0219 36D398B3 		.ascii	"6\323\230\263m\314c\313Y}f\232\002\037\233\000\024\003"
  92      6DCC63CB 
  92      597D669A 
  92      021F9B00 
  92      1403
  93 022b 8CE1EC5E 		.ascii	"\214\341\354^\034\366\254\037\331\026>U0\204\327\234"
  93      1CF6AC1F 
  93      D9163E55 
  93      3084D79C 
  94 023b 54CFD154 		.ascii	"T\317\321T\317\221\323d\234\352\352J\241\3737\371\240"
  94      CF91D364 
  94      9CEAEA4A 
  94      A1FB37F9 
  94      A0
  95 024c ECF7     		.ascii	"\354\367"
  96              		.text
  97              		.section	.gnu.lto_rtCheckout.87401d6f,"",%progbits
  98 0000 789C8D52 		.ascii	"x\234\215RKO\023a\024\275\347\373\346\325\021P\211\313"
ARM GAS  C:\Users\TUDENT~1\AppData\Local\Temp\cc3RwAUE.s 			page 7


  98      4B4F1361 
  98      14BDE7FB 
  98      E6D51150 
  98      89CB
  99 0012 59744308 		.ascii	"YtC\010\032\037\215\377\304\205{#\033\266\204\265\035"
  99      1A1F8DFF 
  99      C4857B23 
  99      1BB684B5 
  99      1D
 100 0023 0B686223 		.ascii	"\013hb#\030\203\020\214MI\232\362\260B)(R\022plkL|\224"
 100      1883108C 
 100      4D499AF2 
 100      B0422928 
 100      5212706C 
 101 003b 68C206DC 		.ascii	"h\302\006\334\200\032-\321\205\361\2611T\357\235\321"
 101      801A2DD1 
 101      85F1B131 
 101      54EF9DD1 
 102 004b C0C2854D 		.ascii	"\300\302\205M:\235\357\334s\3579\367|5IQC\021\035%\242"
 102      3A9DEFDC 
 102      73EF39F7 
 102      7C354951 
 102      43111D25 
 103 0060 1EFEC221 		.ascii	"\036\376\302!\250\033u\242\313\216\202\025\275heT4\371"
 103      A81B75A2 
 103      CB8E8215 
 103      BD686554 
 103      34F9
 104 0072 AE597F46 		.ascii	"\256Y\177F\344\267\030\260#\334\214\010\217\035K\351"
 104      E4B718B0 
 104      23DC8C08 
 104      8F1D4BE9 
 105 0082 FEA75C72 		.ascii	"\376\247\\r\355\3536\023l@p\337\001%\2256L\313FRY\204"
 105      EDEB3613 
 105      6C4070DF 
 105      01259536 
 105      4CCB4652 
 106 0098 C0801B3E 		.ascii	"\300\200\033>X\207\206\365\230\306\253\201\371;zHg5"
 106      588786F5 
 106      98C6AB81 
 106      F93B7A48 
 106      6735
 107 00aa C1E0E397 		.ascii	"\301\340\343\227\227\267\337\266\311\021\210\363qcd"
 107      97B7DFB6 
 107      C91188F3 
 107      716364
 108 00b9 AED0D235 		.ascii	"\256\320\3225\345\363'\030{sl|:0\262Z\3218\263\247\341"
 108      E5F32718 
 108      7B736C7C 
 108      3A30B25A 
 108      D138B3A7 
 109 00ce 610A9E18 		.ascii	"a\012\236\030\236A\027sG\026g\007c\372\020\210\337\267"
 109      9E411773 
 109      47166707 
 109      63FA1088 
 109      DFB7
 110 00e0 663E3CB1 		.ascii	"f><\261;\363\276\237\362\203\332W\345\267d\265\306]"
ARM GAS  C:\Users\TUDENT~1\AppData\Local\Temp\cc3RwAUE.s 			page 8


 110      3BF3BE9F 
 110      F283DA57 
 110      E5B764B5 
 110      C65D
 111 00f2 68693CEB 		.ascii	"hi<\353\341\214G\014\020\012\350\024\366N\251y\253\325"
 111      E18C470C 
 111      100AE814 
 111      F64EA979 
 111      ABD5
 112 0104 32642C4F 		.ascii	"2d,O\273\007\013\374\303x\376yu\255M\037\011'\356\326"
 112      BB070BFC 
 112      C378FE79 
 112      75AD4D1F 
 112      0927EED6 
 113 0118 4B5B4E47 		.ascii	"K[NG.t\322\254\350q?\030\210\263\025\314FC\367\335p"
 113      2E74D2AC 
 113      E8713F18 
 113      88B315CC 
 113      4643F7DD 
 114 012d EB1C3A8A 		.ascii	"\353\034:\212\257\021\370\315_W\375\340\307\016r?c1"
 114      AF11F8CD 
 114      5F57FDE0 
 114      C70E723F 
 114      6331
 115 013f 84B0625D 		.ascii	"\204\260b]e\362\303\260 \352v\210\022]c\345I\227\322"
 115      65F2C3B0 
 115      20EA7688 
 115      125D63E5 
 115      4997D2
 116 0152 BCDBA4AB 		.ascii	"\274\333\244\253\337#5\361h\033\373\316B\222\030\343"
 116      DF2335F1 
 116      681BFBCE 
 116      429218E3 
 117 0162 E145B6C7 		.ascii	"\341E\266\307G\034\027\2614o\301\271\353\006Rk\215\345"
 117      471C17B1 
 117      346FC1B9 
 117      EB06526B 
 117      8DE5
 118 0174 7352CC68 		.ascii	"sR\314h\223\033G\007+\353\266\344h\206\356\313\345O"
 118      931B4707 
 118      2BEBB6E4 
 118      6886EECB 
 118      E54F
 119 0186 5B7672CF 		.ascii	"[vr\317w\030\310\311\226\262\321\213\215\232\233E\006"
 119      7718C8C9 
 119      96B2D18B 
 119      8D9A9B45 
 119      06
 120 0197 596DA184 		.ascii	"Ym\241\204$\346\305\277\024VW\267u\242(\253\306%\267"
 120      24E6C5BF 
 120      145657B7 
 120      75A228AB 
 120      C625B7
 121 01aa 05304B23 		.ascii	"\0050K#\\m\021\011z\207\201\315j\015\177\3042\332\012"
 121      5C6D1109 
 121      7A8781CD 
 121      6A0D7FC4 
ARM GAS  C:\Users\TUDENT~1\AppData\Local\Temp\cc3RwAUE.s 			page 9


 121      32DA0A
 122 01bd B74E6B09 		.ascii	"\267Nk\011P\234|\373X>/\305\377\321\275\377o\335\211"
 122      509C7CFB 
 122      583E2FC5 
 122      FFD1BDFF 
 122      6FDD89
 123 01d0 4B22FCE0 		.ascii	"K\"\374\340\200\360\022\022\007\327b\024\017\021E`\322"
 123      80F01212 
 123      07D76214 
 123      0F114560 
 123      D2
 124 01e1 6E5522E8 		.ascii	"nU\"\350\037\275\262\227o\217l\331\334\207\023\036q"
 124      1FBDB297 
 124      6F8F6CD9 
 124      DC87131E 
 124      71
 125 01f2 94F1BF91 		.ascii	"\224\361\277\2211\032\362-\342\377&\207\254(B!\033\255"
 125      311AF22D 
 125      E2FF2687 
 125      AC284221 
 125      1BAD
 126 0204 57BDA853 		.ascii	"W\275\250Sb/,\345W 2\0121,G\327\372\035\340\314\325"
 126      622F2CE5 
 126      5720320A 
 126      312C47D7 
 126      FA1DE0CC 
 127 0219 4D9E6C9B 		.ascii	"M\236l\233\013\355<\307\226\273\372\314c2|mBPL06\207"
 127      0BED3CC7 
 127      96BBFACC 
 127      63327C6D 
 127      42504C30 
 128 022f 0EE3A467 		.ascii	"\016\343\244g\255\014\267\362\255\202)\\sz\373N\367"
 128      AD0CB7F2 
 128      AD82295C 
 128      737AFB4E 
 128      F7
 129 0240 F69DBA48 		.ascii	"\366\235\272H\306\205\356\356^\364\374\006$8\356A"
 129      C685EEEE 
 129      5EF4FC06 
 129      2438EE41 
 130              		.text
 131              		.section	.gnu.lto_.symbol_nodes.87401d6f,"",%progbits
 132 0000 789C6365 		.ascii	"x\234ce`b\260e\000\002&\306z\006\206\011\347\030\030"
 132      6062B065 
 132      000226C6 
 132      7A068609 
 132      E71818
 133 0013 80D4AE06 		.ascii	"\200\324\256\006G\006\006V\006\206F%\220\004S=#\212"
 133      47060656 
 133      06864625 
 133      9004533D 
 133      238A
 134 0025 0413733D 		.ascii	"\004\023s=\023\212\000\003\000\177\371\014\201"
 134      138A0003 
 134      007FF90C 
 134      81
 135              		.text
ARM GAS  C:\Users\TUDENT~1\AppData\Local\Temp\cc3RwAUE.s 			page 10


 136              		.section	.gnu.lto_.refs.87401d6f,"",%progbits
 137 0000 789C6365 		.ascii	"x\234ce`b\020c```d`ddbbb`dbddab\206\320\014\000\004"
 137      60621063 
 137      60606064 
 137      60646462 
 137      62626064 
 138 001e 7B003E   		.ascii	"{\000>"
 139              		.text
 140              		.section	.gnu.lto_.decls.87401d6f,"",%progbits
 141 0000 789CAD53 		.ascii	"x\234\255S]l\014Q\024\276gf\351vZ\3324\"m\354\303j\""
 141      5D6C0C51 
 141      14BE6766 
 141      E9765ADA 
 141      34226DEC 
 142 0017 F162AB24 		.ascii	"\361b\253$\210'\"\361\363\"^x1\262\331\335\031\272\321"
 142      882722F1 
 142      F3225E78 
 142      31B2D9DD 
 142      19BAD1
 143 002a EEB23BFB 		.ascii	"\356\262;\373\320\267\333.\"\202 J\332\020E\320\252"
 143      D0B7DB2E 
 143      2282204A 
 143      DA1045D0 
 143      AA
 144 003b 6AE95ABA 		.ascii	"j\351Z\272m\231\322VDI\221\306\013V\250\277\304CK\374"
 144      6D99D256 
 144      444991C6 
 144      0B56A8BF 
 144      C4434BFC 
 145 004f 873AF7DE 		.ascii	"\207:\367\336Y\263\244\036$n\366\334\271\347\334\363"
 145      59B3A41E 
 145      246EF6DC 
 145      B9E7DCF3 
 146 005f 7DE79C6F 		.ascii	"}\347\234of'\021\211\354v\020\222\013\204\020\264q\\"
 146      66271189 
 146      EC761092 
 146      0B8410B4 
 146      715C
 147 0071 E8925662 		.ascii	"\350\222Vb/\031\355<Z\012\255[\244\221~\362\373\332"
 147      2F19ED3C 
 147      5A0AAD5B 
 147      A4917EF2 
 147      FBDA
 148 0083 80C11C7C 		.ascii	"\200\301\034|\256C+B\233\206\266\006m\000\255\017\355"
 148      AE432B42 
 148      9B86B606 
 148      6D00AD0F 
 148      ED
 149 0094 B2950716 		.ascii	"\262\225\007\026\327D\0341\213#\033\317p\256,\236\014"
 149      D7441C31 
 149      8B231BCF 
 149      70AE2C9E 
 149      0C
 150 00a5 47EA2F1C 		.ascii	"G\352/\034\325\377\300\361\267Y\016\313\220\334\323"
 150      D5FFC0F1 
 150      B7590ECB 
 150      90DCD3
ARM GAS  C:\Users\TUDENT~1\AppData\Local\Temp\cc3RwAUE.s 			page 11


 151 00b4 D7233D81 		.ascii	"\327#=\201G aJ\241@\200\330\201\033w\3073\013\200\307"
 151      4720614A 
 151      A14080D8 
 151      811B77C7 
 151      330B80C7 
 152 00c8 312AF15D 		.ascii	"1*\361]$\362\020d\020\226/Y\256dQ\362\237\005\206,F"
 152      24F21064 
 152      10962F59 
 152      AE6451F2 
 152      9F05862C 
 153 00dd 712D2A65 		.ascii	"q-*e\226\350W\0348,\203\006\311.\000\220\015\310\"\024"
 153      96E8571C 
 153      382C8306 
 153      C92E0090 
 153      0DC82214 
 154 00f1 6D5BF7BF 		.ascii	"m[\367\277\372#\366p\220\231~\254~\360\245\222\206\307"
 154      FA23F670 
 154      90997EAC 
 154      7EF0A592 
 154      86C7
 155 0103 2CDAB804 		.ascii	",\332\270\004x\354\366\375[\361<Y\002vN\177iZ\3569G"
 155      78ECF6FD 
 155      5BF13C59 
 155      02764E7F 
 155      695AEE39 
 156 0118 C57296D8 		.ascii	"\305r\226\330\262\365\217\1772\013\366\312P\244\200"
 156      B2F58F7F 
 156      320BF6CA 
 156      50A480
 157 0127 84EEFDD1 		.ascii	"\204\356\375\321\301\243y\350NS\240\020\335\3175\303"
 157      C1A379E8 
 157      4E53A010 
 157      DDCF35C3 
 158 0137 BD4AF121 		.ascii	"\275J\361!\216\212\323B\011\326M\207s\340\202\026\300"
 158      8E8AD342 
 158      09D64D87 
 158      73E08216 
 158      C0
 159 0148 B703AD50 		.ascii	"\267\003\255P\214\273\337!\230\032\032?wM.m\244\215"
 159      8CBBDF21 
 159      981A1A3F 
 159      774D2E6D 
 159      A48D
 160 015a 4FA9F9F0 		.ascii	"O\251\371\360zI=5k\021%\261,h\006\031\316\202\207u\214"
 160      7A493D35 
 160      6B1125B1 
 160      2C680619 
 160      CE828775 
 161 016f 47DC9B20 		.ascii	"G\334\233 \015p\006\236\340<\347\241\024\321\364Y\307"
 161      0D70069E 
 161      E03CE7A1 
 161      14D1F459 
 161      C7
 162 0180 2B459EC1 		.ascii	"+E\236\301\233m\333>\322\354\304&\\\012\214\003\363"
 162      9B6DDB3E 
 162      D2ECC426 
 162      5C0A8C03 
ARM GAS  C:\Users\TUDENT~1\AppData\Local\Temp\cc3RwAUE.s 			page 12


 162      F3
 163 0191 DF767E99 		.ascii	"\337v~\231\"|v\2350\337\267:\344\231\354,%\023#\015"
 163      227C769D 
 163      30DFB73A 
 163      E499EC2C 
 163      2513230D 
 164 01a5 0ACC564E 		.ascii	"\012\314VN\263\016\315\364\207\351W(-\204\004(p\321"
 164      B30ECDF4 
 164      87E95728 
 164      2D840428 
 164      70D1
 165 01b7 2EE95270 		.ascii	".\351Rp\337Ii-\035=A\345b\002\363]0\327E\240\003f3N"
 165      DF49692D 
 165      1D3D41E5 
 165      6202F35D 
 165      30D745A0 
 166 01cf 96051770 		.ascii	"\226\005\027p\252v\234\012\371\233\2175\365M\221\017"
 166      AA769C0A 
 166      F99B8F35 
 166      F54D910F 
 167 01df 002F505F 		.ascii	"\000/P_\327\233\230\372\253\300\303\226\322\216\355"
 167      D79B98FA 
 167      ABC0C396 
 167      D28EED
 168 01ee 6CA8CB58 		.ascii	"l\250\313X\341\222]\001\013N\\\"9q\211\261\233#u\340"
 168      E1925D01 
 168      0B4E5C22 
 168      397189B1 
 168      9B2375E0 
 169 0202 605F2A23 		.ascii	"`_*#B\0051V\277\377DJ\312\326z\215\222\245u'\327\372"
 169      42053156 
 169      BFFF444A 
 169      CAD67A8D 
 169      92A57527 
 170 0218 0A5862B7 		.ascii	"\012Xb\267\246\022?\234\031\261ks\352\342\264\011an"
 170      A6123F9C 
 170      19B16B73 
 170      EAE2B409 
 170      616E
 171 022a 96066D76 		.ascii	"\226\006mv_m\177\212\235\342b7\277\353\275\227'\177"
 171      5F6D7F8A 
 171      9DE26237 
 171      BFEBBD97 
 171      277F
 172 023c E413C29B 		.ascii	"\344\023\302\233\301]\361\034\213\352\335\001\231\036"
 172      C15DF11C 
 172      8BEADD01 
 172      991E
 173 024a A44C4246 		.ascii	"\244LBF\324e\023u\375I\324\315\211\356\355x\321\255"
 173      D4651375 
 173      FD49D4CD 
 173      89EEED78 
 173      D1AD
 174 025c C835E21B 		.ascii	"\3105\342\033\373>:\364=_|J\012\272\017^\036\337\226"
 174      FB3E3AF4 
 174      3D5F7C4A 
 174      0ABA0F5E 
ARM GAS  C:\Users\TUDENT~1\AppData\Local\Temp\cc3RwAUE.s 			page 13


 174      1EDF96
 175 026f 2F3EA521 		.ascii	"/>\245!v\335\222<\225\002q\235\313\240\333\332\217\310"
 175      76DD923C 
 175      9502719D 
 175      CBA0DBDA 
 175      8FC8
 176 0281 C2753045 		.ascii	"\302u0E\3564<\237*\262\335\350~K\016\357/Pv2-\366\305"
 176      EE343C9F 
 176      2AB2DDE8 
 176      7E4B0EEF 
 176      2F507632 
 177 0298 69EE4A96 		.ascii	"i\356J\226v\035\305\350\345b\334`rC\231\013L!\347\336"
 177      761DC5E8 
 177      E562DC60 
 177      7243990B 
 177      4C21E7DE 
 178 02ac F6BA41A9 		.ascii	"\366\272A\251h\037\317f*pU\257a\372U\236\336\007E\031"
 178      681FCF66 
 178      2A7055AF 
 178      61FA559E 
 178      DE074519 
 179 02c0 10CB7E7D 		.ascii	"\020\313~}7=\014\263N\322\247&5O\227\324P\323\3012\240"
 179      373D0CB3 
 179      4ED2A726 
 179      354F97D4 
 179      50D3C132 
 180 02d5 474C9B85 		.ascii	"GL\233\205\353\341C\367\303,\004u\016\215}\315\313\337"
 180      EBE143F7 
 180      C32C0475 
 180      0E8D7DCD 
 180      CBDF
 181 02e7 C5DEB068 		.ascii	"\305\336\260h\210A\354\216\006 \237\377)\331sr\304X"
 181      8841EC8E 
 181      06209FFF 
 181      29D97372 
 181      C458
 182 02f9 150A1ACE 		.ascii	"\025\012\032\316\025\253\327\272\227\225\227\023g\304"
 182      15ABD7BA 
 182      97959713 
 182      67C4
 183 0307 288B189E 		.ascii	"(\213\030\236\000\231\0241\226jZ\256\327\033\013\206"
 183      00991431 
 183      966A5AAE 
 183      D71B0B86 
 184 0317 8C455E63 		.ascii	"\214E^cc`\261\032\250\010\372\203Q#\246\005\303\252"
 184      6360B11A 
 184      A808FA83 
 184      5123A605 
 184      C3AA
 185 0329 110E5746 		.ascii	"\021\016WF\325M\241\230\233\237\334\276H\225[\257\362"
 185      D54DA198 
 185      9B9FDCBE 
 185      48955BAF 
 185      F2
 186 033a EB9AA66B 		.ascii	"\353\232\246k\352\002\317|\367\274\271\345\013\267\226"
 186      EA02CF7C 
 186      F7BCB9E5 
ARM GAS  C:\Users\TUDENT~1\AppData\Local\Temp\cc3RwAUE.s 			page 14


 186      0BB796
 187 0349 AB189F13 		.ascii	"\253\030\237\023\012\207\3649\272\317\037T\203\241@"
 187      0A87F439 
 187      BACF1F54 
 187      83A140
 188 0358 654CD3D5 		.ascii	"eL\323\325*\037r\205t\325\253\351\033}\261J\303kTo\321"
 188      2A1F7285 
 188      74D5ABE9 
 188      1B7DB14A 
 188      C36B546F 
 189 036d A39E0A92 		.ascii	"\243\236\012\222c\225[\377_\313E\253\243\2527jh\310"
 189      63955BFF 
 189      5FCB45AB 
 189      A3AA376A 
 189      68C8
 190 037f 8D359488 		.ascii	"\2155\224\210\261\254B\017l\016\307\014\034\327k\370"
 190      B1AC420F 
 190      6C0EC70C 
 190      1CD76BF8 
 191 038f FC95FA4F 		.ascii	"\374\225\372O\033\365\235\364"
 191      1BF59DF4 
 192              		.text
 193              		.section	.gnu.lto_.symtab.87401d6f,"",%progbits
 194 0000 7274496E 		.ascii	"rtInit\000"
 194      697400
 195 0007 00       		.ascii	"\000"
 196 0008 00       		.ascii	"\000"
 197 0009 00       		.ascii	"\000"
 198 000a 00000000 		.ascii	"\000\000\000\000\000\000\000\000"
 198      00000000 
 199 0012 AE000000 		.ascii	"\256\000\000\000"
 200 0016 72745F74 		.ascii	"rt_table\000"
 200      61626C65 
 200      00
 201 001f 00       		.ascii	"\000"
 202 0020 00       		.ascii	"\000"
 203 0021 00       		.ascii	"\000"
 204 0022 00000000 		.ascii	"\000\000\000\000\000\000\000\000"
 204      00000000 
 205 002a C5000000 		.ascii	"\305\000\000\000"
 206 002e 72744164 		.ascii	"rtAdd\000"
 206      6400
 207 0034 00       		.ascii	"\000"
 208 0035 00       		.ascii	"\000"
 209 0036 00       		.ascii	"\000"
 210 0037 00000000 		.ascii	"\000\000\000\000\000\000\000\000"
 210      00000000 
 211 003f BA000000 		.ascii	"\272\000\000\000"
 212 0043 72744368 		.ascii	"rtCheckout\000"
 212      65636B6F 
 212      757400
 213 004e 00       		.ascii	"\000"
 214 004f 00       		.ascii	"\000"
 215 0050 00       		.ascii	"\000"
 216 0051 00000000 		.ascii	"\000\000\000\000\000\000\000\000"
 216      00000000 
 217 0059 BC000000 		.ascii	"\274\000\000\000"
ARM GAS  C:\Users\TUDENT~1\AppData\Local\Temp\cc3RwAUE.s 			page 15


 218              		.text
 219              		.section	.gnu.lto_.opts,"",%progbits
 220 0000 272D666D 		.ascii	"'-fmath-errno' '-fsigned-zeros' '-ftrapping-math' '"
 220      6174682D 
 220      6572726E 
 220      6F272027 
 220      2D667369 
 221 0033 2D666E6F 		.ascii	"-fno-trapv' '-fno-openmp' '-fno-openacc' '-mcpu=cor"
 221      2D747261 
 221      70762720 
 221      272D666E 
 221      6F2D6F70 
 222 0066 7465782D 		.ascii	"tex-m3' '-mno-thumb-interwork' '-mthumb' '-ggdb' '-"
 222      6D332720 
 222      272D6D6E 
 222      6F2D7468 
 222      756D622D 
 223 0099 4F322720 		.ascii	"O2' '-fomit-frame-pointer' '-falign-functions=16' '"
 223      272D666F 
 223      6D69742D 
 223      6672616D 
 223      652D706F 
 224 00cc 2D666675 		.ascii	"-ffunction-sections' '-fdata-sections' '-fno-common"
 224      6E637469 
 224      6F6E2D73 
 224      65637469 
 224      6F6E7327 
 225 00ff 2720272D 		.ascii	"' '-flto'\000"
 225      666C746F 
 225      2700
 226              		.text
 227              		.comm	__gnu_lto_v1,1,1
 228              		.comm	__gnu_lto_slim,1,1
 229              		.ident	"GCC: (GNU Tools for ARM Embedded Processors 6-2017-q1-update) 6.3.1 20170215 (release) [AR
ARM GAS  C:\Users\TUDENT~1\AppData\Local\Temp\cc3RwAUE.s 			page 16


DEFINED SYMBOLS
                            *ABS*:00000000 rt.c
                            *COM*:00000001 __gnu_lto_v1
                            *COM*:00000001 __gnu_lto_slim

NO UNDEFINED SYMBOLS
